2026-04-11 14:26:46,367 - phase4_5_analysis - INFO - ================================================================================
2026-04-11 14:26:46,367 - phase4_5_analysis - INFO - PHASE 4.5: Final Analysis and Visualization
2026-04-11 14:26:46,367 - phase4_5_analysis - INFO - ================================================================================
2026-04-11 14:26:46,368 - phase4_5_analysis - INFO - Loaded phase4_experiment_results.json
2026-04-11 14:26:46,368 - phase4_5_analysis - INFO - Loaded phase4_2_experiment_results.json
2026-04-11 14:26:46,370 - phase4_5_analysis - INFO - Loaded phase4_3_gradient_boosting_results.json
2026-04-11 14:26:46,371 - phase4_5_analysis - INFO - Loaded phase4_4_tabicl_results.json
2026-04-11 14:26:46,371 - phase4_5_analysis - INFO - Phase 4.1: 18 rows
2026-04-11 14:26:46,371 - phase4_5_analysis - INFO - Phase 4.2: 18 rows
2026-04-11 14:26:46,371 - phase4_5_analysis - INFO - Phase 4.3: 216 rows
2026-04-11 14:26:46,371 - phase4_5_analysis - INFO - Phase 4.4 (TabICL + CatBoost): 18 rows
2026-04-11 14:26:46,372 - phase4_5_analysis - INFO - Total consolidated rows: 270
2026-04-11 14:26:46,373 - phase4_5_analysis - INFO - Models: ['CatBoost', 'Lightgbm', 'Logistic-Regression', 'Mlp', 'Random-Forest', 'Svm', 'TabICL', 'Xgboost']
2026-04-11 14:26:46,380 - phase4_5_analysis - INFO - Saved phase4_5_consolidated_results.csv
2026-04-11 14:26:46,385 - phase4_5_analysis - INFO - Classical rows: 252, Foundation rows: 18
2026-04-11 14:26:46,396 - phase4_5_analysis - INFO - Robustness summary:
                           accuracy                              f1        
                               mean     std     min     max    mean     std
model    missing_mechanism                                                 
Lightgbm MAR                 0.9782  0.0108  0.9637  0.9964  0.9727  0.0149
         MCAR                0.9779  0.0117  0.9630  0.9964  0.9718  0.0163
         MNAR                0.9777  0.0112  0.9637  0.9964  0.9722  0.0155
Xgboost  MAR                 0.9768  0.0109  0.9633  0.9951  0.9722  0.0143
         MCAR                0.9765  0.0121  0.9616  0.9964  0.9710  0.0161
         MNAR                0.9767  0.0111  0.9623  0.9951  0.9716  0.0151
2026-04-11 14:26:46,398 - phase4_5_analysis - INFO - Saved phase4_5_robustness_analysis.csv
2026-04-11 14:26:46,398 - phase4_5_analysis - WARNING - matplotlib/seaborn not available — skipping visualizations
