2026-04-11 14:17:58,689 - phase4_5_analysis - INFO - 
================================================================================
2026-04-11 14:17:58,689 - phase4_5_analysis - INFO - PHASE 4.5: FINAL ANALYSIS AND VISUALIZATION
2026-04-11 14:17:58,689 - phase4_5_analysis - INFO - ================================================================================
2026-04-11 14:17:58,690 - phase4_5_analysis - INFO - 
=== Loading Results from Phases 4.1-4.4 ===
2026-04-11 14:17:58,690 - phase4_5_analysis - INFO - Loaded phase4_experiment_results.json
2026-04-11 14:17:58,690 - phase4_5_analysis - INFO - Loaded phase4_2_experiment_results.json
2026-04-11 14:17:58,691 - phase4_5_analysis - INFO - Loaded phase4_3_gradient_boosting_results.json
2026-04-11 14:17:58,691 - phase4_5_analysis - INFO - Loaded phase4_4_catboost_results.json
2026-04-11 14:17:58,691 - phase4_5_analysis - INFO - 
=== CONSOLIDATION ===
2026-04-11 14:17:58,691 - phase4_5_analysis - INFO - 
=== Consolidating Phase 4.1 & 4.2 Results ===
2026-04-11 14:17:58,692 - phase4_5_analysis - INFO - Consolidated 0 Phase 4.1/4.2 entries
2026-04-11 14:17:58,692 - phase4_5_analysis - INFO - 
=== Consolidating Phase 4.3 Results (Robustness) ===
2026-04-11 14:17:58,692 - phase4_5_analysis - INFO - Consolidated 0 Phase 4.3 entries
2026-04-11 14:17:58,692 - phase4_5_analysis - INFO - 
=== Consolidating Phase 4.4 Results (CatBoost) ===
2026-04-11 14:17:58,693 - phase4_5_analysis - INFO - Consolidated 9 Phase 4.4 entries
2026-04-11 14:17:58,700 - phase4_5_analysis - INFO - Saved foundation models consolidation (9 rows)
2026-04-11 14:17:58,701 - phase4_5_analysis - INFO - Saved consolidated results (9 rows)
2026-04-11 14:17:58,701 - phase4_5_analysis - INFO - 
=== STABILITY & ROBUSTNESS ANALYSIS ===
2026-04-11 14:17:58,701 - phase4_5_analysis - INFO - 
=== Analyzing Model Robustness ===
2026-04-11 14:17:58,701 - phase4_5_analysis - WARNING - No Phase 4.3 data available for robustness analysis
2026-04-11 14:17:58,701 - phase4_5_analysis - WARNING - Matplotlib/Seaborn not available; skipping visualizations
2026-04-11 14:17:58,701 - phase4_5_analysis - INFO - 
================================================================================
2026-04-11 14:17:58,701 - phase4_5_analysis - INFO - ✓ PHASE 4.5 ANALYSIS COMPLETE
2026-04-11 14:17:58,701 - phase4_5_analysis - INFO - ================================================================================
