2026-04-11 13:16:19,786 - phase4_4_tabl - INFO - ================================================================================
2026-04-11 13:16:19,786 - phase4_4_tabl - INFO - PHASE 4.4: TabICL Foundation Model Testing
2026-04-11 13:16:19,786 - phase4_4_tabl - INFO - ================================================================================
2026-04-11 13:16:19,787 - phase4_4_tabl - INFO - TabICL Available: False
2026-04-11 13:16:19,787 - phase4_4_tabl - INFO - 
================================================================================
2026-04-11 13:16:19,787 - phase4_4_tabl - INFO - Starting Phase 4.4 experiment on taiwan_bankruptcy
2026-04-11 13:16:19,787 - phase4_4_tabl - INFO - ================================================================================
2026-04-11 13:16:19,873 - phase4_4_tabl - INFO - Loaded 6819 samples with 95 features
2026-04-11 13:16:19,959 - phase4_4_tabl - INFO - Using precomputed split from data/splits
2026-04-11 13:16:19,959 - phase4_4_tabl - INFO - 
=== Testing WITH Imputation ===
2026-04-11 13:16:19,959 - phase4_4_tabl - INFO - 
Preprocessing: median
2026-04-11 13:16:20,029 - phase4_4_tabl - INFO - Testing TabICL with median
2026-04-11 13:16:20,030 - phase4_4_tabl - WARNING - TabICL not available: No module named 'tabl'
2026-04-11 13:16:20,030 - phase4_4_tabl - INFO - 
Preprocessing: mice
2026-04-11 13:16:23,808 - phase4_4_tabl - INFO - Testing TabICL with mice
2026-04-11 13:16:23,810 - phase4_4_tabl - WARNING - TabICL not available: No module named 'tabl'
2026-04-11 13:16:23,810 - phase4_4_tabl - INFO - 
=== Testing WITHOUT Imputation (Raw NaN values) ===
2026-04-11 13:16:23,840 - phase4_4_tabl - WARNING - Note: StandardScaler cannot handle NaN values directly
2026-04-11 13:16:23,840 - phase4_4_tabl - INFO - Testing TabICL's native NaN handling capability...
2026-04-11 13:16:23,843 - phase4_4_tabl - WARNING - TabICL not available: No module named 'tabl'
2026-04-11 13:16:23,847 - phase4_4_tabl - INFO - 
================================================================================
2026-04-11 13:16:23,847 - phase4_4_tabl - INFO - Starting Phase 4.4 experiment on polish_1year
2026-04-11 13:16:23,847 - phase4_4_tabl - INFO - ================================================================================
2026-04-11 13:16:23,885 - phase4_4_tabl - INFO - Loaded 7027 samples with 64 features
2026-04-11 13:16:23,924 - phase4_4_tabl - INFO - Using precomputed split from data/splits
2026-04-11 13:16:23,925 - phase4_4_tabl - INFO - 
=== Testing WITH Imputation ===
2026-04-11 13:16:23,925 - phase4_4_tabl - INFO - 
Preprocessing: median
2026-04-11 13:16:23,977 - phase4_4_tabl - INFO - Testing TabICL with median
2026-04-11 13:16:23,978 - phase4_4_tabl - WARNING - TabICL not available: No module named 'tabl'
2026-04-11 13:16:23,979 - phase4_4_tabl - INFO - 
Preprocessing: mice
2026-04-11 13:16:38,221 - phase4_4_tabl - INFO - Testing TabICL with mice
2026-04-11 13:16:38,222 - phase4_4_tabl - WARNING - TabICL not available: No module named 'tabl'
2026-04-11 13:16:38,222 - phase4_4_tabl - INFO - 
=== Testing WITHOUT Imputation (Raw NaN values) ===
2026-04-11 13:16:38,241 - phase4_4_tabl - WARNING - Note: StandardScaler cannot handle NaN values directly
2026-04-11 13:16:38,241 - phase4_4_tabl - INFO - Testing TabICL's native NaN handling capability...
2026-04-11 13:16:38,243 - phase4_4_tabl - WARNING - TabICL not available: No module named 'tabl'
2026-04-11 13:16:38,247 - phase4_4_tabl - INFO - 
================================================================================
2026-04-11 13:16:38,247 - phase4_4_tabl - INFO - Starting Phase 4.4 experiment on slovak_manufacture_13
2026-04-11 13:16:38,247 - phase4_4_tabl - INFO - ================================================================================
2026-04-11 13:16:38,294 - phase4_4_tabl - INFO - Loaded 4107 samples with 64 features
2026-04-11 13:16:38,350 - phase4_4_tabl - INFO - Using precomputed split from data/splits
2026-04-11 13:16:38,350 - phase4_4_tabl - INFO - 
=== Testing WITH Imputation ===
2026-04-11 13:16:38,350 - phase4_4_tabl - INFO - 
Preprocessing: median
2026-04-11 13:16:38,565 - phase4_4_tabl - INFO - Testing TabICL with median
2026-04-11 13:16:38,566 - phase4_4_tabl - WARNING - TabICL not available: No module named 'tabl'
2026-04-11 13:16:38,566 - phase4_4_tabl - INFO - 
Preprocessing: mice
2026-04-11 13:16:46,260 - phase4_4_tabl - INFO - Testing TabICL with mice
2026-04-11 13:16:46,261 - phase4_4_tabl - WARNING - TabICL not available: No module named 'tabl'
2026-04-11 13:16:46,261 - phase4_4_tabl - INFO - 
=== Testing WITHOUT Imputation (Raw NaN values) ===
2026-04-11 13:16:46,464 - phase4_4_tabl - WARNING - Note: StandardScaler cannot handle NaN values directly
2026-04-11 13:16:46,464 - phase4_4_tabl - INFO - Testing TabICL's native NaN handling capability...
2026-04-11 13:16:46,466 - phase4_4_tabl - WARNING - TabICL not available: No module named 'tabl'
2026-04-11 13:16:46,474 - phase4_4_tabl - INFO - 
✓ Phase 4.4 experiments complete. Results: C:\Users\TaroM\Documents\унік коди\project\results\tables\phase4_4_tabl_results.json
