2026-04-11 12:40:35,520 - phase4_4_tabl - INFO - ================================================================================
2026-04-11 12:40:35,521 - phase4_4_tabl - INFO - PHASE 4.4: TabICL Foundation Model Testing
2026-04-11 12:40:35,521 - phase4_4_tabl - INFO - ================================================================================
2026-04-11 12:40:35,521 - phase4_4_tabl - INFO - TabICL Available: False
2026-04-11 12:40:35,521 - phase4_4_tabl - INFO - 
================================================================================
2026-04-11 12:40:35,521 - phase4_4_tabl - INFO - Starting Phase 4.4 experiment on taiwan_bankruptcy
2026-04-11 12:40:35,521 - phase4_4_tabl - INFO - ================================================================================
2026-04-11 12:40:35,617 - phase4_4_tabl - INFO - Loaded 6819 samples with 95 features
2026-04-11 12:40:35,707 - phase4_4_tabl - INFO - Using precomputed split from data/splits
2026-04-11 12:40:35,708 - phase4_4_tabl - INFO - 
=== Testing WITH Imputation ===
2026-04-11 12:40:35,708 - phase4_4_tabl - INFO - 
Preprocessing: median
2026-04-11 12:40:35,772 - phase4_4_tabl - INFO - Testing TabICL with median
2026-04-11 12:40:35,773 - phase4_4_tabl - WARNING - TabICL not available: No module named 'tabl'
2026-04-11 12:40:35,773 - phase4_4_tabl - INFO - 
Preprocessing: mice
2026-04-11 12:40:39,793 - phase4_4_tabl - INFO - Testing TabICL with mice
2026-04-11 12:40:39,794 - phase4_4_tabl - WARNING - TabICL not available: No module named 'tabl'
2026-04-11 12:40:39,794 - phase4_4_tabl - INFO - 
=== Testing WITHOUT Imputation (Raw NaN values) ===
2026-04-11 12:40:39,820 - phase4_4_tabl - WARNING - Note: StandardScaler cannot handle NaN values directly
2026-04-11 12:40:39,820 - phase4_4_tabl - INFO - Testing TabICL's native NaN handling capability...
2026-04-11 12:40:39,822 - phase4_4_tabl - WARNING - TabICL not available: No module named 'tabl'
2026-04-11 12:40:39,825 - phase4_4_tabl - INFO - 
================================================================================
2026-04-11 12:40:39,825 - phase4_4_tabl - INFO - Starting Phase 4.4 experiment on polish_1year
2026-04-11 12:40:39,825 - phase4_4_tabl - INFO - ================================================================================
2026-04-11 12:40:39,865 - phase4_4_tabl - INFO - Loaded 7027 samples with 64 features
2026-04-11 12:40:39,906 - phase4_4_tabl - INFO - Using precomputed split from data/splits
2026-04-11 12:40:39,907 - phase4_4_tabl - INFO - 
=== Testing WITH Imputation ===
2026-04-11 12:40:39,907 - phase4_4_tabl - INFO - 
Preprocessing: median
2026-04-11 12:40:39,956 - phase4_4_tabl - INFO - Testing TabICL with median
2026-04-11 12:40:39,956 - phase4_4_tabl - WARNING - TabICL not available: No module named 'tabl'
2026-04-11 12:40:39,956 - phase4_4_tabl - INFO - 
Preprocessing: mice
2026-04-11 12:40:53,879 - phase4_4_tabl - INFO - Testing TabICL with mice
2026-04-11 12:40:53,879 - phase4_4_tabl - WARNING - TabICL not available: No module named 'tabl'
2026-04-11 12:40:53,879 - phase4_4_tabl - INFO - 
=== Testing WITHOUT Imputation (Raw NaN values) ===
2026-04-11 12:40:53,896 - phase4_4_tabl - WARNING - Note: StandardScaler cannot handle NaN values directly
2026-04-11 12:40:53,896 - phase4_4_tabl - INFO - Testing TabICL's native NaN handling capability...
2026-04-11 12:40:53,897 - phase4_4_tabl - WARNING - TabICL not available: No module named 'tabl'
2026-04-11 12:40:53,901 - phase4_4_tabl - INFO - 
================================================================================
2026-04-11 12:40:53,901 - phase4_4_tabl - INFO - Starting Phase 4.4 experiment on slovak_manufacture_13
2026-04-11 12:40:53,902 - phase4_4_tabl - INFO - ================================================================================
2026-04-11 12:40:53,946 - phase4_4_tabl - INFO - Loaded 4107 samples with 64 features
2026-04-11 12:40:53,994 - phase4_4_tabl - INFO - Using precomputed split from data/splits
2026-04-11 12:40:53,994 - phase4_4_tabl - INFO - 
=== Testing WITH Imputation ===
2026-04-11 12:40:53,994 - phase4_4_tabl - INFO - 
Preprocessing: median
2026-04-11 12:40:54,156 - phase4_4_tabl - INFO - Testing TabICL with median
2026-04-11 12:40:54,156 - phase4_4_tabl - WARNING - TabICL not available: No module named 'tabl'
2026-04-11 12:40:54,157 - phase4_4_tabl - INFO - 
Preprocessing: mice
2026-04-11 12:41:00,804 - phase4_4_tabl - INFO - Testing TabICL with mice
2026-04-11 12:41:00,804 - phase4_4_tabl - WARNING - TabICL not available: No module named 'tabl'
2026-04-11 12:41:00,804 - phase4_4_tabl - INFO - 
=== Testing WITHOUT Imputation (Raw NaN values) ===
2026-04-11 12:41:00,934 - phase4_4_tabl - WARNING - Note: StandardScaler cannot handle NaN values directly
2026-04-11 12:41:00,934 - phase4_4_tabl - INFO - Testing TabICL's native NaN handling capability...
2026-04-11 12:41:00,936 - phase4_4_tabl - WARNING - TabICL not available: No module named 'tabl'
2026-04-11 12:41:00,945 - phase4_4_tabl - INFO - 
✓ Phase 4.4 experiments complete. Results: C:\Users\TaroM\Documents\унік коди\project\results\tables\phase4_4_tabl_results.json
