2026-04-10 19:22:42,861 - phase4_2_extended_models - INFO - === Starting Phase 4.2 Extended Models Experiment ===
2026-04-10 19:22:42,861 - phase4_2_extended_models - INFO - Starting Phase 4.2 experiment on taiwan_bankruptcy
2026-04-10 19:22:42,948 - phase4_2_extended_models - INFO - Loaded 6819 samples with 95 features
2026-04-10 19:22:42,959 - phase4_2_extended_models - INFO - XGBoost not available
2026-04-10 19:22:42,959 - phase4_2_extended_models - INFO - LightGBM not available
2026-04-10 19:22:42,960 - phase4_2_extended_models - INFO - 
=== Preprocessing: median ===
2026-04-10 19:22:42,960 - phase4_2_extended_models - INFO - 
--- Evaluating svm ---
2026-04-10 19:22:42,960 - phase4_2_extended_models - INFO - Training svm with 5-fold CV...
2026-04-10 19:23:05,186 - phase4_2_extended_models - INFO - Best params: {'C': 10, 'gamma': 'scale', 'kernel': 'rbf'}
2026-04-10 19:23:05,186 - phase4_2_extended_models - INFO - Best CV score: 0.9593
2026-04-10 19:23:05,350 - phase4_2_extended_models - INFO - Test metrics: {'accuracy': 0.9655425219941349, 'f1': 0.9532813667720694, 'precision': 0.947006306266534, 'recall': 0.9655425219941349, 'roc_auc': 0.874810606060606}
2026-04-10 19:23:05,350 - phase4_2_extended_models - INFO - 
--- Evaluating mlp ---
2026-04-10 19:23:05,350 - phase4_2_extended_models - INFO - Training mlp with 5-fold CV...
2026-04-10 19:23:09,417 - phase4_2_extended_models - INFO - Best params: {'alpha': 0.001, 'hidden_layer_sizes': (100, 50), 'learning_rate': 'constant'}
2026-04-10 19:23:09,417 - phase4_2_extended_models - INFO - Best CV score: 0.9614
2026-04-10 19:23:09,446 - phase4_2_extended_models - INFO - Test metrics: {'accuracy': 0.967741935483871, 'f1': 0.9518773135906928, 'precision': 0.9365244536940688, 'recall': 0.967741935483871, 'roc_auc': 0.547382920110193}
2026-04-10 19:23:09,446 - phase4_2_extended_models - INFO - 
=== Preprocessing: mice ===
2026-04-10 19:23:09,446 - phase4_2_extended_models - INFO - 
--- Evaluating svm ---
2026-04-10 19:23:09,446 - phase4_2_extended_models - INFO - Training svm with 5-fold CV...
2026-04-10 19:23:32,344 - phase4_2_extended_models - INFO - Best params: {'C': 10, 'gamma': 'scale', 'kernel': 'rbf'}
2026-04-10 19:23:32,345 - phase4_2_extended_models - INFO - Best CV score: 0.9593
2026-04-10 19:23:32,511 - phase4_2_extended_models - INFO - Test metrics: {'accuracy': 0.9655425219941349, 'f1': 0.9532813667720694, 'precision': 0.947006306266534, 'recall': 0.9655425219941349, 'roc_auc': 0.874810606060606}
2026-04-10 19:23:32,511 - phase4_2_extended_models - INFO - 
--- Evaluating mlp ---
2026-04-10 19:23:32,512 - phase4_2_extended_models - INFO - Training mlp with 5-fold CV...
2026-04-10 19:23:40,009 - phase4_2_extended_models - INFO - Best params: {'alpha': 0.001, 'hidden_layer_sizes': (100, 50), 'learning_rate': 'constant'}
2026-04-10 19:23:40,009 - phase4_2_extended_models - INFO - Best CV score: 0.9614
2026-04-10 19:23:40,032 - phase4_2_extended_models - INFO - Test metrics: {'accuracy': 0.967741935483871, 'f1': 0.9518773135906928, 'precision': 0.9365244536940688, 'recall': 0.967741935483871, 'roc_auc': 0.547382920110193}
2026-04-10 19:23:40,034 - phase4_2_extended_models - INFO - Starting Phase 4.2 experiment on polish_1year
2026-04-10 19:23:40,072 - phase4_2_extended_models - INFO - Loaded 7027 samples with 64 features
2026-04-10 19:23:40,079 - phase4_2_extended_models - INFO - XGBoost not available
2026-04-10 19:23:40,079 - phase4_2_extended_models - INFO - LightGBM not available
2026-04-10 19:23:40,079 - phase4_2_extended_models - INFO - 
=== Preprocessing: median ===
2026-04-10 19:23:40,080 - phase4_2_extended_models - INFO - 
--- Evaluating svm ---
2026-04-10 19:23:40,080 - phase4_2_extended_models - INFO - Training svm with 5-fold CV...
2026-04-10 19:23:53,188 - phase4_2_extended_models - INFO - Best params: {'C': 10, 'gamma': 'auto', 'kernel': 'poly'}
2026-04-10 19:23:53,188 - phase4_2_extended_models - INFO - Best CV score: 0.9427
2026-04-10 19:23:53,236 - phase4_2_extended_models - INFO - Test metrics: {'accuracy': 0.9601706970128022, 'f1': 0.9420542687672777, 'precision': 0.9246088193456614, 'recall': 0.9601706970128022, 'roc_auc': 0.48327580539118997}
2026-04-10 19:23:53,236 - phase4_2_extended_models - INFO - 
--- Evaluating mlp ---
2026-04-10 19:23:53,236 - phase4_2_extended_models - INFO - Training mlp with 5-fold CV...
2026-04-10 19:23:55,661 - phase4_2_extended_models - INFO - Best params: {'alpha': 0.0001, 'hidden_layer_sizes': (100, 50), 'learning_rate': 'constant'}
2026-04-10 19:23:55,661 - phase4_2_extended_models - INFO - Best CV score: 0.9425
2026-04-10 19:23:55,683 - phase4_2_extended_models - INFO - Test metrics: {'accuracy': 0.9615931721194879, 'f1': 0.9427657496051832, 'precision': 0.9246614286668191, 'recall': 0.9615931721194879, 'roc_auc': 0.5758683979837825}
2026-04-10 19:23:55,683 - phase4_2_extended_models - INFO - 
=== Preprocessing: mice ===
2026-04-10 19:23:55,683 - phase4_2_extended_models - INFO - 
--- Evaluating svm ---
2026-04-10 19:23:55,683 - phase4_2_extended_models - INFO - Training svm with 5-fold CV...
2026-04-10 19:24:19,803 - phase4_2_extended_models - INFO - Best params: {'C': 0.1, 'gamma': 'scale', 'kernel': 'rbf'}
2026-04-10 19:24:19,803 - phase4_2_extended_models - INFO - Best CV score: 0.9425
2026-04-10 19:24:19,956 - phase4_2_extended_models - INFO - Test metrics: {'accuracy': 0.9615931721194879, 'f1': 0.9427657496051832, 'precision': 0.9246614286668191, 'recall': 0.9615931721194879, 'roc_auc': 0.48214579224194615}
2026-04-10 19:24:19,956 - phase4_2_extended_models - INFO - 
--- Evaluating mlp ---
2026-04-10 19:24:19,959 - phase4_2_extended_models - INFO - Training mlp with 5-fold CV...
2026-04-10 19:24:35,166 - phase4_2_extended_models - INFO - Best params: {'alpha': 0.0001, 'hidden_layer_sizes': (100, 50), 'learning_rate': 'constant'}
2026-04-10 19:24:35,166 - phase4_2_extended_models - INFO - Best CV score: 0.9425
2026-04-10 19:24:35,236 - phase4_2_extended_models - INFO - Test metrics: {'accuracy': 0.9615931721194879, 'f1': 0.9427657496051832, 'precision': 0.9246614286668191, 'recall': 0.9615931721194879, 'roc_auc': 0.48875465702388776}
2026-04-10 19:24:35,240 - phase4_2_extended_models - INFO - Starting Phase 4.2 experiment on slovak_manufacture_13
2026-04-10 19:24:35,286 - phase4_2_extended_models - INFO - Loaded 4107 samples with 64 features
2026-04-10 19:24:35,295 - phase4_2_extended_models - INFO - XGBoost not available
2026-04-10 19:24:35,295 - phase4_2_extended_models - INFO - LightGBM not available
2026-04-10 19:24:35,295 - phase4_2_extended_models - INFO - 
=== Preprocessing: median ===
2026-04-10 19:24:35,295 - phase4_2_extended_models - INFO - 
--- Evaluating svm ---
2026-04-10 19:24:35,295 - phase4_2_extended_models - INFO - Training svm with 5-fold CV...
2026-04-10 19:24:36,809 - phase4_2_extended_models - INFO - Best params: {'C': 0.1, 'gamma': 'scale', 'kernel': 'rbf'}
2026-04-10 19:24:36,809 - phase4_2_extended_models - INFO - Best CV score: 0.9891
2026-04-10 19:24:36,868 - phase4_2_extended_models - INFO - Test metrics: {'accuracy': 0.9927007299270073, 'f1': 0.9890644635170184, 'precision': 0.9854547391976132, 'recall': 0.9927007299270073, 'roc_auc': 0.9720179738562091}
2026-04-10 19:24:36,868 - phase4_2_extended_models - INFO - 
--- Evaluating mlp ---
2026-04-10 19:24:36,868 - phase4_2_extended_models - INFO - Training mlp with 5-fold CV...
2026-04-10 19:24:38,466 - phase4_2_extended_models - INFO - Best params: {'alpha': 0.0001, 'hidden_layer_sizes': (100, 50, 25), 'learning_rate': 'constant'}
2026-04-10 19:24:38,466 - phase4_2_extended_models - INFO - Best CV score: 0.9891
2026-04-10 19:24:38,511 - phase4_2_extended_models - INFO - Test metrics: {'accuracy': 0.9927007299270073, 'f1': 0.9890644635170184, 'precision': 0.9854547391976132, 'recall': 0.9927007299270073, 'roc_auc': 0.32638888888888895}
2026-04-10 19:24:38,511 - phase4_2_extended_models - INFO - 
=== Preprocessing: mice ===
2026-04-10 19:24:38,511 - phase4_2_extended_models - INFO - 
--- Evaluating svm ---
2026-04-10 19:24:38,511 - phase4_2_extended_models - INFO - Training svm with 5-fold CV...
2026-04-10 19:24:48,934 - phase4_2_extended_models - INFO - Best params: {'C': 0.1, 'gamma': 'scale', 'kernel': 'rbf'}
2026-04-10 19:24:48,934 - phase4_2_extended_models - INFO - Best CV score: 0.9891
2026-04-10 19:24:49,084 - phase4_2_extended_models - INFO - Test metrics: {'accuracy': 0.9927007299270073, 'f1': 0.9890644635170184, 'precision': 0.9854547391976132, 'recall': 0.9927007299270073, 'roc_auc': 0.8907271241830065}
2026-04-10 19:24:49,084 - phase4_2_extended_models - INFO - 
--- Evaluating mlp ---
2026-04-10 19:24:49,087 - phase4_2_extended_models - INFO - Training mlp with 5-fold CV...
2026-04-10 19:24:56,809 - phase4_2_extended_models - INFO - Best params: {'alpha': 0.0001, 'hidden_layer_sizes': (100, 50), 'learning_rate': 'constant'}
2026-04-10 19:24:56,809 - phase4_2_extended_models - INFO - Best CV score: 0.9891
2026-04-10 19:24:56,945 - phase4_2_extended_models - INFO - Test metrics: {'accuracy': 0.9927007299270073, 'f1': 0.9890644635170184, 'precision': 0.9854547391976132, 'recall': 0.9927007299270073, 'roc_auc': 0.14991830065359477}
2026-04-10 19:24:56,953 - phase4_2_extended_models - INFO - Results saved to C:\Users\TaroM\Documents\унік коди\project\results\tables\phase4_2_experiment_results.json
