2026-04-11 13:47:51,133 - phase4_4_tabicl - INFO - ================================================================================
2026-04-11 13:47:51,134 - phase4_4_tabicl - INFO - PHASE 4.4: TabICL Foundation Model (Student 2)
2026-04-11 13:47:51,134 - phase4_4_tabicl - INFO - ================================================================================
2026-04-11 13:47:51,134 - phase4_4_tabicl - INFO - 
================================================================================
Phase 4.4: taiwan_bankruptcy
================================================================================
2026-04-11 13:47:51,313 - phase4_4_tabicl - INFO - Loaded 6819 samples, 95 features
2026-04-11 13:47:51,518 - phase4_4_tabicl - INFO - 
--- TabICL WITH imputation ---
2026-04-11 13:47:51,519 - phase4_4_tabicl - INFO -   preprocessing: median
2026-04-11 13:47:56,355 - phase4_4_tabicl - INFO - TabICL imported successfully
2026-04-11 13:51:47,104 - phase4_4_tabicl - INFO - TabICL done in 230.74s | acc=0.9721
2026-04-11 13:51:47,106 - phase4_4_tabicl - INFO -   preprocessing: mice
2026-04-11 13:51:50,911 - phase4_4_tabicl - INFO - TabICL imported successfully
2026-04-11 13:55:22,074 - phase4_4_tabicl - INFO - TabICL done in 211.16s | acc=0.9721
2026-04-11 13:55:22,075 - phase4_4_tabicl - INFO - 
--- TabICL WITHOUT imputation (raw NaN) ---
2026-04-11 13:55:22,079 - phase4_4_tabicl - INFO - TabICL imported successfully
2026-04-11 13:58:54,037 - phase4_4_tabicl - INFO - TabICL done in 211.95s | acc=0.9721
2026-04-11 13:58:54,038 - phase4_4_tabicl - INFO - 
--- CatBoost WITH imputation (bonus) ---
2026-04-11 13:58:54,038 - phase4_4_tabicl - INFO -   preprocessing: median
2026-04-11 13:58:55,028 - phase4_4_tabicl - INFO - CatBoost done in 0.82s | acc=0.9714
2026-04-11 13:58:55,028 - phase4_4_tabicl - INFO -   preprocessing: mice
2026-04-11 13:58:59,454 - phase4_4_tabicl - INFO - CatBoost done in 0.63s | acc=0.9714
2026-04-11 13:58:59,455 - phase4_4_tabicl - INFO - 
--- CatBoost WITHOUT imputation (raw NaN, bonus) ---
2026-04-11 13:59:00,126 - phase4_4_tabicl - INFO - CatBoost done in 0.66s | acc=0.9714
2026-04-11 13:59:00,130 - phase4_4_tabicl - INFO - 
================================================================================
Phase 4.4: polish_1year
================================================================================
2026-04-11 13:59:00,170 - phase4_4_tabicl - INFO - Loaded 7027 samples, 64 features
2026-04-11 13:59:00,229 - phase4_4_tabicl - INFO - 
--- TabICL WITH imputation ---
2026-04-11 13:59:00,230 - phase4_4_tabicl - INFO -   preprocessing: median
2026-04-11 13:59:00,255 - phase4_4_tabicl - INFO - TabICL imported successfully
2026-04-11 14:01:45,335 - phase4_4_tabicl - INFO - TabICL done in 165.07s | acc=0.9765
2026-04-11 14:01:45,336 - phase4_4_tabicl - INFO -   preprocessing: mice
2026-04-11 14:01:59,982 - phase4_4_tabicl - INFO - TabICL imported successfully
2026-04-11 14:04:45,245 - phase4_4_tabicl - INFO - TabICL done in 165.26s | acc=0.9858
2026-04-11 14:04:45,246 - phase4_4_tabicl - INFO - 
--- TabICL WITHOUT imputation (raw NaN) ---
2026-04-11 14:04:45,249 - phase4_4_tabicl - INFO - TabICL imported successfully
2026-04-11 14:07:30,328 - phase4_4_tabicl - INFO - TabICL done in 165.07s | acc=0.9943
2026-04-11 14:07:30,329 - phase4_4_tabicl - INFO - 
--- CatBoost WITH imputation (bonus) ---
2026-04-11 14:07:30,329 - phase4_4_tabicl - INFO -   preprocessing: median
2026-04-11 14:07:30,866 - phase4_4_tabicl - INFO - CatBoost done in 0.50s | acc=0.9801
2026-04-11 14:07:30,866 - phase4_4_tabicl - INFO -   preprocessing: mice
2026-04-11 14:07:45,986 - phase4_4_tabicl - INFO - CatBoost done in 0.50s | acc=0.9822
2026-04-11 14:07:45,986 - phase4_4_tabicl - INFO - 
--- CatBoost WITHOUT imputation (raw NaN, bonus) ---
2026-04-11 14:07:46,470 - phase4_4_tabicl - INFO - CatBoost done in 0.48s | acc=0.9829
2026-04-11 14:07:46,472 - phase4_4_tabicl - INFO - 
================================================================================
Phase 4.4: slovak_manufacture_13
================================================================================
2026-04-11 14:07:46,523 - phase4_4_tabicl - INFO - Loaded 4107 samples, 64 features
2026-04-11 14:07:46,771 - phase4_4_tabicl - INFO - 
--- TabICL WITH imputation ---
2026-04-11 14:07:46,771 - phase4_4_tabicl - INFO -   preprocessing: median
2026-04-11 14:07:46,794 - phase4_4_tabicl - INFO - TabICL imported successfully
2026-04-11 14:09:16,021 - phase4_4_tabicl - INFO - TabICL done in 89.22s | acc=0.9903
2026-04-11 14:09:16,022 - phase4_4_tabicl - INFO -   preprocessing: mice
2026-04-11 14:09:24,104 - phase4_4_tabicl - INFO - TabICL imported successfully
2026-04-11 14:10:53,267 - phase4_4_tabicl - INFO - TabICL done in 89.15s | acc=0.9903
2026-04-11 14:10:53,268 - phase4_4_tabicl - INFO - 
--- TabICL WITHOUT imputation (raw NaN) ---
2026-04-11 14:10:53,270 - phase4_4_tabicl - INFO - TabICL imported successfully
2026-04-11 14:12:22,280 - phase4_4_tabicl - INFO - TabICL done in 89.00s | acc=0.9891
2026-04-11 14:12:22,281 - phase4_4_tabicl - INFO - 
--- CatBoost WITH imputation (bonus) ---
2026-04-11 14:12:22,281 - phase4_4_tabicl - INFO -   preprocessing: median
2026-04-11 14:12:22,557 - phase4_4_tabicl - INFO - CatBoost done in 0.25s | acc=0.9903
2026-04-11 14:12:22,557 - phase4_4_tabicl - INFO -   preprocessing: mice
2026-04-11 14:12:30,842 - phase4_4_tabicl - INFO - CatBoost done in 0.45s | acc=0.9927
2026-04-11 14:12:30,842 - phase4_4_tabicl - INFO - 
--- CatBoost WITHOUT imputation (raw NaN, bonus) ---
2026-04-11 14:12:31,075 - phase4_4_tabicl - INFO - CatBoost done in 0.23s | acc=0.9951
