2026-04-11 12:03:54,901 - phase4_3_gradient_boosting - INFO - ================================================================================
2026-04-11 12:03:54,901 - phase4_3_gradient_boosting - INFO - PHASE 4.3: Gradient Boosting Robustness (Student 2)
2026-04-11 12:03:54,901 - phase4_3_gradient_boosting - INFO - ================================================================================
2026-04-11 12:03:54,926 - phase4_3_gradient_boosting - INFO - ✓ XGBoost available
2026-04-11 12:03:54,926 - phase4_3_gradient_boosting - INFO - Starting Phase 4.3 experiment on taiwan_bankruptcy
2026-04-11 12:03:54,926 - phase4_3_gradient_boosting - INFO - Using models: ['xgboost', 'lightgbm']
2026-04-11 12:03:55,010 - phase4_3_gradient_boosting - INFO - Loaded 6819 samples with 95 features
2026-04-11 12:03:55,090 - phase4_3_gradient_boosting - INFO - Using precomputed split from data/splits
2026-04-11 12:03:55,090 - phase4_3_gradient_boosting - INFO - 
=== Scenario: MCAR_5pct ===
2026-04-11 12:03:55,350 - phase4_3_gradient_boosting - INFO - Injected MCAR at 5.0%
2026-04-11 12:03:55,351 - phase4_3_gradient_boosting - INFO -   Preprocessing: median
2026-04-11 12:03:55,351 - phase4_3_gradient_boosting - INFO -     Model: xgboost
2026-04-11 12:03:55,750 - phase4_3_gradient_boosting - INFO -       Accuracy: 0.9714, F1: 0.9681
2026-04-11 12:03:55,750 - phase4_3_gradient_boosting - INFO -     Model: lightgbm
2026-04-11 12:03:56,014 - phase4_3_gradient_boosting - INFO -       Accuracy: 0.9721, F1: 0.9696
2026-04-11 12:03:56,014 - phase4_3_gradient_boosting - INFO -   Preprocessing: mice
2026-04-11 12:03:56,014 - phase4_3_gradient_boosting - INFO -     Model: xgboost
2026-04-11 12:04:31,273 - phase4_3_gradient_boosting - INFO -       Accuracy: 0.9736, F1: 0.9703
2026-04-11 12:04:31,273 - phase4_3_gradient_boosting - INFO -     Model: lightgbm
2026-04-11 12:05:06,753 - phase4_3_gradient_boosting - INFO -       Accuracy: 0.9729, F1: 0.9670
2026-04-11 12:05:06,753 - phase4_3_gradient_boosting - INFO - 
=== Scenario: MCAR_10pct ===
2026-04-11 12:05:07,294 - phase4_3_gradient_boosting - INFO - Injected MCAR at 10.0%
2026-04-11 12:05:07,294 - phase4_3_gradient_boosting - INFO -   Preprocessing: median
2026-04-11 12:05:07,294 - phase4_3_gradient_boosting - INFO -     Model: xgboost
2026-04-11 12:05:07,534 - phase4_3_gradient_boosting - INFO -       Accuracy: 0.9655, F1: 0.9645
2026-04-11 12:05:07,534 - phase4_3_gradient_boosting - INFO -     Model: lightgbm
2026-04-11 12:05:07,787 - phase4_3_gradient_boosting - INFO -       Accuracy: 0.9736, F1: 0.9712
2026-04-11 12:05:07,788 - phase4_3_gradient_boosting - INFO -   Preprocessing: mice
2026-04-11 12:05:07,788 - phase4_3_gradient_boosting - INFO -     Model: xgboost
2026-04-11 12:05:42,009 - phase4_3_gradient_boosting - INFO -       Accuracy: 0.9670, F1: 0.9637
2026-04-11 12:05:42,010 - phase4_3_gradient_boosting - INFO -     Model: lightgbm
2026-04-11 12:06:16,449 - phase4_3_gradient_boosting - INFO -       Accuracy: 0.9743, F1: 0.9709
2026-04-11 12:06:16,449 - phase4_3_gradient_boosting - INFO - 
=== Scenario: MCAR_15pct ===
2026-04-11 12:06:17,229 - phase4_3_gradient_boosting - INFO - Injected MCAR at 15.0%
2026-04-11 12:06:17,229 - phase4_3_gradient_boosting - INFO -   Preprocessing: median
2026-04-11 12:06:17,230 - phase4_3_gradient_boosting - INFO -     Model: xgboost
2026-04-11 12:06:17,462 - phase4_3_gradient_boosting - INFO -       Accuracy: 0.9670, F1: 0.9668
2026-04-11 12:06:17,462 - phase4_3_gradient_boosting - INFO -     Model: lightgbm
2026-04-11 12:06:17,709 - phase4_3_gradient_boosting - INFO -       Accuracy: 0.9765, F1: 0.9732
2026-04-11 12:06:17,709 - phase4_3_gradient_boosting - INFO -   Preprocessing: mice
2026-04-11 12:06:17,709 - phase4_3_gradient_boosting - INFO -     Model: xgboost
2026-04-11 12:06:51,051 - phase4_3_gradient_boosting - INFO -       Accuracy: 0.9736, F1: 0.9688
2026-04-11 12:06:51,052 - phase4_3_gradient_boosting - INFO -     Model: lightgbm
2026-04-11 12:07:24,418 - phase4_3_gradient_boosting - INFO -       Accuracy: 0.9758, F1: 0.9711
2026-04-11 12:07:24,418 - phase4_3_gradient_boosting - INFO - 
=== Scenario: MCAR_20pct ===
2026-04-11 12:07:25,448 - phase4_3_gradient_boosting - INFO - Injected MCAR at 20.0%
2026-04-11 12:07:25,448 - phase4_3_gradient_boosting - INFO -   Preprocessing: median
2026-04-11 12:07:25,448 - phase4_3_gradient_boosting - INFO -     Model: xgboost
2026-04-11 12:07:25,678 - phase4_3_gradient_boosting - INFO -       Accuracy: 0.9685, F1: 0.9663
2026-04-11 12:07:25,678 - phase4_3_gradient_boosting - INFO -     Model: lightgbm
2026-04-11 12:07:25,924 - phase4_3_gradient_boosting - INFO -       Accuracy: 0.9743, F1: 0.9722
2026-04-11 12:07:25,924 - phase4_3_gradient_boosting - INFO -   Preprocessing: mice
2026-04-11 12:07:25,924 - phase4_3_gradient_boosting - INFO -     Model: xgboost
2026-04-11 12:07:58,790 - phase4_3_gradient_boosting - INFO -       Accuracy: 0.9721, F1: 0.9676
2026-04-11 12:07:58,791 - phase4_3_gradient_boosting - INFO -     Model: lightgbm
2026-04-11 12:08:31,775 - phase4_3_gradient_boosting - INFO -       Accuracy: 0.9758, F1: 0.9700
2026-04-11 12:08:31,775 - phase4_3_gradient_boosting - INFO - 
=== Scenario: MCAR_30pct ===
2026-04-11 12:08:33,297 - phase4_3_gradient_boosting - INFO - Injected MCAR at 30.0%
2026-04-11 12:08:33,298 - phase4_3_gradient_boosting - INFO -   Preprocessing: median
2026-04-11 12:08:33,298 - phase4_3_gradient_boosting - INFO -     Model: xgboost
2026-04-11 12:08:33,522 - phase4_3_gradient_boosting - INFO -       Accuracy: 0.9663, F1: 0.9646
2026-04-11 12:08:33,522 - phase4_3_gradient_boosting - INFO -     Model: lightgbm
2026-04-11 12:08:33,802 - phase4_3_gradient_boosting - INFO -       Accuracy: 0.9736, F1: 0.9698
2026-04-11 12:08:33,803 - phase4_3_gradient_boosting - INFO -   Preprocessing: mice
2026-04-11 12:08:33,803 - phase4_3_gradient_boosting - INFO -     Model: xgboost
2026-04-11 12:09:05,030 - phase4_3_gradient_boosting - INFO -       Accuracy: 0.9751, F1: 0.9720
2026-04-11 12:09:05,030 - phase4_3_gradient_boosting - INFO -     Model: lightgbm
2026-04-11 12:09:36,694 - phase4_3_gradient_boosting - INFO -       Accuracy: 0.9758, F1: 0.9706
2026-04-11 12:09:36,694 - phase4_3_gradient_boosting - INFO - 
=== Scenario: MCAR_40pct ===
2026-04-11 12:09:38,673 - phase4_3_gradient_boosting - INFO - Injected MCAR at 40.0%
2026-04-11 12:09:38,673 - phase4_3_gradient_boosting - INFO -   Preprocessing: median
2026-04-11 12:09:38,674 - phase4_3_gradient_boosting - INFO -     Model: xgboost
2026-04-11 12:09:38,879 - phase4_3_gradient_boosting - INFO -       Accuracy: 0.9663, F1: 0.9646
2026-04-11 12:09:38,879 - phase4_3_gradient_boosting - INFO -     Model: lightgbm
2026-04-11 12:09:39,123 - phase4_3_gradient_boosting - INFO -       Accuracy: 0.9670, F1: 0.9652
2026-04-11 12:09:39,123 - phase4_3_gradient_boosting - INFO -   Preprocessing: mice
2026-04-11 12:09:39,123 - phase4_3_gradient_boosting - INFO -     Model: xgboost
2026-04-11 12:10:09,520 - phase4_3_gradient_boosting - INFO -       Accuracy: 0.9685, F1: 0.9609
2026-04-11 12:10:09,521 - phase4_3_gradient_boosting - INFO -     Model: lightgbm
2026-04-11 12:10:40,068 - phase4_3_gradient_boosting - INFO -       Accuracy: 0.9692, F1: 0.9614
2026-04-11 12:10:40,068 - phase4_3_gradient_boosting - INFO - 
=== Scenario: MAR_5pct ===
2026-04-11 12:10:40,649 - phase4_3_gradient_boosting - INFO - Injected MAR at 5.0%
2026-04-11 12:10:40,649 - phase4_3_gradient_boosting - INFO -   Preprocessing: median
2026-04-11 12:10:40,649 - phase4_3_gradient_boosting - INFO -     Model: xgboost
2026-04-11 12:10:40,899 - phase4_3_gradient_boosting - INFO -       Accuracy: 0.9714, F1: 0.9676
2026-04-11 12:10:40,900 - phase4_3_gradient_boosting - INFO -     Model: lightgbm
2026-04-11 12:10:41,150 - phase4_3_gradient_boosting - INFO -       Accuracy: 0.9765, F1: 0.9722
2026-04-11 12:10:41,150 - phase4_3_gradient_boosting - INFO -   Preprocessing: mice
2026-04-11 12:10:41,150 - phase4_3_gradient_boosting - INFO -     Model: xgboost
2026-04-11 12:10:58,934 - phase4_3_gradient_boosting - INFO -       Accuracy: 0.9707, F1: 0.9659
2026-04-11 12:10:58,934 - phase4_3_gradient_boosting - INFO -     Model: lightgbm
2026-04-11 12:11:16,748 - phase4_3_gradient_boosting - INFO -       Accuracy: 0.9699, F1: 0.9653
2026-04-11 12:11:16,748 - phase4_3_gradient_boosting - INFO - 
=== Scenario: MAR_10pct ===
2026-04-11 12:11:17,642 - phase4_3_gradient_boosting - INFO - Injected MAR at 10.0%
2026-04-11 12:11:17,642 - phase4_3_gradient_boosting - INFO -   Preprocessing: median
2026-04-11 12:11:17,642 - phase4_3_gradient_boosting - INFO -     Model: xgboost
2026-04-11 12:11:17,875 - phase4_3_gradient_boosting - INFO -       Accuracy: 0.9670, F1: 0.9637
2026-04-11 12:11:17,875 - phase4_3_gradient_boosting - INFO -     Model: lightgbm
2026-04-11 12:11:18,117 - phase4_3_gradient_boosting - INFO -       Accuracy: 0.9707, F1: 0.9665
2026-04-11 12:11:18,118 - phase4_3_gradient_boosting - INFO -   Preprocessing: mice
2026-04-11 12:11:18,118 - phase4_3_gradient_boosting - INFO -     Model: xgboost
2026-04-11 12:11:52,176 - phase4_3_gradient_boosting - INFO -       Accuracy: 0.9685, F1: 0.9648
2026-04-11 12:11:52,176 - phase4_3_gradient_boosting - INFO -     Model: lightgbm
2026-04-11 12:12:26,483 - phase4_3_gradient_boosting - INFO -       Accuracy: 0.9751, F1: 0.9705
2026-04-11 12:12:26,483 - phase4_3_gradient_boosting - INFO - 
=== Scenario: MAR_15pct ===
2026-04-11 12:12:27,598 - phase4_3_gradient_boosting - INFO - Injected MAR at 15.0%
2026-04-11 12:12:27,598 - phase4_3_gradient_boosting - INFO -   Preprocessing: median
2026-04-11 12:12:27,598 - phase4_3_gradient_boosting - INFO -     Model: xgboost
2026-04-11 12:12:27,834 - phase4_3_gradient_boosting - INFO -       Accuracy: 0.9692, F1: 0.9673
2026-04-11 12:12:27,834 - phase4_3_gradient_boosting - INFO -     Model: lightgbm
2026-04-11 12:12:28,085 - phase4_3_gradient_boosting - INFO -       Accuracy: 0.9729, F1: 0.9702
2026-04-11 12:12:28,085 - phase4_3_gradient_boosting - INFO -   Preprocessing: mice
2026-04-11 12:12:28,085 - phase4_3_gradient_boosting - INFO -     Model: xgboost
2026-04-11 12:13:01,544 - phase4_3_gradient_boosting - INFO -       Accuracy: 0.9707, F1: 0.9665
2026-04-11 12:13:01,544 - phase4_3_gradient_boosting - INFO -     Model: lightgbm
2026-04-11 12:13:35,695 - phase4_3_gradient_boosting - INFO -       Accuracy: 0.9707, F1: 0.9640
2026-04-11 12:13:35,695 - phase4_3_gradient_boosting - INFO - 
=== Scenario: MAR_20pct ===
2026-04-11 12:13:37,096 - phase4_3_gradient_boosting - INFO - Injected MAR at 20.0%
2026-04-11 12:13:37,096 - phase4_3_gradient_boosting - INFO -   Preprocessing: median
2026-04-11 12:13:37,096 - phase4_3_gradient_boosting - INFO -     Model: xgboost
2026-04-11 12:13:37,325 - phase4_3_gradient_boosting - INFO -       Accuracy: 0.9699, F1: 0.9674
2026-04-11 12:13:37,325 - phase4_3_gradient_boosting - INFO -     Model: lightgbm
2026-04-11 12:13:37,565 - phase4_3_gradient_boosting - INFO -       Accuracy: 0.9758, F1: 0.9726
2026-04-11 12:13:37,565 - phase4_3_gradient_boosting - INFO -   Preprocessing: mice
2026-04-11 12:13:37,565 - phase4_3_gradient_boosting - INFO -     Model: xgboost
2026-04-11 12:14:10,339 - phase4_3_gradient_boosting - INFO -       Accuracy: 0.9699, F1: 0.9664
2026-04-11 12:14:10,339 - phase4_3_gradient_boosting - INFO -     Model: lightgbm
2026-04-11 12:14:43,194 - phase4_3_gradient_boosting - INFO -       Accuracy: 0.9699, F1: 0.9619
2026-04-11 12:14:43,194 - phase4_3_gradient_boosting - INFO - 
=== Scenario: MAR_30pct ===
2026-04-11 12:14:45,150 - phase4_3_gradient_boosting - INFO - Injected MAR at 30.0%
2026-04-11 12:14:45,150 - phase4_3_gradient_boosting - INFO -   Preprocessing: median
2026-04-11 12:14:45,150 - phase4_3_gradient_boosting - INFO -     Model: xgboost
2026-04-11 12:14:45,366 - phase4_3_gradient_boosting - INFO -       Accuracy: 0.9677, F1: 0.9637
2026-04-11 12:14:45,366 - phase4_3_gradient_boosting - INFO -     Model: lightgbm
2026-04-11 12:14:45,608 - phase4_3_gradient_boosting - INFO -       Accuracy: 0.9729, F1: 0.9682
2026-04-11 12:14:45,608 - phase4_3_gradient_boosting - INFO -   Preprocessing: mice
2026-04-11 12:14:45,608 - phase4_3_gradient_boosting - INFO -     Model: xgboost
2026-04-11 12:15:17,229 - phase4_3_gradient_boosting - INFO -       Accuracy: 0.9685, F1: 0.9630
2026-04-11 12:15:17,229 - phase4_3_gradient_boosting - INFO -     Model: lightgbm
2026-04-11 12:15:48,636 - phase4_3_gradient_boosting - INFO -       Accuracy: 0.9729, F1: 0.9641
2026-04-11 12:15:48,637 - phase4_3_gradient_boosting - INFO - 
=== Scenario: MAR_40pct ===
2026-04-11 12:15:51,129 - phase4_3_gradient_boosting - INFO - Injected MAR at 40.0%
2026-04-11 12:15:51,129 - phase4_3_gradient_boosting - INFO -   Preprocessing: median
2026-04-11 12:15:51,129 - phase4_3_gradient_boosting - INFO -     Model: xgboost
2026-04-11 12:15:51,378 - phase4_3_gradient_boosting - INFO -       Accuracy: 0.9633, F1: 0.9605
2026-04-11 12:15:51,378 - phase4_3_gradient_boosting - INFO -     Model: lightgbm
2026-04-11 12:15:51,754 - phase4_3_gradient_boosting - INFO -       Accuracy: 0.9736, F1: 0.9693
2026-04-11 12:15:51,754 - phase4_3_gradient_boosting - INFO -   Preprocessing: mice
2026-04-11 12:15:51,754 - phase4_3_gradient_boosting - INFO -     Model: xgboost
2026-04-11 12:16:22,892 - phase4_3_gradient_boosting - INFO -       Accuracy: 0.9714, F1: 0.9652
2026-04-11 12:16:22,892 - phase4_3_gradient_boosting - INFO -     Model: lightgbm
2026-04-11 12:16:53,242 - phase4_3_gradient_boosting - INFO -       Accuracy: 0.9736, F1: 0.9669
2026-04-11 12:16:53,242 - phase4_3_gradient_boosting - INFO - 
=== Scenario: MNAR_5pct ===
2026-04-11 12:16:53,859 - phase4_3_gradient_boosting - INFO - Injected MNAR at 5.0%
2026-04-11 12:16:53,860 - phase4_3_gradient_boosting - INFO -   Preprocessing: median
2026-04-11 12:16:53,860 - phase4_3_gradient_boosting - INFO -     Model: xgboost
2026-04-11 12:16:54,099 - phase4_3_gradient_boosting - INFO -       Accuracy: 0.9721, F1: 0.9696
2026-04-11 12:16:54,099 - phase4_3_gradient_boosting - INFO -     Model: lightgbm
2026-04-11 12:16:54,343 - phase4_3_gradient_boosting - INFO -       Accuracy: 0.9743, F1: 0.9709
2026-04-11 12:16:54,343 - phase4_3_gradient_boosting - INFO -   Preprocessing: mice
2026-04-11 12:16:54,343 - phase4_3_gradient_boosting - INFO -     Model: xgboost
2026-04-11 12:17:12,183 - phase4_3_gradient_boosting - INFO -       Accuracy: 0.9670, F1: 0.9620
2026-04-11 12:17:12,183 - phase4_3_gradient_boosting - INFO -     Model: lightgbm
2026-04-11 12:17:29,953 - phase4_3_gradient_boosting - INFO -       Accuracy: 0.9721, F1: 0.9681
2026-04-11 12:17:29,953 - phase4_3_gradient_boosting - INFO - 
=== Scenario: MNAR_10pct ===
2026-04-11 12:17:30,795 - phase4_3_gradient_boosting - INFO - Injected MNAR at 10.0%
2026-04-11 12:17:30,795 - phase4_3_gradient_boosting - INFO -   Preprocessing: median
2026-04-11 12:17:30,795 - phase4_3_gradient_boosting - INFO -     Model: xgboost
2026-04-11 12:17:31,036 - phase4_3_gradient_boosting - INFO -       Accuracy: 0.9721, F1: 0.9696
2026-04-11 12:17:31,036 - phase4_3_gradient_boosting - INFO -     Model: lightgbm
2026-04-11 12:17:31,272 - phase4_3_gradient_boosting - INFO -       Accuracy: 0.9707, F1: 0.9659
2026-04-11 12:17:31,273 - phase4_3_gradient_boosting - INFO -   Preprocessing: mice
2026-04-11 12:17:31,273 - phase4_3_gradient_boosting - INFO -     Model: xgboost
2026-04-11 12:17:48,441 - phase4_3_gradient_boosting - INFO -       Accuracy: 0.9699, F1: 0.9659
2026-04-11 12:17:48,442 - phase4_3_gradient_boosting - INFO -     Model: lightgbm
2026-04-11 12:18:05,670 - phase4_3_gradient_boosting - INFO -       Accuracy: 0.9729, F1: 0.9676
2026-04-11 12:18:05,671 - phase4_3_gradient_boosting - INFO - 
=== Scenario: MNAR_15pct ===
2026-04-11 12:18:06,785 - phase4_3_gradient_boosting - INFO - Injected MNAR at 15.0%
2026-04-11 12:18:06,785 - phase4_3_gradient_boosting - INFO -   Preprocessing: median
2026-04-11 12:18:06,785 - phase4_3_gradient_boosting - INFO -     Model: xgboost
2026-04-11 12:18:07,017 - phase4_3_gradient_boosting - INFO -       Accuracy: 0.9677, F1: 0.9653
2026-04-11 12:18:07,018 - phase4_3_gradient_boosting - INFO -     Model: lightgbm
2026-04-11 12:18:07,255 - phase4_3_gradient_boosting - INFO -       Accuracy: 0.9721, F1: 0.9700
2026-04-11 12:18:07,255 - phase4_3_gradient_boosting - INFO -   Preprocessing: mice
2026-04-11 12:18:07,255 - phase4_3_gradient_boosting - INFO -     Model: xgboost
2026-04-11 12:18:27,686 - phase4_3_gradient_boosting - INFO -       Accuracy: 0.9677, F1: 0.9625
2026-04-11 12:18:27,686 - phase4_3_gradient_boosting - INFO -     Model: lightgbm
2026-04-11 12:18:48,043 - phase4_3_gradient_boosting - INFO -       Accuracy: 0.9721, F1: 0.9670
2026-04-11 12:18:48,043 - phase4_3_gradient_boosting - INFO - 
=== Scenario: MNAR_20pct ===
2026-04-11 12:18:49,438 - phase4_3_gradient_boosting - INFO - Injected MNAR at 20.0%
2026-04-11 12:18:49,438 - phase4_3_gradient_boosting - INFO -   Preprocessing: median
2026-04-11 12:18:49,438 - phase4_3_gradient_boosting - INFO -     Model: xgboost
2026-04-11 12:18:49,670 - phase4_3_gradient_boosting - INFO -       Accuracy: 0.9648, F1: 0.9604
2026-04-11 12:18:49,670 - phase4_3_gradient_boosting - INFO -     Model: lightgbm
2026-04-11 12:18:49,912 - phase4_3_gradient_boosting - INFO -       Accuracy: 0.9721, F1: 0.9676
2026-04-11 12:18:49,912 - phase4_3_gradient_boosting - INFO -   Preprocessing: mice
2026-04-11 12:18:49,912 - phase4_3_gradient_boosting - INFO -     Model: xgboost
2026-04-11 12:19:13,004 - phase4_3_gradient_boosting - INFO -       Accuracy: 0.9685, F1: 0.9630
2026-04-11 12:19:13,005 - phase4_3_gradient_boosting - INFO -     Model: lightgbm
2026-04-11 12:19:36,201 - phase4_3_gradient_boosting - INFO -       Accuracy: 0.9751, F1: 0.9705
2026-04-11 12:19:36,201 - phase4_3_gradient_boosting - INFO - 
=== Scenario: MNAR_30pct ===
2026-04-11 12:19:38,166 - phase4_3_gradient_boosting - INFO - Injected MNAR at 30.0%
2026-04-11 12:19:38,166 - phase4_3_gradient_boosting - INFO -   Preprocessing: median
2026-04-11 12:19:38,166 - phase4_3_gradient_boosting - INFO -     Model: xgboost
2026-04-11 12:19:38,384 - phase4_3_gradient_boosting - INFO -       Accuracy: 0.9707, F1: 0.9670
2026-04-11 12:19:38,384 - phase4_3_gradient_boosting - INFO -     Model: lightgbm
2026-04-11 12:19:38,627 - phase4_3_gradient_boosting - INFO -       Accuracy: 0.9692, F1: 0.9668
2026-04-11 12:19:38,627 - phase4_3_gradient_boosting - INFO -   Preprocessing: mice
2026-04-11 12:19:38,628 - phase4_3_gradient_boosting - INFO -     Model: xgboost
2026-04-11 12:20:10,223 - phase4_3_gradient_boosting - INFO -       Accuracy: 0.9699, F1: 0.9648
2026-04-11 12:20:10,224 - phase4_3_gradient_boosting - INFO -     Model: lightgbm
2026-04-11 12:20:41,768 - phase4_3_gradient_boosting - INFO -       Accuracy: 0.9707, F1: 0.9640
2026-04-11 12:20:41,768 - phase4_3_gradient_boosting - INFO - 
=== Scenario: MNAR_40pct ===
2026-04-11 12:20:44,231 - phase4_3_gradient_boosting - INFO - Injected MNAR at 40.0%
2026-04-11 12:20:44,231 - phase4_3_gradient_boosting - INFO -   Preprocessing: median
2026-04-11 12:20:44,232 - phase4_3_gradient_boosting - INFO -     Model: xgboost
2026-04-11 12:20:44,440 - phase4_3_gradient_boosting - INFO -       Accuracy: 0.9692, F1: 0.9642
2026-04-11 12:20:44,440 - phase4_3_gradient_boosting - INFO -     Model: lightgbm
2026-04-11 12:20:44,696 - phase4_3_gradient_boosting - INFO -       Accuracy: 0.9729, F1: 0.9687
2026-04-11 12:20:44,696 - phase4_3_gradient_boosting - INFO -   Preprocessing: mice
2026-04-11 12:20:44,696 - phase4_3_gradient_boosting - INFO -     Model: xgboost
2026-04-11 12:21:15,063 - phase4_3_gradient_boosting - INFO -       Accuracy: 0.9721, F1: 0.9676
2026-04-11 12:21:15,063 - phase4_3_gradient_boosting - INFO -     Model: lightgbm
2026-04-11 12:21:45,386 - phase4_3_gradient_boosting - INFO -       Accuracy: 0.9721, F1: 0.9664
2026-04-11 12:21:45,405 - phase4_3_gradient_boosting - INFO - Starting Phase 4.3 experiment on polish_1year
2026-04-11 12:21:45,405 - phase4_3_gradient_boosting - INFO - Using models: ['xgboost', 'lightgbm']
2026-04-11 12:21:45,465 - phase4_3_gradient_boosting - INFO - Loaded 7027 samples with 64 features
2026-04-11 12:21:45,513 - phase4_3_gradient_boosting - INFO - Using precomputed split from data/splits
2026-04-11 12:21:45,513 - phase4_3_gradient_boosting - INFO - 
=== Scenario: MCAR_5pct ===
2026-04-11 12:21:45,652 - phase4_3_gradient_boosting - INFO - Injected MCAR at 5.0%
2026-04-11 12:21:45,653 - phase4_3_gradient_boosting - INFO -   Preprocessing: median
2026-04-11 12:21:45,653 - phase4_3_gradient_boosting - INFO -     Model: xgboost
2026-04-11 12:21:45,850 - phase4_3_gradient_boosting - INFO -       Accuracy: 0.9637, F1: 0.9490
2026-04-11 12:21:45,850 - phase4_3_gradient_boosting - INFO -     Model: lightgbm
2026-04-11 12:21:46,038 - phase4_3_gradient_boosting - INFO -       Accuracy: 0.9744, F1: 0.9682
2026-04-11 12:21:46,038 - phase4_3_gradient_boosting - INFO -   Preprocessing: mice
2026-04-11 12:21:46,038 - phase4_3_gradient_boosting - INFO -     Model: xgboost
2026-04-11 12:21:59,509 - phase4_3_gradient_boosting - INFO -       Accuracy: 0.9772, F1: 0.9726
2026-04-11 12:21:59,509 - phase4_3_gradient_boosting - INFO -     Model: lightgbm
2026-04-11 12:22:13,038 - phase4_3_gradient_boosting - INFO -       Accuracy: 0.9758, F1: 0.9704
2026-04-11 12:22:13,038 - phase4_3_gradient_boosting - INFO - 
=== Scenario: MCAR_10pct ===
2026-04-11 12:22:13,384 - phase4_3_gradient_boosting - INFO - Injected MCAR at 10.0%
2026-04-11 12:22:13,384 - phase4_3_gradient_boosting - INFO -   Preprocessing: median
2026-04-11 12:22:13,384 - phase4_3_gradient_boosting - INFO -     Model: xgboost
2026-04-11 12:22:13,588 - phase4_3_gradient_boosting - INFO -       Accuracy: 0.9701, F1: 0.9609
2026-04-11 12:22:13,588 - phase4_3_gradient_boosting - INFO -     Model: lightgbm
2026-04-11 12:22:13,780 - phase4_3_gradient_boosting - INFO -       Accuracy: 0.9673, F1: 0.9554
2026-04-11 12:22:13,780 - phase4_3_gradient_boosting - INFO -   Preprocessing: mice
2026-04-11 12:22:13,780 - phase4_3_gradient_boosting - INFO -     Model: xgboost
2026-04-11 12:22:27,117 - phase4_3_gradient_boosting - INFO -       Accuracy: 0.9716, F1: 0.9634
2026-04-11 12:22:27,117 - phase4_3_gradient_boosting - INFO -     Model: lightgbm
2026-04-11 12:22:40,521 - phase4_3_gradient_boosting - INFO -       Accuracy: 0.9701, F1: 0.9609
2026-04-11 12:22:40,521 - phase4_3_gradient_boosting - INFO - 
=== Scenario: MCAR_15pct ===
2026-04-11 12:22:41,039 - phase4_3_gradient_boosting - INFO - Injected MCAR at 15.0%
2026-04-11 12:22:41,039 - phase4_3_gradient_boosting - INFO -   Preprocessing: median
2026-04-11 12:22:41,039 - phase4_3_gradient_boosting - INFO -     Model: xgboost
2026-04-11 12:22:41,238 - phase4_3_gradient_boosting - INFO -       Accuracy: 0.9701, F1: 0.9609
2026-04-11 12:22:41,238 - phase4_3_gradient_boosting - INFO -     Model: lightgbm
2026-04-11 12:22:41,428 - phase4_3_gradient_boosting - INFO -       Accuracy: 0.9637, F1: 0.9478
2026-04-11 12:22:41,428 - phase4_3_gradient_boosting - INFO -   Preprocessing: mice
2026-04-11 12:22:41,428 - phase4_3_gradient_boosting - INFO -     Model: xgboost
2026-04-11 12:22:51,958 - phase4_3_gradient_boosting - INFO -       Accuracy: 0.9701, F1: 0.9609
2026-04-11 12:22:51,958 - phase4_3_gradient_boosting - INFO -     Model: lightgbm
2026-04-11 12:23:02,468 - phase4_3_gradient_boosting - INFO -       Accuracy: 0.9701, F1: 0.9616
2026-04-11 12:23:02,468 - phase4_3_gradient_boosting - INFO - 
=== Scenario: MCAR_20pct ===
2026-04-11 12:23:03,140 - phase4_3_gradient_boosting - INFO - Injected MCAR at 20.0%
2026-04-11 12:23:03,140 - phase4_3_gradient_boosting - INFO -   Preprocessing: median
2026-04-11 12:23:03,140 - phase4_3_gradient_boosting - INFO -     Model: xgboost
2026-04-11 12:23:03,333 - phase4_3_gradient_boosting - INFO -       Accuracy: 0.9637, F1: 0.9478
2026-04-11 12:23:03,333 - phase4_3_gradient_boosting - INFO -     Model: lightgbm
2026-04-11 12:23:03,518 - phase4_3_gradient_boosting - INFO -       Accuracy: 0.9644, F1: 0.9494
2026-04-11 12:23:03,518 - phase4_3_gradient_boosting - INFO -   Preprocessing: mice
2026-04-11 12:23:03,518 - phase4_3_gradient_boosting - INFO -     Model: xgboost
2026-04-11 12:23:10,082 - phase4_3_gradient_boosting - INFO -       Accuracy: 0.9673, F1: 0.9563
2026-04-11 12:23:10,082 - phase4_3_gradient_boosting - INFO -     Model: lightgbm
2026-04-11 12:23:16,743 - phase4_3_gradient_boosting - INFO -       Accuracy: 0.9666, F1: 0.9540
2026-04-11 12:23:16,744 - phase4_3_gradient_boosting - INFO - 
=== Scenario: MCAR_30pct ===
2026-04-11 12:23:17,740 - phase4_3_gradient_boosting - INFO - Injected MCAR at 30.0%
2026-04-11 12:23:17,740 - phase4_3_gradient_boosting - INFO -   Preprocessing: median
2026-04-11 12:23:17,740 - phase4_3_gradient_boosting - INFO -     Model: xgboost
2026-04-11 12:23:17,923 - phase4_3_gradient_boosting - INFO -       Accuracy: 0.9651, F1: 0.9520
2026-04-11 12:23:17,923 - phase4_3_gradient_boosting - INFO -     Model: lightgbm
2026-04-11 12:23:18,103 - phase4_3_gradient_boosting - INFO -       Accuracy: 0.9630, F1: 0.9462
2026-04-11 12:23:18,104 - phase4_3_gradient_boosting - INFO -   Preprocessing: mice
2026-04-11 12:23:18,104 - phase4_3_gradient_boosting - INFO -     Model: xgboost
2026-04-11 12:23:23,195 - phase4_3_gradient_boosting - INFO -       Accuracy: 0.9644, F1: 0.9494
2026-04-11 12:23:23,195 - phase4_3_gradient_boosting - INFO -     Model: lightgbm
2026-04-11 12:23:28,274 - phase4_3_gradient_boosting - INFO -       Accuracy: 0.9637, F1: 0.9490
2026-04-11 12:23:28,274 - phase4_3_gradient_boosting - INFO - 
=== Scenario: MCAR_40pct ===
2026-04-11 12:23:29,610 - phase4_3_gradient_boosting - INFO - Injected MCAR at 40.0%
2026-04-11 12:23:29,610 - phase4_3_gradient_boosting - INFO -   Preprocessing: median
2026-04-11 12:23:29,610 - phase4_3_gradient_boosting - INFO -     Model: xgboost
2026-04-11 12:23:29,785 - phase4_3_gradient_boosting - INFO -       Accuracy: 0.9630, F1: 0.9462
2026-04-11 12:23:29,785 - phase4_3_gradient_boosting - INFO -     Model: lightgbm
2026-04-11 12:23:29,973 - phase4_3_gradient_boosting - INFO -       Accuracy: 0.9630, F1: 0.9462
2026-04-11 12:23:29,973 - phase4_3_gradient_boosting - INFO -   Preprocessing: mice
2026-04-11 12:23:29,974 - phase4_3_gradient_boosting - INFO -     Model: xgboost
2026-04-11 12:23:41,801 - phase4_3_gradient_boosting - INFO -       Accuracy: 0.9616, F1: 0.9441
2026-04-11 12:23:41,801 - phase4_3_gradient_boosting - INFO -     Model: lightgbm
2026-04-11 12:23:53,619 - phase4_3_gradient_boosting - INFO -       Accuracy: 0.9630, F1: 0.9462
2026-04-11 12:23:53,619 - phase4_3_gradient_boosting - INFO - 
=== Scenario: MAR_5pct ===
2026-04-11 12:23:53,985 - phase4_3_gradient_boosting - INFO - Injected MAR at 5.0%
2026-04-11 12:23:53,985 - phase4_3_gradient_boosting - INFO -   Preprocessing: median
2026-04-11 12:23:53,985 - phase4_3_gradient_boosting - INFO -     Model: xgboost
2026-04-11 12:23:54,186 - phase4_3_gradient_boosting - INFO -       Accuracy: 0.9758, F1: 0.9704
2026-04-11 12:23:54,186 - phase4_3_gradient_boosting - INFO -     Model: lightgbm
2026-04-11 12:23:54,368 - phase4_3_gradient_boosting - INFO -       Accuracy: 0.9694, F1: 0.9595
2026-04-11 12:23:54,368 - phase4_3_gradient_boosting - INFO -   Preprocessing: mice
2026-04-11 12:23:54,368 - phase4_3_gradient_boosting - INFO -     Model: xgboost
2026-04-11 12:24:05,334 - phase4_3_gradient_boosting - INFO -       Accuracy: 0.9787, F1: 0.9747
2026-04-11 12:24:05,334 - phase4_3_gradient_boosting - INFO -     Model: lightgbm
2026-04-11 12:24:16,314 - phase4_3_gradient_boosting - INFO -       Accuracy: 0.9787, F1: 0.9747
2026-04-11 12:24:16,314 - phase4_3_gradient_boosting - INFO - 
=== Scenario: MAR_10pct ===
2026-04-11 12:24:16,867 - phase4_3_gradient_boosting - INFO - Injected MAR at 10.0%
2026-04-11 12:24:16,867 - phase4_3_gradient_boosting - INFO -   Preprocessing: median
2026-04-11 12:24:16,867 - phase4_3_gradient_boosting - INFO -     Model: xgboost
2026-04-11 12:24:17,069 - phase4_3_gradient_boosting - INFO -       Accuracy: 0.9730, F1: 0.9658
2026-04-11 12:24:17,069 - phase4_3_gradient_boosting - INFO -     Model: lightgbm
2026-04-11 12:24:17,258 - phase4_3_gradient_boosting - INFO -       Accuracy: 0.9701, F1: 0.9609
2026-04-11 12:24:17,258 - phase4_3_gradient_boosting - INFO -   Preprocessing: mice
2026-04-11 12:24:17,258 - phase4_3_gradient_boosting - INFO -     Model: xgboost
2026-04-11 12:24:30,666 - phase4_3_gradient_boosting - INFO -       Accuracy: 0.9751, F1: 0.9698
2026-04-11 12:24:30,666 - phase4_3_gradient_boosting - INFO -     Model: lightgbm
2026-04-11 12:24:44,009 - phase4_3_gradient_boosting - INFO -       Accuracy: 0.9730, F1: 0.9658
2026-04-11 12:24:44,009 - phase4_3_gradient_boosting - INFO - 
=== Scenario: MAR_15pct ===
2026-04-11 12:24:44,753 - phase4_3_gradient_boosting - INFO - Injected MAR at 15.0%
2026-04-11 12:24:44,753 - phase4_3_gradient_boosting - INFO -   Preprocessing: median
2026-04-11 12:24:44,753 - phase4_3_gradient_boosting - INFO -     Model: xgboost
2026-04-11 12:24:44,950 - phase4_3_gradient_boosting - INFO -       Accuracy: 0.9673, F1: 0.9563
2026-04-11 12:24:44,950 - phase4_3_gradient_boosting - INFO -     Model: lightgbm
2026-04-11 12:24:45,132 - phase4_3_gradient_boosting - INFO -       Accuracy: 0.9708, F1: 0.9621
2026-04-11 12:24:45,132 - phase4_3_gradient_boosting - INFO -   Preprocessing: mice
2026-04-11 12:24:45,132 - phase4_3_gradient_boosting - INFO -     Model: xgboost
2026-04-11 12:24:50,665 - phase4_3_gradient_boosting - INFO -       Accuracy: 0.9716, F1: 0.9646
2026-04-11 12:24:50,665 - phase4_3_gradient_boosting - INFO -     Model: lightgbm
2026-04-11 12:24:56,157 - phase4_3_gradient_boosting - INFO -       Accuracy: 0.9730, F1: 0.9658
2026-04-11 12:24:56,157 - phase4_3_gradient_boosting - INFO - 
=== Scenario: MAR_20pct ===
2026-04-11 12:24:57,077 - phase4_3_gradient_boosting - INFO - Injected MAR at 20.0%
2026-04-11 12:24:57,077 - phase4_3_gradient_boosting - INFO -   Preprocessing: median
2026-04-11 12:24:57,077 - phase4_3_gradient_boosting - INFO -     Model: xgboost
2026-04-11 12:24:57,273 - phase4_3_gradient_boosting - INFO -       Accuracy: 0.9687, F1: 0.9582
2026-04-11 12:24:57,273 - phase4_3_gradient_boosting - INFO -     Model: lightgbm
2026-04-11 12:24:57,459 - phase4_3_gradient_boosting - INFO -       Accuracy: 0.9680, F1: 0.9568
2026-04-11 12:24:57,459 - phase4_3_gradient_boosting - INFO -   Preprocessing: mice
2026-04-11 12:24:57,459 - phase4_3_gradient_boosting - INFO -     Model: xgboost
2026-04-11 12:25:01,561 - phase4_3_gradient_boosting - INFO -       Accuracy: 0.9673, F1: 0.9563
2026-04-11 12:25:01,561 - phase4_3_gradient_boosting - INFO -     Model: lightgbm
2026-04-11 12:25:05,641 - phase4_3_gradient_boosting - INFO -       Accuracy: 0.9687, F1: 0.9582
2026-04-11 12:25:05,641 - phase4_3_gradient_boosting - INFO - 
=== Scenario: MAR_30pct ===
2026-04-11 12:25:06,926 - phase4_3_gradient_boosting - INFO - Injected MAR at 30.0%
2026-04-11 12:25:06,926 - phase4_3_gradient_boosting - INFO -   Preprocessing: median
2026-04-11 12:25:06,926 - phase4_3_gradient_boosting - INFO -     Model: xgboost
2026-04-11 12:25:07,104 - phase4_3_gradient_boosting - INFO -       Accuracy: 0.9673, F1: 0.9554
2026-04-11 12:25:07,104 - phase4_3_gradient_boosting - INFO -     Model: lightgbm
2026-04-11 12:25:07,295 - phase4_3_gradient_boosting - INFO -       Accuracy: 0.9659, F1: 0.9525
2026-04-11 12:25:07,295 - phase4_3_gradient_boosting - INFO -   Preprocessing: mice
2026-04-11 12:25:07,295 - phase4_3_gradient_boosting - INFO -     Model: xgboost
2026-04-11 12:25:12,463 - phase4_3_gradient_boosting - INFO -       Accuracy: 0.9673, F1: 0.9563
2026-04-11 12:25:12,463 - phase4_3_gradient_boosting - INFO -     Model: lightgbm
2026-04-11 12:25:17,667 - phase4_3_gradient_boosting - INFO -       Accuracy: 0.9644, F1: 0.9494
2026-04-11 12:25:17,667 - phase4_3_gradient_boosting - INFO - 
=== Scenario: MAR_40pct ===
2026-04-11 12:25:19,385 - phase4_3_gradient_boosting - INFO - Injected MAR at 40.0%
2026-04-11 12:25:19,386 - phase4_3_gradient_boosting - INFO -   Preprocessing: median
2026-04-11 12:25:19,386 - phase4_3_gradient_boosting - INFO -     Model: xgboost
2026-04-11 12:25:19,560 - phase4_3_gradient_boosting - INFO -       Accuracy: 0.9651, F1: 0.9510
2026-04-11 12:25:19,560 - phase4_3_gradient_boosting - INFO -     Model: lightgbm
2026-04-11 12:25:19,741 - phase4_3_gradient_boosting - INFO -       Accuracy: 0.9637, F1: 0.9490
2026-04-11 12:25:19,741 - phase4_3_gradient_boosting - INFO -   Preprocessing: mice
2026-04-11 12:25:19,741 - phase4_3_gradient_boosting - INFO -     Model: xgboost
2026-04-11 12:25:23,511 - phase4_3_gradient_boosting - INFO -       Accuracy: 0.9644, F1: 0.9505
2026-04-11 12:25:23,511 - phase4_3_gradient_boosting - INFO -     Model: lightgbm
2026-04-11 12:25:27,248 - phase4_3_gradient_boosting - INFO -       Accuracy: 0.9644, F1: 0.9505
2026-04-11 12:25:27,248 - phase4_3_gradient_boosting - INFO - 
=== Scenario: MNAR_5pct ===
2026-04-11 12:25:27,612 - phase4_3_gradient_boosting - INFO - Injected MNAR at 5.0%
2026-04-11 12:25:27,612 - phase4_3_gradient_boosting - INFO -   Preprocessing: median
2026-04-11 12:25:27,612 - phase4_3_gradient_boosting - INFO -     Model: xgboost
2026-04-11 12:25:27,805 - phase4_3_gradient_boosting - INFO -       Accuracy: 0.9737, F1: 0.9670
2026-04-11 12:25:27,805 - phase4_3_gradient_boosting - INFO -     Model: lightgbm
2026-04-11 12:25:27,987 - phase4_3_gradient_boosting - INFO -       Accuracy: 0.9723, F1: 0.9646
2026-04-11 12:25:27,987 - phase4_3_gradient_boosting - INFO -   Preprocessing: mice
2026-04-11 12:25:27,987 - phase4_3_gradient_boosting - INFO -     Model: xgboost
2026-04-11 12:25:41,709 - phase4_3_gradient_boosting - INFO -       Accuracy: 0.9808, F1: 0.9783
2026-04-11 12:25:41,709 - phase4_3_gradient_boosting - INFO -     Model: lightgbm
2026-04-11 12:25:55,490 - phase4_3_gradient_boosting - INFO -       Accuracy: 0.9794, F1: 0.9757
2026-04-11 12:25:55,490 - phase4_3_gradient_boosting - INFO - 
=== Scenario: MNAR_10pct ===
2026-04-11 12:25:56,046 - phase4_3_gradient_boosting - INFO - Injected MNAR at 10.0%
2026-04-11 12:25:56,046 - phase4_3_gradient_boosting - INFO -   Preprocessing: median
2026-04-11 12:25:56,046 - phase4_3_gradient_boosting - INFO -     Model: xgboost
2026-04-11 12:25:56,242 - phase4_3_gradient_boosting - INFO -       Accuracy: 0.9701, F1: 0.9616
2026-04-11 12:25:56,242 - phase4_3_gradient_boosting - INFO -     Model: lightgbm
2026-04-11 12:25:56,426 - phase4_3_gradient_boosting - INFO -       Accuracy: 0.9680, F1: 0.9568
2026-04-11 12:25:56,426 - phase4_3_gradient_boosting - INFO -   Preprocessing: mice
2026-04-11 12:25:56,427 - phase4_3_gradient_boosting - INFO -     Model: xgboost
2026-04-11 12:26:04,652 - phase4_3_gradient_boosting - INFO -       Accuracy: 0.9737, F1: 0.9670
2026-04-11 12:26:04,652 - phase4_3_gradient_boosting - INFO -     Model: lightgbm
2026-04-11 12:26:12,876 - phase4_3_gradient_boosting - INFO -       Accuracy: 0.9751, F1: 0.9693
2026-04-11 12:26:12,876 - phase4_3_gradient_boosting - INFO - 
=== Scenario: MNAR_15pct ===
2026-04-11 12:26:13,619 - phase4_3_gradient_boosting - INFO - Injected MNAR at 15.0%
2026-04-11 12:26:13,619 - phase4_3_gradient_boosting - INFO -   Preprocessing: median
2026-04-11 12:26:13,619 - phase4_3_gradient_boosting - INFO -     Model: xgboost
2026-04-11 12:26:13,815 - phase4_3_gradient_boosting - INFO -       Accuracy: 0.9687, F1: 0.9590
2026-04-11 12:26:13,815 - phase4_3_gradient_boosting - INFO -     Model: lightgbm
2026-04-11 12:26:14,001 - phase4_3_gradient_boosting - INFO -       Accuracy: 0.9666, F1: 0.9540
2026-04-11 12:26:14,001 - phase4_3_gradient_boosting - INFO -   Preprocessing: mice
2026-04-11 12:26:14,001 - phase4_3_gradient_boosting - INFO -     Model: xgboost
2026-04-11 12:26:19,470 - phase4_3_gradient_boosting - INFO -       Accuracy: 0.9701, F1: 0.9616
2026-04-11 12:26:19,470 - phase4_3_gradient_boosting - INFO -     Model: lightgbm
2026-04-11 12:26:24,913 - phase4_3_gradient_boosting - INFO -       Accuracy: 0.9723, F1: 0.9646
2026-04-11 12:26:24,913 - phase4_3_gradient_boosting - INFO - 
=== Scenario: MNAR_20pct ===
2026-04-11 12:26:25,839 - phase4_3_gradient_boosting - INFO - Injected MNAR at 20.0%
2026-04-11 12:26:25,839 - phase4_3_gradient_boosting - INFO -   Preprocessing: median
2026-04-11 12:26:25,839 - phase4_3_gradient_boosting - INFO -     Model: xgboost
2026-04-11 12:26:26,026 - phase4_3_gradient_boosting - INFO -       Accuracy: 0.9680, F1: 0.9568
2026-04-11 12:26:26,026 - phase4_3_gradient_boosting - INFO -     Model: lightgbm
2026-04-11 12:26:26,206 - phase4_3_gradient_boosting - INFO -       Accuracy: 0.9644, F1: 0.9494
2026-04-11 12:26:26,206 - phase4_3_gradient_boosting - INFO -   Preprocessing: mice
2026-04-11 12:26:26,206 - phase4_3_gradient_boosting - INFO -     Model: xgboost
2026-04-11 12:26:39,050 - phase4_3_gradient_boosting - INFO -       Accuracy: 0.9651, F1: 0.9510
2026-04-11 12:26:39,050 - phase4_3_gradient_boosting - INFO -     Model: lightgbm
2026-04-11 12:26:51,954 - phase4_3_gradient_boosting - INFO -       Accuracy: 0.9637, F1: 0.9490
2026-04-11 12:26:51,955 - phase4_3_gradient_boosting - INFO - 
=== Scenario: MNAR_30pct ===
2026-04-11 12:26:53,287 - phase4_3_gradient_boosting - INFO - Injected MNAR at 30.0%
2026-04-11 12:26:53,287 - phase4_3_gradient_boosting - INFO -   Preprocessing: median
2026-04-11 12:26:53,287 - phase4_3_gradient_boosting - INFO -     Model: xgboost
2026-04-11 12:26:53,467 - phase4_3_gradient_boosting - INFO -       Accuracy: 0.9637, F1: 0.9478
2026-04-11 12:26:53,467 - phase4_3_gradient_boosting - INFO -     Model: lightgbm
2026-04-11 12:26:53,648 - phase4_3_gradient_boosting - INFO -       Accuracy: 0.9637, F1: 0.9478
2026-04-11 12:26:53,648 - phase4_3_gradient_boosting - INFO -   Preprocessing: mice
2026-04-11 12:26:53,648 - phase4_3_gradient_boosting - INFO -     Model: xgboost
2026-04-11 12:27:03,546 - phase4_3_gradient_boosting - INFO -       Accuracy: 0.9701, F1: 0.9609
2026-04-11 12:27:03,546 - phase4_3_gradient_boosting - INFO -     Model: lightgbm
2026-04-11 12:27:13,522 - phase4_3_gradient_boosting - INFO -       Accuracy: 0.9659, F1: 0.9525
2026-04-11 12:27:13,522 - phase4_3_gradient_boosting - INFO - 
=== Scenario: MNAR_40pct ===
2026-04-11 12:27:15,203 - phase4_3_gradient_boosting - INFO - Injected MNAR at 40.0%
2026-04-11 12:27:15,204 - phase4_3_gradient_boosting - INFO -   Preprocessing: median
2026-04-11 12:27:15,204 - phase4_3_gradient_boosting - INFO -     Model: xgboost
2026-04-11 12:27:15,369 - phase4_3_gradient_boosting - INFO -       Accuracy: 0.9623, F1: 0.9445
2026-04-11 12:27:15,370 - phase4_3_gradient_boosting - INFO -     Model: lightgbm
2026-04-11 12:27:15,559 - phase4_3_gradient_boosting - INFO -       Accuracy: 0.9651, F1: 0.9510
2026-04-11 12:27:15,559 - phase4_3_gradient_boosting - INFO -   Preprocessing: mice
2026-04-11 12:27:15,559 - phase4_3_gradient_boosting - INFO -     Model: xgboost
2026-04-11 12:27:19,285 - phase4_3_gradient_boosting - INFO -       Accuracy: 0.9659, F1: 0.9525
2026-04-11 12:27:19,285 - phase4_3_gradient_boosting - INFO -     Model: lightgbm
2026-04-11 12:27:23,019 - phase4_3_gradient_boosting - INFO -       Accuracy: 0.9659, F1: 0.9525
2026-04-11 12:27:23,026 - phase4_3_gradient_boosting - INFO - Starting Phase 4.3 experiment on slovak_manufacture_13
2026-04-11 12:27:23,026 - phase4_3_gradient_boosting - INFO - Using models: ['xgboost', 'lightgbm']
2026-04-11 12:27:23,093 - phase4_3_gradient_boosting - INFO - Loaded 4107 samples with 64 features
2026-04-11 12:27:23,151 - phase4_3_gradient_boosting - INFO - Using precomputed split from data/splits
2026-04-11 12:27:23,151 - phase4_3_gradient_boosting - INFO - 
=== Scenario: MCAR_5pct ===
2026-04-11 12:27:23,157 - phase4_3_gradient_boosting - INFO - Injected MCAR at 5.0%
2026-04-11 12:27:23,157 - phase4_3_gradient_boosting - INFO -   Preprocessing: median
2026-04-11 12:27:23,157 - phase4_3_gradient_boosting - INFO -     Model: xgboost
2026-04-11 12:27:23,405 - phase4_3_gradient_boosting - INFO -       Accuracy: 0.9891, F1: 0.9872
2026-04-11 12:27:23,405 - phase4_3_gradient_boosting - INFO -     Model: lightgbm
2026-04-11 12:27:23,710 - phase4_3_gradient_boosting - INFO -       Accuracy: 0.9927, F1: 0.9891
2026-04-11 12:27:23,710 - phase4_3_gradient_boosting - INFO -   Preprocessing: mice
2026-04-11 12:27:23,710 - phase4_3_gradient_boosting - INFO -     Model: xgboost
2026-04-11 12:27:31,355 - phase4_3_gradient_boosting - INFO -       Accuracy: 0.9939, F1: 0.9936
2026-04-11 12:27:31,355 - phase4_3_gradient_boosting - INFO -     Model: lightgbm
2026-04-11 12:27:39,173 - phase4_3_gradient_boosting - INFO -       Accuracy: 0.9927, F1: 0.9927
2026-04-11 12:27:39,173 - phase4_3_gradient_boosting - INFO - 
=== Scenario: MCAR_10pct ===
2026-04-11 12:27:39,184 - phase4_3_gradient_boosting - INFO - Injected MCAR at 10.0%
2026-04-11 12:27:39,184 - phase4_3_gradient_boosting - INFO -   Preprocessing: median
2026-04-11 12:27:39,184 - phase4_3_gradient_boosting - INFO -     Model: xgboost
2026-04-11 12:27:39,474 - phase4_3_gradient_boosting - INFO -       Accuracy: 0.9878, F1: 0.9866
2026-04-11 12:27:39,474 - phase4_3_gradient_boosting - INFO -     Model: lightgbm
2026-04-11 12:27:39,780 - phase4_3_gradient_boosting - INFO -       Accuracy: 0.9927, F1: 0.9891
2026-04-11 12:27:39,780 - phase4_3_gradient_boosting - INFO -   Preprocessing: mice
2026-04-11 12:27:39,780 - phase4_3_gradient_boosting - INFO -     Model: xgboost
2026-04-11 12:27:47,869 - phase4_3_gradient_boosting - INFO -       Accuracy: 0.9951, F1: 0.9947
2026-04-11 12:27:47,869 - phase4_3_gradient_boosting - INFO -     Model: lightgbm
2026-04-11 12:27:56,102 - phase4_3_gradient_boosting - INFO -       Accuracy: 0.9939, F1: 0.9936
2026-04-11 12:27:56,102 - phase4_3_gradient_boosting - INFO - 
=== Scenario: MCAR_15pct ===
2026-04-11 12:27:56,118 - phase4_3_gradient_boosting - INFO - Injected MCAR at 15.0%
2026-04-11 12:27:56,118 - phase4_3_gradient_boosting - INFO -   Preprocessing: median
2026-04-11 12:27:56,118 - phase4_3_gradient_boosting - INFO -     Model: xgboost
2026-04-11 12:27:56,411 - phase4_3_gradient_boosting - INFO -       Accuracy: 0.9927, F1: 0.9891
2026-04-11 12:27:56,411 - phase4_3_gradient_boosting - INFO -     Model: lightgbm
2026-04-11 12:27:56,712 - phase4_3_gradient_boosting - INFO -       Accuracy: 0.9927, F1: 0.9891
2026-04-11 12:27:56,712 - phase4_3_gradient_boosting - INFO -   Preprocessing: mice
2026-04-11 12:27:56,712 - phase4_3_gradient_boosting - INFO -     Model: xgboost
2026-04-11 12:28:04,817 - phase4_3_gradient_boosting - INFO -       Accuracy: 0.9939, F1: 0.9941
2026-04-11 12:28:04,817 - phase4_3_gradient_boosting - INFO -     Model: lightgbm
2026-04-11 12:28:13,062 - phase4_3_gradient_boosting - INFO -       Accuracy: 0.9964, F1: 0.9962
2026-04-11 12:28:13,062 - phase4_3_gradient_boosting - INFO - 
=== Scenario: MCAR_20pct ===
2026-04-11 12:28:13,078 - phase4_3_gradient_boosting - INFO - Injected MCAR at 20.0%
2026-04-11 12:28:13,079 - phase4_3_gradient_boosting - INFO -   Preprocessing: median
2026-04-11 12:28:13,079 - phase4_3_gradient_boosting - INFO -     Model: xgboost
2026-04-11 12:28:13,369 - phase4_3_gradient_boosting - INFO -       Accuracy: 0.9927, F1: 0.9891
2026-04-11 12:28:13,369 - phase4_3_gradient_boosting - INFO -     Model: lightgbm
2026-04-11 12:28:13,670 - phase4_3_gradient_boosting - INFO -       Accuracy: 0.9927, F1: 0.9891
2026-04-11 12:28:13,670 - phase4_3_gradient_boosting - INFO -   Preprocessing: mice
2026-04-11 12:28:13,671 - phase4_3_gradient_boosting - INFO -     Model: xgboost
2026-04-11 12:28:22,521 - phase4_3_gradient_boosting - INFO -       Accuracy: 0.9964, F1: 0.9957
2026-04-11 12:28:22,521 - phase4_3_gradient_boosting - INFO -     Model: lightgbm
2026-04-11 12:28:31,411 - phase4_3_gradient_boosting - INFO -       Accuracy: 0.9951, F1: 0.9947
2026-04-11 12:28:31,411 - phase4_3_gradient_boosting - INFO - 
=== Scenario: MCAR_30pct ===
2026-04-11 12:28:31,433 - phase4_3_gradient_boosting - INFO - Injected MCAR at 30.0%
2026-04-11 12:28:31,433 - phase4_3_gradient_boosting - INFO -   Preprocessing: median
2026-04-11 12:28:31,433 - phase4_3_gradient_boosting - INFO -     Model: xgboost
2026-04-11 12:28:31,726 - phase4_3_gradient_boosting - INFO -       Accuracy: 0.9927, F1: 0.9891
2026-04-11 12:28:31,726 - phase4_3_gradient_boosting - INFO -     Model: lightgbm
2026-04-11 12:28:32,029 - phase4_3_gradient_boosting - INFO -       Accuracy: 0.9927, F1: 0.9891
2026-04-11 12:28:32,029 - phase4_3_gradient_boosting - INFO -   Preprocessing: mice
2026-04-11 12:28:32,029 - phase4_3_gradient_boosting - INFO -     Model: xgboost
2026-04-11 12:28:40,001 - phase4_3_gradient_boosting - INFO -       Accuracy: 0.9927, F1: 0.9932
2026-04-11 12:28:40,001 - phase4_3_gradient_boosting - INFO -     Model: lightgbm
2026-04-11 12:28:48,097 - phase4_3_gradient_boosting - INFO -       Accuracy: 0.9927, F1: 0.9927
2026-04-11 12:28:48,097 - phase4_3_gradient_boosting - INFO - 
=== Scenario: MCAR_40pct ===
2026-04-11 12:28:48,123 - phase4_3_gradient_boosting - INFO - Injected MCAR at 40.0%
2026-04-11 12:28:48,123 - phase4_3_gradient_boosting - INFO -   Preprocessing: median
2026-04-11 12:28:48,123 - phase4_3_gradient_boosting - INFO -     Model: xgboost
2026-04-11 12:28:48,405 - phase4_3_gradient_boosting - INFO -       Accuracy: 0.9927, F1: 0.9891
2026-04-11 12:28:48,405 - phase4_3_gradient_boosting - INFO -     Model: lightgbm
2026-04-11 12:28:48,710 - phase4_3_gradient_boosting - INFO -       Accuracy: 0.9927, F1: 0.9891
2026-04-11 12:28:48,710 - phase4_3_gradient_boosting - INFO -   Preprocessing: mice
2026-04-11 12:28:48,710 - phase4_3_gradient_boosting - INFO -     Model: xgboost
2026-04-11 12:28:56,699 - phase4_3_gradient_boosting - INFO -       Accuracy: 0.9927, F1: 0.9927
2026-04-11 12:28:56,699 - phase4_3_gradient_boosting - INFO -     Model: lightgbm
2026-04-11 12:29:04,817 - phase4_3_gradient_boosting - INFO -       Accuracy: 0.9927, F1: 0.9920
2026-04-11 12:29:04,818 - phase4_3_gradient_boosting - INFO - 
=== Scenario: MAR_5pct ===
2026-04-11 12:29:04,832 - phase4_3_gradient_boosting - INFO - Injected MAR at 5.0%
2026-04-11 12:29:04,832 - phase4_3_gradient_boosting - INFO -   Preprocessing: median
2026-04-11 12:29:04,832 - phase4_3_gradient_boosting - INFO -     Model: xgboost
2026-04-11 12:29:05,116 - phase4_3_gradient_boosting - INFO -       Accuracy: 0.9891, F1: 0.9872
2026-04-11 12:29:05,116 - phase4_3_gradient_boosting - INFO -     Model: lightgbm
2026-04-11 12:29:05,422 - phase4_3_gradient_boosting - INFO -       Accuracy: 0.9927, F1: 0.9891
2026-04-11 12:29:05,422 - phase4_3_gradient_boosting - INFO -   Preprocessing: mice
2026-04-11 12:29:05,422 - phase4_3_gradient_boosting - INFO -     Model: xgboost
2026-04-11 12:29:14,057 - phase4_3_gradient_boosting - INFO -       Accuracy: 0.9951, F1: 0.9957
2026-04-11 12:29:14,057 - phase4_3_gradient_boosting - INFO -     Model: lightgbm
2026-04-11 12:29:22,693 - phase4_3_gradient_boosting - INFO -       Accuracy: 0.9964, F1: 0.9967
2026-04-11 12:29:22,693 - phase4_3_gradient_boosting - INFO - 
=== Scenario: MAR_10pct ===
2026-04-11 12:29:22,707 - phase4_3_gradient_boosting - INFO - Injected MAR at 10.0%
2026-04-11 12:29:22,708 - phase4_3_gradient_boosting - INFO -   Preprocessing: median
2026-04-11 12:29:22,708 - phase4_3_gradient_boosting - INFO -     Model: xgboost
2026-04-11 12:29:22,995 - phase4_3_gradient_boosting - INFO -       Accuracy: 0.9891, F1: 0.9872
2026-04-11 12:29:22,995 - phase4_3_gradient_boosting - INFO -     Model: lightgbm
2026-04-11 12:29:23,300 - phase4_3_gradient_boosting - INFO -       Accuracy: 0.9927, F1: 0.9891
2026-04-11 12:29:23,300 - phase4_3_gradient_boosting - INFO -   Preprocessing: mice
2026-04-11 12:29:23,301 - phase4_3_gradient_boosting - INFO -     Model: xgboost
2026-04-11 12:29:31,115 - phase4_3_gradient_boosting - INFO -       Accuracy: 0.9939, F1: 0.9936
2026-04-11 12:29:31,115 - phase4_3_gradient_boosting - INFO -     Model: lightgbm
2026-04-11 12:29:39,084 - phase4_3_gradient_boosting - INFO -       Accuracy: 0.9903, F1: 0.9910
2026-04-11 12:29:39,084 - phase4_3_gradient_boosting - INFO - 
=== Scenario: MAR_15pct ===
2026-04-11 12:29:39,101 - phase4_3_gradient_boosting - INFO - Injected MAR at 15.0%
2026-04-11 12:29:39,101 - phase4_3_gradient_boosting - INFO -   Preprocessing: median
2026-04-11 12:29:39,102 - phase4_3_gradient_boosting - INFO -     Model: xgboost
2026-04-11 12:29:39,394 - phase4_3_gradient_boosting - INFO -       Accuracy: 0.9878, F1: 0.9866
2026-04-11 12:29:39,394 - phase4_3_gradient_boosting - INFO -     Model: lightgbm
2026-04-11 12:29:39,692 - phase4_3_gradient_boosting - INFO -       Accuracy: 0.9927, F1: 0.9891
2026-04-11 12:29:39,692 - phase4_3_gradient_boosting - INFO -   Preprocessing: mice
2026-04-11 12:29:39,692 - phase4_3_gradient_boosting - INFO -     Model: xgboost
2026-04-11 12:29:47,333 - phase4_3_gradient_boosting - INFO -       Accuracy: 0.9927, F1: 0.9932
2026-04-11 12:29:47,333 - phase4_3_gradient_boosting - INFO -     Model: lightgbm
2026-04-11 12:29:55,179 - phase4_3_gradient_boosting - INFO -       Accuracy: 0.9939, F1: 0.9936
2026-04-11 12:29:55,179 - phase4_3_gradient_boosting - INFO - 
=== Scenario: MAR_20pct ===
2026-04-11 12:29:55,201 - phase4_3_gradient_boosting - INFO - Injected MAR at 20.0%
2026-04-11 12:29:55,201 - phase4_3_gradient_boosting - INFO -   Preprocessing: median
2026-04-11 12:29:55,201 - phase4_3_gradient_boosting - INFO -     Model: xgboost
2026-04-11 12:29:55,485 - phase4_3_gradient_boosting - INFO -       Accuracy: 0.9878, F1: 0.9866
2026-04-11 12:29:55,486 - phase4_3_gradient_boosting - INFO -     Model: lightgbm
2026-04-11 12:29:55,785 - phase4_3_gradient_boosting - INFO -       Accuracy: 0.9903, F1: 0.9915
2026-04-11 12:29:55,785 - phase4_3_gradient_boosting - INFO -   Preprocessing: mice
2026-04-11 12:29:55,785 - phase4_3_gradient_boosting - INFO -     Model: xgboost
2026-04-11 12:30:04,211 - phase4_3_gradient_boosting - INFO -       Accuracy: 0.9915, F1: 0.9911
2026-04-11 12:30:04,211 - phase4_3_gradient_boosting - INFO -     Model: lightgbm
2026-04-11 12:30:12,735 - phase4_3_gradient_boosting - INFO -       Accuracy: 0.9939, F1: 0.9936
2026-04-11 12:30:12,735 - phase4_3_gradient_boosting - INFO - 
=== Scenario: MAR_30pct ===
2026-04-11 12:30:12,760 - phase4_3_gradient_boosting - INFO - Injected MAR at 30.0%
2026-04-11 12:30:12,760 - phase4_3_gradient_boosting - INFO -   Preprocessing: median
2026-04-11 12:30:12,760 - phase4_3_gradient_boosting - INFO -     Model: xgboost
2026-04-11 12:30:13,045 - phase4_3_gradient_boosting - INFO -       Accuracy: 0.9927, F1: 0.9891
2026-04-11 12:30:13,045 - phase4_3_gradient_boosting - INFO -     Model: lightgbm
2026-04-11 12:30:13,357 - phase4_3_gradient_boosting - INFO -       Accuracy: 0.9891, F1: 0.9914
2026-04-11 12:30:13,357 - phase4_3_gradient_boosting - INFO -   Preprocessing: mice
2026-04-11 12:30:13,357 - phase4_3_gradient_boosting - INFO -     Model: xgboost
2026-04-11 12:30:22,153 - phase4_3_gradient_boosting - INFO -       Accuracy: 0.9951, F1: 0.9951
2026-04-11 12:30:22,153 - phase4_3_gradient_boosting - INFO -     Model: lightgbm
2026-04-11 12:30:31,283 - phase4_3_gradient_boosting - INFO -       Accuracy: 0.9939, F1: 0.9936
2026-04-11 12:30:31,283 - phase4_3_gradient_boosting - INFO - 
=== Scenario: MAR_40pct ===
2026-04-11 12:30:31,314 - phase4_3_gradient_boosting - INFO - Injected MAR at 40.0%
2026-04-11 12:30:31,314 - phase4_3_gradient_boosting - INFO -   Preprocessing: median
2026-04-11 12:30:31,314 - phase4_3_gradient_boosting - INFO -     Model: xgboost
2026-04-11 12:30:31,596 - phase4_3_gradient_boosting - INFO -       Accuracy: 0.9891, F1: 0.9901
2026-04-11 12:30:31,597 - phase4_3_gradient_boosting - INFO -     Model: lightgbm
2026-04-11 12:30:31,898 - phase4_3_gradient_boosting - INFO -       Accuracy: 0.9927, F1: 0.9891
2026-04-11 12:30:31,898 - phase4_3_gradient_boosting - INFO -   Preprocessing: mice
2026-04-11 12:30:31,898 - phase4_3_gradient_boosting - INFO -     Model: xgboost
2026-04-11 12:30:39,798 - phase4_3_gradient_boosting - INFO -       Accuracy: 0.9927, F1: 0.9920
2026-04-11 12:30:39,798 - phase4_3_gradient_boosting - INFO -     Model: lightgbm
2026-04-11 12:30:47,755 - phase4_3_gradient_boosting - INFO -       Accuracy: 0.9915, F1: 0.9911
2026-04-11 12:30:47,755 - phase4_3_gradient_boosting - INFO - 
=== Scenario: MNAR_5pct ===
2026-04-11 12:30:47,769 - phase4_3_gradient_boosting - INFO - Injected MNAR at 5.0%
2026-04-11 12:30:47,769 - phase4_3_gradient_boosting - INFO -   Preprocessing: median
2026-04-11 12:30:47,769 - phase4_3_gradient_boosting - INFO -     Model: xgboost
2026-04-11 12:30:48,053 - phase4_3_gradient_boosting - INFO -       Accuracy: 0.9891, F1: 0.9872
2026-04-11 12:30:48,053 - phase4_3_gradient_boosting - INFO -     Model: lightgbm
2026-04-11 12:30:48,357 - phase4_3_gradient_boosting - INFO -       Accuracy: 0.9927, F1: 0.9891
2026-04-11 12:30:48,357 - phase4_3_gradient_boosting - INFO -   Preprocessing: mice
2026-04-11 12:30:48,357 - phase4_3_gradient_boosting - INFO -     Model: xgboost
2026-04-11 12:30:56,944 - phase4_3_gradient_boosting - INFO -       Accuracy: 0.9951, F1: 0.9957
2026-04-11 12:30:56,944 - phase4_3_gradient_boosting - INFO -     Model: lightgbm
2026-04-11 12:31:05,736 - phase4_3_gradient_boosting - INFO -       Accuracy: 0.9964, F1: 0.9967
2026-04-11 12:31:05,736 - phase4_3_gradient_boosting - INFO - 
=== Scenario: MNAR_10pct ===
2026-04-11 12:31:05,750 - phase4_3_gradient_boosting - INFO - Injected MNAR at 10.0%
2026-04-11 12:31:05,750 - phase4_3_gradient_boosting - INFO -   Preprocessing: median
2026-04-11 12:31:05,750 - phase4_3_gradient_boosting - INFO -     Model: xgboost
2026-04-11 12:31:06,032 - phase4_3_gradient_boosting - INFO -       Accuracy: 0.9891, F1: 0.9872
2026-04-11 12:31:06,032 - phase4_3_gradient_boosting - INFO -     Model: lightgbm
2026-04-11 12:31:06,332 - phase4_3_gradient_boosting - INFO -       Accuracy: 0.9927, F1: 0.9891
2026-04-11 12:31:06,332 - phase4_3_gradient_boosting - INFO -   Preprocessing: mice
2026-04-11 12:31:06,332 - phase4_3_gradient_boosting - INFO -     Model: xgboost
2026-04-11 12:31:14,228 - phase4_3_gradient_boosting - INFO -       Accuracy: 0.9939, F1: 0.9936
2026-04-11 12:31:14,229 - phase4_3_gradient_boosting - INFO -     Model: lightgbm
2026-04-11 12:31:22,389 - phase4_3_gradient_boosting - INFO -       Accuracy: 0.9903, F1: 0.9910
2026-04-11 12:31:22,389 - phase4_3_gradient_boosting - INFO - 
=== Scenario: MNAR_15pct ===
2026-04-11 12:31:22,407 - phase4_3_gradient_boosting - INFO - Injected MNAR at 15.0%
2026-04-11 12:31:22,407 - phase4_3_gradient_boosting - INFO -   Preprocessing: median
2026-04-11 12:31:22,407 - phase4_3_gradient_boosting - INFO -     Model: xgboost
2026-04-11 12:31:22,698 - phase4_3_gradient_boosting - INFO -       Accuracy: 0.9878, F1: 0.9866
2026-04-11 12:31:22,698 - phase4_3_gradient_boosting - INFO -     Model: lightgbm
2026-04-11 12:31:22,999 - phase4_3_gradient_boosting - INFO -       Accuracy: 0.9927, F1: 0.9891
2026-04-11 12:31:22,999 - phase4_3_gradient_boosting - INFO -   Preprocessing: mice
2026-04-11 12:31:22,999 - phase4_3_gradient_boosting - INFO -     Model: xgboost
2026-04-11 12:31:30,837 - phase4_3_gradient_boosting - INFO -       Accuracy: 0.9927, F1: 0.9932
2026-04-11 12:31:30,837 - phase4_3_gradient_boosting - INFO -     Model: lightgbm
2026-04-11 12:31:38,749 - phase4_3_gradient_boosting - INFO -       Accuracy: 0.9939, F1: 0.9936
2026-04-11 12:31:38,749 - phase4_3_gradient_boosting - INFO - 
=== Scenario: MNAR_20pct ===
2026-04-11 12:31:38,769 - phase4_3_gradient_boosting - INFO - Injected MNAR at 20.0%
2026-04-11 12:31:38,769 - phase4_3_gradient_boosting - INFO -   Preprocessing: median
2026-04-11 12:31:38,769 - phase4_3_gradient_boosting - INFO -     Model: xgboost
2026-04-11 12:31:39,054 - phase4_3_gradient_boosting - INFO -       Accuracy: 0.9878, F1: 0.9866
2026-04-11 12:31:39,055 - phase4_3_gradient_boosting - INFO -     Model: lightgbm
2026-04-11 12:31:39,360 - phase4_3_gradient_boosting - INFO -       Accuracy: 0.9903, F1: 0.9915
2026-04-11 12:31:39,360 - phase4_3_gradient_boosting - INFO -   Preprocessing: mice
2026-04-11 12:31:39,360 - phase4_3_gradient_boosting - INFO -     Model: xgboost
2026-04-11 12:31:47,726 - phase4_3_gradient_boosting - INFO -       Accuracy: 0.9915, F1: 0.9911
2026-04-11 12:31:47,726 - phase4_3_gradient_boosting - INFO -     Model: lightgbm
2026-04-11 12:31:56,288 - phase4_3_gradient_boosting - INFO -       Accuracy: 0.9939, F1: 0.9936
2026-04-11 12:31:56,288 - phase4_3_gradient_boosting - INFO - 
=== Scenario: MNAR_30pct ===
2026-04-11 12:31:56,316 - phase4_3_gradient_boosting - INFO - Injected MNAR at 30.0%
2026-04-11 12:31:56,316 - phase4_3_gradient_boosting - INFO -   Preprocessing: median
2026-04-11 12:31:56,316 - phase4_3_gradient_boosting - INFO -     Model: xgboost
2026-04-11 12:31:56,605 - phase4_3_gradient_boosting - INFO -       Accuracy: 0.9927, F1: 0.9891
2026-04-11 12:31:56,605 - phase4_3_gradient_boosting - INFO -     Model: lightgbm
2026-04-11 12:31:56,908 - phase4_3_gradient_boosting - INFO -       Accuracy: 0.9891, F1: 0.9914
2026-04-11 12:31:56,908 - phase4_3_gradient_boosting - INFO -   Preprocessing: mice
2026-04-11 12:31:56,908 - phase4_3_gradient_boosting - INFO -     Model: xgboost
2026-04-11 12:32:05,760 - phase4_3_gradient_boosting - INFO -       Accuracy: 0.9951, F1: 0.9951
2026-04-11 12:32:05,760 - phase4_3_gradient_boosting - INFO -     Model: lightgbm
2026-04-11 12:32:14,922 - phase4_3_gradient_boosting - INFO -       Accuracy: 0.9939, F1: 0.9936
2026-04-11 12:32:14,922 - phase4_3_gradient_boosting - INFO - 
=== Scenario: MNAR_40pct ===
2026-04-11 12:32:14,953 - phase4_3_gradient_boosting - INFO - Injected MNAR at 40.0%
2026-04-11 12:32:14,953 - phase4_3_gradient_boosting - INFO -   Preprocessing: median
2026-04-11 12:32:14,953 - phase4_3_gradient_boosting - INFO -     Model: xgboost
2026-04-11 12:32:15,236 - phase4_3_gradient_boosting - INFO -       Accuracy: 0.9891, F1: 0.9901
2026-04-11 12:32:15,236 - phase4_3_gradient_boosting - INFO -     Model: lightgbm
2026-04-11 12:32:15,540 - phase4_3_gradient_boosting - INFO -       Accuracy: 0.9927, F1: 0.9891
2026-04-11 12:32:15,540 - phase4_3_gradient_boosting - INFO -   Preprocessing: mice
2026-04-11 12:32:15,540 - phase4_3_gradient_boosting - INFO -     Model: xgboost
2026-04-11 12:32:23,453 - phase4_3_gradient_boosting - INFO -       Accuracy: 0.9927, F1: 0.9920
2026-04-11 12:32:23,453 - phase4_3_gradient_boosting - INFO -     Model: lightgbm
2026-04-11 12:32:31,515 - phase4_3_gradient_boosting - INFO -       Accuracy: 0.9915, F1: 0.9911
2026-04-11 12:32:31,537 - phase4_3_gradient_boosting - INFO - Results saved to C:\Users\TaroM\Documents\унік коди\project\results\tables\phase4_3_gradient_boosting_results.json
