2026-04-21 15:37:25,413 - student1_3_2_verification - INFO - ================================================================================
2026-04-21 15:37:25,413 - student1_3_2_verification - INFO - STUDENT 1 - TASK 3.2: MISSINGNESS INJECTION VERIFICATION
2026-04-21 15:37:25,413 - student1_3_2_verification - INFO - ================================================================================
2026-04-21 15:37:25,413 - student1_3_2_verification - INFO - Precomputed splits present; skipping Phase 3.1 setup.
2026-04-21 15:37:25,414 - student1_3_2_verification - INFO - 
================================================================================
Student 1 - Task 3.2 verification: taiwan_bankruptcy
================================================================================
2026-04-21 15:37:25,589 - student1_3_2_verification - INFO - Initial numeric missing fraction (train): 0.000000
2026-04-21 15:37:25,747 - student1_3_2_verification - INFO -   MCAR target=0.05 -> final=0.0500 (abs_dev=-0.0000, rel_dev=-0.00%, status=passed)
2026-04-21 15:37:26,053 - student1_3_2_verification - INFO -   MCAR target=0.10 -> final=0.1000 (abs_dev=-0.0000, rel_dev=-0.00%, status=passed)
2026-04-21 15:37:26,507 - student1_3_2_verification - INFO -   MCAR target=0.15 -> final=0.1500 (abs_dev=+0.0000, rel_dev=+0.00%, status=passed)
2026-04-21 15:37:27,094 - student1_3_2_verification - INFO -   MCAR target=0.20 -> final=0.2000 (abs_dev=+0.0000, rel_dev=+0.00%, status=passed)
2026-04-21 15:37:27,964 - student1_3_2_verification - INFO -   MCAR target=0.30 -> final=0.3000 (abs_dev=+0.0000, rel_dev=+0.00%, status=passed)
2026-04-21 15:37:29,139 - student1_3_2_verification - INFO -   MCAR target=0.40 -> final=0.4000 (abs_dev=+0.0000, rel_dev=+0.00%, status=passed)
2026-04-21 15:37:29,510 - student1_3_2_verification - INFO -   MAR target=0.05 -> final=0.0500 (abs_dev=-0.0000, rel_dev=-0.00%, status=passed)
2026-04-21 15:37:29,992 - student1_3_2_verification - INFO -   MAR target=0.10 -> final=0.1000 (abs_dev=-0.0000, rel_dev=-0.00%, status=passed)
2026-04-21 15:37:30,637 - student1_3_2_verification - INFO -   MAR target=0.15 -> final=0.1500 (abs_dev=+0.0000, rel_dev=+0.00%, status=passed)
2026-04-21 15:37:31,459 - student1_3_2_verification - INFO -   MAR target=0.20 -> final=0.2000 (abs_dev=+0.0000, rel_dev=+0.00%, status=passed)
2026-04-21 15:37:32,634 - student1_3_2_verification - INFO -   MAR target=0.30 -> final=0.3000 (abs_dev=+0.0000, rel_dev=+0.00%, status=passed)
2026-04-21 15:37:34,128 - student1_3_2_verification - INFO -   MAR target=0.40 -> final=0.4000 (abs_dev=+0.0000, rel_dev=+0.00%, status=passed)
2026-04-21 15:37:34,445 - student1_3_2_verification - INFO -   MNAR target=0.05 -> final=0.0500 (abs_dev=-0.0000, rel_dev=-0.00%, status=passed)
2026-04-21 15:37:34,932 - student1_3_2_verification - INFO -   MNAR target=0.10 -> final=0.1000 (abs_dev=-0.0000, rel_dev=-0.00%, status=passed)
2026-04-21 15:37:35,572 - student1_3_2_verification - INFO -   MNAR target=0.15 -> final=0.1500 (abs_dev=+0.0000, rel_dev=+0.00%, status=passed)
2026-04-21 15:37:36,380 - student1_3_2_verification - INFO -   MNAR target=0.20 -> final=0.2000 (abs_dev=+0.0000, rel_dev=+0.00%, status=passed)
2026-04-21 15:37:37,545 - student1_3_2_verification - INFO -   MNAR target=0.30 -> final=0.3000 (abs_dev=+0.0000, rel_dev=+0.00%, status=passed)
2026-04-21 15:37:39,019 - student1_3_2_verification - INFO -   MNAR target=0.40 -> final=0.4000 (abs_dev=+0.0000, rel_dev=+0.00%, status=passed)
2026-04-21 15:37:39,020 - student1_3_2_verification - INFO - 
================================================================================
Student 1 - Task 3.2 verification: polish_1year
================================================================================
2026-04-21 15:37:39,091 - student1_3_2_verification - INFO - Initial numeric missing fraction (train): 0.012962
2026-04-21 15:37:39,173 - student1_3_2_verification - INFO -   MCAR target=0.05 -> final=0.0500 (abs_dev=-0.0000, rel_dev=-0.00%, status=passed)
2026-04-21 15:37:39,354 - student1_3_2_verification - INFO -   MCAR target=0.10 -> final=0.1000 (abs_dev=-0.0000, rel_dev=-0.00%, status=passed)
2026-04-21 15:37:39,633 - student1_3_2_verification - INFO -   MCAR target=0.15 -> final=0.1500 (abs_dev=+0.0000, rel_dev=+0.00%, status=passed)
2026-04-21 15:37:40,006 - student1_3_2_verification - INFO -   MCAR target=0.20 -> final=0.2000 (abs_dev=+0.0000, rel_dev=+0.00%, status=passed)
2026-04-21 15:37:40,581 - student1_3_2_verification - INFO -   MCAR target=0.30 -> final=0.3000 (abs_dev=-0.0000, rel_dev=-0.00%, status=passed)
2026-04-21 15:37:41,350 - student1_3_2_verification - INFO -   MCAR target=0.40 -> final=0.4000 (abs_dev=+0.0000, rel_dev=+0.00%, status=passed)
2026-04-21 15:37:41,548 - student1_3_2_verification - INFO -   MAR target=0.05 -> final=0.0500 (abs_dev=-0.0000, rel_dev=-0.00%, status=passed)
2026-04-21 15:37:41,857 - student1_3_2_verification - INFO -   MAR target=0.10 -> final=0.1000 (abs_dev=-0.0000, rel_dev=-0.00%, status=passed)
2026-04-21 15:37:42,285 - student1_3_2_verification - INFO -   MAR target=0.15 -> final=0.1500 (abs_dev=+0.0000, rel_dev=+0.00%, status=passed)
2026-04-21 15:37:42,846 - student1_3_2_verification - INFO -   MAR target=0.20 -> final=0.2000 (abs_dev=+0.0000, rel_dev=+0.00%, status=passed)
2026-04-21 15:37:43,644 - student1_3_2_verification - INFO -   MAR target=0.30 -> final=0.3000 (abs_dev=-0.0000, rel_dev=-0.00%, status=passed)
2026-04-21 15:37:44,673 - student1_3_2_verification - INFO -   MAR target=0.40 -> final=0.4000 (abs_dev=+0.0000, rel_dev=+0.00%, status=passed)
2026-04-21 15:37:44,872 - student1_3_2_verification - INFO -   MNAR target=0.05 -> final=0.0500 (abs_dev=-0.0000, rel_dev=-0.00%, status=passed)
2026-04-21 15:37:45,180 - student1_3_2_verification - INFO -   MNAR target=0.10 -> final=0.1000 (abs_dev=-0.0000, rel_dev=-0.00%, status=passed)
2026-04-21 15:37:45,640 - student1_3_2_verification - INFO -   MNAR target=0.15 -> final=0.1500 (abs_dev=+0.0000, rel_dev=+0.00%, status=passed)
2026-04-21 15:37:46,178 - student1_3_2_verification - INFO -   MNAR target=0.20 -> final=0.2000 (abs_dev=+0.0000, rel_dev=+0.00%, status=passed)
2026-04-21 15:37:46,959 - student1_3_2_verification - INFO -   MNAR target=0.30 -> final=0.3000 (abs_dev=-0.0000, rel_dev=-0.00%, status=passed)
2026-04-21 15:37:48,044 - student1_3_2_verification - INFO -   MNAR target=0.40 -> final=0.4000 (abs_dev=+0.0000, rel_dev=+0.00%, status=passed)
2026-04-21 15:37:48,046 - student1_3_2_verification - INFO - 
================================================================================
Student 1 - Task 3.2 verification: slovak_manufacture_13
================================================================================
2026-04-21 15:37:48,267 - student1_3_2_verification - INFO - Initial numeric missing fraction (train): 0.926294
2026-04-21 15:37:48,270 - student1_3_2_verification - INFO -   MCAR target=0.05 -> final=0.9263 (abs_dev=+0.8763, rel_dev=+1752.59%, status=skipped_native_above_target)
2026-04-21 15:37:48,272 - student1_3_2_verification - INFO -   MCAR target=0.10 -> final=0.9263 (abs_dev=+0.8263, rel_dev=+826.29%, status=skipped_native_above_target)
2026-04-21 15:37:48,275 - student1_3_2_verification - INFO -   MCAR target=0.15 -> final=0.9263 (abs_dev=+0.7763, rel_dev=+517.53%, status=skipped_native_above_target)
2026-04-21 15:37:48,277 - student1_3_2_verification - INFO -   MCAR target=0.20 -> final=0.9263 (abs_dev=+0.7263, rel_dev=+363.15%, status=skipped_native_above_target)
2026-04-21 15:37:48,279 - student1_3_2_verification - INFO -   MCAR target=0.30 -> final=0.9263 (abs_dev=+0.6263, rel_dev=+208.76%, status=skipped_native_above_target)
2026-04-21 15:37:48,282 - student1_3_2_verification - INFO -   MCAR target=0.40 -> final=0.9263 (abs_dev=+0.5263, rel_dev=+131.57%, status=skipped_native_above_target)
2026-04-21 15:37:48,285 - student1_3_2_verification - INFO -   MAR target=0.05 -> final=0.9263 (abs_dev=+0.8763, rel_dev=+1752.59%, status=skipped_native_above_target)
2026-04-21 15:37:48,288 - student1_3_2_verification - INFO -   MAR target=0.10 -> final=0.9263 (abs_dev=+0.8263, rel_dev=+826.29%, status=skipped_native_above_target)
2026-04-21 15:37:48,290 - student1_3_2_verification - INFO -   MAR target=0.15 -> final=0.9263 (abs_dev=+0.7763, rel_dev=+517.53%, status=skipped_native_above_target)
2026-04-21 15:37:48,293 - student1_3_2_verification - INFO -   MAR target=0.20 -> final=0.9263 (abs_dev=+0.7263, rel_dev=+363.15%, status=skipped_native_above_target)
2026-04-21 15:37:48,295 - student1_3_2_verification - INFO -   MAR target=0.30 -> final=0.9263 (abs_dev=+0.6263, rel_dev=+208.76%, status=skipped_native_above_target)
2026-04-21 15:37:48,298 - student1_3_2_verification - INFO -   MAR target=0.40 -> final=0.9263 (abs_dev=+0.5263, rel_dev=+131.57%, status=skipped_native_above_target)
2026-04-21 15:37:48,300 - student1_3_2_verification - INFO -   MNAR target=0.05 -> final=0.9263 (abs_dev=+0.8763, rel_dev=+1752.59%, status=skipped_native_above_target)
2026-04-21 15:37:48,303 - student1_3_2_verification - INFO -   MNAR target=0.10 -> final=0.9263 (abs_dev=+0.8263, rel_dev=+826.29%, status=skipped_native_above_target)
2026-04-21 15:37:48,305 - student1_3_2_verification - INFO -   MNAR target=0.15 -> final=0.9263 (abs_dev=+0.7763, rel_dev=+517.53%, status=skipped_native_above_target)
2026-04-21 15:37:48,307 - student1_3_2_verification - INFO -   MNAR target=0.20 -> final=0.9263 (abs_dev=+0.7263, rel_dev=+363.15%, status=skipped_native_above_target)
2026-04-21 15:37:48,309 - student1_3_2_verification - INFO -   MNAR target=0.30 -> final=0.9263 (abs_dev=+0.6263, rel_dev=+208.76%, status=skipped_native_above_target)
2026-04-21 15:37:48,311 - student1_3_2_verification - INFO -   MNAR target=0.40 -> final=0.9263 (abs_dev=+0.5263, rel_dev=+131.57%, status=skipped_native_above_target)
2026-04-21 15:37:48,315 - student1_3_2_verification - INFO - ================================================================================
2026-04-21 15:37:48,315 - student1_3_2_verification - INFO - SUMMARY: tolerance=0.01 abs; total=54; {'passed': 36, 'skipped_native_above_target': 18}
2026-04-21 15:37:48,315 - student1_3_2_verification - INFO - ================================================================================
