2026-04-21 15:06:52,869 - student1_3_5_tabpfn - INFO - ================================================================================
2026-04-21 15:06:52,869 - student1_3_5_tabpfn - INFO - STUDENT 1 - TASK 3.5: TABPFN FOUNDATION MODEL
2026-04-21 15:06:52,869 - student1_3_5_tabpfn - INFO - ================================================================================
2026-04-21 15:06:52,869 - student1_3_5_tabpfn - INFO - Precomputed splits present; skipping Phase 3.1 setup.
2026-04-21 15:06:52,869 - student1_3_5_tabpfn - INFO - 
================================================================================
Student 1 - Task 3.5: taiwan_bankruptcy
================================================================================
2026-04-21 15:06:53,027 - student1_3_5_tabpfn - INFO - Scenario native | preprocessing mean
2026-04-21 15:06:53,042 - student1_3_5_tabpfn - WARNING - TabPFN not available: No module named 'tabpfn'. Run: pip install tabpfn
2026-04-21 15:06:53,042 - student1_3_5_tabpfn - INFO - Scenario native | preprocessing median
2026-04-21 15:06:53,064 - student1_3_5_tabpfn - WARNING - TabPFN not available: No module named 'tabpfn'. Run: pip install tabpfn
2026-04-21 15:06:53,064 - student1_3_5_tabpfn - INFO - Scenario native | preprocessing knn
2026-04-21 15:06:53,078 - student1_3_5_tabpfn - WARNING - TabPFN not available: No module named 'tabpfn'. Run: pip install tabpfn
2026-04-21 15:06:53,079 - student1_3_5_tabpfn - INFO - Scenario MCAR_5pct
2026-04-21 15:06:53,252 - student1_3_5_tabpfn - WARNING - TabPFN not available: No module named 'tabpfn'. Run: pip install tabpfn
2026-04-21 15:06:53,276 - student1_3_5_tabpfn - WARNING - TabPFN not available: No module named 'tabpfn'. Run: pip install tabpfn
2026-04-21 15:06:56,673 - student1_3_5_tabpfn - WARNING - TabPFN not available: No module named 'tabpfn'. Run: pip install tabpfn
2026-04-21 15:06:56,673 - student1_3_5_tabpfn - INFO - Scenario MCAR_10pct
2026-04-21 15:06:56,986 - student1_3_5_tabpfn - WARNING - TabPFN not available: No module named 'tabpfn'. Run: pip install tabpfn
2026-04-21 15:06:57,010 - student1_3_5_tabpfn - WARNING - TabPFN not available: No module named 'tabpfn'. Run: pip install tabpfn
2026-04-21 15:07:01,946 - student1_3_5_tabpfn - WARNING - TabPFN not available: No module named 'tabpfn'. Run: pip install tabpfn
2026-04-21 15:07:01,946 - student1_3_5_tabpfn - INFO - Scenario MCAR_15pct
2026-04-21 15:07:02,515 - student1_3_5_tabpfn - WARNING - TabPFN not available: No module named 'tabpfn'. Run: pip install tabpfn
2026-04-21 15:07:02,549 - student1_3_5_tabpfn - WARNING - TabPFN not available: No module named 'tabpfn'. Run: pip install tabpfn
2026-04-21 15:07:10,390 - student1_3_5_tabpfn - WARNING - TabPFN not available: No module named 'tabpfn'. Run: pip install tabpfn
2026-04-21 15:07:10,390 - student1_3_5_tabpfn - INFO - Scenario MCAR_20pct
2026-04-21 15:07:11,236 - student1_3_5_tabpfn - WARNING - TabPFN not available: No module named 'tabpfn'. Run: pip install tabpfn
2026-04-21 15:07:11,268 - student1_3_5_tabpfn - WARNING - TabPFN not available: No module named 'tabpfn'. Run: pip install tabpfn
2026-04-21 15:07:20,940 - student1_3_5_tabpfn - WARNING - TabPFN not available: No module named 'tabpfn'. Run: pip install tabpfn
2026-04-21 15:07:20,940 - student1_3_5_tabpfn - INFO - Scenario MCAR_30pct
2026-04-21 15:07:22,200 - student1_3_5_tabpfn - WARNING - TabPFN not available: No module named 'tabpfn'. Run: pip install tabpfn
2026-04-21 15:07:22,231 - student1_3_5_tabpfn - WARNING - TabPFN not available: No module named 'tabpfn'. Run: pip install tabpfn
2026-04-21 15:07:36,311 - student1_3_5_tabpfn - WARNING - TabPFN not available: No module named 'tabpfn'. Run: pip install tabpfn
2026-04-21 15:07:36,312 - student1_3_5_tabpfn - INFO - Scenario MCAR_40pct
2026-04-21 15:07:37,956 - student1_3_5_tabpfn - WARNING - TabPFN not available: No module named 'tabpfn'. Run: pip install tabpfn
2026-04-21 15:07:37,988 - student1_3_5_tabpfn - WARNING - TabPFN not available: No module named 'tabpfn'. Run: pip install tabpfn
2026-04-21 15:07:57,675 - student1_3_5_tabpfn - WARNING - TabPFN not available: No module named 'tabpfn'. Run: pip install tabpfn
2026-04-21 15:07:57,675 - student1_3_5_tabpfn - INFO - Scenario MAR_5pct
2026-04-21 15:07:58,178 - student1_3_5_tabpfn - WARNING - TabPFN not available: No module named 'tabpfn'. Run: pip install tabpfn
2026-04-21 15:07:58,209 - student1_3_5_tabpfn - WARNING - TabPFN not available: No module named 'tabpfn'. Run: pip install tabpfn
2026-04-21 15:08:02,201 - student1_3_5_tabpfn - WARNING - TabPFN not available: No module named 'tabpfn'. Run: pip install tabpfn
2026-04-21 15:08:02,201 - student1_3_5_tabpfn - INFO - Scenario MAR_10pct
2026-04-21 15:08:02,875 - student1_3_5_tabpfn - WARNING - TabPFN not available: No module named 'tabpfn'. Run: pip install tabpfn
2026-04-21 15:08:02,907 - student1_3_5_tabpfn - WARNING - TabPFN not available: No module named 'tabpfn'. Run: pip install tabpfn
2026-04-21 15:08:08,692 - student1_3_5_tabpfn - WARNING - TabPFN not available: No module named 'tabpfn'. Run: pip install tabpfn
2026-04-21 15:08:08,692 - student1_3_5_tabpfn - INFO - Scenario MAR_15pct
2026-04-21 15:08:09,343 - student1_3_5_tabpfn - WARNING - TabPFN not available: No module named 'tabpfn'. Run: pip install tabpfn
2026-04-21 15:08:09,366 - student1_3_5_tabpfn - WARNING - TabPFN not available: No module named 'tabpfn'. Run: pip install tabpfn
2026-04-21 15:08:15,614 - student1_3_5_tabpfn - WARNING - TabPFN not available: No module named 'tabpfn'. Run: pip install tabpfn
2026-04-21 15:08:15,614 - student1_3_5_tabpfn - INFO - Scenario MAR_20pct
2026-04-21 15:08:16,432 - student1_3_5_tabpfn - WARNING - TabPFN not available: No module named 'tabpfn'. Run: pip install tabpfn
2026-04-21 15:08:16,454 - student1_3_5_tabpfn - WARNING - TabPFN not available: No module named 'tabpfn'. Run: pip install tabpfn
2026-04-21 15:08:24,211 - student1_3_5_tabpfn - WARNING - TabPFN not available: No module named 'tabpfn'. Run: pip install tabpfn
2026-04-21 15:08:24,211 - student1_3_5_tabpfn - INFO - Scenario MAR_30pct
2026-04-21 15:08:25,385 - student1_3_5_tabpfn - WARNING - TabPFN not available: No module named 'tabpfn'. Run: pip install tabpfn
2026-04-21 15:08:25,408 - student1_3_5_tabpfn - WARNING - TabPFN not available: No module named 'tabpfn'. Run: pip install tabpfn
2026-04-21 15:08:37,162 - student1_3_5_tabpfn - WARNING - TabPFN not available: No module named 'tabpfn'. Run: pip install tabpfn
2026-04-21 15:08:37,163 - student1_3_5_tabpfn - INFO - Scenario MAR_40pct
2026-04-21 15:08:38,658 - student1_3_5_tabpfn - WARNING - TabPFN not available: No module named 'tabpfn'. Run: pip install tabpfn
2026-04-21 15:08:38,682 - student1_3_5_tabpfn - WARNING - TabPFN not available: No module named 'tabpfn'. Run: pip install tabpfn
2026-04-21 15:08:54,910 - student1_3_5_tabpfn - WARNING - TabPFN not available: No module named 'tabpfn'. Run: pip install tabpfn
2026-04-21 15:08:54,911 - student1_3_5_tabpfn - INFO - Scenario MNAR_5pct
2026-04-21 15:08:55,241 - student1_3_5_tabpfn - WARNING - TabPFN not available: No module named 'tabpfn'. Run: pip install tabpfn
2026-04-21 15:08:55,265 - student1_3_5_tabpfn - WARNING - TabPFN not available: No module named 'tabpfn'. Run: pip install tabpfn
2026-04-21 15:08:58,584 - student1_3_5_tabpfn - WARNING - TabPFN not available: No module named 'tabpfn'. Run: pip install tabpfn
2026-04-21 15:08:58,584 - student1_3_5_tabpfn - INFO - Scenario MNAR_10pct
2026-04-21 15:08:59,079 - student1_3_5_tabpfn - WARNING - TabPFN not available: No module named 'tabpfn'. Run: pip install tabpfn
2026-04-21 15:08:59,103 - student1_3_5_tabpfn - WARNING - TabPFN not available: No module named 'tabpfn'. Run: pip install tabpfn
2026-04-21 15:09:04,074 - student1_3_5_tabpfn - WARNING - TabPFN not available: No module named 'tabpfn'. Run: pip install tabpfn
2026-04-21 15:09:04,074 - student1_3_5_tabpfn - INFO - Scenario MNAR_15pct
2026-04-21 15:09:04,733 - student1_3_5_tabpfn - WARNING - TabPFN not available: No module named 'tabpfn'. Run: pip install tabpfn
2026-04-21 15:09:04,756 - student1_3_5_tabpfn - WARNING - TabPFN not available: No module named 'tabpfn'. Run: pip install tabpfn
2026-04-21 15:09:11,181 - student1_3_5_tabpfn - WARNING - TabPFN not available: No module named 'tabpfn'. Run: pip install tabpfn
2026-04-21 15:09:11,181 - student1_3_5_tabpfn - INFO - Scenario MNAR_20pct
2026-04-21 15:09:11,997 - student1_3_5_tabpfn - WARNING - TabPFN not available: No module named 'tabpfn'. Run: pip install tabpfn
2026-04-21 15:09:12,022 - student1_3_5_tabpfn - WARNING - TabPFN not available: No module named 'tabpfn'. Run: pip install tabpfn
2026-04-21 15:09:20,027 - student1_3_5_tabpfn - WARNING - TabPFN not available: No module named 'tabpfn'. Run: pip install tabpfn
2026-04-21 15:09:20,027 - student1_3_5_tabpfn - INFO - Scenario MNAR_30pct
2026-04-21 15:09:21,179 - student1_3_5_tabpfn - WARNING - TabPFN not available: No module named 'tabpfn'. Run: pip install tabpfn
2026-04-21 15:09:21,207 - student1_3_5_tabpfn - WARNING - TabPFN not available: No module named 'tabpfn'. Run: pip install tabpfn
2026-04-21 15:09:34,066 - student1_3_5_tabpfn - WARNING - TabPFN not available: No module named 'tabpfn'. Run: pip install tabpfn
2026-04-21 15:09:34,066 - student1_3_5_tabpfn - INFO - Scenario MNAR_40pct
2026-04-21 15:09:36,144 - student1_3_5_tabpfn - WARNING - TabPFN not available: No module named 'tabpfn'. Run: pip install tabpfn
2026-04-21 15:09:36,170 - student1_3_5_tabpfn - WARNING - TabPFN not available: No module named 'tabpfn'. Run: pip install tabpfn
2026-04-21 15:09:57,896 - student1_3_5_tabpfn - WARNING - TabPFN not available: No module named 'tabpfn'. Run: pip install tabpfn
2026-04-21 15:09:57,898 - student1_3_5_tabpfn - INFO - 
================================================================================
Student 1 - Task 3.5: polish_1year
================================================================================
2026-04-21 15:09:57,967 - student1_3_5_tabpfn - INFO - Scenario native | preprocessing mean
2026-04-21 15:09:57,980 - student1_3_5_tabpfn - WARNING - TabPFN not available: No module named 'tabpfn'. Run: pip install tabpfn
2026-04-21 15:09:57,980 - student1_3_5_tabpfn - INFO - Scenario native | preprocessing median
2026-04-21 15:09:57,996 - student1_3_5_tabpfn - WARNING - TabPFN not available: No module named 'tabpfn'. Run: pip install tabpfn
2026-04-21 15:09:57,996 - student1_3_5_tabpfn - INFO - Scenario native | preprocessing knn
2026-04-21 15:09:59,141 - student1_3_5_tabpfn - WARNING - TabPFN not available: No module named 'tabpfn'. Run: pip install tabpfn
2026-04-21 15:09:59,141 - student1_3_5_tabpfn - INFO - Scenario MCAR_5pct
2026-04-21 15:09:59,261 - student1_3_5_tabpfn - WARNING - TabPFN not available: No module named 'tabpfn'. Run: pip install tabpfn
2026-04-21 15:09:59,280 - student1_3_5_tabpfn - WARNING - TabPFN not available: No module named 'tabpfn'. Run: pip install tabpfn
2026-04-21 15:10:01,783 - student1_3_5_tabpfn - WARNING - TabPFN not available: No module named 'tabpfn'. Run: pip install tabpfn
2026-04-21 15:10:01,783 - student1_3_5_tabpfn - INFO - Scenario MCAR_10pct
2026-04-21 15:10:01,977 - student1_3_5_tabpfn - WARNING - TabPFN not available: No module named 'tabpfn'. Run: pip install tabpfn
2026-04-21 15:10:01,995 - student1_3_5_tabpfn - WARNING - TabPFN not available: No module named 'tabpfn'. Run: pip install tabpfn
2026-04-21 15:10:05,689 - student1_3_5_tabpfn - WARNING - TabPFN not available: No module named 'tabpfn'. Run: pip install tabpfn
2026-04-21 15:10:05,689 - student1_3_5_tabpfn - INFO - Scenario MCAR_15pct
2026-04-21 15:10:05,980 - student1_3_5_tabpfn - WARNING - TabPFN not available: No module named 'tabpfn'. Run: pip install tabpfn
2026-04-21 15:10:05,996 - student1_3_5_tabpfn - WARNING - TabPFN not available: No module named 'tabpfn'. Run: pip install tabpfn
2026-04-21 15:10:10,744 - student1_3_5_tabpfn - WARNING - TabPFN not available: No module named 'tabpfn'. Run: pip install tabpfn
2026-04-21 15:10:10,744 - student1_3_5_tabpfn - INFO - Scenario MCAR_20pct
2026-04-21 15:10:11,139 - student1_3_5_tabpfn - WARNING - TabPFN not available: No module named 'tabpfn'. Run: pip install tabpfn
2026-04-21 15:10:11,156 - student1_3_5_tabpfn - WARNING - TabPFN not available: No module named 'tabpfn'. Run: pip install tabpfn
2026-04-21 15:10:17,018 - student1_3_5_tabpfn - WARNING - TabPFN not available: No module named 'tabpfn'. Run: pip install tabpfn
2026-04-21 15:10:17,018 - student1_3_5_tabpfn - INFO - Scenario MCAR_30pct
2026-04-21 15:10:17,647 - student1_3_5_tabpfn - WARNING - TabPFN not available: No module named 'tabpfn'. Run: pip install tabpfn
2026-04-21 15:10:17,664 - student1_3_5_tabpfn - WARNING - TabPFN not available: No module named 'tabpfn'. Run: pip install tabpfn
2026-04-21 15:10:25,505 - student1_3_5_tabpfn - WARNING - TabPFN not available: No module named 'tabpfn'. Run: pip install tabpfn
2026-04-21 15:10:25,505 - student1_3_5_tabpfn - INFO - Scenario MCAR_40pct
2026-04-21 15:10:26,313 - student1_3_5_tabpfn - WARNING - TabPFN not available: No module named 'tabpfn'. Run: pip install tabpfn
2026-04-21 15:10:26,333 - student1_3_5_tabpfn - WARNING - TabPFN not available: No module named 'tabpfn'. Run: pip install tabpfn
2026-04-21 15:10:35,316 - student1_3_5_tabpfn - WARNING - TabPFN not available: No module named 'tabpfn'. Run: pip install tabpfn
2026-04-21 15:10:35,317 - student1_3_5_tabpfn - INFO - Scenario MAR_5pct
2026-04-21 15:10:35,538 - student1_3_5_tabpfn - WARNING - TabPFN not available: No module named 'tabpfn'. Run: pip install tabpfn
2026-04-21 15:10:35,558 - student1_3_5_tabpfn - WARNING - TabPFN not available: No module named 'tabpfn'. Run: pip install tabpfn
2026-04-21 15:10:38,064 - student1_3_5_tabpfn - WARNING - TabPFN not available: No module named 'tabpfn'. Run: pip install tabpfn
2026-04-21 15:10:38,064 - student1_3_5_tabpfn - INFO - Scenario MAR_10pct
2026-04-21 15:10:38,391 - student1_3_5_tabpfn - WARNING - TabPFN not available: No module named 'tabpfn'. Run: pip install tabpfn
2026-04-21 15:10:38,410 - student1_3_5_tabpfn - WARNING - TabPFN not available: No module named 'tabpfn'. Run: pip install tabpfn
2026-04-21 15:10:42,171 - student1_3_5_tabpfn - WARNING - TabPFN not available: No module named 'tabpfn'. Run: pip install tabpfn
2026-04-21 15:10:42,171 - student1_3_5_tabpfn - INFO - Scenario MAR_15pct
2026-04-21 15:10:42,615 - student1_3_5_tabpfn - WARNING - TabPFN not available: No module named 'tabpfn'. Run: pip install tabpfn
2026-04-21 15:10:42,631 - student1_3_5_tabpfn - WARNING - TabPFN not available: No module named 'tabpfn'. Run: pip install tabpfn
2026-04-21 15:10:47,276 - student1_3_5_tabpfn - WARNING - TabPFN not available: No module named 'tabpfn'. Run: pip install tabpfn
2026-04-21 15:10:47,276 - student1_3_5_tabpfn - INFO - Scenario MAR_20pct
2026-04-21 15:10:47,822 - student1_3_5_tabpfn - WARNING - TabPFN not available: No module named 'tabpfn'. Run: pip install tabpfn
2026-04-21 15:10:47,838 - student1_3_5_tabpfn - WARNING - TabPFN not available: No module named 'tabpfn'. Run: pip install tabpfn
2026-04-21 15:10:53,345 - student1_3_5_tabpfn - WARNING - TabPFN not available: No module named 'tabpfn'. Run: pip install tabpfn
2026-04-21 15:10:53,345 - student1_3_5_tabpfn - INFO - Scenario MAR_30pct
2026-04-21 15:10:54,096 - student1_3_5_tabpfn - WARNING - TabPFN not available: No module named 'tabpfn'. Run: pip install tabpfn
2026-04-21 15:10:54,112 - student1_3_5_tabpfn - WARNING - TabPFN not available: No module named 'tabpfn'. Run: pip install tabpfn
2026-04-21 15:11:01,850 - student1_3_5_tabpfn - WARNING - TabPFN not available: No module named 'tabpfn'. Run: pip install tabpfn
2026-04-21 15:11:01,850 - student1_3_5_tabpfn - INFO - Scenario MAR_40pct
2026-04-21 15:11:02,859 - student1_3_5_tabpfn - WARNING - TabPFN not available: No module named 'tabpfn'. Run: pip install tabpfn
2026-04-21 15:11:02,878 - student1_3_5_tabpfn - WARNING - TabPFN not available: No module named 'tabpfn'. Run: pip install tabpfn
2026-04-21 15:11:11,957 - student1_3_5_tabpfn - WARNING - TabPFN not available: No module named 'tabpfn'. Run: pip install tabpfn
2026-04-21 15:11:11,957 - student1_3_5_tabpfn - INFO - Scenario MNAR_5pct
2026-04-21 15:11:12,168 - student1_3_5_tabpfn - WARNING - TabPFN not available: No module named 'tabpfn'. Run: pip install tabpfn
2026-04-21 15:11:12,185 - student1_3_5_tabpfn - WARNING - TabPFN not available: No module named 'tabpfn'. Run: pip install tabpfn
2026-04-21 15:11:14,722 - student1_3_5_tabpfn - WARNING - TabPFN not available: No module named 'tabpfn'. Run: pip install tabpfn
2026-04-21 15:11:14,722 - student1_3_5_tabpfn - INFO - Scenario MNAR_10pct
2026-04-21 15:11:15,043 - student1_3_5_tabpfn - WARNING - TabPFN not available: No module named 'tabpfn'. Run: pip install tabpfn
2026-04-21 15:11:15,060 - student1_3_5_tabpfn - WARNING - TabPFN not available: No module named 'tabpfn'. Run: pip install tabpfn
2026-04-21 15:11:18,817 - student1_3_5_tabpfn - WARNING - TabPFN not available: No module named 'tabpfn'. Run: pip install tabpfn
2026-04-21 15:11:18,817 - student1_3_5_tabpfn - INFO - Scenario MNAR_15pct
2026-04-21 15:11:19,279 - student1_3_5_tabpfn - WARNING - TabPFN not available: No module named 'tabpfn'. Run: pip install tabpfn
2026-04-21 15:11:19,296 - student1_3_5_tabpfn - WARNING - TabPFN not available: No module named 'tabpfn'. Run: pip install tabpfn
2026-04-21 15:11:24,192 - student1_3_5_tabpfn - WARNING - TabPFN not available: No module named 'tabpfn'. Run: pip install tabpfn
2026-04-21 15:11:24,192 - student1_3_5_tabpfn - INFO - Scenario MNAR_20pct
2026-04-21 15:11:24,789 - student1_3_5_tabpfn - WARNING - TabPFN not available: No module named 'tabpfn'. Run: pip install tabpfn
2026-04-21 15:11:24,811 - student1_3_5_tabpfn - WARNING - TabPFN not available: No module named 'tabpfn'. Run: pip install tabpfn
2026-04-21 15:11:30,683 - student1_3_5_tabpfn - WARNING - TabPFN not available: No module named 'tabpfn'. Run: pip install tabpfn
2026-04-21 15:11:30,683 - student1_3_5_tabpfn - INFO - Scenario MNAR_30pct
2026-04-21 15:11:31,452 - student1_3_5_tabpfn - WARNING - TabPFN not available: No module named 'tabpfn'. Run: pip install tabpfn
2026-04-21 15:11:31,468 - student1_3_5_tabpfn - WARNING - TabPFN not available: No module named 'tabpfn'. Run: pip install tabpfn
2026-04-21 15:11:39,304 - student1_3_5_tabpfn - WARNING - TabPFN not available: No module named 'tabpfn'. Run: pip install tabpfn
2026-04-21 15:11:39,305 - student1_3_5_tabpfn - INFO - Scenario MNAR_40pct
2026-04-21 15:11:40,364 - student1_3_5_tabpfn - WARNING - TabPFN not available: No module named 'tabpfn'. Run: pip install tabpfn
2026-04-21 15:11:40,383 - student1_3_5_tabpfn - WARNING - TabPFN not available: No module named 'tabpfn'. Run: pip install tabpfn
2026-04-21 15:11:50,043 - student1_3_5_tabpfn - WARNING - TabPFN not available: No module named 'tabpfn'. Run: pip install tabpfn
2026-04-21 15:11:50,044 - student1_3_5_tabpfn - INFO - 
================================================================================
Student 1 - Task 3.5: slovak_manufacture_13
================================================================================
2026-04-21 15:11:50,240 - student1_3_5_tabpfn - INFO - Scenario native | preprocessing mean
2026-04-21 15:11:50,254 - student1_3_5_tabpfn - WARNING - TabPFN not available: No module named 'tabpfn'. Run: pip install tabpfn
2026-04-21 15:11:50,254 - student1_3_5_tabpfn - INFO - Scenario native | preprocessing median
2026-04-21 15:11:50,271 - student1_3_5_tabpfn - WARNING - TabPFN not available: No module named 'tabpfn'. Run: pip install tabpfn
2026-04-21 15:11:50,271 - student1_3_5_tabpfn - INFO - Scenario native | preprocessing knn
2026-04-21 15:11:52,366 - student1_3_5_tabpfn - WARNING - TabPFN not available: No module named 'tabpfn'. Run: pip install tabpfn
2026-04-21 15:11:52,366 - student1_3_5_tabpfn - INFO - Scenario MCAR_5pct
2026-04-21 15:11:52,380 - student1_3_5_tabpfn - WARNING - TabPFN not available: No module named 'tabpfn'. Run: pip install tabpfn
2026-04-21 15:11:52,393 - student1_3_5_tabpfn - WARNING - TabPFN not available: No module named 'tabpfn'. Run: pip install tabpfn
2026-04-21 15:11:54,503 - student1_3_5_tabpfn - WARNING - TabPFN not available: No module named 'tabpfn'. Run: pip install tabpfn
2026-04-21 15:11:54,503 - student1_3_5_tabpfn - INFO - Scenario MCAR_10pct
2026-04-21 15:11:54,518 - student1_3_5_tabpfn - WARNING - TabPFN not available: No module named 'tabpfn'. Run: pip install tabpfn
2026-04-21 15:11:54,532 - student1_3_5_tabpfn - WARNING - TabPFN not available: No module named 'tabpfn'. Run: pip install tabpfn
2026-04-21 15:11:56,595 - student1_3_5_tabpfn - WARNING - TabPFN not available: No module named 'tabpfn'. Run: pip install tabpfn
2026-04-21 15:11:56,595 - student1_3_5_tabpfn - INFO - Scenario MCAR_15pct
2026-04-21 15:11:56,612 - student1_3_5_tabpfn - WARNING - TabPFN not available: No module named 'tabpfn'. Run: pip install tabpfn
2026-04-21 15:11:56,627 - student1_3_5_tabpfn - WARNING - TabPFN not available: No module named 'tabpfn'. Run: pip install tabpfn
2026-04-21 15:11:58,685 - student1_3_5_tabpfn - WARNING - TabPFN not available: No module named 'tabpfn'. Run: pip install tabpfn
2026-04-21 15:11:58,685 - student1_3_5_tabpfn - INFO - Scenario MCAR_20pct
2026-04-21 15:11:58,699 - student1_3_5_tabpfn - WARNING - TabPFN not available: No module named 'tabpfn'. Run: pip install tabpfn
2026-04-21 15:11:58,712 - student1_3_5_tabpfn - WARNING - TabPFN not available: No module named 'tabpfn'. Run: pip install tabpfn
2026-04-21 15:12:00,756 - student1_3_5_tabpfn - WARNING - TabPFN not available: No module named 'tabpfn'. Run: pip install tabpfn
2026-04-21 15:12:00,756 - student1_3_5_tabpfn - INFO - Scenario MCAR_30pct
2026-04-21 15:12:00,770 - student1_3_5_tabpfn - WARNING - TabPFN not available: No module named 'tabpfn'. Run: pip install tabpfn
2026-04-21 15:12:00,784 - student1_3_5_tabpfn - WARNING - TabPFN not available: No module named 'tabpfn'. Run: pip install tabpfn
2026-04-21 15:12:02,848 - student1_3_5_tabpfn - WARNING - TabPFN not available: No module named 'tabpfn'. Run: pip install tabpfn
2026-04-21 15:12:02,848 - student1_3_5_tabpfn - INFO - Scenario MCAR_40pct
2026-04-21 15:12:02,863 - student1_3_5_tabpfn - WARNING - TabPFN not available: No module named 'tabpfn'. Run: pip install tabpfn
2026-04-21 15:12:02,877 - student1_3_5_tabpfn - WARNING - TabPFN not available: No module named 'tabpfn'. Run: pip install tabpfn
2026-04-21 15:12:04,923 - student1_3_5_tabpfn - WARNING - TabPFN not available: No module named 'tabpfn'. Run: pip install tabpfn
2026-04-21 15:12:04,923 - student1_3_5_tabpfn - INFO - Scenario MAR_5pct
2026-04-21 15:12:04,939 - student1_3_5_tabpfn - WARNING - TabPFN not available: No module named 'tabpfn'. Run: pip install tabpfn
2026-04-21 15:12:04,953 - student1_3_5_tabpfn - WARNING - TabPFN not available: No module named 'tabpfn'. Run: pip install tabpfn
2026-04-21 15:12:07,004 - student1_3_5_tabpfn - WARNING - TabPFN not available: No module named 'tabpfn'. Run: pip install tabpfn
2026-04-21 15:12:07,004 - student1_3_5_tabpfn - INFO - Scenario MAR_10pct
2026-04-21 15:12:07,019 - student1_3_5_tabpfn - WARNING - TabPFN not available: No module named 'tabpfn'. Run: pip install tabpfn
2026-04-21 15:12:07,033 - student1_3_5_tabpfn - WARNING - TabPFN not available: No module named 'tabpfn'. Run: pip install tabpfn
2026-04-21 15:12:09,123 - student1_3_5_tabpfn - WARNING - TabPFN not available: No module named 'tabpfn'. Run: pip install tabpfn
2026-04-21 15:12:09,123 - student1_3_5_tabpfn - INFO - Scenario MAR_15pct
2026-04-21 15:12:09,138 - student1_3_5_tabpfn - WARNING - TabPFN not available: No module named 'tabpfn'. Run: pip install tabpfn
2026-04-21 15:12:09,154 - student1_3_5_tabpfn - WARNING - TabPFN not available: No module named 'tabpfn'. Run: pip install tabpfn
2026-04-21 15:12:11,267 - student1_3_5_tabpfn - WARNING - TabPFN not available: No module named 'tabpfn'. Run: pip install tabpfn
2026-04-21 15:12:11,267 - student1_3_5_tabpfn - INFO - Scenario MAR_20pct
2026-04-21 15:12:11,281 - student1_3_5_tabpfn - WARNING - TabPFN not available: No module named 'tabpfn'. Run: pip install tabpfn
2026-04-21 15:12:11,295 - student1_3_5_tabpfn - WARNING - TabPFN not available: No module named 'tabpfn'. Run: pip install tabpfn
2026-04-21 15:12:13,354 - student1_3_5_tabpfn - WARNING - TabPFN not available: No module named 'tabpfn'. Run: pip install tabpfn
2026-04-21 15:12:13,354 - student1_3_5_tabpfn - INFO - Scenario MAR_30pct
2026-04-21 15:12:13,370 - student1_3_5_tabpfn - WARNING - TabPFN not available: No module named 'tabpfn'. Run: pip install tabpfn
2026-04-21 15:12:13,384 - student1_3_5_tabpfn - WARNING - TabPFN not available: No module named 'tabpfn'. Run: pip install tabpfn
2026-04-21 15:12:15,440 - student1_3_5_tabpfn - WARNING - TabPFN not available: No module named 'tabpfn'. Run: pip install tabpfn
2026-04-21 15:12:15,441 - student1_3_5_tabpfn - INFO - Scenario MAR_40pct
2026-04-21 15:12:15,454 - student1_3_5_tabpfn - WARNING - TabPFN not available: No module named 'tabpfn'. Run: pip install tabpfn
2026-04-21 15:12:15,468 - student1_3_5_tabpfn - WARNING - TabPFN not available: No module named 'tabpfn'. Run: pip install tabpfn
2026-04-21 15:12:17,502 - student1_3_5_tabpfn - WARNING - TabPFN not available: No module named 'tabpfn'. Run: pip install tabpfn
2026-04-21 15:12:17,502 - student1_3_5_tabpfn - INFO - Scenario MNAR_5pct
2026-04-21 15:12:17,517 - student1_3_5_tabpfn - WARNING - TabPFN not available: No module named 'tabpfn'. Run: pip install tabpfn
2026-04-21 15:12:17,530 - student1_3_5_tabpfn - WARNING - TabPFN not available: No module named 'tabpfn'. Run: pip install tabpfn
2026-04-21 15:12:19,731 - student1_3_5_tabpfn - WARNING - TabPFN not available: No module named 'tabpfn'. Run: pip install tabpfn
2026-04-21 15:12:19,731 - student1_3_5_tabpfn - INFO - Scenario MNAR_10pct
2026-04-21 15:12:19,749 - student1_3_5_tabpfn - WARNING - TabPFN not available: No module named 'tabpfn'. Run: pip install tabpfn
2026-04-21 15:12:19,766 - student1_3_5_tabpfn - WARNING - TabPFN not available: No module named 'tabpfn'. Run: pip install tabpfn
2026-04-21 15:12:22,020 - student1_3_5_tabpfn - WARNING - TabPFN not available: No module named 'tabpfn'. Run: pip install tabpfn
2026-04-21 15:12:22,020 - student1_3_5_tabpfn - INFO - Scenario MNAR_15pct
2026-04-21 15:12:22,039 - student1_3_5_tabpfn - WARNING - TabPFN not available: No module named 'tabpfn'. Run: pip install tabpfn
2026-04-21 15:12:22,058 - student1_3_5_tabpfn - WARNING - TabPFN not available: No module named 'tabpfn'. Run: pip install tabpfn
2026-04-21 15:12:24,397 - student1_3_5_tabpfn - WARNING - TabPFN not available: No module named 'tabpfn'. Run: pip install tabpfn
2026-04-21 15:12:24,398 - student1_3_5_tabpfn - INFO - Scenario MNAR_20pct
2026-04-21 15:12:24,416 - student1_3_5_tabpfn - WARNING - TabPFN not available: No module named 'tabpfn'. Run: pip install tabpfn
2026-04-21 15:12:24,434 - student1_3_5_tabpfn - WARNING - TabPFN not available: No module named 'tabpfn'. Run: pip install tabpfn
2026-04-21 15:12:26,896 - student1_3_5_tabpfn - WARNING - TabPFN not available: No module named 'tabpfn'. Run: pip install tabpfn
2026-04-21 15:12:26,896 - student1_3_5_tabpfn - INFO - Scenario MNAR_30pct
2026-04-21 15:12:26,913 - student1_3_5_tabpfn - WARNING - TabPFN not available: No module named 'tabpfn'. Run: pip install tabpfn
2026-04-21 15:12:26,929 - student1_3_5_tabpfn - WARNING - TabPFN not available: No module named 'tabpfn'. Run: pip install tabpfn
2026-04-21 15:12:29,232 - student1_3_5_tabpfn - WARNING - TabPFN not available: No module named 'tabpfn'. Run: pip install tabpfn
2026-04-21 15:12:29,232 - student1_3_5_tabpfn - INFO - Scenario MNAR_40pct
2026-04-21 15:12:29,248 - student1_3_5_tabpfn - WARNING - TabPFN not available: No module named 'tabpfn'. Run: pip install tabpfn
2026-04-21 15:12:29,262 - student1_3_5_tabpfn - WARNING - TabPFN not available: No module named 'tabpfn'. Run: pip install tabpfn
2026-04-21 15:12:31,591 - student1_3_5_tabpfn - WARNING - TabPFN not available: No module named 'tabpfn'. Run: pip install tabpfn
