2026-04-10 19:05:50,455 - phase4_2_extended_models - INFO - === Starting Phase 4.2 Extended Models Experiment ===
2026-04-10 19:05:50,455 - phase4_2_extended_models - INFO - Starting Phase 4.2 experiment on taiwan_bankruptcy
2026-04-10 19:05:50,545 - phase4_2_extended_models - INFO - Loaded 6819 samples with 95 features
2026-04-10 19:05:50,556 - phase4_2_extended_models - INFO - XGBoost not available
2026-04-10 19:05:50,557 - phase4_2_extended_models - INFO - LightGBM not available
2026-04-10 19:05:50,557 - phase4_2_extended_models - INFO - 
=== Preprocessing: median ===
2026-04-10 19:05:50,562 - phase4_2_extended_models - INFO - 
--- Evaluating svm ---
2026-04-10 19:05:50,562 - phase4_2_extended_models - INFO - Training svm with 5-fold CV...
2026-04-10 19:06:12,334 - phase4_2_extended_models - INFO - Best params: {'C': 10, 'gamma': 'scale', 'kernel': 'rbf'}
2026-04-10 19:06:12,335 - phase4_2_extended_models - INFO - Best CV score: 0.9593
2026-04-10 19:06:12,523 - phase4_2_extended_models - INFO - Test metrics: {'accuracy': 0.9655425219941349, 'f1': 0.9532813667720694, 'precision': 0.947006306266534, 'recall': 0.9655425219941349, 'roc_auc': 0.874810606060606}
2026-04-10 19:06:12,523 - phase4_2_extended_models - INFO - 
--- Evaluating mlp ---
2026-04-10 19:06:12,523 - phase4_2_extended_models - INFO - Training mlp with 5-fold CV...
2026-04-10 19:06:17,451 - phase4_2_extended_models - INFO - Best params: {'alpha': 0.001, 'hidden_layer_sizes': (100, 50), 'learning_rate': 'constant'}
2026-04-10 19:06:17,451 - phase4_2_extended_models - INFO - Best CV score: 0.9614
2026-04-10 19:06:17,491 - phase4_2_extended_models - INFO - Test metrics: {'accuracy': 0.967741935483871, 'f1': 0.9518773135906928, 'precision': 0.9365244536940688, 'recall': 0.967741935483871, 'roc_auc': 0.547382920110193}
2026-04-10 19:06:17,491 - phase4_2_extended_models - INFO - 
=== Preprocessing: mice ===
2026-04-10 19:06:17,491 - phase4_2_extended_models - INFO - 
--- Evaluating svm ---
2026-04-10 19:06:17,492 - phase4_2_extended_models - INFO - Training svm with 5-fold CV...
2026-04-10 19:06:39,458 - phase4_2_extended_models - INFO - Best params: {'C': 10, 'gamma': 'scale', 'kernel': 'rbf'}
2026-04-10 19:06:39,458 - phase4_2_extended_models - INFO - Best CV score: 0.9593
2026-04-10 19:06:39,635 - phase4_2_extended_models - INFO - Test metrics: {'accuracy': 0.9655425219941349, 'f1': 0.9532813667720694, 'precision': 0.947006306266534, 'recall': 0.9655425219941349, 'roc_auc': 0.874810606060606}
2026-04-10 19:06:39,635 - phase4_2_extended_models - INFO - 
--- Evaluating mlp ---
2026-04-10 19:06:39,636 - phase4_2_extended_models - INFO - Training mlp with 5-fold CV...
2026-04-10 19:06:47,836 - phase4_2_extended_models - INFO - Best params: {'alpha': 0.001, 'hidden_layer_sizes': (100, 50), 'learning_rate': 'constant'}
2026-04-10 19:06:47,836 - phase4_2_extended_models - INFO - Best CV score: 0.9614
2026-04-10 19:06:47,864 - phase4_2_extended_models - INFO - Test metrics: {'accuracy': 0.967741935483871, 'f1': 0.9518773135906928, 'precision': 0.9365244536940688, 'recall': 0.967741935483871, 'roc_auc': 0.547382920110193}
2026-04-10 19:06:47,865 - phase4_2_extended_models - INFO - 
=== Preprocessing: mice_indicator ===
2026-04-10 19:06:47,865 - phase4_2_extended_models - INFO - 
--- Evaluating svm ---
2026-04-10 19:06:47,866 - phase4_2_extended_models - INFO - Training svm with 5-fold CV...
2026-04-10 19:07:28,132 - phase4_2_extended_models - INFO - Best params: {'C': 10, 'gamma': 'scale', 'kernel': 'rbf'}
2026-04-10 19:07:28,132 - phase4_2_extended_models - INFO - Best CV score: 0.9593
2026-04-10 19:07:28,363 - phase4_2_extended_models - INFO - Test metrics: {'accuracy': 0.9655425219941349, 'f1': 0.9532813667720694, 'precision': 0.947006306266534, 'recall': 0.9655425219941349, 'roc_auc': 0.874810606060606}
2026-04-10 19:07:28,363 - phase4_2_extended_models - INFO - 
--- Evaluating mlp ---
2026-04-10 19:07:28,364 - phase4_2_extended_models - INFO - Training mlp with 5-fold CV...
2026-04-10 19:07:37,872 - phase4_2_extended_models - INFO - Best params: {'alpha': 0.0001, 'hidden_layer_sizes': (100, 50), 'learning_rate': 'constant'}
2026-04-10 19:07:37,872 - phase4_2_extended_models - INFO - Best CV score: 0.9597
2026-04-10 19:07:37,907 - phase4_2_extended_models - INFO - Test metrics: {'accuracy': 0.9611436950146628, 'f1': 0.9584488593992008, 'precision': 0.9562056178958339, 'recall': 0.9611436950146628, 'roc_auc': 0.8605371900826445}
2026-04-10 19:07:37,910 - phase4_2_extended_models - INFO - Starting Phase 4.2 experiment on polish_1year
2026-04-10 19:07:37,960 - phase4_2_extended_models - INFO - Loaded 7027 samples with 64 features
2026-04-10 19:07:37,968 - phase4_2_extended_models - INFO - XGBoost not available
2026-04-10 19:07:37,969 - phase4_2_extended_models - INFO - LightGBM not available
2026-04-10 19:07:37,969 - phase4_2_extended_models - INFO - 
=== Preprocessing: median ===
2026-04-10 19:07:37,969 - phase4_2_extended_models - INFO - 
--- Evaluating svm ---
2026-04-10 19:07:37,969 - phase4_2_extended_models - INFO - Training svm with 5-fold CV...
2026-04-10 19:07:50,873 - phase4_2_extended_models - INFO - Best params: {'C': 10, 'gamma': 'auto', 'kernel': 'poly'}
2026-04-10 19:07:50,873 - phase4_2_extended_models - INFO - Best CV score: 0.9427
2026-04-10 19:07:50,921 - phase4_2_extended_models - INFO - Test metrics: {'accuracy': 0.9601706970128022, 'f1': 0.9420542687672777, 'precision': 0.9246088193456614, 'recall': 0.9601706970128022, 'roc_auc': 0.48327580539118997}
2026-04-10 19:07:50,921 - phase4_2_extended_models - INFO - 
--- Evaluating mlp ---
2026-04-10 19:07:50,921 - phase4_2_extended_models - INFO - Training mlp with 5-fold CV...
2026-04-10 19:07:53,467 - phase4_2_extended_models - INFO - Best params: {'alpha': 0.0001, 'hidden_layer_sizes': (100, 50), 'learning_rate': 'constant'}
2026-04-10 19:07:53,467 - phase4_2_extended_models - INFO - Best CV score: 0.9425
2026-04-10 19:07:53,493 - phase4_2_extended_models - INFO - Test metrics: {'accuracy': 0.9615931721194879, 'f1': 0.9427657496051832, 'precision': 0.9246614286668191, 'recall': 0.9615931721194879, 'roc_auc': 0.5758683979837825}
2026-04-10 19:07:53,494 - phase4_2_extended_models - INFO - 
=== Preprocessing: mice ===
2026-04-10 19:07:53,494 - phase4_2_extended_models - INFO - 
--- Evaluating svm ---
2026-04-10 19:07:53,494 - phase4_2_extended_models - INFO - Training svm with 5-fold CV...
2026-04-10 19:08:26,877 - phase4_2_extended_models - INFO - Best params: {'C': 0.1, 'gamma': 'scale', 'kernel': 'rbf'}
2026-04-10 19:08:26,877 - phase4_2_extended_models - INFO - Best CV score: 0.9425
2026-04-10 19:08:27,052 - phase4_2_extended_models - INFO - Test metrics: {'accuracy': 0.9615931721194879, 'f1': 0.9427657496051832, 'precision': 0.9246614286668191, 'recall': 0.9615931721194879, 'roc_auc': 0.5761354920008767}
2026-04-10 19:08:27,052 - phase4_2_extended_models - INFO - 
--- Evaluating mlp ---
2026-04-10 19:08:27,055 - phase4_2_extended_models - INFO - Training mlp with 5-fold CV...
2026-04-10 19:08:44,835 - phase4_2_extended_models - INFO - Best params: {'alpha': 0.0001, 'hidden_layer_sizes': (100, 50, 25), 'learning_rate': 'constant'}
2026-04-10 19:08:44,835 - phase4_2_extended_models - INFO - Best CV score: 0.9425
2026-04-10 19:08:44,915 - phase4_2_extended_models - INFO - Test metrics: {'accuracy': 0.9615931721194879, 'f1': 0.9427657496051832, 'precision': 0.9246614286668191, 'recall': 0.9615931721194879, 'roc_auc': 0.47986522024983563}
2026-04-10 19:08:44,915 - phase4_2_extended_models - INFO - 
=== Preprocessing: mice_indicator ===
2026-04-10 19:08:44,916 - phase4_2_extended_models - INFO - 
--- Evaluating svm ---
2026-04-10 19:08:44,920 - phase4_2_extended_models - INFO - Training svm with 5-fold CV...
2026-04-10 19:09:24,337 - phase4_2_extended_models - INFO - Best params: {'C': 10, 'gamma': 'scale', 'kernel': 'rbf'}
2026-04-10 19:09:24,337 - phase4_2_extended_models - INFO - Best CV score: 0.9544
2026-04-10 19:09:24,522 - phase4_2_extended_models - INFO - Test metrics: {'accuracy': 0.9658605974395448, 'f1': 0.9525025637632736, 'precision': 0.9670310912416176, 'recall': 0.9658605974395448, 'roc_auc': 0.8777051829936445}
2026-04-10 19:09:24,522 - phase4_2_extended_models - INFO - 
--- Evaluating mlp ---
2026-04-10 19:09:24,525 - phase4_2_extended_models - INFO - Training mlp with 5-fold CV...
2026-04-10 19:09:45,279 - phase4_2_extended_models - INFO - Best params: {'alpha': 0.0001, 'hidden_layer_sizes': (100, 50), 'learning_rate': 'constant'}
2026-04-10 19:09:45,280 - phase4_2_extended_models - INFO - Best CV score: 0.9670
2026-04-10 19:09:45,374 - phase4_2_extended_models - INFO - Test metrics: {'accuracy': 0.9708392603129445, 'f1': 0.9645996930530516, 'precision': 0.9669956430739254, 'recall': 0.9708392603129445, 'roc_auc': 0.8879026955950032}
2026-04-10 19:09:45,379 - phase4_2_extended_models - INFO - Starting Phase 4.2 experiment on slovak_manufacture_13
2026-04-10 19:09:45,438 - phase4_2_extended_models - INFO - Loaded 4107 samples with 64 features
2026-04-10 19:09:45,447 - phase4_2_extended_models - INFO - XGBoost not available
2026-04-10 19:09:45,448 - phase4_2_extended_models - INFO - LightGBM not available
2026-04-10 19:09:45,448 - phase4_2_extended_models - INFO - 
=== Preprocessing: median ===
2026-04-10 19:09:45,448 - phase4_2_extended_models - INFO - 
--- Evaluating svm ---
2026-04-10 19:09:45,448 - phase4_2_extended_models - INFO - Training svm with 5-fold CV...
2026-04-10 19:09:46,952 - phase4_2_extended_models - INFO - Best params: {'C': 0.1, 'gamma': 'scale', 'kernel': 'rbf'}
2026-04-10 19:09:46,952 - phase4_2_extended_models - INFO - Best CV score: 0.9891
2026-04-10 19:09:47,025 - phase4_2_extended_models - INFO - Test metrics: {'accuracy': 0.9927007299270073, 'f1': 0.9890644635170184, 'precision': 0.9854547391976132, 'recall': 0.9927007299270073, 'roc_auc': 0.9720179738562091}
2026-04-10 19:09:47,025 - phase4_2_extended_models - INFO - 
--- Evaluating mlp ---
2026-04-10 19:09:47,026 - phase4_2_extended_models - INFO - Training mlp with 5-fold CV...
2026-04-10 19:09:48,758 - phase4_2_extended_models - INFO - Best params: {'alpha': 0.0001, 'hidden_layer_sizes': (100, 50, 25), 'learning_rate': 'constant'}
2026-04-10 19:09:48,759 - phase4_2_extended_models - INFO - Best CV score: 0.9891
2026-04-10 19:09:48,834 - phase4_2_extended_models - INFO - Test metrics: {'accuracy': 0.9927007299270073, 'f1': 0.9890644635170184, 'precision': 0.9854547391976132, 'recall': 0.9927007299270073, 'roc_auc': 0.32638888888888895}
2026-04-10 19:09:48,834 - phase4_2_extended_models - INFO - 
=== Preprocessing: mice ===
2026-04-10 19:09:48,834 - phase4_2_extended_models - INFO - 
--- Evaluating svm ---
2026-04-10 19:09:48,834 - phase4_2_extended_models - INFO - Training svm with 5-fold CV...
2026-04-10 19:10:00,423 - phase4_2_extended_models - INFO - Best params: {'C': 0.1, 'gamma': 'scale', 'kernel': 'rbf'}
2026-04-10 19:10:00,423 - phase4_2_extended_models - INFO - Best CV score: 0.9891
2026-04-10 19:10:00,587 - phase4_2_extended_models - INFO - Test metrics: {'accuracy': 0.9927007299270073, 'f1': 0.9890644635170184, 'precision': 0.9854547391976132, 'recall': 0.9927007299270073, 'roc_auc': 0.9483251633986929}
2026-04-10 19:10:00,587 - phase4_2_extended_models - INFO - 
--- Evaluating mlp ---
2026-04-10 19:10:00,590 - phase4_2_extended_models - INFO - Training mlp with 5-fold CV...
2026-04-10 19:10:09,979 - phase4_2_extended_models - INFO - Best params: {'alpha': 0.0001, 'hidden_layer_sizes': (100, 50), 'learning_rate': 'constant'}
2026-04-10 19:10:09,979 - phase4_2_extended_models - INFO - Best CV score: 0.9891
2026-04-10 19:10:10,192 - phase4_2_extended_models - INFO - Test metrics: {'accuracy': 0.9927007299270073, 'f1': 0.9890644635170184, 'precision': 0.9854547391976132, 'recall': 0.9927007299270073, 'roc_auc': 0.1527777777777778}
2026-04-10 19:10:10,192 - phase4_2_extended_models - INFO - 
=== Preprocessing: mice_indicator ===
2026-04-10 19:10:10,192 - phase4_2_extended_models - INFO - 
--- Evaluating svm ---
2026-04-10 19:10:10,195 - phase4_2_extended_models - INFO - Training svm with 5-fold CV...
2026-04-10 19:10:20,425 - phase4_2_extended_models - INFO - Best params: {'C': 0.1, 'gamma': 'scale', 'kernel': 'rbf'}
2026-04-10 19:10:20,425 - phase4_2_extended_models - INFO - Best CV score: 0.9891
2026-04-10 19:10:20,593 - phase4_2_extended_models - INFO - Test metrics: {'accuracy': 0.9927007299270073, 'f1': 0.9890644635170184, 'precision': 0.9854547391976132, 'recall': 0.9927007299270073, 'roc_auc': 0.9442401960784315}
2026-04-10 19:10:20,593 - phase4_2_extended_models - INFO - 
--- Evaluating mlp ---
2026-04-10 19:10:20,596 - phase4_2_extended_models - INFO - Training mlp with 5-fold CV...
2026-04-10 19:10:30,440 - phase4_2_extended_models - INFO - Best params: {'alpha': 0.0001, 'hidden_layer_sizes': (100, 50), 'learning_rate': 'constant'}
2026-04-10 19:10:30,440 - phase4_2_extended_models - INFO - Best CV score: 0.9891
2026-04-10 19:10:30,605 - phase4_2_extended_models - INFO - Test metrics: {'accuracy': 0.9927007299270073, 'f1': 0.9890644635170184, 'precision': 0.9854547391976132, 'recall': 0.9927007299270073, 'roc_auc': 0.10181781045751634}
2026-04-10 19:10:30,618 - phase4_2_extended_models - INFO - Results saved to C:\Users\TaroM\Documents\унік коди\project\results\tables\phase4_2_experiment_results.json
