2026-04-11 13:03:37,497 - phase4_4_tabl - INFO - ================================================================================
2026-04-11 13:03:37,497 - phase4_4_tabl - INFO - PHASE 4.4: TabICL Foundation Model Testing
2026-04-11 13:03:37,497 - phase4_4_tabl - INFO - ================================================================================
2026-04-11 13:03:37,497 - phase4_4_tabl - INFO - TabICL Available: False
2026-04-11 13:03:37,497 - phase4_4_tabl - INFO - 
================================================================================
2026-04-11 13:03:37,497 - phase4_4_tabl - INFO - Starting Phase 4.4 experiment on taiwan_bankruptcy
2026-04-11 13:03:37,497 - phase4_4_tabl - INFO - ================================================================================
2026-04-11 13:03:37,591 - phase4_4_tabl - INFO - Loaded 6819 samples with 95 features
2026-04-11 13:03:37,681 - phase4_4_tabl - INFO - Using precomputed split from data/splits
2026-04-11 13:03:37,682 - phase4_4_tabl - INFO - 
=== Testing WITH Imputation ===
2026-04-11 13:03:37,682 - phase4_4_tabl - INFO - 
Preprocessing: median
2026-04-11 13:03:37,750 - phase4_4_tabl - INFO - Testing TabICL with median
2026-04-11 13:03:37,751 - phase4_4_tabl - WARNING - TabICL not available: No module named 'tabl'
2026-04-11 13:03:37,751 - phase4_4_tabl - INFO - 
Preprocessing: mice
2026-04-11 13:03:41,678 - phase4_4_tabl - INFO - Testing TabICL with mice
2026-04-11 13:03:41,679 - phase4_4_tabl - WARNING - TabICL not available: No module named 'tabl'
2026-04-11 13:03:41,679 - phase4_4_tabl - INFO - 
=== Testing WITHOUT Imputation (Raw NaN values) ===
2026-04-11 13:03:41,708 - phase4_4_tabl - WARNING - Note: StandardScaler cannot handle NaN values directly
2026-04-11 13:03:41,708 - phase4_4_tabl - INFO - Testing TabICL's native NaN handling capability...
2026-04-11 13:03:41,710 - phase4_4_tabl - WARNING - TabICL not available: No module named 'tabl'
2026-04-11 13:03:41,713 - phase4_4_tabl - INFO - 
================================================================================
2026-04-11 13:03:41,714 - phase4_4_tabl - INFO - Starting Phase 4.4 experiment on polish_1year
2026-04-11 13:03:41,714 - phase4_4_tabl - INFO - ================================================================================
2026-04-11 13:03:41,752 - phase4_4_tabl - INFO - Loaded 7027 samples with 64 features
2026-04-11 13:03:41,801 - phase4_4_tabl - INFO - Using precomputed split from data/splits
2026-04-11 13:03:41,801 - phase4_4_tabl - INFO - 
=== Testing WITH Imputation ===
2026-04-11 13:03:41,801 - phase4_4_tabl - INFO - 
Preprocessing: median
2026-04-11 13:03:41,858 - phase4_4_tabl - INFO - Testing TabICL with median
2026-04-11 13:03:41,859 - phase4_4_tabl - WARNING - TabICL not available: No module named 'tabl'
2026-04-11 13:03:41,859 - phase4_4_tabl - INFO - 
Preprocessing: mice
2026-04-11 13:03:57,275 - phase4_4_tabl - INFO - Testing TabICL with mice
2026-04-11 13:03:57,276 - phase4_4_tabl - WARNING - TabICL not available: No module named 'tabl'
2026-04-11 13:03:57,276 - phase4_4_tabl - INFO - 
=== Testing WITHOUT Imputation (Raw NaN values) ===
2026-04-11 13:03:57,295 - phase4_4_tabl - WARNING - Note: StandardScaler cannot handle NaN values directly
2026-04-11 13:03:57,295 - phase4_4_tabl - INFO - Testing TabICL's native NaN handling capability...
2026-04-11 13:03:57,297 - phase4_4_tabl - WARNING - TabICL not available: No module named 'tabl'
2026-04-11 13:03:57,301 - phase4_4_tabl - INFO - 
================================================================================
2026-04-11 13:03:57,301 - phase4_4_tabl - INFO - Starting Phase 4.4 experiment on slovak_manufacture_13
2026-04-11 13:03:57,301 - phase4_4_tabl - INFO - ================================================================================
2026-04-11 13:03:57,363 - phase4_4_tabl - INFO - Loaded 4107 samples with 64 features
2026-04-11 13:03:57,423 - phase4_4_tabl - INFO - Using precomputed split from data/splits
2026-04-11 13:03:57,423 - phase4_4_tabl - INFO - 
=== Testing WITH Imputation ===
2026-04-11 13:03:57,423 - phase4_4_tabl - INFO - 
Preprocessing: median
2026-04-11 13:03:57,632 - phase4_4_tabl - INFO - Testing TabICL with median
2026-04-11 13:03:57,633 - phase4_4_tabl - WARNING - TabICL not available: No module named 'tabl'
2026-04-11 13:03:57,633 - phase4_4_tabl - INFO - 
Preprocessing: mice
2026-04-11 13:04:05,569 - phase4_4_tabl - INFO - Testing TabICL with mice
2026-04-11 13:04:05,570 - phase4_4_tabl - WARNING - TabICL not available: No module named 'tabl'
2026-04-11 13:04:05,570 - phase4_4_tabl - INFO - 
=== Testing WITHOUT Imputation (Raw NaN values) ===
2026-04-11 13:04:05,775 - phase4_4_tabl - WARNING - Note: StandardScaler cannot handle NaN values directly
2026-04-11 13:04:05,775 - phase4_4_tabl - INFO - Testing TabICL's native NaN handling capability...
2026-04-11 13:04:05,777 - phase4_4_tabl - WARNING - TabICL not available: No module named 'tabl'
2026-04-11 13:04:05,785 - phase4_4_tabl - INFO - 
✓ Phase 4.4 experiments complete. Results: C:\Users\TaroM\Documents\унік коди\project\results\tables\phase4_4_tabl_results.json
