2026-04-12 12:13:37,937 - phase4_5_analysis - INFO - ================================================================================
2026-04-12 12:13:37,937 - phase4_5_analysis - INFO - PHASE 4.5: Final Analysis and Visualization
2026-04-12 12:13:37,937 - phase4_5_analysis - INFO - ================================================================================
2026-04-12 12:13:37,945 - phase4_5_analysis - INFO - Loaded phase4_experiment_results.json
2026-04-12 12:13:37,961 - phase4_5_analysis - INFO - Loaded phase4_2_experiment_results.json
2026-04-12 12:13:37,977 - phase4_5_analysis - INFO - Loaded phase4_3_gradient_boosting_results.json
2026-04-12 12:13:37,978 - phase4_5_analysis - INFO - Loaded phase4_4_tabicl_results.json
2026-04-12 12:13:37,978 - phase4_5_analysis - INFO - Phase 4.1: 18 rows
2026-04-12 12:13:37,978 - phase4_5_analysis - INFO - Phase 4.2: 18 rows
2026-04-12 12:13:37,978 - phase4_5_analysis - INFO - Phase 4.3: 216 rows
2026-04-12 12:13:37,979 - phase4_5_analysis - INFO - Phase 4.4 (TabICL + CatBoost): 24 rows
2026-04-12 12:13:37,980 - phase4_5_analysis - INFO - Total consolidated rows: 276
2026-04-12 12:13:37,981 - phase4_5_analysis - INFO - Models: ['CatBoost', 'Lightgbm', 'Logistic-Regression', 'Mlp', 'Random-Forest', 'Svm', 'TabICL', 'Xgboost']
2026-04-12 12:13:37,991 - phase4_5_analysis - INFO - Saved phase4_5_consolidated_results.csv
2026-04-12 12:13:37,998 - phase4_5_analysis - INFO - Classical rows: 252, Foundation rows: 24
2026-04-12 12:13:38,016 - phase4_5_analysis - INFO - Robustness summary:
                           accuracy                              f1        
                               mean     std     min     max    mean     std
model    missing_mechanism                                                 
Lightgbm MAR                 0.9782  0.0108  0.9637  0.9964  0.9727  0.0149
         MCAR                0.9779  0.0117  0.9630  0.9964  0.9718  0.0163
         MNAR                0.9777  0.0112  0.9637  0.9964  0.9722  0.0155
Xgboost  MAR                 0.9768  0.0109  0.9633  0.9951  0.9722  0.0143
         MCAR                0.9765  0.0121  0.9616  0.9964  0.9710  0.0161
         MNAR                0.9767  0.0111  0.9623  0.9951  0.9716  0.0151
2026-04-12 12:13:38,020 - phase4_5_analysis - INFO - Saved phase4_5_robustness_analysis.csv
2026-04-12 12:13:38,020 - phase4_5_analysis - INFO - Creating missing-rate comparison plots...
2026-04-12 12:13:38,550 - phase4_5_analysis - INFO - Saved phase4_5_missing_rate_MCAR.png
2026-04-12 12:13:38,966 - phase4_5_analysis - INFO - Saved phase4_5_missing_rate_MAR.png
2026-04-12 12:13:39,411 - phase4_5_analysis - INFO - Saved phase4_5_missing_rate_MNAR.png
2026-04-12 12:13:39,411 - phase4_5_analysis - INFO - Creating classical vs. foundation comparison plot...
2026-04-12 12:13:39,918 - phase4_5_analysis - INFO - Saved phase4_5_model_comparison.png
2026-04-12 12:13:39,918 - phase4_5_analysis - INFO - Creating stability heatmap...
2026-04-12 12:13:40,130 - phase4_5_analysis - INFO - Saved phase4_5_stability_heatmap.png
2026-04-12 12:13:40,130 - phase4_5_analysis - INFO - Creating per-dataset model ranking chart...
2026-04-12 12:13:40,531 - phase4_5_analysis - INFO - Saved phase4_5_per_dataset_ranking.png
