2026-04-13 17:10:11,780 - phase4_4_tabicl - INFO - ================================================================================
2026-04-13 17:10:11,780 - phase4_4_tabicl - INFO - PHASE 4.4: TabICL Foundation Model (Student 2)
2026-04-13 17:10:11,780 - phase4_4_tabicl - INFO - ================================================================================
2026-04-13 17:10:11,780 - phase4_4_tabicl - INFO - 
================================================================================
Phase 4.4: taiwan_bankruptcy
================================================================================
2026-04-13 17:10:11,863 - phase4_4_tabicl - INFO - Loaded 6819 samples, 95 features
2026-04-13 17:10:11,975 - phase4_4_tabicl - INFO - 
--- TabPFN WITH imputation ---
2026-04-13 17:10:11,975 - phase4_4_tabicl - INFO -   preprocessing: median
2026-04-13 17:10:12,009 - phase4_4_tabicl - INFO - TABPFN_TOKEN detected in environment
2026-04-13 17:10:16,081 - phase4_4_tabicl - INFO - TabPFN imported successfully
2026-04-13 17:34:24,036 - phase4_4_tabicl - INFO - TabPFN done in 1447.95s | acc=0.9758
2026-04-13 17:34:24,085 - phase4_4_tabicl - INFO -   preprocessing: mice
2026-04-13 17:34:27,774 - phase4_4_tabicl - INFO - TABPFN_TOKEN detected in environment
2026-04-13 17:34:27,774 - phase4_4_tabicl - INFO - TabPFN imported successfully
2026-04-13 17:58:43,499 - phase4_4_tabicl - INFO - TabPFN done in 1455.72s | acc=0.9758
2026-04-13 17:58:43,502 - phase4_4_tabicl - INFO -   preprocessing: mice_indicator
2026-04-13 17:58:47,250 - phase4_4_tabicl - INFO - TABPFN_TOKEN detected in environment
2026-04-13 17:58:47,250 - phase4_4_tabicl - INFO - TabPFN imported successfully
2026-04-13 18:22:59,823 - phase4_4_tabicl - INFO - TabPFN done in 1452.57s | acc=0.9758
2026-04-13 18:22:59,874 - phase4_4_tabicl - INFO - 
--- TabICL WITH imputation ---
2026-04-13 18:22:59,874 - phase4_4_tabicl - INFO -   preprocessing: median
2026-04-13 18:23:00,085 - phase4_4_tabicl - INFO - TabICL imported successfully
2026-04-13 18:26:29,965 - phase4_4_tabicl - INFO - TabICL done in 209.87s | acc=0.9721
2026-04-13 18:26:29,966 - phase4_4_tabicl - INFO -   preprocessing: mice
2026-04-13 18:26:33,644 - phase4_4_tabicl - INFO - TabICL imported successfully
2026-04-13 18:30:34,963 - phase4_4_tabicl - INFO - TabICL done in 241.31s | acc=0.9721
2026-04-13 18:30:34,964 - phase4_4_tabicl - INFO -   preprocessing: mice_indicator
2026-04-13 18:30:39,441 - phase4_4_tabicl - INFO - TabICL imported successfully
2026-04-13 18:34:27,665 - phase4_4_tabicl - INFO - TabICL done in 228.22s | acc=0.9721
2026-04-13 18:34:27,666 - phase4_4_tabicl - INFO - 
--- TabICL WITHOUT imputation (raw NaN) ---
2026-04-13 18:34:27,672 - phase4_4_tabicl - INFO - TabICL imported successfully
2026-04-13 18:37:56,645 - phase4_4_tabicl - INFO - TabICL done in 208.96s | acc=0.9721
2026-04-13 18:37:56,647 - phase4_4_tabicl - INFO - 
--- CatBoost WITH imputation (bonus) ---
2026-04-13 18:37:56,647 - phase4_4_tabicl - INFO -   preprocessing: median
2026-04-13 18:37:57,477 - phase4_4_tabicl - INFO - CatBoost done in 0.76s | acc=0.9714
2026-04-13 18:37:57,478 - phase4_4_tabicl - INFO -   preprocessing: mice
2026-04-13 18:38:01,744 - phase4_4_tabicl - INFO - CatBoost done in 0.62s | acc=0.9714
2026-04-13 18:38:01,744 - phase4_4_tabicl - INFO -   preprocessing: mice_indicator
2026-04-13 18:38:06,065 - phase4_4_tabicl - INFO - CatBoost done in 0.65s | acc=0.9714
2026-04-13 18:38:06,066 - phase4_4_tabicl - INFO - 
--- CatBoost WITHOUT imputation (raw NaN, bonus) ---
2026-04-13 18:38:06,675 - phase4_4_tabicl - INFO - CatBoost done in 0.60s | acc=0.9714
2026-04-13 18:38:06,678 - phase4_4_tabicl - INFO - 
================================================================================
Phase 4.4: polish_1year
================================================================================
2026-04-13 18:38:06,715 - phase4_4_tabicl - INFO - Loaded 7027 samples, 64 features
2026-04-13 18:38:06,773 - phase4_4_tabicl - INFO - 
--- TabPFN WITH imputation ---
2026-04-13 18:38:06,773 - phase4_4_tabicl - INFO -   preprocessing: median
2026-04-13 18:38:06,799 - phase4_4_tabicl - INFO - TABPFN_TOKEN detected in environment
2026-04-13 18:38:06,799 - phase4_4_tabicl - INFO - TabPFN imported successfully
2026-04-13 18:55:57,640 - phase4_4_tabicl - INFO - TabPFN done in 1070.84s | acc=0.9915
2026-04-13 18:55:57,641 - phase4_4_tabicl - INFO -   preprocessing: mice
2026-04-13 18:56:11,854 - phase4_4_tabicl - INFO - TABPFN_TOKEN detected in environment
2026-04-13 18:56:11,854 - phase4_4_tabicl - INFO - TabPFN imported successfully
2026-04-13 18:56:12,045 - phase4_4_tabicl - ERROR - TabPFN failed: Input X contains infinity or a value too large for dtype('float32').
Traceback (most recent call last):
  File "C:\Users\TaroM\miniconda3\Lib\site-packages\tabpfn\validation.py", line 166, in ensure_compatible_fit_inputs_sklearn
    X, y = validate_data(
           ^^^^^^^^^^^^^^
  File "C:\Users\TaroM\miniconda3\Lib\site-packages\sklearn\utils\validation.py", line 2919, in validate_data
    X, y = check_X_y(X, y, **check_params)
           ^^^^^^^^^^^^^^^^^^^^^^^^^^^^^^^
  File "C:\Users\TaroM\miniconda3\Lib\site-packages\sklearn\utils\validation.py", line 1314, in check_X_y
    X = check_array(
        ^^^^^^^^^^^^
  File "C:\Users\TaroM\miniconda3\Lib\site-packages\sklearn\utils\validation.py", line 1074, in check_array
    _assert_all_finite(
  File "C:\Users\TaroM\miniconda3\Lib\site-packages\sklearn\utils\validation.py", line 133, in _assert_all_finite
    _assert_all_finite_element_wise(
  File "C:\Users\TaroM\miniconda3\Lib\site-packages\sklearn\utils\validation.py", line 182, in _assert_all_finite_element_wise
    raise ValueError(msg_err)
ValueError: Input X contains infinity or a value too large for dtype('float32').

The above exception was the direct cause of the following exception:

Traceback (most recent call last):
  File "C:\Users\TaroM\Documents\унік коди\project\src\run_phase4_4_experiments.py", line 230, in _test_tabpfn
    model.fit(X_train_np, y_train.to_numpy() if hasattr(y_train, "to_numpy") else y_train)
  File "C:\Users\TaroM\miniconda3\Lib\contextlib.py", line 81, in inner
    return func(*args, **kwds)
           ^^^^^^^^^^^^^^^^^^^
  File "C:\Users\TaroM\miniconda3\Lib\site-packages\tabpfn_common_utils\telemetry\core\decorators.py", line 321, in wrapper
    return _safe_call_with_telemetry(
           ^^^^^^^^^^^^^^^^^^^^^^^^^^
  File "C:\Users\TaroM\miniconda3\Lib\site-packages\tabpfn_common_utils\telemetry\core\decorators.py", line 365, in _safe_call_with_telemetry
    result = func(*args, **kwargs)
             ^^^^^^^^^^^^^^^^^^^^^
  File "C:\Users\TaroM\miniconda3\Lib\site-packages\tabpfn\classifier.py", line 763, in fit
    ensemble_configs, X, y = self._initialize_dataset_preprocessing(
                             ^^^^^^^^^^^^^^^^^^^^^^^^^^^^^^^^^^^^^^^
  File "C:\Users\TaroM\miniconda3\Lib\site-packages\tabpfn\classifier.py", line 642, in _initialize_dataset_preprocessing
    X, y, feature_names, n_features, original_y_name = ensure_compatible_fit_inputs(
                                                       ^^^^^^^^^^^^^^^^^^^^^^^^^^^^^
  File "C:\Users\TaroM\miniconda3\Lib\site-packages\tabpfn\validation.py", line 69, in ensure_compatible_fit_inputs
    X, y, feature_names_in, n_features_in = ensure_compatible_fit_inputs_sklearn(
                                            ^^^^^^^^^^^^^^^^^^^^^^^^^^^^^^^^^^^^^
  File "C:\Users\TaroM\miniconda3\Lib\site-packages\tabpfn\validation.py", line 196, in ensure_compatible_fit_inputs_sklearn
    raise TabPFNValidationError(str(e)) from e
tabpfn.errors.TabPFNValidationError: Input X contains infinity or a value too large for dtype('float32').
2026-04-13 18:56:12,050 - phase4_4_tabicl - INFO -   preprocessing: mice_indicator
2026-04-13 18:56:26,258 - phase4_4_tabicl - INFO - TABPFN_TOKEN detected in environment
2026-04-13 18:56:26,258 - phase4_4_tabicl - INFO - TabPFN imported successfully
2026-04-13 18:56:26,379 - phase4_4_tabicl - ERROR - TabPFN failed: Input X contains infinity or a value too large for dtype('float32').
Traceback (most recent call last):
  File "C:\Users\TaroM\miniconda3\Lib\site-packages\tabpfn\validation.py", line 166, in ensure_compatible_fit_inputs_sklearn
    X, y = validate_data(
           ^^^^^^^^^^^^^^
  File "C:\Users\TaroM\miniconda3\Lib\site-packages\sklearn\utils\validation.py", line 2919, in validate_data
    X, y = check_X_y(X, y, **check_params)
           ^^^^^^^^^^^^^^^^^^^^^^^^^^^^^^^
  File "C:\Users\TaroM\miniconda3\Lib\site-packages\sklearn\utils\validation.py", line 1314, in check_X_y
    X = check_array(
        ^^^^^^^^^^^^
  File "C:\Users\TaroM\miniconda3\Lib\site-packages\sklearn\utils\validation.py", line 1074, in check_array
    _assert_all_finite(
  File "C:\Users\TaroM\miniconda3\Lib\site-packages\sklearn\utils\validation.py", line 133, in _assert_all_finite
    _assert_all_finite_element_wise(
  File "C:\Users\TaroM\miniconda3\Lib\site-packages\sklearn\utils\validation.py", line 182, in _assert_all_finite_element_wise
    raise ValueError(msg_err)
ValueError: Input X contains infinity or a value too large for dtype('float32').

The above exception was the direct cause of the following exception:

Traceback (most recent call last):
  File "C:\Users\TaroM\Documents\унік коди\project\src\run_phase4_4_experiments.py", line 230, in _test_tabpfn
    model.fit(X_train_np, y_train.to_numpy() if hasattr(y_train, "to_numpy") else y_train)
  File "C:\Users\TaroM\miniconda3\Lib\contextlib.py", line 81, in inner
    return func(*args, **kwds)
           ^^^^^^^^^^^^^^^^^^^
  File "C:\Users\TaroM\miniconda3\Lib\site-packages\tabpfn_common_utils\telemetry\core\decorators.py", line 321, in wrapper
    return _safe_call_with_telemetry(
           ^^^^^^^^^^^^^^^^^^^^^^^^^^
  File "C:\Users\TaroM\miniconda3\Lib\site-packages\tabpfn_common_utils\telemetry\core\decorators.py", line 365, in _safe_call_with_telemetry
    result = func(*args, **kwargs)
             ^^^^^^^^^^^^^^^^^^^^^
  File "C:\Users\TaroM\miniconda3\Lib\site-packages\tabpfn\classifier.py", line 763, in fit
    ensemble_configs, X, y = self._initialize_dataset_preprocessing(
                             ^^^^^^^^^^^^^^^^^^^^^^^^^^^^^^^^^^^^^^^
  File "C:\Users\TaroM\miniconda3\Lib\site-packages\tabpfn\classifier.py", line 642, in _initialize_dataset_preprocessing
    X, y, feature_names, n_features, original_y_name = ensure_compatible_fit_inputs(
                                                       ^^^^^^^^^^^^^^^^^^^^^^^^^^^^^
  File "C:\Users\TaroM\miniconda3\Lib\site-packages\tabpfn\validation.py", line 69, in ensure_compatible_fit_inputs
    X, y, feature_names_in, n_features_in = ensure_compatible_fit_inputs_sklearn(
                                            ^^^^^^^^^^^^^^^^^^^^^^^^^^^^^^^^^^^^^
  File "C:\Users\TaroM\miniconda3\Lib\site-packages\tabpfn\validation.py", line 196, in ensure_compatible_fit_inputs_sklearn
    raise TabPFNValidationError(str(e)) from e
tabpfn.errors.TabPFNValidationError: Input X contains infinity or a value too large for dtype('float32').
2026-04-13 18:56:26,381 - phase4_4_tabicl - INFO - 
--- TabICL WITH imputation ---
2026-04-13 18:56:26,381 - phase4_4_tabicl - INFO -   preprocessing: median
2026-04-13 18:56:26,412 - phase4_4_tabicl - INFO - TabICL imported successfully
2026-04-13 18:59:10,258 - phase4_4_tabicl - INFO - TabICL done in 163.84s | acc=0.9765
2026-04-13 18:59:10,259 - phase4_4_tabicl - INFO -   preprocessing: mice
2026-04-13 18:59:24,504 - phase4_4_tabicl - INFO - TabICL imported successfully
2026-04-13 19:02:08,525 - phase4_4_tabicl - INFO - TabICL done in 164.01s | acc=0.9858
2026-04-13 19:02:08,526 - phase4_4_tabicl - INFO -   preprocessing: mice_indicator
2026-04-13 19:02:22,789 - phase4_4_tabicl - INFO - TabICL imported successfully
2026-04-13 19:06:30,388 - phase4_4_tabicl - INFO - TabICL done in 247.59s | acc=0.9858
2026-04-13 19:06:30,391 - phase4_4_tabicl - INFO - 
--- TabICL WITHOUT imputation (raw NaN) ---
2026-04-13 19:06:30,398 - phase4_4_tabicl - INFO - TabICL imported successfully
2026-04-13 19:09:15,047 - phase4_4_tabicl - INFO - TabICL done in 164.64s | acc=0.9943
2026-04-13 19:09:15,048 - phase4_4_tabicl - INFO - 
--- CatBoost WITH imputation (bonus) ---
2026-04-13 19:09:15,049 - phase4_4_tabicl - INFO -   preprocessing: median
2026-04-13 19:09:15,694 - phase4_4_tabicl - INFO - CatBoost done in 0.61s | acc=0.9801
2026-04-13 19:09:15,694 - phase4_4_tabicl - INFO -   preprocessing: mice
2026-04-13 19:09:30,469 - phase4_4_tabicl - INFO - CatBoost done in 0.48s | acc=0.9822
2026-04-13 19:09:30,469 - phase4_4_tabicl - INFO -   preprocessing: mice_indicator
2026-04-13 19:09:45,262 - phase4_4_tabicl - INFO - CatBoost done in 0.52s | acc=0.9844
2026-04-13 19:09:45,263 - phase4_4_tabicl - INFO - 
--- CatBoost WITHOUT imputation (raw NaN, bonus) ---
2026-04-13 19:09:45,748 - phase4_4_tabicl - INFO - CatBoost done in 0.48s | acc=0.9829
2026-04-13 19:09:45,753 - phase4_4_tabicl - INFO - 
================================================================================
Phase 4.4: slovak_manufacture_13
================================================================================
2026-04-13 19:09:45,812 - phase4_4_tabicl - INFO - Loaded 4107 samples, 64 features
2026-04-13 19:09:46,058 - phase4_4_tabicl - INFO - 
--- TabPFN WITH imputation ---
2026-04-13 19:09:46,059 - phase4_4_tabicl - INFO -   preprocessing: median
2026-04-13 19:09:46,082 - phase4_4_tabicl - INFO - TABPFN_TOKEN detected in environment
2026-04-13 19:09:46,082 - phase4_4_tabicl - INFO - TabPFN imported successfully
2026-04-13 19:17:14,328 - phase4_4_tabicl - INFO - TabPFN done in 448.24s | acc=0.9915
2026-04-13 19:17:14,329 - phase4_4_tabicl - INFO -   preprocessing: mice
2026-04-13 19:17:22,080 - phase4_4_tabicl - INFO - TABPFN_TOKEN detected in environment
2026-04-13 19:17:22,080 - phase4_4_tabicl - INFO - TabPFN imported successfully
2026-04-13 19:24:44,915 - phase4_4_tabicl - INFO - TabPFN done in 442.83s | acc=0.9915
2026-04-13 19:24:44,917 - phase4_4_tabicl - INFO -   preprocessing: mice_indicator
2026-04-13 19:24:52,564 - phase4_4_tabicl - INFO - TABPFN_TOKEN detected in environment
2026-04-13 19:24:52,564 - phase4_4_tabicl - INFO - TabPFN imported successfully
2026-04-13 19:38:52,289 - phase4_4_tabicl - INFO - TabPFN done in 839.72s | acc=0.9915
2026-04-13 19:38:52,295 - phase4_4_tabicl - INFO - 
--- TabICL WITH imputation ---
2026-04-13 19:38:52,295 - phase4_4_tabicl - INFO -   preprocessing: median
2026-04-13 19:38:52,317 - phase4_4_tabicl - INFO - TabICL imported successfully
2026-04-13 19:40:18,963 - phase4_4_tabicl - INFO - TabICL done in 86.64s | acc=0.9903
2026-04-13 19:40:18,964 - phase4_4_tabicl - INFO -   preprocessing: mice
2026-04-13 19:40:26,635 - phase4_4_tabicl - INFO - TabICL imported successfully
2026-04-13 19:41:52,993 - phase4_4_tabicl - INFO - TabICL done in 86.35s | acc=0.9903
2026-04-13 19:41:52,994 - phase4_4_tabicl - INFO -   preprocessing: mice_indicator
2026-04-13 19:42:00,780 - phase4_4_tabicl - INFO - TabICL imported successfully
2026-04-13 19:44:40,216 - phase4_4_tabicl - INFO - TabICL done in 159.43s | acc=0.9891
2026-04-13 19:44:40,217 - phase4_4_tabicl - INFO - 
--- TabICL WITHOUT imputation (raw NaN) ---
2026-04-13 19:44:40,220 - phase4_4_tabicl - INFO - TabICL imported successfully
2026-04-13 19:46:06,257 - phase4_4_tabicl - INFO - TabICL done in 86.03s | acc=0.9891
2026-04-13 19:46:06,258 - phase4_4_tabicl - INFO - 
--- CatBoost WITH imputation (bonus) ---
2026-04-13 19:46:06,258 - phase4_4_tabicl - INFO -   preprocessing: median
2026-04-13 19:46:06,537 - phase4_4_tabicl - INFO - CatBoost done in 0.24s | acc=0.9903
2026-04-13 19:46:06,537 - phase4_4_tabicl - INFO -   preprocessing: mice
2026-04-13 19:46:15,269 - phase4_4_tabicl - INFO - CatBoost done in 0.44s | acc=0.9927
2026-04-13 19:46:15,269 - phase4_4_tabicl - INFO -   preprocessing: mice_indicator
2026-04-13 19:46:23,489 - phase4_4_tabicl - INFO - CatBoost done in 0.48s | acc=0.9927
2026-04-13 19:46:23,489 - phase4_4_tabicl - INFO - 
--- CatBoost WITHOUT imputation (raw NaN, bonus) ---
2026-04-13 19:46:23,724 - phase4_4_tabicl - INFO - CatBoost done in 0.23s | acc=0.9951
