2026-04-11 11:55:40,342 - phase4_2_extended_models - INFO - === Starting Phase 4.2 Extended Models Experiment ===
2026-04-11 11:55:40,342 - phase4_2_extended_models - INFO - Starting Phase 4.2 experiment on taiwan_bankruptcy
2026-04-11 11:55:40,424 - phase4_2_extended_models - INFO - Loaded 6819 samples with 95 features
2026-04-11 11:55:40,435 - phase4_2_extended_models - INFO - XGBoost not available
2026-04-11 11:55:40,435 - phase4_2_extended_models - INFO - LightGBM not available
2026-04-11 11:55:40,435 - phase4_2_extended_models - INFO - 
=== Preprocessing: median ===
2026-04-11 11:55:40,438 - phase4_2_extended_models - INFO - 
--- Evaluating svm ---
2026-04-11 11:55:40,438 - phase4_2_extended_models - INFO - Training svm with 5-fold CV...
2026-04-11 11:56:01,398 - phase4_2_extended_models - INFO - Best params: {'C': 10, 'gamma': 'scale', 'kernel': 'rbf'}
2026-04-11 11:56:01,398 - phase4_2_extended_models - INFO - Best CV score: 0.9593
2026-04-11 11:56:01,560 - phase4_2_extended_models - INFO - Test metrics: {'accuracy': 0.9655425219941349, 'f1': 0.9532813667720694, 'precision': 0.947006306266534, 'recall': 0.9655425219941349, 'roc_auc': 0.874810606060606}
2026-04-11 11:56:01,560 - phase4_2_extended_models - INFO - 
--- Evaluating mlp ---
2026-04-11 11:56:01,560 - phase4_2_extended_models - INFO - Training mlp with 5-fold CV...
2026-04-11 11:56:05,958 - phase4_2_extended_models - INFO - Best params: {'alpha': 0.001, 'hidden_layer_sizes': (100, 50), 'learning_rate': 'constant'}
2026-04-11 11:56:05,959 - phase4_2_extended_models - INFO - Best CV score: 0.9614
2026-04-11 11:56:05,991 - phase4_2_extended_models - INFO - Test metrics: {'accuracy': 0.967741935483871, 'f1': 0.9518773135906928, 'precision': 0.9365244536940688, 'recall': 0.967741935483871, 'roc_auc': 0.547382920110193}
2026-04-11 11:56:05,991 - phase4_2_extended_models - INFO - 
=== Preprocessing: mice ===
2026-04-11 11:56:05,992 - phase4_2_extended_models - INFO - 
--- Evaluating svm ---
2026-04-11 11:56:05,992 - phase4_2_extended_models - INFO - Training svm with 5-fold CV...
2026-04-11 11:56:27,801 - phase4_2_extended_models - INFO - Best params: {'C': 10, 'gamma': 'scale', 'kernel': 'rbf'}
2026-04-11 11:56:27,801 - phase4_2_extended_models - INFO - Best CV score: 0.9593
2026-04-11 11:56:27,958 - phase4_2_extended_models - INFO - Test metrics: {'accuracy': 0.9655425219941349, 'f1': 0.9532813667720694, 'precision': 0.947006306266534, 'recall': 0.9655425219941349, 'roc_auc': 0.874810606060606}
2026-04-11 11:56:27,958 - phase4_2_extended_models - INFO - 
--- Evaluating mlp ---
2026-04-11 11:56:27,959 - phase4_2_extended_models - INFO - Training mlp with 5-fold CV...
2026-04-11 11:56:36,009 - phase4_2_extended_models - INFO - Best params: {'alpha': 0.001, 'hidden_layer_sizes': (100, 50), 'learning_rate': 'constant'}
2026-04-11 11:56:36,009 - phase4_2_extended_models - INFO - Best CV score: 0.9614
2026-04-11 11:56:36,039 - phase4_2_extended_models - INFO - Test metrics: {'accuracy': 0.967741935483871, 'f1': 0.9518773135906928, 'precision': 0.9365244536940688, 'recall': 0.967741935483871, 'roc_auc': 0.547382920110193}
2026-04-11 11:56:36,039 - phase4_2_extended_models - INFO - 
=== Preprocessing: mice_indicator ===
2026-04-11 11:56:36,039 - phase4_2_extended_models - INFO - 
--- Evaluating svm ---
2026-04-11 11:56:36,040 - phase4_2_extended_models - INFO - Training svm with 5-fold CV...
2026-04-11 11:57:14,312 - phase4_2_extended_models - INFO - Best params: {'C': 10, 'gamma': 'scale', 'kernel': 'rbf'}
2026-04-11 11:57:14,312 - phase4_2_extended_models - INFO - Best CV score: 0.9593
2026-04-11 11:57:14,522 - phase4_2_extended_models - INFO - Test metrics: {'accuracy': 0.9655425219941349, 'f1': 0.9532813667720694, 'precision': 0.947006306266534, 'recall': 0.9655425219941349, 'roc_auc': 0.874810606060606}
2026-04-11 11:57:14,522 - phase4_2_extended_models - INFO - 
--- Evaluating mlp ---
2026-04-11 11:57:14,523 - phase4_2_extended_models - INFO - Training mlp with 5-fold CV...
2026-04-11 11:57:23,832 - phase4_2_extended_models - INFO - Best params: {'alpha': 0.0001, 'hidden_layer_sizes': (100, 50), 'learning_rate': 'constant'}
2026-04-11 11:57:23,832 - phase4_2_extended_models - INFO - Best CV score: 0.9597
2026-04-11 11:57:23,864 - phase4_2_extended_models - INFO - Test metrics: {'accuracy': 0.9611436950146628, 'f1': 0.9584488593992008, 'precision': 0.9562056178958339, 'recall': 0.9611436950146628, 'roc_auc': 0.8605371900826445}
2026-04-11 11:57:23,867 - phase4_2_extended_models - INFO - Starting Phase 4.2 experiment on polish_1year
2026-04-11 11:57:23,911 - phase4_2_extended_models - INFO - Loaded 7027 samples with 64 features
2026-04-11 11:57:23,921 - phase4_2_extended_models - INFO - XGBoost not available
2026-04-11 11:57:23,922 - phase4_2_extended_models - INFO - LightGBM not available
2026-04-11 11:57:23,922 - phase4_2_extended_models - INFO - 
=== Preprocessing: median ===
2026-04-11 11:57:23,922 - phase4_2_extended_models - INFO - 
--- Evaluating svm ---
2026-04-11 11:57:23,922 - phase4_2_extended_models - INFO - Training svm with 5-fold CV...
2026-04-11 11:57:36,603 - phase4_2_extended_models - INFO - Best params: {'C': 10, 'gamma': 'auto', 'kernel': 'poly'}
2026-04-11 11:57:36,604 - phase4_2_extended_models - INFO - Best CV score: 0.9427
2026-04-11 11:57:36,652 - phase4_2_extended_models - INFO - Test metrics: {'accuracy': 0.9601706970128022, 'f1': 0.9420542687672777, 'precision': 0.9246088193456614, 'recall': 0.9601706970128022, 'roc_auc': 0.48327580539118997}
2026-04-11 11:57:36,653 - phase4_2_extended_models - INFO - 
--- Evaluating mlp ---
2026-04-11 11:57:36,653 - phase4_2_extended_models - INFO - Training mlp with 5-fold CV...
2026-04-11 11:57:39,173 - phase4_2_extended_models - INFO - Best params: {'alpha': 0.0001, 'hidden_layer_sizes': (100, 50), 'learning_rate': 'constant'}
2026-04-11 11:57:39,173 - phase4_2_extended_models - INFO - Best CV score: 0.9425
2026-04-11 11:57:39,199 - phase4_2_extended_models - INFO - Test metrics: {'accuracy': 0.9615931721194879, 'f1': 0.9427657496051832, 'precision': 0.9246614286668191, 'recall': 0.9615931721194879, 'roc_auc': 0.5758683979837825}
2026-04-11 11:57:39,199 - phase4_2_extended_models - INFO - 
=== Preprocessing: mice ===
2026-04-11 11:57:39,199 - phase4_2_extended_models - INFO - 
--- Evaluating svm ---
2026-04-11 11:57:39,199 - phase4_2_extended_models - INFO - Training svm with 5-fold CV...
2026-04-11 11:58:04,193 - phase4_2_extended_models - INFO - Best params: {'C': 0.1, 'gamma': 'scale', 'kernel': 'rbf'}
2026-04-11 11:58:04,193 - phase4_2_extended_models - INFO - Best CV score: 0.9425
2026-04-11 11:58:04,346 - phase4_2_extended_models - INFO - Test metrics: {'accuracy': 0.9615931721194879, 'f1': 0.9427657496051832, 'precision': 0.9246614286668191, 'recall': 0.9615931721194879, 'roc_auc': 0.5761354920008767}
2026-04-11 11:58:04,346 - phase4_2_extended_models - INFO - 
--- Evaluating mlp ---
2026-04-11 11:58:04,348 - phase4_2_extended_models - INFO - Training mlp with 5-fold CV...
2026-04-11 11:58:21,257 - phase4_2_extended_models - INFO - Best params: {'alpha': 0.0001, 'hidden_layer_sizes': (100, 50, 25), 'learning_rate': 'constant'}
2026-04-11 11:58:21,257 - phase4_2_extended_models - INFO - Best CV score: 0.9425
2026-04-11 11:58:21,341 - phase4_2_extended_models - INFO - Test metrics: {'accuracy': 0.9615931721194879, 'f1': 0.9427657496051832, 'precision': 0.9246614286668191, 'recall': 0.9615931721194879, 'roc_auc': 0.47986522024983563}
2026-04-11 11:58:21,341 - phase4_2_extended_models - INFO - 
=== Preprocessing: mice_indicator ===
2026-04-11 11:58:21,341 - phase4_2_extended_models - INFO - 
--- Evaluating svm ---
2026-04-11 11:58:21,344 - phase4_2_extended_models - INFO - Training svm with 5-fold CV...
2026-04-11 11:58:59,176 - phase4_2_extended_models - INFO - Best params: {'C': 10, 'gamma': 'scale', 'kernel': 'rbf'}
2026-04-11 11:58:59,176 - phase4_2_extended_models - INFO - Best CV score: 0.9544
2026-04-11 11:58:59,350 - phase4_2_extended_models - INFO - Test metrics: {'accuracy': 0.9658605974395448, 'f1': 0.9525025637632736, 'precision': 0.9670310912416176, 'recall': 0.9658605974395448, 'roc_auc': 0.8777051829936445}
2026-04-11 11:58:59,350 - phase4_2_extended_models - INFO - 
--- Evaluating mlp ---
2026-04-11 11:58:59,352 - phase4_2_extended_models - INFO - Training mlp with 5-fold CV...
2026-04-11 11:59:19,005 - phase4_2_extended_models - INFO - Best params: {'alpha': 0.0001, 'hidden_layer_sizes': (100, 50), 'learning_rate': 'constant'}
2026-04-11 11:59:19,005 - phase4_2_extended_models - INFO - Best CV score: 0.9670
2026-04-11 11:59:19,095 - phase4_2_extended_models - INFO - Test metrics: {'accuracy': 0.9708392603129445, 'f1': 0.9645996930530516, 'precision': 0.9669956430739254, 'recall': 0.9708392603129445, 'roc_auc': 0.8879026955950032}
2026-04-11 11:59:19,100 - phase4_2_extended_models - INFO - Starting Phase 4.2 experiment on slovak_manufacture_13
2026-04-11 11:59:19,155 - phase4_2_extended_models - INFO - Loaded 4107 samples with 64 features
2026-04-11 11:59:19,164 - phase4_2_extended_models - INFO - XGBoost not available
2026-04-11 11:59:19,165 - phase4_2_extended_models - INFO - LightGBM not available
2026-04-11 11:59:19,165 - phase4_2_extended_models - INFO - 
=== Preprocessing: median ===
2026-04-11 11:59:19,165 - phase4_2_extended_models - INFO - 
--- Evaluating svm ---
2026-04-11 11:59:19,165 - phase4_2_extended_models - INFO - Training svm with 5-fold CV...
2026-04-11 11:59:20,653 - phase4_2_extended_models - INFO - Best params: {'C': 0.1, 'gamma': 'scale', 'kernel': 'rbf'}
2026-04-11 11:59:20,653 - phase4_2_extended_models - INFO - Best CV score: 0.9891
2026-04-11 11:59:20,723 - phase4_2_extended_models - INFO - Test metrics: {'accuracy': 0.9927007299270073, 'f1': 0.9890644635170184, 'precision': 0.9854547391976132, 'recall': 0.9927007299270073, 'roc_auc': 0.9720179738562091}
2026-04-11 11:59:20,723 - phase4_2_extended_models - INFO - 
--- Evaluating mlp ---
2026-04-11 11:59:20,723 - phase4_2_extended_models - INFO - Training mlp with 5-fold CV...
2026-04-11 11:59:22,417 - phase4_2_extended_models - INFO - Best params: {'alpha': 0.0001, 'hidden_layer_sizes': (100, 50, 25), 'learning_rate': 'constant'}
2026-04-11 11:59:22,417 - phase4_2_extended_models - INFO - Best CV score: 0.9891
2026-04-11 11:59:22,486 - phase4_2_extended_models - INFO - Test metrics: {'accuracy': 0.9927007299270073, 'f1': 0.9890644635170184, 'precision': 0.9854547391976132, 'recall': 0.9927007299270073, 'roc_auc': 0.32638888888888895}
2026-04-11 11:59:22,486 - phase4_2_extended_models - INFO - 
=== Preprocessing: mice ===
2026-04-11 11:59:22,486 - phase4_2_extended_models - INFO - 
--- Evaluating svm ---
2026-04-11 11:59:22,486 - phase4_2_extended_models - INFO - Training svm with 5-fold CV...
2026-04-11 11:59:33,736 - phase4_2_extended_models - INFO - Best params: {'C': 0.1, 'gamma': 'scale', 'kernel': 'rbf'}
2026-04-11 11:59:33,736 - phase4_2_extended_models - INFO - Best CV score: 0.9891
2026-04-11 11:59:33,893 - phase4_2_extended_models - INFO - Test metrics: {'accuracy': 0.9927007299270073, 'f1': 0.9890644635170184, 'precision': 0.9854547391976132, 'recall': 0.9927007299270073, 'roc_auc': 0.9483251633986929}
2026-04-11 11:59:33,893 - phase4_2_extended_models - INFO - 
--- Evaluating mlp ---
2026-04-11 11:59:33,895 - phase4_2_extended_models - INFO - Training mlp with 5-fold CV...
2026-04-11 11:59:43,228 - phase4_2_extended_models - INFO - Best params: {'alpha': 0.0001, 'hidden_layer_sizes': (100, 50), 'learning_rate': 'constant'}
2026-04-11 11:59:43,228 - phase4_2_extended_models - INFO - Best CV score: 0.9891
2026-04-11 11:59:43,421 - phase4_2_extended_models - INFO - Test metrics: {'accuracy': 0.9927007299270073, 'f1': 0.9890644635170184, 'precision': 0.9854547391976132, 'recall': 0.9927007299270073, 'roc_auc': 0.1527777777777778}
2026-04-11 11:59:43,421 - phase4_2_extended_models - INFO - 
=== Preprocessing: mice_indicator ===
2026-04-11 11:59:43,421 - phase4_2_extended_models - INFO - 
--- Evaluating svm ---
2026-04-11 11:59:43,424 - phase4_2_extended_models - INFO - Training svm with 5-fold CV...
2026-04-11 11:59:53,135 - phase4_2_extended_models - INFO - Best params: {'C': 0.1, 'gamma': 'scale', 'kernel': 'rbf'}
2026-04-11 11:59:53,135 - phase4_2_extended_models - INFO - Best CV score: 0.9891
2026-04-11 11:59:53,296 - phase4_2_extended_models - INFO - Test metrics: {'accuracy': 0.9927007299270073, 'f1': 0.9890644635170184, 'precision': 0.9854547391976132, 'recall': 0.9927007299270073, 'roc_auc': 0.9442401960784315}
2026-04-11 11:59:53,296 - phase4_2_extended_models - INFO - 
--- Evaluating mlp ---
2026-04-11 11:59:53,298 - phase4_2_extended_models - INFO - Training mlp with 5-fold CV...
2026-04-11 12:00:03,067 - phase4_2_extended_models - INFO - Best params: {'alpha': 0.0001, 'hidden_layer_sizes': (100, 50), 'learning_rate': 'constant'}
2026-04-11 12:00:03,067 - phase4_2_extended_models - INFO - Best CV score: 0.9891
2026-04-11 12:00:03,243 - phase4_2_extended_models - INFO - Test metrics: {'accuracy': 0.9927007299270073, 'f1': 0.9890644635170184, 'precision': 0.9854547391976132, 'recall': 0.9927007299270073, 'roc_auc': 0.10181781045751634}
2026-04-11 12:00:03,257 - phase4_2_extended_models - INFO - Results saved to C:\Users\TaroM\Documents\унік коди\project\results\tables\phase4_2_experiment_results.json
