2026-04-13 15:25:19,229 - phase4_4_tabicl - INFO - ================================================================================
2026-04-13 15:25:19,229 - phase4_4_tabicl - INFO - PHASE 4.4: TabICL Foundation Model (Student 2)
2026-04-13 15:25:19,229 - phase4_4_tabicl - INFO - ================================================================================
2026-04-13 15:25:19,229 - phase4_4_tabicl - INFO - 
================================================================================
Phase 4.4: taiwan_bankruptcy
================================================================================
2026-04-13 15:25:19,329 - phase4_4_tabicl - INFO - Loaded 6819 samples, 95 features
2026-04-13 15:25:19,454 - phase4_4_tabicl - INFO - 
--- TabPFN WITH imputation ---
2026-04-13 15:25:19,454 - phase4_4_tabicl - INFO -   preprocessing: median
2026-04-13 15:25:19,486 - phase4_4_tabicl - INFO - TABPFN_TOKEN detected in environment
2026-04-13 15:25:23,581 - phase4_4_tabicl - INFO - TabPFN imported successfully
2026-04-13 15:25:24,620 - phase4_4_tabicl - ERROR - TabPFN failed: TabPFN requires a one-time license acceptance to download
model weights for local inference, but no interactive terminal
is available.

To authenticate in a non-interactive environment:
  1. Open https://ux.priorlabs.ai in a browser and log in (or register)
  2. Accept the license on the Licenses tab
  3. Copy your API Key from https://ux.priorlabs.ai/account
  4. Set the environment variable: export TABPFN_TOKEN="<your-api-key>"
     or in Python (before calling .fit()): import os; os.environ["TABPFN_TOKEN"] = "<your-api-key>"
Traceback (most recent call last):
  File "C:\Users\TaroM\Documents\унік коди\project\src\run_phase4_4_experiments.py", line 230, in _test_tabpfn
    model.fit(X_train_np, y_train.to_numpy() if hasattr(y_train, "to_numpy") else y_train)
  File "C:\Users\TaroM\miniconda3\Lib\contextlib.py", line 81, in inner
    return func(*args, **kwds)
           ^^^^^^^^^^^^^^^^^^^
  File "C:\Users\TaroM\miniconda3\Lib\site-packages\tabpfn_common_utils\telemetry\core\decorators.py", line 321, in wrapper
    return _safe_call_with_telemetry(
           ^^^^^^^^^^^^^^^^^^^^^^^^^^
  File "C:\Users\TaroM\miniconda3\Lib\site-packages\tabpfn_common_utils\telemetry\core\decorators.py", line 365, in _safe_call_with_telemetry
    result = func(*args, **kwargs)
             ^^^^^^^^^^^^^^^^^^^^^
  File "C:\Users\TaroM\miniconda3\Lib\site-packages\tabpfn\classifier.py", line 762, in fit
    byte_size = self._initialize_model_variables()
                ^^^^^^^^^^^^^^^^^^^^^^^^^^^^^^^^^^
  File "C:\Users\TaroM\miniconda3\Lib\site-packages\tabpfn\classifier.py", line 572, in _initialize_model_variables
    return initialize_model_variables_helper(self, self.estimator_type)
           ^^^^^^^^^^^^^^^^^^^^^^^^^^^^^^^^^^^^^^^^^^^^^^^^^^^^^^^^^^^^
  File "C:\Users\TaroM\miniconda3\Lib\site-packages\tabpfn\base.py", line 379, in initialize_model_variables_helper
    initialize_tabpfn_model(
  File "C:\Users\TaroM\miniconda3\Lib\site-packages\tabpfn\base.py", line 185, in initialize_tabpfn_model
    load_model_criterion_config(
  File "C:\Users\TaroM\miniconda3\Lib\site-packages\tabpfn\model_loading.py", line 647, in load_model_criterion_config
    raise res[0]
  File "C:\Users\TaroM\miniconda3\Lib\site-packages\tabpfn\model_loading.py", line 472, in _download_model
    ensure_license_accepted(hf_repo_id=_HF_REPOS[version])
  File "C:\Users\TaroM\miniconda3\Lib\site-packages\tabpfn\browser_auth.py", line 602, in ensure_license_accepted
    raise TabPFNLicenseError(
tabpfn.errors.TabPFNLicenseError: TabPFN requires a one-time license acceptance to download
model weights for local inference, but no interactive terminal
is available.

To authenticate in a non-interactive environment:
  1. Open https://ux.priorlabs.ai in a browser and log in (or register)
  2. Accept the license on the Licenses tab
  3. Copy your API Key from https://ux.priorlabs.ai/account
  4. Set the environment variable: export TABPFN_TOKEN="<your-api-key>"
     or in Python (before calling .fit()): import os; os.environ["TABPFN_TOKEN"] = "<your-api-key>"
2026-04-13 15:25:24,624 - phase4_4_tabicl - INFO -   preprocessing: mice
2026-04-13 15:25:28,596 - phase4_4_tabicl - INFO - TABPFN_TOKEN detected in environment
2026-04-13 15:25:28,596 - phase4_4_tabicl - INFO - TabPFN imported successfully
2026-04-13 15:25:29,218 - phase4_4_tabicl - ERROR - TabPFN failed: TabPFN requires a one-time license acceptance to download
model weights for local inference, but no interactive terminal
is available.

To authenticate in a non-interactive environment:
  1. Open https://ux.priorlabs.ai in a browser and log in (or register)
  2. Accept the license on the Licenses tab
  3. Copy your API Key from https://ux.priorlabs.ai/account
  4. Set the environment variable: export TABPFN_TOKEN="<your-api-key>"
     or in Python (before calling .fit()): import os; os.environ["TABPFN_TOKEN"] = "<your-api-key>"
Traceback (most recent call last):
  File "C:\Users\TaroM\Documents\унік коди\project\src\run_phase4_4_experiments.py", line 230, in _test_tabpfn
    model.fit(X_train_np, y_train.to_numpy() if hasattr(y_train, "to_numpy") else y_train)
  File "C:\Users\TaroM\miniconda3\Lib\contextlib.py", line 81, in inner
    return func(*args, **kwds)
           ^^^^^^^^^^^^^^^^^^^
  File "C:\Users\TaroM\miniconda3\Lib\site-packages\tabpfn_common_utils\telemetry\core\decorators.py", line 321, in wrapper
    return _safe_call_with_telemetry(
           ^^^^^^^^^^^^^^^^^^^^^^^^^^
  File "C:\Users\TaroM\miniconda3\Lib\site-packages\tabpfn_common_utils\telemetry\core\decorators.py", line 365, in _safe_call_with_telemetry
    result = func(*args, **kwargs)
             ^^^^^^^^^^^^^^^^^^^^^
  File "C:\Users\TaroM\miniconda3\Lib\site-packages\tabpfn\classifier.py", line 762, in fit
    byte_size = self._initialize_model_variables()
                ^^^^^^^^^^^^^^^^^^^^^^^^^^^^^^^^^^
  File "C:\Users\TaroM\miniconda3\Lib\site-packages\tabpfn\classifier.py", line 572, in _initialize_model_variables
    return initialize_model_variables_helper(self, self.estimator_type)
           ^^^^^^^^^^^^^^^^^^^^^^^^^^^^^^^^^^^^^^^^^^^^^^^^^^^^^^^^^^^^
  File "C:\Users\TaroM\miniconda3\Lib\site-packages\tabpfn\base.py", line 379, in initialize_model_variables_helper
    initialize_tabpfn_model(
  File "C:\Users\TaroM\miniconda3\Lib\site-packages\tabpfn\base.py", line 185, in initialize_tabpfn_model
    load_model_criterion_config(
  File "C:\Users\TaroM\miniconda3\Lib\site-packages\tabpfn\model_loading.py", line 647, in load_model_criterion_config
    raise res[0]
  File "C:\Users\TaroM\miniconda3\Lib\site-packages\tabpfn\model_loading.py", line 472, in _download_model
    ensure_license_accepted(hf_repo_id=_HF_REPOS[version])
  File "C:\Users\TaroM\miniconda3\Lib\site-packages\tabpfn\browser_auth.py", line 602, in ensure_license_accepted
    raise TabPFNLicenseError(
tabpfn.errors.TabPFNLicenseError: TabPFN requires a one-time license acceptance to download
model weights for local inference, but no interactive terminal
is available.

To authenticate in a non-interactive environment:
  1. Open https://ux.priorlabs.ai in a browser and log in (or register)
  2. Accept the license on the Licenses tab
  3. Copy your API Key from https://ux.priorlabs.ai/account
  4. Set the environment variable: export TABPFN_TOKEN="<your-api-key>"
     or in Python (before calling .fit()): import os; os.environ["TABPFN_TOKEN"] = "<your-api-key>"
2026-04-13 15:25:29,219 - phase4_4_tabicl - INFO -   preprocessing: mice_indicator
2026-04-13 15:25:33,115 - phase4_4_tabicl - INFO - TABPFN_TOKEN detected in environment
2026-04-13 15:25:33,115 - phase4_4_tabicl - INFO - TabPFN imported successfully
2026-04-13 15:25:33,704 - phase4_4_tabicl - ERROR - TabPFN failed: TabPFN requires a one-time license acceptance to download
model weights for local inference, but no interactive terminal
is available.

To authenticate in a non-interactive environment:
  1. Open https://ux.priorlabs.ai in a browser and log in (or register)
  2. Accept the license on the Licenses tab
  3. Copy your API Key from https://ux.priorlabs.ai/account
  4. Set the environment variable: export TABPFN_TOKEN="<your-api-key>"
     or in Python (before calling .fit()): import os; os.environ["TABPFN_TOKEN"] = "<your-api-key>"
Traceback (most recent call last):
  File "C:\Users\TaroM\Documents\унік коди\project\src\run_phase4_4_experiments.py", line 230, in _test_tabpfn
    model.fit(X_train_np, y_train.to_numpy() if hasattr(y_train, "to_numpy") else y_train)
  File "C:\Users\TaroM\miniconda3\Lib\contextlib.py", line 81, in inner
    return func(*args, **kwds)
           ^^^^^^^^^^^^^^^^^^^
  File "C:\Users\TaroM\miniconda3\Lib\site-packages\tabpfn_common_utils\telemetry\core\decorators.py", line 321, in wrapper
    return _safe_call_with_telemetry(
           ^^^^^^^^^^^^^^^^^^^^^^^^^^
  File "C:\Users\TaroM\miniconda3\Lib\site-packages\tabpfn_common_utils\telemetry\core\decorators.py", line 365, in _safe_call_with_telemetry
    result = func(*args, **kwargs)
             ^^^^^^^^^^^^^^^^^^^^^
  File "C:\Users\TaroM\miniconda3\Lib\site-packages\tabpfn\classifier.py", line 762, in fit
    byte_size = self._initialize_model_variables()
                ^^^^^^^^^^^^^^^^^^^^^^^^^^^^^^^^^^
  File "C:\Users\TaroM\miniconda3\Lib\site-packages\tabpfn\classifier.py", line 572, in _initialize_model_variables
    return initialize_model_variables_helper(self, self.estimator_type)
           ^^^^^^^^^^^^^^^^^^^^^^^^^^^^^^^^^^^^^^^^^^^^^^^^^^^^^^^^^^^^
  File "C:\Users\TaroM\miniconda3\Lib\site-packages\tabpfn\base.py", line 379, in initialize_model_variables_helper
    initialize_tabpfn_model(
  File "C:\Users\TaroM\miniconda3\Lib\site-packages\tabpfn\base.py", line 185, in initialize_tabpfn_model
    load_model_criterion_config(
  File "C:\Users\TaroM\miniconda3\Lib\site-packages\tabpfn\model_loading.py", line 647, in load_model_criterion_config
    raise res[0]
  File "C:\Users\TaroM\miniconda3\Lib\site-packages\tabpfn\model_loading.py", line 472, in _download_model
    ensure_license_accepted(hf_repo_id=_HF_REPOS[version])
  File "C:\Users\TaroM\miniconda3\Lib\site-packages\tabpfn\browser_auth.py", line 602, in ensure_license_accepted
    raise TabPFNLicenseError(
tabpfn.errors.TabPFNLicenseError: TabPFN requires a one-time license acceptance to download
model weights for local inference, but no interactive terminal
is available.

To authenticate in a non-interactive environment:
  1. Open https://ux.priorlabs.ai in a browser and log in (or register)
  2. Accept the license on the Licenses tab
  3. Copy your API Key from https://ux.priorlabs.ai/account
  4. Set the environment variable: export TABPFN_TOKEN="<your-api-key>"
     or in Python (before calling .fit()): import os; os.environ["TABPFN_TOKEN"] = "<your-api-key>"
2026-04-13 15:25:33,705 - phase4_4_tabicl - INFO - 
--- TabICL WITH imputation ---
2026-04-13 15:25:33,705 - phase4_4_tabicl - INFO -   preprocessing: median
2026-04-13 15:25:33,933 - phase4_4_tabicl - INFO - TabICL imported successfully
2026-04-13 15:29:32,530 - phase4_4_tabicl - INFO - TabICL done in 238.59s | acc=0.9721
2026-04-13 15:29:32,532 - phase4_4_tabicl - INFO -   preprocessing: mice
2026-04-13 15:29:36,453 - phase4_4_tabicl - INFO - TabICL imported successfully
2026-04-13 15:33:29,055 - phase4_4_tabicl - INFO - TabICL done in 232.60s | acc=0.9721
2026-04-13 15:33:29,056 - phase4_4_tabicl - INFO -   preprocessing: mice_indicator
2026-04-13 15:33:32,991 - phase4_4_tabicl - INFO - TabICL imported successfully
2026-04-13 15:37:25,402 - phase4_4_tabicl - INFO - TabICL done in 232.41s | acc=0.9721
2026-04-13 15:37:25,404 - phase4_4_tabicl - INFO - 
--- TabICL WITHOUT imputation (raw NaN) ---
2026-04-13 15:37:25,407 - phase4_4_tabicl - INFO - TabICL imported successfully
2026-04-13 15:41:17,618 - phase4_4_tabicl - INFO - TabICL done in 232.20s | acc=0.9721
2026-04-13 15:41:17,619 - phase4_4_tabicl - INFO - 
--- CatBoost WITH imputation (bonus) ---
2026-04-13 15:41:17,619 - phase4_4_tabicl - INFO -   preprocessing: median
2026-04-13 15:41:18,467 - phase4_4_tabicl - INFO - CatBoost done in 0.77s | acc=0.9714
2026-04-13 15:41:18,468 - phase4_4_tabicl - INFO -   preprocessing: mice
2026-04-13 15:41:25,530 - phase4_4_tabicl - INFO - CatBoost done in 1.78s | acc=0.9714
2026-04-13 15:41:25,531 - phase4_4_tabicl - INFO -   preprocessing: mice_indicator
2026-04-13 15:41:31,014 - phase4_4_tabicl - INFO - CatBoost done in 0.85s | acc=0.9714
2026-04-13 15:41:31,015 - phase4_4_tabicl - INFO - 
--- CatBoost WITHOUT imputation (raw NaN, bonus) ---
2026-04-13 15:41:31,605 - phase4_4_tabicl - INFO - CatBoost done in 0.58s | acc=0.9714
2026-04-13 15:41:31,610 - phase4_4_tabicl - INFO - 
================================================================================
Phase 4.4: polish_1year
================================================================================
2026-04-13 15:41:31,675 - phase4_4_tabicl - INFO - Loaded 7027 samples, 64 features
2026-04-13 15:41:31,751 - phase4_4_tabicl - INFO - 
--- TabPFN WITH imputation ---
2026-04-13 15:41:31,751 - phase4_4_tabicl - INFO -   preprocessing: median
2026-04-13 15:41:31,778 - phase4_4_tabicl - INFO - TABPFN_TOKEN detected in environment
2026-04-13 15:41:31,778 - phase4_4_tabicl - INFO - TabPFN imported successfully
2026-04-13 15:41:32,528 - phase4_4_tabicl - ERROR - TabPFN failed: TabPFN requires a one-time license acceptance to download
model weights for local inference, but no interactive terminal
is available.

To authenticate in a non-interactive environment:
  1. Open https://ux.priorlabs.ai in a browser and log in (or register)
  2. Accept the license on the Licenses tab
  3. Copy your API Key from https://ux.priorlabs.ai/account
  4. Set the environment variable: export TABPFN_TOKEN="<your-api-key>"
     or in Python (before calling .fit()): import os; os.environ["TABPFN_TOKEN"] = "<your-api-key>"
Traceback (most recent call last):
  File "C:\Users\TaroM\Documents\унік коди\project\src\run_phase4_4_experiments.py", line 230, in _test_tabpfn
    model.fit(X_train_np, y_train.to_numpy() if hasattr(y_train, "to_numpy") else y_train)
  File "C:\Users\TaroM\miniconda3\Lib\contextlib.py", line 81, in inner
    return func(*args, **kwds)
           ^^^^^^^^^^^^^^^^^^^
  File "C:\Users\TaroM\miniconda3\Lib\site-packages\tabpfn_common_utils\telemetry\core\decorators.py", line 321, in wrapper
    return _safe_call_with_telemetry(
           ^^^^^^^^^^^^^^^^^^^^^^^^^^
  File "C:\Users\TaroM\miniconda3\Lib\site-packages\tabpfn_common_utils\telemetry\core\decorators.py", line 365, in _safe_call_with_telemetry
    result = func(*args, **kwargs)
             ^^^^^^^^^^^^^^^^^^^^^
  File "C:\Users\TaroM\miniconda3\Lib\site-packages\tabpfn\classifier.py", line 762, in fit
    byte_size = self._initialize_model_variables()
                ^^^^^^^^^^^^^^^^^^^^^^^^^^^^^^^^^^
  File "C:\Users\TaroM\miniconda3\Lib\site-packages\tabpfn\classifier.py", line 572, in _initialize_model_variables
    return initialize_model_variables_helper(self, self.estimator_type)
           ^^^^^^^^^^^^^^^^^^^^^^^^^^^^^^^^^^^^^^^^^^^^^^^^^^^^^^^^^^^^
  File "C:\Users\TaroM\miniconda3\Lib\site-packages\tabpfn\base.py", line 379, in initialize_model_variables_helper
    initialize_tabpfn_model(
  File "C:\Users\TaroM\miniconda3\Lib\site-packages\tabpfn\base.py", line 185, in initialize_tabpfn_model
    load_model_criterion_config(
  File "C:\Users\TaroM\miniconda3\Lib\site-packages\tabpfn\model_loading.py", line 647, in load_model_criterion_config
    raise res[0]
  File "C:\Users\TaroM\miniconda3\Lib\site-packages\tabpfn\model_loading.py", line 472, in _download_model
    ensure_license_accepted(hf_repo_id=_HF_REPOS[version])
  File "C:\Users\TaroM\miniconda3\Lib\site-packages\tabpfn\browser_auth.py", line 602, in ensure_license_accepted
    raise TabPFNLicenseError(
tabpfn.errors.TabPFNLicenseError: TabPFN requires a one-time license acceptance to download
model weights for local inference, but no interactive terminal
is available.

To authenticate in a non-interactive environment:
  1. Open https://ux.priorlabs.ai in a browser and log in (or register)
  2. Accept the license on the Licenses tab
  3. Copy your API Key from https://ux.priorlabs.ai/account
  4. Set the environment variable: export TABPFN_TOKEN="<your-api-key>"
     or in Python (before calling .fit()): import os; os.environ["TABPFN_TOKEN"] = "<your-api-key>"
2026-04-13 15:41:32,530 - phase4_4_tabicl - INFO -   preprocessing: mice
2026-04-13 15:41:50,746 - phase4_4_tabicl - INFO - TABPFN_TOKEN detected in environment
2026-04-13 15:41:50,746 - phase4_4_tabicl - INFO - TabPFN imported successfully
2026-04-13 15:41:51,310 - phase4_4_tabicl - ERROR - TabPFN failed: TabPFN requires a one-time license acceptance to download
model weights for local inference, but no interactive terminal
is available.

To authenticate in a non-interactive environment:
  1. Open https://ux.priorlabs.ai in a browser and log in (or register)
  2. Accept the license on the Licenses tab
  3. Copy your API Key from https://ux.priorlabs.ai/account
  4. Set the environment variable: export TABPFN_TOKEN="<your-api-key>"
     or in Python (before calling .fit()): import os; os.environ["TABPFN_TOKEN"] = "<your-api-key>"
Traceback (most recent call last):
  File "C:\Users\TaroM\Documents\унік коди\project\src\run_phase4_4_experiments.py", line 230, in _test_tabpfn
    model.fit(X_train_np, y_train.to_numpy() if hasattr(y_train, "to_numpy") else y_train)
  File "C:\Users\TaroM\miniconda3\Lib\contextlib.py", line 81, in inner
    return func(*args, **kwds)
           ^^^^^^^^^^^^^^^^^^^
  File "C:\Users\TaroM\miniconda3\Lib\site-packages\tabpfn_common_utils\telemetry\core\decorators.py", line 321, in wrapper
    return _safe_call_with_telemetry(
           ^^^^^^^^^^^^^^^^^^^^^^^^^^
  File "C:\Users\TaroM\miniconda3\Lib\site-packages\tabpfn_common_utils\telemetry\core\decorators.py", line 365, in _safe_call_with_telemetry
    result = func(*args, **kwargs)
             ^^^^^^^^^^^^^^^^^^^^^
  File "C:\Users\TaroM\miniconda3\Lib\site-packages\tabpfn\classifier.py", line 762, in fit
    byte_size = self._initialize_model_variables()
                ^^^^^^^^^^^^^^^^^^^^^^^^^^^^^^^^^^
  File "C:\Users\TaroM\miniconda3\Lib\site-packages\tabpfn\classifier.py", line 572, in _initialize_model_variables
    return initialize_model_variables_helper(self, self.estimator_type)
           ^^^^^^^^^^^^^^^^^^^^^^^^^^^^^^^^^^^^^^^^^^^^^^^^^^^^^^^^^^^^
  File "C:\Users\TaroM\miniconda3\Lib\site-packages\tabpfn\base.py", line 379, in initialize_model_variables_helper
    initialize_tabpfn_model(
  File "C:\Users\TaroM\miniconda3\Lib\site-packages\tabpfn\base.py", line 185, in initialize_tabpfn_model
    load_model_criterion_config(
  File "C:\Users\TaroM\miniconda3\Lib\site-packages\tabpfn\model_loading.py", line 647, in load_model_criterion_config
    raise res[0]
  File "C:\Users\TaroM\miniconda3\Lib\site-packages\tabpfn\model_loading.py", line 472, in _download_model
    ensure_license_accepted(hf_repo_id=_HF_REPOS[version])
  File "C:\Users\TaroM\miniconda3\Lib\site-packages\tabpfn\browser_auth.py", line 602, in ensure_license_accepted
    raise TabPFNLicenseError(
tabpfn.errors.TabPFNLicenseError: TabPFN requires a one-time license acceptance to download
model weights for local inference, but no interactive terminal
is available.

To authenticate in a non-interactive environment:
  1. Open https://ux.priorlabs.ai in a browser and log in (or register)
  2. Accept the license on the Licenses tab
  3. Copy your API Key from https://ux.priorlabs.ai/account
  4. Set the environment variable: export TABPFN_TOKEN="<your-api-key>"
     or in Python (before calling .fit()): import os; os.environ["TABPFN_TOKEN"] = "<your-api-key>"
2026-04-13 15:41:51,311 - phase4_4_tabicl - INFO -   preprocessing: mice_indicator
2026-04-13 15:42:06,839 - phase4_4_tabicl - INFO - TABPFN_TOKEN detected in environment
2026-04-13 15:42:06,840 - phase4_4_tabicl - INFO - TabPFN imported successfully
2026-04-13 15:42:07,500 - phase4_4_tabicl - ERROR - TabPFN failed: TabPFN requires a one-time license acceptance to download
model weights for local inference, but no interactive terminal
is available.

To authenticate in a non-interactive environment:
  1. Open https://ux.priorlabs.ai in a browser and log in (or register)
  2. Accept the license on the Licenses tab
  3. Copy your API Key from https://ux.priorlabs.ai/account
  4. Set the environment variable: export TABPFN_TOKEN="<your-api-key>"
     or in Python (before calling .fit()): import os; os.environ["TABPFN_TOKEN"] = "<your-api-key>"
Traceback (most recent call last):
  File "C:\Users\TaroM\Documents\унік коди\project\src\run_phase4_4_experiments.py", line 230, in _test_tabpfn
    model.fit(X_train_np, y_train.to_numpy() if hasattr(y_train, "to_numpy") else y_train)
  File "C:\Users\TaroM\miniconda3\Lib\contextlib.py", line 81, in inner
    return func(*args, **kwds)
           ^^^^^^^^^^^^^^^^^^^
  File "C:\Users\TaroM\miniconda3\Lib\site-packages\tabpfn_common_utils\telemetry\core\decorators.py", line 321, in wrapper
    return _safe_call_with_telemetry(
           ^^^^^^^^^^^^^^^^^^^^^^^^^^
  File "C:\Users\TaroM\miniconda3\Lib\site-packages\tabpfn_common_utils\telemetry\core\decorators.py", line 365, in _safe_call_with_telemetry
    result = func(*args, **kwargs)
             ^^^^^^^^^^^^^^^^^^^^^
  File "C:\Users\TaroM\miniconda3\Lib\site-packages\tabpfn\classifier.py", line 762, in fit
    byte_size = self._initialize_model_variables()
                ^^^^^^^^^^^^^^^^^^^^^^^^^^^^^^^^^^
  File "C:\Users\TaroM\miniconda3\Lib\site-packages\tabpfn\classifier.py", line 572, in _initialize_model_variables
    return initialize_model_variables_helper(self, self.estimator_type)
           ^^^^^^^^^^^^^^^^^^^^^^^^^^^^^^^^^^^^^^^^^^^^^^^^^^^^^^^^^^^^
  File "C:\Users\TaroM\miniconda3\Lib\site-packages\tabpfn\base.py", line 379, in initialize_model_variables_helper
    initialize_tabpfn_model(
  File "C:\Users\TaroM\miniconda3\Lib\site-packages\tabpfn\base.py", line 185, in initialize_tabpfn_model
    load_model_criterion_config(
  File "C:\Users\TaroM\miniconda3\Lib\site-packages\tabpfn\model_loading.py", line 647, in load_model_criterion_config
    raise res[0]
  File "C:\Users\TaroM\miniconda3\Lib\site-packages\tabpfn\model_loading.py", line 472, in _download_model
    ensure_license_accepted(hf_repo_id=_HF_REPOS[version])
  File "C:\Users\TaroM\miniconda3\Lib\site-packages\tabpfn\browser_auth.py", line 602, in ensure_license_accepted
    raise TabPFNLicenseError(
tabpfn.errors.TabPFNLicenseError: TabPFN requires a one-time license acceptance to download
model weights for local inference, but no interactive terminal
is available.

To authenticate in a non-interactive environment:
  1. Open https://ux.priorlabs.ai in a browser and log in (or register)
  2. Accept the license on the Licenses tab
  3. Copy your API Key from https://ux.priorlabs.ai/account
  4. Set the environment variable: export TABPFN_TOKEN="<your-api-key>"
     or in Python (before calling .fit()): import os; os.environ["TABPFN_TOKEN"] = "<your-api-key>"
2026-04-13 15:42:07,501 - phase4_4_tabicl - INFO - 
--- TabICL WITH imputation ---
2026-04-13 15:42:07,501 - phase4_4_tabicl - INFO -   preprocessing: median
2026-04-13 15:42:07,528 - phase4_4_tabicl - INFO - TabICL imported successfully
2026-04-13 15:45:12,070 - phase4_4_tabicl - INFO - TabICL done in 184.53s | acc=0.9765
2026-04-13 15:45:12,072 - phase4_4_tabicl - INFO -   preprocessing: mice
2026-04-13 15:45:27,624 - phase4_4_tabicl - INFO - TabICL imported successfully
2026-04-13 15:48:33,092 - phase4_4_tabicl - INFO - TabICL done in 185.46s | acc=0.9858
2026-04-13 15:48:33,094 - phase4_4_tabicl - INFO -   preprocessing: mice_indicator
2026-04-13 15:48:47,462 - phase4_4_tabicl - INFO - TabICL imported successfully
2026-04-13 15:52:58,383 - phase4_4_tabicl - INFO - TabICL done in 250.91s | acc=0.9858
2026-04-13 15:52:58,385 - phase4_4_tabicl - INFO - 
--- TabICL WITHOUT imputation (raw NaN) ---
2026-04-13 15:52:58,389 - phase4_4_tabicl - INFO - TabICL imported successfully
2026-04-13 15:55:43,005 - phase4_4_tabicl - INFO - TabICL done in 164.61s | acc=0.9943
2026-04-13 15:55:43,007 - phase4_4_tabicl - INFO - 
--- CatBoost WITH imputation (bonus) ---
2026-04-13 15:55:43,007 - phase4_4_tabicl - INFO -   preprocessing: median
2026-04-13 15:55:43,654 - phase4_4_tabicl - INFO - CatBoost done in 0.61s | acc=0.9801
2026-04-13 15:55:43,654 - phase4_4_tabicl - INFO -   preprocessing: mice
2026-04-13 15:55:58,426 - phase4_4_tabicl - INFO - CatBoost done in 0.51s | acc=0.9822
2026-04-13 15:55:58,427 - phase4_4_tabicl - INFO -   preprocessing: mice_indicator
2026-04-13 15:56:13,137 - phase4_4_tabicl - INFO - CatBoost done in 0.52s | acc=0.9844
2026-04-13 15:56:13,138 - phase4_4_tabicl - INFO - 
--- CatBoost WITHOUT imputation (raw NaN, bonus) ---
2026-04-13 15:56:13,647 - phase4_4_tabicl - INFO - CatBoost done in 0.50s | acc=0.9829
2026-04-13 15:56:13,650 - phase4_4_tabicl - INFO - 
================================================================================
Phase 4.4: slovak_manufacture_13
================================================================================
2026-04-13 15:56:13,712 - phase4_4_tabicl - INFO - Loaded 4107 samples, 64 features
2026-04-13 15:56:13,952 - phase4_4_tabicl - INFO - 
--- TabPFN WITH imputation ---
2026-04-13 15:56:13,952 - phase4_4_tabicl - INFO -   preprocessing: median
2026-04-13 15:56:13,974 - phase4_4_tabicl - INFO - TABPFN_TOKEN detected in environment
2026-04-13 15:56:13,974 - phase4_4_tabicl - INFO - TabPFN imported successfully
2026-04-13 15:56:14,782 - phase4_4_tabicl - ERROR - TabPFN failed: TabPFN requires a one-time license acceptance to download
model weights for local inference, but no interactive terminal
is available.

To authenticate in a non-interactive environment:
  1. Open https://ux.priorlabs.ai in a browser and log in (or register)
  2. Accept the license on the Licenses tab
  3. Copy your API Key from https://ux.priorlabs.ai/account
  4. Set the environment variable: export TABPFN_TOKEN="<your-api-key>"
     or in Python (before calling .fit()): import os; os.environ["TABPFN_TOKEN"] = "<your-api-key>"
Traceback (most recent call last):
  File "C:\Users\TaroM\Documents\унік коди\project\src\run_phase4_4_experiments.py", line 230, in _test_tabpfn
    model.fit(X_train_np, y_train.to_numpy() if hasattr(y_train, "to_numpy") else y_train)
  File "C:\Users\TaroM\miniconda3\Lib\contextlib.py", line 81, in inner
    return func(*args, **kwds)
           ^^^^^^^^^^^^^^^^^^^
  File "C:\Users\TaroM\miniconda3\Lib\site-packages\tabpfn_common_utils\telemetry\core\decorators.py", line 321, in wrapper
    return _safe_call_with_telemetry(
           ^^^^^^^^^^^^^^^^^^^^^^^^^^
  File "C:\Users\TaroM\miniconda3\Lib\site-packages\tabpfn_common_utils\telemetry\core\decorators.py", line 365, in _safe_call_with_telemetry
    result = func(*args, **kwargs)
             ^^^^^^^^^^^^^^^^^^^^^
  File "C:\Users\TaroM\miniconda3\Lib\site-packages\tabpfn\classifier.py", line 762, in fit
    byte_size = self._initialize_model_variables()
                ^^^^^^^^^^^^^^^^^^^^^^^^^^^^^^^^^^
  File "C:\Users\TaroM\miniconda3\Lib\site-packages\tabpfn\classifier.py", line 572, in _initialize_model_variables
    return initialize_model_variables_helper(self, self.estimator_type)
           ^^^^^^^^^^^^^^^^^^^^^^^^^^^^^^^^^^^^^^^^^^^^^^^^^^^^^^^^^^^^
  File "C:\Users\TaroM\miniconda3\Lib\site-packages\tabpfn\base.py", line 379, in initialize_model_variables_helper
    initialize_tabpfn_model(
  File "C:\Users\TaroM\miniconda3\Lib\site-packages\tabpfn\base.py", line 185, in initialize_tabpfn_model
    load_model_criterion_config(
  File "C:\Users\TaroM\miniconda3\Lib\site-packages\tabpfn\model_loading.py", line 647, in load_model_criterion_config
    raise res[0]
  File "C:\Users\TaroM\miniconda3\Lib\site-packages\tabpfn\model_loading.py", line 472, in _download_model
    ensure_license_accepted(hf_repo_id=_HF_REPOS[version])
  File "C:\Users\TaroM\miniconda3\Lib\site-packages\tabpfn\browser_auth.py", line 602, in ensure_license_accepted
    raise TabPFNLicenseError(
tabpfn.errors.TabPFNLicenseError: TabPFN requires a one-time license acceptance to download
model weights for local inference, but no interactive terminal
is available.

To authenticate in a non-interactive environment:
  1. Open https://ux.priorlabs.ai in a browser and log in (or register)
  2. Accept the license on the Licenses tab
  3. Copy your API Key from https://ux.priorlabs.ai/account
  4. Set the environment variable: export TABPFN_TOKEN="<your-api-key>"
     or in Python (before calling .fit()): import os; os.environ["TABPFN_TOKEN"] = "<your-api-key>"
2026-04-13 15:56:14,784 - phase4_4_tabicl - INFO -   preprocessing: mice
2026-04-13 15:56:22,640 - phase4_4_tabicl - INFO - TABPFN_TOKEN detected in environment
2026-04-13 15:56:22,640 - phase4_4_tabicl - INFO - TabPFN imported successfully
2026-04-13 15:56:23,267 - phase4_4_tabicl - ERROR - TabPFN failed: TabPFN requires a one-time license acceptance to download
model weights for local inference, but no interactive terminal
is available.

To authenticate in a non-interactive environment:
  1. Open https://ux.priorlabs.ai in a browser and log in (or register)
  2. Accept the license on the Licenses tab
  3. Copy your API Key from https://ux.priorlabs.ai/account
  4. Set the environment variable: export TABPFN_TOKEN="<your-api-key>"
     or in Python (before calling .fit()): import os; os.environ["TABPFN_TOKEN"] = "<your-api-key>"
Traceback (most recent call last):
  File "C:\Users\TaroM\Documents\унік коди\project\src\run_phase4_4_experiments.py", line 230, in _test_tabpfn
    model.fit(X_train_np, y_train.to_numpy() if hasattr(y_train, "to_numpy") else y_train)
  File "C:\Users\TaroM\miniconda3\Lib\contextlib.py", line 81, in inner
    return func(*args, **kwds)
           ^^^^^^^^^^^^^^^^^^^
  File "C:\Users\TaroM\miniconda3\Lib\site-packages\tabpfn_common_utils\telemetry\core\decorators.py", line 321, in wrapper
    return _safe_call_with_telemetry(
           ^^^^^^^^^^^^^^^^^^^^^^^^^^
  File "C:\Users\TaroM\miniconda3\Lib\site-packages\tabpfn_common_utils\telemetry\core\decorators.py", line 365, in _safe_call_with_telemetry
    result = func(*args, **kwargs)
             ^^^^^^^^^^^^^^^^^^^^^
  File "C:\Users\TaroM\miniconda3\Lib\site-packages\tabpfn\classifier.py", line 762, in fit
    byte_size = self._initialize_model_variables()
                ^^^^^^^^^^^^^^^^^^^^^^^^^^^^^^^^^^
  File "C:\Users\TaroM\miniconda3\Lib\site-packages\tabpfn\classifier.py", line 572, in _initialize_model_variables
    return initialize_model_variables_helper(self, self.estimator_type)
           ^^^^^^^^^^^^^^^^^^^^^^^^^^^^^^^^^^^^^^^^^^^^^^^^^^^^^^^^^^^^
  File "C:\Users\TaroM\miniconda3\Lib\site-packages\tabpfn\base.py", line 379, in initialize_model_variables_helper
    initialize_tabpfn_model(
  File "C:\Users\TaroM\miniconda3\Lib\site-packages\tabpfn\base.py", line 185, in initialize_tabpfn_model
    load_model_criterion_config(
  File "C:\Users\TaroM\miniconda3\Lib\site-packages\tabpfn\model_loading.py", line 647, in load_model_criterion_config
    raise res[0]
  File "C:\Users\TaroM\miniconda3\Lib\site-packages\tabpfn\model_loading.py", line 472, in _download_model
    ensure_license_accepted(hf_repo_id=_HF_REPOS[version])
  File "C:\Users\TaroM\miniconda3\Lib\site-packages\tabpfn\browser_auth.py", line 602, in ensure_license_accepted
    raise TabPFNLicenseError(
tabpfn.errors.TabPFNLicenseError: TabPFN requires a one-time license acceptance to download
model weights for local inference, but no interactive terminal
is available.

To authenticate in a non-interactive environment:
  1. Open https://ux.priorlabs.ai in a browser and log in (or register)
  2. Accept the license on the Licenses tab
  3. Copy your API Key from https://ux.priorlabs.ai/account
  4. Set the environment variable: export TABPFN_TOKEN="<your-api-key>"
     or in Python (before calling .fit()): import os; os.environ["TABPFN_TOKEN"] = "<your-api-key>"
2026-04-13 15:56:23,268 - phase4_4_tabicl - INFO -   preprocessing: mice_indicator
2026-04-13 15:56:31,002 - phase4_4_tabicl - INFO - TABPFN_TOKEN detected in environment
2026-04-13 15:56:31,002 - phase4_4_tabicl - INFO - TabPFN imported successfully
2026-04-13 15:56:31,592 - phase4_4_tabicl - ERROR - TabPFN failed: TabPFN requires a one-time license acceptance to download
model weights for local inference, but no interactive terminal
is available.

To authenticate in a non-interactive environment:
  1. Open https://ux.priorlabs.ai in a browser and log in (or register)
  2. Accept the license on the Licenses tab
  3. Copy your API Key from https://ux.priorlabs.ai/account
  4. Set the environment variable: export TABPFN_TOKEN="<your-api-key>"
     or in Python (before calling .fit()): import os; os.environ["TABPFN_TOKEN"] = "<your-api-key>"
Traceback (most recent call last):
  File "C:\Users\TaroM\Documents\унік коди\project\src\run_phase4_4_experiments.py", line 230, in _test_tabpfn
    model.fit(X_train_np, y_train.to_numpy() if hasattr(y_train, "to_numpy") else y_train)
  File "C:\Users\TaroM\miniconda3\Lib\contextlib.py", line 81, in inner
    return func(*args, **kwds)
           ^^^^^^^^^^^^^^^^^^^
  File "C:\Users\TaroM\miniconda3\Lib\site-packages\tabpfn_common_utils\telemetry\core\decorators.py", line 321, in wrapper
    return _safe_call_with_telemetry(
           ^^^^^^^^^^^^^^^^^^^^^^^^^^
  File "C:\Users\TaroM\miniconda3\Lib\site-packages\tabpfn_common_utils\telemetry\core\decorators.py", line 365, in _safe_call_with_telemetry
    result = func(*args, **kwargs)
             ^^^^^^^^^^^^^^^^^^^^^
  File "C:\Users\TaroM\miniconda3\Lib\site-packages\tabpfn\classifier.py", line 762, in fit
    byte_size = self._initialize_model_variables()
                ^^^^^^^^^^^^^^^^^^^^^^^^^^^^^^^^^^
  File "C:\Users\TaroM\miniconda3\Lib\site-packages\tabpfn\classifier.py", line 572, in _initialize_model_variables
    return initialize_model_variables_helper(self, self.estimator_type)
           ^^^^^^^^^^^^^^^^^^^^^^^^^^^^^^^^^^^^^^^^^^^^^^^^^^^^^^^^^^^^
  File "C:\Users\TaroM\miniconda3\Lib\site-packages\tabpfn\base.py", line 379, in initialize_model_variables_helper
    initialize_tabpfn_model(
  File "C:\Users\TaroM\miniconda3\Lib\site-packages\tabpfn\base.py", line 185, in initialize_tabpfn_model
    load_model_criterion_config(
  File "C:\Users\TaroM\miniconda3\Lib\site-packages\tabpfn\model_loading.py", line 647, in load_model_criterion_config
    raise res[0]
  File "C:\Users\TaroM\miniconda3\Lib\site-packages\tabpfn\model_loading.py", line 472, in _download_model
    ensure_license_accepted(hf_repo_id=_HF_REPOS[version])
  File "C:\Users\TaroM\miniconda3\Lib\site-packages\tabpfn\browser_auth.py", line 602, in ensure_license_accepted
    raise TabPFNLicenseError(
tabpfn.errors.TabPFNLicenseError: TabPFN requires a one-time license acceptance to download
model weights for local inference, but no interactive terminal
is available.

To authenticate in a non-interactive environment:
  1. Open https://ux.priorlabs.ai in a browser and log in (or register)
  2. Accept the license on the Licenses tab
  3. Copy your API Key from https://ux.priorlabs.ai/account
  4. Set the environment variable: export TABPFN_TOKEN="<your-api-key>"
     or in Python (before calling .fit()): import os; os.environ["TABPFN_TOKEN"] = "<your-api-key>"
2026-04-13 15:56:31,593 - phase4_4_tabicl - INFO - 
--- TabICL WITH imputation ---
2026-04-13 15:56:31,593 - phase4_4_tabicl - INFO -   preprocessing: median
2026-04-13 15:56:31,614 - phase4_4_tabicl - INFO - TabICL imported successfully
2026-04-13 15:58:00,345 - phase4_4_tabicl - INFO - TabICL done in 88.73s | acc=0.9903
2026-04-13 15:58:00,346 - phase4_4_tabicl - INFO -   preprocessing: mice
2026-04-13 15:58:08,163 - phase4_4_tabicl - INFO - TabICL imported successfully
2026-04-13 15:59:36,268 - phase4_4_tabicl - INFO - TabICL done in 88.10s | acc=0.9903
2026-04-13 15:59:36,269 - phase4_4_tabicl - INFO -   preprocessing: mice_indicator
2026-04-13 15:59:44,010 - phase4_4_tabicl - INFO - TabICL imported successfully
2026-04-13 16:02:15,071 - phase4_4_tabicl - INFO - TabICL done in 151.05s | acc=0.9891
2026-04-13 16:02:15,072 - phase4_4_tabicl - INFO - 
--- TabICL WITHOUT imputation (raw NaN) ---
2026-04-13 16:02:15,074 - phase4_4_tabicl - INFO - TabICL imported successfully
2026-04-13 16:03:42,997 - phase4_4_tabicl - INFO - TabICL done in 87.91s | acc=0.9891
2026-04-13 16:03:42,998 - phase4_4_tabicl - INFO - 
--- CatBoost WITH imputation (bonus) ---
2026-04-13 16:03:42,999 - phase4_4_tabicl - INFO -   preprocessing: median
2026-04-13 16:03:43,277 - phase4_4_tabicl - INFO - CatBoost done in 0.24s | acc=0.9903
2026-04-13 16:03:43,277 - phase4_4_tabicl - INFO -   preprocessing: mice
2026-04-13 16:03:51,625 - phase4_4_tabicl - INFO - CatBoost done in 0.45s | acc=0.9927
2026-04-13 16:03:51,625 - phase4_4_tabicl - INFO -   preprocessing: mice_indicator
2026-04-13 16:03:59,823 - phase4_4_tabicl - INFO - CatBoost done in 0.48s | acc=0.9927
2026-04-13 16:03:59,823 - phase4_4_tabicl - INFO - 
--- CatBoost WITHOUT imputation (raw NaN, bonus) ---
2026-04-13 16:04:00,052 - phase4_4_tabicl - INFO - CatBoost done in 0.22s | acc=0.9951
