2026-04-12 11:36:50,883 - phase4_4_tabicl - INFO - ================================================================================
2026-04-12 11:36:50,883 - phase4_4_tabicl - INFO - PHASE 4.4: TabICL Foundation Model (Student 2)
2026-04-12 11:36:50,883 - phase4_4_tabicl - INFO - ================================================================================
2026-04-12 11:36:50,883 - phase4_4_tabicl - INFO - 
================================================================================
Phase 4.4: taiwan_bankruptcy
================================================================================
2026-04-12 11:36:51,025 - phase4_4_tabicl - INFO - Loaded 6819 samples, 95 features
2026-04-12 11:36:51,173 - phase4_4_tabicl - INFO - 
--- TabICL WITH imputation ---
2026-04-12 11:36:51,173 - phase4_4_tabicl - INFO -   preprocessing: median
2026-04-12 11:36:58,076 - phase4_4_tabicl - INFO - TabICL imported successfully
2026-04-12 11:41:01,779 - phase4_4_tabicl - INFO - TabICL done in 243.69s | acc=0.9721
2026-04-12 11:41:01,780 - phase4_4_tabicl - INFO -   preprocessing: mice
2026-04-12 11:41:05,715 - phase4_4_tabicl - INFO - TabICL imported successfully
2026-04-12 11:44:36,850 - phase4_4_tabicl - INFO - TabICL done in 211.13s | acc=0.9721
2026-04-12 11:44:36,852 - phase4_4_tabicl - INFO -   preprocessing: mice_indicator
2026-04-12 11:44:40,526 - phase4_4_tabicl - INFO - TabICL imported successfully
2026-04-12 11:48:13,062 - phase4_4_tabicl - INFO - TabICL done in 212.53s | acc=0.9721
2026-04-12 11:48:13,063 - phase4_4_tabicl - INFO - 
--- TabICL WITHOUT imputation (raw NaN) ---
2026-04-12 11:48:13,067 - phase4_4_tabicl - INFO - TabICL imported successfully
2026-04-12 11:51:41,101 - phase4_4_tabicl - INFO - TabICL done in 208.03s | acc=0.9721
2026-04-12 11:51:41,103 - phase4_4_tabicl - INFO - 
--- CatBoost WITH imputation (bonus) ---
2026-04-12 11:51:41,103 - phase4_4_tabicl - INFO -   preprocessing: median
2026-04-12 11:51:41,939 - phase4_4_tabicl - INFO - CatBoost done in 0.76s | acc=0.9714
2026-04-12 11:51:41,940 - phase4_4_tabicl - INFO -   preprocessing: mice
2026-04-12 11:51:46,205 - phase4_4_tabicl - INFO - CatBoost done in 0.60s | acc=0.9714
2026-04-12 11:51:46,206 - phase4_4_tabicl - INFO -   preprocessing: mice_indicator
2026-04-12 11:51:50,634 - phase4_4_tabicl - INFO - CatBoost done in 0.62s | acc=0.9714
2026-04-12 11:51:50,634 - phase4_4_tabicl - INFO - 
--- CatBoost WITHOUT imputation (raw NaN, bonus) ---
2026-04-12 11:51:51,227 - phase4_4_tabicl - INFO - CatBoost done in 0.59s | acc=0.9714
2026-04-12 11:51:51,230 - phase4_4_tabicl - INFO - 
================================================================================
Phase 4.4: polish_1year
================================================================================
2026-04-12 11:51:51,308 - phase4_4_tabicl - INFO - Loaded 7027 samples, 64 features
2026-04-12 11:51:51,404 - phase4_4_tabicl - INFO - 
--- TabICL WITH imputation ---
2026-04-12 11:51:51,405 - phase4_4_tabicl - INFO -   preprocessing: median
2026-04-12 11:51:51,430 - phase4_4_tabicl - INFO - TabICL imported successfully
2026-04-12 11:54:32,628 - phase4_4_tabicl - INFO - TabICL done in 161.19s | acc=0.9765
2026-04-12 11:54:32,629 - phase4_4_tabicl - INFO -   preprocessing: mice
2026-04-12 11:54:46,858 - phase4_4_tabicl - INFO - TabICL imported successfully
2026-04-12 11:57:28,042 - phase4_4_tabicl - INFO - TabICL done in 161.18s | acc=0.9858
2026-04-12 11:57:28,044 - phase4_4_tabicl - INFO -   preprocessing: mice_indicator
2026-04-12 11:57:42,298 - phase4_4_tabicl - INFO - TabICL imported successfully
2026-04-12 12:01:51,713 - phase4_4_tabicl - INFO - TabICL done in 249.40s | acc=0.9858
2026-04-12 12:01:51,716 - phase4_4_tabicl - INFO - 
--- TabICL WITHOUT imputation (raw NaN) ---
2026-04-12 12:01:51,721 - phase4_4_tabicl - INFO - TabICL imported successfully
2026-04-12 12:04:36,020 - phase4_4_tabicl - INFO - TabICL done in 164.29s | acc=0.9943
2026-04-12 12:04:36,021 - phase4_4_tabicl - INFO - 
--- CatBoost WITH imputation (bonus) ---
2026-04-12 12:04:36,022 - phase4_4_tabicl - INFO -   preprocessing: median
2026-04-12 12:04:36,725 - phase4_4_tabicl - INFO - CatBoost done in 0.67s | acc=0.9801
2026-04-12 12:04:36,725 - phase4_4_tabicl - INFO -   preprocessing: mice
2026-04-12 12:04:51,457 - phase4_4_tabicl - INFO - CatBoost done in 0.50s | acc=0.9822
2026-04-12 12:04:51,457 - phase4_4_tabicl - INFO -   preprocessing: mice_indicator
2026-04-12 12:05:06,284 - phase4_4_tabicl - INFO - CatBoost done in 0.54s | acc=0.9844
2026-04-12 12:05:06,285 - phase4_4_tabicl - INFO - 
--- CatBoost WITHOUT imputation (raw NaN, bonus) ---
2026-04-12 12:05:06,763 - phase4_4_tabicl - INFO - CatBoost done in 0.47s | acc=0.9829
2026-04-12 12:05:06,767 - phase4_4_tabicl - INFO - 
================================================================================
Phase 4.4: slovak_manufacture_13
================================================================================
2026-04-12 12:05:06,856 - phase4_4_tabicl - INFO - Loaded 4107 samples, 64 features
2026-04-12 12:05:07,123 - phase4_4_tabicl - INFO - 
--- TabICL WITH imputation ---
2026-04-12 12:05:07,123 - phase4_4_tabicl - INFO -   preprocessing: median
2026-04-12 12:05:07,145 - phase4_4_tabicl - INFO - TabICL imported successfully
2026-04-12 12:06:35,721 - phase4_4_tabicl - INFO - TabICL done in 88.57s | acc=0.9903
2026-04-12 12:06:35,723 - phase4_4_tabicl - INFO -   preprocessing: mice
2026-04-12 12:06:43,601 - phase4_4_tabicl - INFO - TabICL imported successfully
2026-04-12 12:08:11,231 - phase4_4_tabicl - INFO - TabICL done in 87.62s | acc=0.9903
2026-04-12 12:08:11,232 - phase4_4_tabicl - INFO -   preprocessing: mice_indicator
2026-04-12 12:08:18,843 - phase4_4_tabicl - INFO - TabICL imported successfully
2026-04-12 12:10:49,153 - phase4_4_tabicl - INFO - TabICL done in 150.30s | acc=0.9891
2026-04-12 12:10:49,154 - phase4_4_tabicl - INFO - 
--- TabICL WITHOUT imputation (raw NaN) ---
2026-04-12 12:10:49,157 - phase4_4_tabicl - INFO - TabICL imported successfully
2026-04-12 12:12:16,405 - phase4_4_tabicl - INFO - TabICL done in 87.24s | acc=0.9891
2026-04-12 12:12:16,406 - phase4_4_tabicl - INFO - 
--- CatBoost WITH imputation (bonus) ---
2026-04-12 12:12:16,406 - phase4_4_tabicl - INFO -   preprocessing: median
2026-04-12 12:12:16,677 - phase4_4_tabicl - INFO - CatBoost done in 0.24s | acc=0.9903
2026-04-12 12:12:16,677 - phase4_4_tabicl - INFO -   preprocessing: mice
2026-04-12 12:12:24,798 - phase4_4_tabicl - INFO - CatBoost done in 0.46s | acc=0.9927
2026-04-12 12:12:24,798 - phase4_4_tabicl - INFO -   preprocessing: mice_indicator
2026-04-12 12:12:32,979 - phase4_4_tabicl - INFO - CatBoost done in 0.47s | acc=0.9927
2026-04-12 12:12:32,980 - phase4_4_tabicl - INFO - 
--- CatBoost WITHOUT imputation (raw NaN, bonus) ---
2026-04-12 12:12:33,207 - phase4_4_tabicl - INFO - CatBoost done in 0.22s | acc=0.9951
