2026-04-11 13:11:40,945 - phase4_4_tabl - INFO - ================================================================================
2026-04-11 13:11:40,945 - phase4_4_tabl - INFO - PHASE 4.4: TabICL Foundation Model Testing
2026-04-11 13:11:40,945 - phase4_4_tabl - INFO - ================================================================================
2026-04-11 13:11:40,945 - phase4_4_tabl - INFO - TabICL Available: False
2026-04-11 13:11:40,945 - phase4_4_tabl - INFO - 
================================================================================
2026-04-11 13:11:40,945 - phase4_4_tabl - INFO - Starting Phase 4.4 experiment on taiwan_bankruptcy
2026-04-11 13:11:40,946 - phase4_4_tabl - INFO - ================================================================================
2026-04-11 13:11:41,041 - phase4_4_tabl - INFO - Loaded 6819 samples with 95 features
2026-04-11 13:11:41,137 - phase4_4_tabl - INFO - Using precomputed split from data/splits
2026-04-11 13:11:41,138 - phase4_4_tabl - INFO - 
=== Testing WITH Imputation ===
2026-04-11 13:11:41,138 - phase4_4_tabl - INFO - 
Preprocessing: median
2026-04-11 13:11:41,207 - phase4_4_tabl - INFO - Testing TabICL with median
2026-04-11 13:11:41,208 - phase4_4_tabl - WARNING - TabICL not available: No module named 'tabl'
2026-04-11 13:11:41,208 - phase4_4_tabl - INFO - 
Preprocessing: mice
2026-04-11 13:11:45,019 - phase4_4_tabl - INFO - Testing TabICL with mice
2026-04-11 13:11:45,020 - phase4_4_tabl - WARNING - TabICL not available: No module named 'tabl'
2026-04-11 13:11:45,020 - phase4_4_tabl - INFO - 
=== Testing WITHOUT Imputation (Raw NaN values) ===
2026-04-11 13:11:45,052 - phase4_4_tabl - WARNING - Note: StandardScaler cannot handle NaN values directly
2026-04-11 13:11:45,052 - phase4_4_tabl - INFO - Testing TabICL's native NaN handling capability...
2026-04-11 13:11:45,055 - phase4_4_tabl - WARNING - TabICL not available: No module named 'tabl'
2026-04-11 13:11:45,057 - phase4_4_tabl - INFO - 
================================================================================
2026-04-11 13:11:45,057 - phase4_4_tabl - INFO - Starting Phase 4.4 experiment on polish_1year
2026-04-11 13:11:45,057 - phase4_4_tabl - INFO - ================================================================================
2026-04-11 13:11:45,100 - phase4_4_tabl - INFO - Loaded 7027 samples with 64 features
2026-04-11 13:11:45,142 - phase4_4_tabl - INFO - Using precomputed split from data/splits
2026-04-11 13:11:45,142 - phase4_4_tabl - INFO - 
=== Testing WITH Imputation ===
2026-04-11 13:11:45,142 - phase4_4_tabl - INFO - 
Preprocessing: median
2026-04-11 13:11:45,195 - phase4_4_tabl - INFO - Testing TabICL with median
2026-04-11 13:11:45,196 - phase4_4_tabl - WARNING - TabICL not available: No module named 'tabl'
2026-04-11 13:11:45,196 - phase4_4_tabl - INFO - 
Preprocessing: mice
2026-04-11 13:11:59,550 - phase4_4_tabl - INFO - Testing TabICL with mice
2026-04-11 13:11:59,551 - phase4_4_tabl - WARNING - TabICL not available: No module named 'tabl'
2026-04-11 13:11:59,551 - phase4_4_tabl - INFO - 
=== Testing WITHOUT Imputation (Raw NaN values) ===
2026-04-11 13:11:59,572 - phase4_4_tabl - WARNING - Note: StandardScaler cannot handle NaN values directly
2026-04-11 13:11:59,572 - phase4_4_tabl - INFO - Testing TabICL's native NaN handling capability...
2026-04-11 13:11:59,574 - phase4_4_tabl - WARNING - TabICL not available: No module named 'tabl'
2026-04-11 13:11:59,580 - phase4_4_tabl - INFO - 
================================================================================
2026-04-11 13:11:59,580 - phase4_4_tabl - INFO - Starting Phase 4.4 experiment on slovak_manufacture_13
2026-04-11 13:11:59,580 - phase4_4_tabl - INFO - ================================================================================
2026-04-11 13:11:59,636 - phase4_4_tabl - INFO - Loaded 4107 samples with 64 features
2026-04-11 13:11:59,702 - phase4_4_tabl - INFO - Using precomputed split from data/splits
2026-04-11 13:11:59,702 - phase4_4_tabl - INFO - 
=== Testing WITH Imputation ===
2026-04-11 13:11:59,702 - phase4_4_tabl - INFO - 
Preprocessing: median
2026-04-11 13:11:59,921 - phase4_4_tabl - INFO - Testing TabICL with median
2026-04-11 13:11:59,922 - phase4_4_tabl - WARNING - TabICL not available: No module named 'tabl'
2026-04-11 13:11:59,922 - phase4_4_tabl - INFO - 
Preprocessing: mice
2026-04-11 13:12:07,704 - phase4_4_tabl - INFO - Testing TabICL with mice
2026-04-11 13:12:07,705 - phase4_4_tabl - WARNING - TabICL not available: No module named 'tabl'
2026-04-11 13:12:07,705 - phase4_4_tabl - INFO - 
=== Testing WITHOUT Imputation (Raw NaN values) ===
2026-04-11 13:12:07,916 - phase4_4_tabl - WARNING - Note: StandardScaler cannot handle NaN values directly
2026-04-11 13:12:07,916 - phase4_4_tabl - INFO - Testing TabICL's native NaN handling capability...
2026-04-11 13:12:07,918 - phase4_4_tabl - WARNING - TabICL not available: No module named 'tabl'
2026-04-11 13:12:07,926 - phase4_4_tabl - INFO - 
✓ Phase 4.4 experiments complete. Results: C:\Users\TaroM\Documents\унік коди\project\results\tables\phase4_4_tabl_results.json
