2026-04-21 14:55:26,112 - student1_3_3_imputation - INFO - ================================================================================
2026-04-21 14:55:26,112 - student1_3_3_imputation - INFO - STUDENT 1 - TASK 3.3: SIMPLE IMPUTATION METHODS
2026-04-21 14:55:26,112 - student1_3_3_imputation - INFO - ================================================================================
2026-04-21 14:55:26,112 - student1_3_3_imputation - INFO - Precomputed splits present; skipping Phase 3.1 setup.
2026-04-21 14:55:26,112 - student1_3_3_imputation - INFO - 
================================================================================
Student 1 - Task 3.3: taiwan_bankruptcy
================================================================================
2026-04-21 14:55:26,275 - student1_3_3_imputation - INFO - Scenario native | preprocessing mean
2026-04-21 14:55:26,295 - student1_3_3_imputation - INFO - Scenario native | preprocessing median
2026-04-21 14:55:26,318 - student1_3_3_imputation - INFO - Scenario native | preprocessing knn
2026-04-21 14:55:26,334 - student1_3_3_imputation - INFO - Scenario MCAR_5pct
2026-04-21 14:55:30,154 - student1_3_3_imputation - INFO - Scenario MCAR_10pct
2026-04-21 14:55:35,464 - student1_3_3_imputation - INFO - Scenario MCAR_15pct
2026-04-21 14:55:42,550 - student1_3_3_imputation - INFO - Scenario MCAR_20pct
2026-04-21 14:55:51,206 - student1_3_3_imputation - INFO - Scenario MCAR_30pct
2026-04-21 14:56:03,889 - student1_3_3_imputation - INFO - Scenario MCAR_40pct
2026-04-21 14:56:22,051 - student1_3_3_imputation - INFO - Scenario MAR_5pct
2026-04-21 14:56:25,933 - student1_3_3_imputation - INFO - Scenario MAR_10pct
2026-04-21 14:56:31,439 - student1_3_3_imputation - INFO - Scenario MAR_15pct
2026-04-21 14:56:38,670 - student1_3_3_imputation - INFO - Scenario MAR_20pct
2026-04-21 14:56:47,493 - student1_3_3_imputation - INFO - Scenario MAR_30pct
2026-04-21 14:57:00,284 - student1_3_3_imputation - INFO - Scenario MAR_40pct
2026-04-21 14:57:18,115 - student1_3_3_imputation - INFO - Scenario MNAR_5pct
2026-04-21 14:57:21,809 - student1_3_3_imputation - INFO - Scenario MNAR_10pct
2026-04-21 14:57:27,257 - student1_3_3_imputation - INFO - Scenario MNAR_15pct
2026-04-21 14:57:34,432 - student1_3_3_imputation - INFO - Scenario MNAR_20pct
2026-04-21 14:57:43,262 - student1_3_3_imputation - INFO - Scenario MNAR_30pct
2026-04-21 14:57:56,703 - student1_3_3_imputation - INFO - Scenario MNAR_40pct
2026-04-21 14:58:17,382 - student1_3_3_imputation - INFO - 
================================================================================
Student 1 - Task 3.3: polish_1year
================================================================================
2026-04-21 14:58:17,449 - student1_3_3_imputation - INFO - Scenario native | preprocessing mean
2026-04-21 14:58:17,465 - student1_3_3_imputation - INFO - Scenario native | preprocessing median
2026-04-21 14:58:17,484 - student1_3_3_imputation - INFO - Scenario native | preprocessing knn
2026-04-21 14:58:18,600 - student1_3_3_imputation - INFO - Scenario MCAR_5pct
2026-04-21 14:58:21,314 - student1_3_3_imputation - INFO - Scenario MCAR_10pct
2026-04-21 14:58:25,348 - student1_3_3_imputation - INFO - Scenario MCAR_15pct
2026-04-21 14:58:30,449 - student1_3_3_imputation - INFO - Scenario MCAR_20pct
2026-04-21 14:58:36,639 - student1_3_3_imputation - INFO - Scenario MCAR_30pct
2026-04-21 14:58:44,837 - student1_3_3_imputation - INFO - Scenario MCAR_40pct
2026-04-21 14:58:54,500 - student1_3_3_imputation - INFO - Scenario MAR_5pct
2026-04-21 14:58:57,221 - student1_3_3_imputation - INFO - Scenario MAR_10pct
2026-04-21 14:59:01,265 - student1_3_3_imputation - INFO - Scenario MAR_15pct
2026-04-21 14:59:06,486 - student1_3_3_imputation - INFO - Scenario MAR_20pct
2026-04-21 14:59:12,700 - student1_3_3_imputation - INFO - Scenario MAR_30pct
2026-04-21 14:59:21,223 - student1_3_3_imputation - INFO - Scenario MAR_40pct
2026-04-21 14:59:31,278 - student1_3_3_imputation - INFO - Scenario MNAR_5pct
2026-04-21 14:59:34,022 - student1_3_3_imputation - INFO - Scenario MNAR_10pct
2026-04-21 14:59:38,070 - student1_3_3_imputation - INFO - Scenario MNAR_15pct
2026-04-21 14:59:43,311 - student1_3_3_imputation - INFO - Scenario MNAR_20pct
2026-04-21 14:59:49,661 - student1_3_3_imputation - INFO - Scenario MNAR_30pct
2026-04-21 14:59:58,092 - student1_3_3_imputation - INFO - Scenario MNAR_40pct
2026-04-21 15:00:08,090 - student1_3_3_imputation - INFO - 
================================================================================
Student 1 - Task 3.3: slovak_manufacture_13
================================================================================
2026-04-21 15:00:08,266 - student1_3_3_imputation - INFO - Scenario native | preprocessing mean
2026-04-21 15:00:08,280 - student1_3_3_imputation - INFO - Scenario native | preprocessing median
2026-04-21 15:00:08,296 - student1_3_3_imputation - INFO - Scenario native | preprocessing knn
2026-04-21 15:00:10,246 - student1_3_3_imputation - INFO - Scenario MCAR_5pct
2026-04-21 15:00:12,189 - student1_3_3_imputation - INFO - Scenario MCAR_10pct
2026-04-21 15:00:14,131 - student1_3_3_imputation - INFO - Scenario MCAR_15pct
2026-04-21 15:00:16,074 - student1_3_3_imputation - INFO - Scenario MCAR_20pct
2026-04-21 15:00:18,013 - student1_3_3_imputation - INFO - Scenario MCAR_30pct
2026-04-21 15:00:19,951 - student1_3_3_imputation - INFO - Scenario MCAR_40pct
2026-04-21 15:00:21,908 - student1_3_3_imputation - INFO - Scenario MAR_5pct
2026-04-21 15:00:23,847 - student1_3_3_imputation - INFO - Scenario MAR_10pct
2026-04-21 15:00:25,785 - student1_3_3_imputation - INFO - Scenario MAR_15pct
2026-04-21 15:00:27,727 - student1_3_3_imputation - INFO - Scenario MAR_20pct
2026-04-21 15:00:29,686 - student1_3_3_imputation - INFO - Scenario MAR_30pct
2026-04-21 15:00:31,632 - student1_3_3_imputation - INFO - Scenario MAR_40pct
2026-04-21 15:00:33,578 - student1_3_3_imputation - INFO - Scenario MNAR_5pct
2026-04-21 15:00:35,529 - student1_3_3_imputation - INFO - Scenario MNAR_10pct
2026-04-21 15:00:37,461 - student1_3_3_imputation - INFO - Scenario MNAR_15pct
2026-04-21 15:00:39,414 - student1_3_3_imputation - INFO - Scenario MNAR_20pct
2026-04-21 15:00:41,355 - student1_3_3_imputation - INFO - Scenario MNAR_30pct
2026-04-21 15:00:43,303 - student1_3_3_imputation - INFO - Scenario MNAR_40pct
