2026-04-11 13:06:53,874 - phase4_4_tabl - INFO - ================================================================================
2026-04-11 13:06:53,874 - phase4_4_tabl - INFO - PHASE 4.4: TabICL Foundation Model Testing
2026-04-11 13:06:53,874 - phase4_4_tabl - INFO - ================================================================================
2026-04-11 13:06:53,875 - phase4_4_tabl - INFO - TabICL Available: False
2026-04-11 13:06:53,875 - phase4_4_tabl - INFO - 
================================================================================
2026-04-11 13:06:53,875 - phase4_4_tabl - INFO - Starting Phase 4.4 experiment on taiwan_bankruptcy
2026-04-11 13:06:53,875 - phase4_4_tabl - INFO - ================================================================================
2026-04-11 13:06:53,970 - phase4_4_tabl - INFO - Loaded 6819 samples with 95 features
2026-04-11 13:06:54,062 - phase4_4_tabl - INFO - Using precomputed split from data/splits
2026-04-11 13:06:54,063 - phase4_4_tabl - INFO - 
=== Testing WITH Imputation ===
2026-04-11 13:06:54,063 - phase4_4_tabl - INFO - 
Preprocessing: median
2026-04-11 13:06:54,133 - phase4_4_tabl - INFO - Testing TabICL with median
2026-04-11 13:06:54,134 - phase4_4_tabl - WARNING - TabICL not available: No module named 'tabl'
2026-04-11 13:06:54,134 - phase4_4_tabl - INFO - 
Preprocessing: mice
2026-04-11 13:06:58,234 - phase4_4_tabl - INFO - Testing TabICL with mice
2026-04-11 13:06:58,235 - phase4_4_tabl - WARNING - TabICL not available: No module named 'tabl'
2026-04-11 13:06:58,235 - phase4_4_tabl - INFO - 
=== Testing WITHOUT Imputation (Raw NaN values) ===
2026-04-11 13:06:58,264 - phase4_4_tabl - WARNING - Note: StandardScaler cannot handle NaN values directly
2026-04-11 13:06:58,265 - phase4_4_tabl - INFO - Testing TabICL's native NaN handling capability...
2026-04-11 13:06:58,267 - phase4_4_tabl - WARNING - TabICL not available: No module named 'tabl'
2026-04-11 13:06:58,270 - phase4_4_tabl - INFO - 
================================================================================
2026-04-11 13:06:58,270 - phase4_4_tabl - INFO - Starting Phase 4.4 experiment on polish_1year
2026-04-11 13:06:58,270 - phase4_4_tabl - INFO - ================================================================================
2026-04-11 13:06:58,311 - phase4_4_tabl - INFO - Loaded 7027 samples with 64 features
2026-04-11 13:06:58,352 - phase4_4_tabl - INFO - Using precomputed split from data/splits
2026-04-11 13:06:58,353 - phase4_4_tabl - INFO - 
=== Testing WITH Imputation ===
2026-04-11 13:06:58,353 - phase4_4_tabl - INFO - 
Preprocessing: median
2026-04-11 13:06:58,416 - phase4_4_tabl - INFO - Testing TabICL with median
2026-04-11 13:06:58,417 - phase4_4_tabl - WARNING - TabICL not available: No module named 'tabl'
2026-04-11 13:06:58,417 - phase4_4_tabl - INFO - 
Preprocessing: mice
2026-04-11 13:07:14,051 - phase4_4_tabl - INFO - Testing TabICL with mice
2026-04-11 13:07:14,052 - phase4_4_tabl - WARNING - TabICL not available: No module named 'tabl'
2026-04-11 13:07:14,052 - phase4_4_tabl - INFO - 
=== Testing WITHOUT Imputation (Raw NaN values) ===
2026-04-11 13:07:14,071 - phase4_4_tabl - WARNING - Note: StandardScaler cannot handle NaN values directly
2026-04-11 13:07:14,071 - phase4_4_tabl - INFO - Testing TabICL's native NaN handling capability...
2026-04-11 13:07:14,073 - phase4_4_tabl - WARNING - TabICL not available: No module named 'tabl'
2026-04-11 13:07:14,077 - phase4_4_tabl - INFO - 
================================================================================
2026-04-11 13:07:14,077 - phase4_4_tabl - INFO - Starting Phase 4.4 experiment on slovak_manufacture_13
2026-04-11 13:07:14,077 - phase4_4_tabl - INFO - ================================================================================
2026-04-11 13:07:14,128 - phase4_4_tabl - INFO - Loaded 4107 samples with 64 features
2026-04-11 13:07:14,186 - phase4_4_tabl - INFO - Using precomputed split from data/splits
2026-04-11 13:07:14,186 - phase4_4_tabl - INFO - 
=== Testing WITH Imputation ===
2026-04-11 13:07:14,186 - phase4_4_tabl - INFO - 
Preprocessing: median
2026-04-11 13:07:14,403 - phase4_4_tabl - INFO - Testing TabICL with median
2026-04-11 13:07:14,404 - phase4_4_tabl - WARNING - TabICL not available: No module named 'tabl'
2026-04-11 13:07:14,404 - phase4_4_tabl - INFO - 
Preprocessing: mice
2026-04-11 13:07:22,454 - phase4_4_tabl - INFO - Testing TabICL with mice
2026-04-11 13:07:22,455 - phase4_4_tabl - WARNING - TabICL not available: No module named 'tabl'
2026-04-11 13:07:22,455 - phase4_4_tabl - INFO - 
=== Testing WITHOUT Imputation (Raw NaN values) ===
2026-04-11 13:07:22,665 - phase4_4_tabl - WARNING - Note: StandardScaler cannot handle NaN values directly
2026-04-11 13:07:22,665 - phase4_4_tabl - INFO - Testing TabICL's native NaN handling capability...
2026-04-11 13:07:22,667 - phase4_4_tabl - WARNING - TabICL not available: No module named 'tabl'
2026-04-11 13:07:22,676 - phase4_4_tabl - INFO - 
✓ Phase 4.4 experiments complete. Results: C:\Users\TaroM\Documents\унік коди\project\results\tables\phase4_4_tabl_results.json
