2026-04-21 15:35:58,519 - student1_3_2_verification - INFO - ================================================================================
2026-04-21 15:35:58,519 - student1_3_2_verification - INFO - STUDENT 1 - TASK 3.2: MISSINGNESS INJECTION VERIFICATION
2026-04-21 15:35:58,519 - student1_3_2_verification - INFO - ================================================================================
2026-04-21 15:35:58,520 - student1_3_2_verification - INFO - Precomputed splits present; skipping Phase 3.1 setup.
2026-04-21 15:35:58,520 - student1_3_2_verification - INFO - 
================================================================================
Student 1 - Task 3.2 verification: taiwan_bankruptcy
================================================================================
2026-04-21 15:35:58,690 - student1_3_2_verification - INFO - Initial numeric missing fraction (train): 0.000000
2026-04-21 15:35:58,847 - student1_3_2_verification - INFO -   MCAR target=0.05 -> final=0.0500 (abs_dev=-0.0000, rel_dev=-0.00%, passed=True)
2026-04-21 15:35:59,152 - student1_3_2_verification - INFO -   MCAR target=0.10 -> final=0.1000 (abs_dev=-0.0000, rel_dev=-0.00%, passed=True)
2026-04-21 15:35:59,599 - student1_3_2_verification - INFO -   MCAR target=0.15 -> final=0.1500 (abs_dev=+0.0000, rel_dev=+0.00%, passed=True)
2026-04-21 15:36:00,228 - student1_3_2_verification - INFO -   MCAR target=0.20 -> final=0.2000 (abs_dev=+0.0000, rel_dev=+0.00%, passed=True)
2026-04-21 15:36:01,116 - student1_3_2_verification - INFO -   MCAR target=0.30 -> final=0.3000 (abs_dev=+0.0000, rel_dev=+0.00%, passed=True)
2026-04-21 15:36:02,288 - student1_3_2_verification - INFO -   MCAR target=0.40 -> final=0.4000 (abs_dev=+0.0000, rel_dev=+0.00%, passed=True)
2026-04-21 15:36:02,660 - student1_3_2_verification - INFO -   MAR target=0.05 -> final=0.0500 (abs_dev=-0.0000, rel_dev=-0.00%, passed=True)
2026-04-21 15:36:03,151 - student1_3_2_verification - INFO -   MAR target=0.10 -> final=0.1000 (abs_dev=-0.0000, rel_dev=-0.00%, passed=True)
2026-04-21 15:36:03,815 - student1_3_2_verification - INFO -   MAR target=0.15 -> final=0.1500 (abs_dev=+0.0000, rel_dev=+0.00%, passed=True)
2026-04-21 15:36:04,649 - student1_3_2_verification - INFO -   MAR target=0.20 -> final=0.2000 (abs_dev=+0.0000, rel_dev=+0.00%, passed=True)
2026-04-21 15:36:05,850 - student1_3_2_verification - INFO -   MAR target=0.30 -> final=0.3000 (abs_dev=+0.0000, rel_dev=+0.00%, passed=True)
2026-04-21 15:36:07,354 - student1_3_2_verification - INFO -   MAR target=0.40 -> final=0.4000 (abs_dev=+0.0000, rel_dev=+0.00%, passed=True)
2026-04-21 15:36:07,675 - student1_3_2_verification - INFO -   MNAR target=0.05 -> final=0.0500 (abs_dev=-0.0000, rel_dev=-0.00%, passed=True)
2026-04-21 15:36:08,160 - student1_3_2_verification - INFO -   MNAR target=0.10 -> final=0.1000 (abs_dev=-0.0000, rel_dev=-0.00%, passed=True)
2026-04-21 15:36:08,814 - student1_3_2_verification - INFO -   MNAR target=0.15 -> final=0.1500 (abs_dev=+0.0000, rel_dev=+0.00%, passed=True)
2026-04-21 15:36:09,627 - student1_3_2_verification - INFO -   MNAR target=0.20 -> final=0.2000 (abs_dev=+0.0000, rel_dev=+0.00%, passed=True)
2026-04-21 15:36:10,764 - student1_3_2_verification - INFO -   MNAR target=0.30 -> final=0.3000 (abs_dev=+0.0000, rel_dev=+0.00%, passed=True)
2026-04-21 15:36:12,231 - student1_3_2_verification - INFO -   MNAR target=0.40 -> final=0.4000 (abs_dev=+0.0000, rel_dev=+0.00%, passed=True)
2026-04-21 15:36:12,232 - student1_3_2_verification - INFO - 
================================================================================
Student 1 - Task 3.2 verification: polish_1year
================================================================================
2026-04-21 15:36:12,304 - student1_3_2_verification - INFO - Initial numeric missing fraction (train): 0.012962
2026-04-21 15:36:12,384 - student1_3_2_verification - INFO -   MCAR target=0.05 -> final=0.0500 (abs_dev=-0.0000, rel_dev=-0.00%, passed=True)
2026-04-21 15:36:12,563 - student1_3_2_verification - INFO -   MCAR target=0.10 -> final=0.1000 (abs_dev=-0.0000, rel_dev=-0.00%, passed=True)
2026-04-21 15:36:12,835 - student1_3_2_verification - INFO -   MCAR target=0.15 -> final=0.1500 (abs_dev=+0.0000, rel_dev=+0.00%, passed=True)
2026-04-21 15:36:13,210 - student1_3_2_verification - INFO -   MCAR target=0.20 -> final=0.2000 (abs_dev=+0.0000, rel_dev=+0.00%, passed=True)
2026-04-21 15:36:13,792 - student1_3_2_verification - INFO -   MCAR target=0.30 -> final=0.3000 (abs_dev=-0.0000, rel_dev=-0.00%, passed=True)
2026-04-21 15:36:14,554 - student1_3_2_verification - INFO -   MCAR target=0.40 -> final=0.4000 (abs_dev=+0.0000, rel_dev=+0.00%, passed=True)
2026-04-21 15:36:14,755 - student1_3_2_verification - INFO -   MAR target=0.05 -> final=0.0500 (abs_dev=-0.0000, rel_dev=-0.00%, passed=True)
2026-04-21 15:36:15,085 - student1_3_2_verification - INFO -   MAR target=0.10 -> final=0.1000 (abs_dev=-0.0000, rel_dev=-0.00%, passed=True)
2026-04-21 15:36:15,523 - student1_3_2_verification - INFO -   MAR target=0.15 -> final=0.1500 (abs_dev=+0.0000, rel_dev=+0.00%, passed=True)
2026-04-21 15:36:16,084 - student1_3_2_verification - INFO -   MAR target=0.20 -> final=0.2000 (abs_dev=+0.0000, rel_dev=+0.00%, passed=True)
2026-04-21 15:36:16,843 - student1_3_2_verification - INFO -   MAR target=0.30 -> final=0.3000 (abs_dev=-0.0000, rel_dev=-0.00%, passed=True)
2026-04-21 15:36:17,824 - student1_3_2_verification - INFO -   MAR target=0.40 -> final=0.4000 (abs_dev=+0.0000, rel_dev=+0.00%, passed=True)
2026-04-21 15:36:18,021 - student1_3_2_verification - INFO -   MNAR target=0.05 -> final=0.0500 (abs_dev=-0.0000, rel_dev=-0.00%, passed=True)
2026-04-21 15:36:18,327 - student1_3_2_verification - INFO -   MNAR target=0.10 -> final=0.1000 (abs_dev=-0.0000, rel_dev=-0.00%, passed=True)
2026-04-21 15:36:18,773 - student1_3_2_verification - INFO -   MNAR target=0.15 -> final=0.1500 (abs_dev=+0.0000, rel_dev=+0.00%, passed=True)
2026-04-21 15:36:19,310 - student1_3_2_verification - INFO -   MNAR target=0.20 -> final=0.2000 (abs_dev=+0.0000, rel_dev=+0.00%, passed=True)
2026-04-21 15:36:20,083 - student1_3_2_verification - INFO -   MNAR target=0.30 -> final=0.3000 (abs_dev=-0.0000, rel_dev=-0.00%, passed=True)
2026-04-21 15:36:21,055 - student1_3_2_verification - INFO -   MNAR target=0.40 -> final=0.4000 (abs_dev=+0.0000, rel_dev=+0.00%, passed=True)
2026-04-21 15:36:21,056 - student1_3_2_verification - INFO - 
================================================================================
Student 1 - Task 3.2 verification: slovak_manufacture_13
================================================================================
2026-04-21 15:36:21,239 - student1_3_2_verification - INFO - Initial numeric missing fraction (train): 0.926294
2026-04-21 15:36:21,242 - student1_3_2_verification - INFO -   MCAR target=0.05 -> final=0.9263 (abs_dev=+0.8763, rel_dev=+1752.59%, passed=False)
2026-04-21 15:36:21,244 - student1_3_2_verification - INFO -   MCAR target=0.10 -> final=0.9263 (abs_dev=+0.8263, rel_dev=+826.29%, passed=False)
2026-04-21 15:36:21,246 - student1_3_2_verification - INFO -   MCAR target=0.15 -> final=0.9263 (abs_dev=+0.7763, rel_dev=+517.53%, passed=False)
2026-04-21 15:36:21,248 - student1_3_2_verification - INFO -   MCAR target=0.20 -> final=0.9263 (abs_dev=+0.7263, rel_dev=+363.15%, passed=False)
2026-04-21 15:36:21,251 - student1_3_2_verification - INFO -   MCAR target=0.30 -> final=0.9263 (abs_dev=+0.6263, rel_dev=+208.76%, passed=False)
2026-04-21 15:36:21,253 - student1_3_2_verification - INFO -   MCAR target=0.40 -> final=0.9263 (abs_dev=+0.5263, rel_dev=+131.57%, passed=False)
2026-04-21 15:36:21,255 - student1_3_2_verification - INFO -   MAR target=0.05 -> final=0.9263 (abs_dev=+0.8763, rel_dev=+1752.59%, passed=False)
2026-04-21 15:36:21,257 - student1_3_2_verification - INFO -   MAR target=0.10 -> final=0.9263 (abs_dev=+0.8263, rel_dev=+826.29%, passed=False)
2026-04-21 15:36:21,259 - student1_3_2_verification - INFO -   MAR target=0.15 -> final=0.9263 (abs_dev=+0.7763, rel_dev=+517.53%, passed=False)
2026-04-21 15:36:21,262 - student1_3_2_verification - INFO -   MAR target=0.20 -> final=0.9263 (abs_dev=+0.7263, rel_dev=+363.15%, passed=False)
2026-04-21 15:36:21,264 - student1_3_2_verification - INFO -   MAR target=0.30 -> final=0.9263 (abs_dev=+0.6263, rel_dev=+208.76%, passed=False)
2026-04-21 15:36:21,266 - student1_3_2_verification - INFO -   MAR target=0.40 -> final=0.9263 (abs_dev=+0.5263, rel_dev=+131.57%, passed=False)
2026-04-21 15:36:21,268 - student1_3_2_verification - INFO -   MNAR target=0.05 -> final=0.9263 (abs_dev=+0.8763, rel_dev=+1752.59%, passed=False)
2026-04-21 15:36:21,270 - student1_3_2_verification - INFO -   MNAR target=0.10 -> final=0.9263 (abs_dev=+0.8263, rel_dev=+826.29%, passed=False)
2026-04-21 15:36:21,272 - student1_3_2_verification - INFO -   MNAR target=0.15 -> final=0.9263 (abs_dev=+0.7763, rel_dev=+517.53%, passed=False)
2026-04-21 15:36:21,274 - student1_3_2_verification - INFO -   MNAR target=0.20 -> final=0.9263 (abs_dev=+0.7263, rel_dev=+363.15%, passed=False)
2026-04-21 15:36:21,277 - student1_3_2_verification - INFO -   MNAR target=0.30 -> final=0.9263 (abs_dev=+0.6263, rel_dev=+208.76%, passed=False)
2026-04-21 15:36:21,279 - student1_3_2_verification - INFO -   MNAR target=0.40 -> final=0.9263 (abs_dev=+0.5263, rel_dev=+131.57%, passed=False)
2026-04-21 15:36:21,292 - student1_3_2_verification - INFO - ================================================================================
2026-04-21 15:36:21,292 - student1_3_2_verification - INFO - SUMMARY: 36/54 scenarios within tolerance (0.01 abs); 18 failed
2026-04-21 15:36:21,292 - student1_3_2_verification - INFO - ================================================================================
