2026-04-21 15:00:46,487 - student1_3_4_baselines - INFO - ================================================================================
2026-04-21 15:00:46,488 - student1_3_4_baselines - INFO - STUDENT 1 - TASK 3.4: BASELINE MODELS
2026-04-21 15:00:46,488 - student1_3_4_baselines - INFO - ================================================================================
2026-04-21 15:00:46,488 - student1_3_4_baselines - INFO - Precomputed splits present; skipping Phase 3.1 setup.
2026-04-21 15:00:46,488 - student1_3_4_baselines - INFO - 
================================================================================
Student 1 - Task 3.4: taiwan_bankruptcy
================================================================================
2026-04-21 15:00:46,651 - student1_3_4_baselines - INFO - Scenario native | preprocessing mean
2026-04-21 15:00:46,711 - student1_3_4_baselines - INFO -     logistic_regression done in 0.03s | acc=0.9619
2026-04-21 15:00:46,980 - student1_3_4_baselines - INFO -     random_forest done in 0.26s | acc=0.9692
2026-04-21 15:00:46,981 - student1_3_4_baselines - INFO - Scenario native | preprocessing median
2026-04-21 15:00:47,043 - student1_3_4_baselines - INFO -     logistic_regression done in 0.03s | acc=0.9619
2026-04-21 15:00:47,299 - student1_3_4_baselines - INFO -     random_forest done in 0.24s | acc=0.9692
2026-04-21 15:00:47,300 - student1_3_4_baselines - INFO - Scenario native | preprocessing knn
2026-04-21 15:00:47,354 - student1_3_4_baselines - INFO -     logistic_regression done in 0.03s | acc=0.9619
2026-04-21 15:00:47,611 - student1_3_4_baselines - INFO -     random_forest done in 0.25s | acc=0.9692
2026-04-21 15:00:47,611 - student1_3_4_baselines - INFO - Scenario MCAR_5pct
2026-04-21 15:00:47,827 - student1_3_4_baselines - INFO -     logistic_regression done in 0.03s | acc=0.9604
2026-04-21 15:00:48,096 - student1_3_4_baselines - INFO -     random_forest done in 0.26s | acc=0.9714
2026-04-21 15:00:48,159 - student1_3_4_baselines - INFO -     logistic_regression done in 0.03s | acc=0.9604
2026-04-21 15:00:48,446 - student1_3_4_baselines - INFO -     random_forest done in 0.27s | acc=0.9685
2026-04-21 15:00:51,826 - student1_3_4_baselines - INFO -     logistic_regression done in 0.03s | acc=0.9597
2026-04-21 15:00:52,117 - student1_3_4_baselines - INFO -     random_forest done in 0.28s | acc=0.9714
2026-04-21 15:00:52,118 - student1_3_4_baselines - INFO - Scenario MCAR_10pct
2026-04-21 15:00:52,467 - student1_3_4_baselines - INFO -     logistic_regression done in 0.02s | acc=0.9626
2026-04-21 15:00:52,740 - student1_3_4_baselines - INFO -     random_forest done in 0.26s | acc=0.9699
2026-04-21 15:00:52,803 - student1_3_4_baselines - INFO -     logistic_regression done in 0.03s | acc=0.9611
2026-04-21 15:00:53,086 - student1_3_4_baselines - INFO -     random_forest done in 0.27s | acc=0.9670
2026-04-21 15:00:58,027 - student1_3_4_baselines - INFO -     logistic_regression done in 0.03s | acc=0.9611
2026-04-21 15:00:58,316 - student1_3_4_baselines - INFO -     random_forest done in 0.28s | acc=0.9685
2026-04-21 15:00:58,317 - student1_3_4_baselines - INFO - Scenario MCAR_15pct
2026-04-21 15:00:58,814 - student1_3_4_baselines - INFO -     logistic_regression done in 0.02s | acc=0.9619
2026-04-21 15:00:59,102 - student1_3_4_baselines - INFO -     random_forest done in 0.28s | acc=0.9699
2026-04-21 15:00:59,160 - student1_3_4_baselines - INFO -     logistic_regression done in 0.02s | acc=0.9619
2026-04-21 15:00:59,433 - student1_3_4_baselines - INFO -     random_forest done in 0.26s | acc=0.9714
2026-04-21 15:01:06,070 - student1_3_4_baselines - INFO -     logistic_regression done in 0.02s | acc=0.9619
2026-04-21 15:01:06,377 - student1_3_4_baselines - INFO -     random_forest done in 0.30s | acc=0.9707
2026-04-21 15:01:06,378 - student1_3_4_baselines - INFO - Scenario MCAR_20pct
2026-04-21 15:01:07,029 - student1_3_4_baselines - INFO -     logistic_regression done in 0.03s | acc=0.9611
2026-04-21 15:01:07,307 - student1_3_4_baselines - INFO -     random_forest done in 0.27s | acc=0.9677
2026-04-21 15:01:07,366 - student1_3_4_baselines - INFO -     logistic_regression done in 0.02s | acc=0.9611
2026-04-21 15:01:07,645 - student1_3_4_baselines - INFO -     random_forest done in 0.27s | acc=0.9685
2026-04-21 15:01:15,818 - student1_3_4_baselines - INFO -     logistic_regression done in 0.02s | acc=0.9575
2026-04-21 15:01:16,086 - student1_3_4_baselines - INFO -     random_forest done in 0.26s | acc=0.9692
2026-04-21 15:01:16,086 - student1_3_4_baselines - INFO - Scenario MCAR_30pct
2026-04-21 15:01:17,007 - student1_3_4_baselines - INFO -     logistic_regression done in 0.02s | acc=0.9560
2026-04-21 15:01:17,264 - student1_3_4_baselines - INFO -     random_forest done in 0.25s | acc=0.9721
2026-04-21 15:01:17,321 - student1_3_4_baselines - INFO -     logistic_regression done in 0.02s | acc=0.9567
2026-04-21 15:01:17,594 - student1_3_4_baselines - INFO -     random_forest done in 0.26s | acc=0.9677
2026-04-21 15:01:28,939 - student1_3_4_baselines - INFO -     logistic_regression done in 0.02s | acc=0.9531
2026-04-21 15:01:29,243 - student1_3_4_baselines - INFO -     random_forest done in 0.30s | acc=0.9699
2026-04-21 15:01:29,244 - student1_3_4_baselines - INFO - Scenario MCAR_40pct
2026-04-21 15:01:30,443 - student1_3_4_baselines - INFO -     logistic_regression done in 0.02s | acc=0.9494
2026-04-21 15:01:30,689 - student1_3_4_baselines - INFO -     random_forest done in 0.24s | acc=0.9707
2026-04-21 15:01:30,745 - student1_3_4_baselines - INFO -     logistic_regression done in 0.02s | acc=0.9523
2026-04-21 15:01:30,994 - student1_3_4_baselines - INFO -     random_forest done in 0.24s | acc=0.9670
2026-04-21 15:01:47,437 - student1_3_4_baselines - INFO -     logistic_regression done in 0.02s | acc=0.9523
2026-04-21 15:01:47,765 - student1_3_4_baselines - INFO -     random_forest done in 0.32s | acc=0.9677
2026-04-21 15:01:47,765 - student1_3_4_baselines - INFO - Scenario MAR_5pct
2026-04-21 15:01:48,153 - student1_3_4_baselines - INFO -     logistic_regression done in 0.02s | acc=0.9633
2026-04-21 15:01:48,392 - student1_3_4_baselines - INFO -     random_forest done in 0.23s | acc=0.9707
2026-04-21 15:01:48,450 - student1_3_4_baselines - INFO -     logistic_regression done in 0.03s | acc=0.9626
2026-04-21 15:01:48,689 - student1_3_4_baselines - INFO -     random_forest done in 0.23s | acc=0.9692
2026-04-21 15:01:51,790 - student1_3_4_baselines - INFO -     logistic_regression done in 0.03s | acc=0.9626
2026-04-21 15:01:52,042 - student1_3_4_baselines - INFO -     random_forest done in 0.24s | acc=0.9699
2026-04-21 15:01:52,043 - student1_3_4_baselines - INFO - Scenario MAR_10pct
2026-04-21 15:01:52,556 - student1_3_4_baselines - INFO -     logistic_regression done in 0.02s | acc=0.9641
2026-04-21 15:01:52,786 - student1_3_4_baselines - INFO -     random_forest done in 0.22s | acc=0.9699
2026-04-21 15:01:52,846 - student1_3_4_baselines - INFO -     logistic_regression done in 0.03s | acc=0.9641
2026-04-21 15:01:53,074 - student1_3_4_baselines - INFO -     random_forest done in 0.22s | acc=0.9692
2026-04-21 15:01:57,840 - student1_3_4_baselines - INFO -     logistic_regression done in 0.02s | acc=0.9626
2026-04-21 15:01:58,081 - student1_3_4_baselines - INFO -     random_forest done in 0.23s | acc=0.9670
2026-04-21 15:01:58,082 - student1_3_4_baselines - INFO - Scenario MAR_15pct
2026-04-21 15:01:58,754 - student1_3_4_baselines - INFO -     logistic_regression done in 0.02s | acc=0.9619
2026-04-21 15:01:59,008 - student1_3_4_baselines - INFO -     random_forest done in 0.24s | acc=0.9677
2026-04-21 15:01:59,063 - student1_3_4_baselines - INFO -     logistic_regression done in 0.02s | acc=0.9604
2026-04-21 15:01:59,308 - student1_3_4_baselines - INFO -     random_forest done in 0.23s | acc=0.9685
2026-04-21 15:02:05,521 - student1_3_4_baselines - INFO -     logistic_regression done in 0.02s | acc=0.9611
2026-04-21 15:02:05,788 - student1_3_4_baselines - INFO -     random_forest done in 0.26s | acc=0.9685
2026-04-21 15:02:05,789 - student1_3_4_baselines - INFO - Scenario MAR_20pct
2026-04-21 15:02:06,627 - student1_3_4_baselines - INFO -     logistic_regression done in 0.02s | acc=0.9611
2026-04-21 15:02:06,870 - student1_3_4_baselines - INFO -     random_forest done in 0.23s | acc=0.9707
2026-04-21 15:02:06,924 - student1_3_4_baselines - INFO -     logistic_regression done in 0.02s | acc=0.9604
2026-04-21 15:02:07,174 - student1_3_4_baselines - INFO -     random_forest done in 0.24s | acc=0.9714
2026-04-21 15:02:14,878 - student1_3_4_baselines - INFO -     logistic_regression done in 0.02s | acc=0.9611
2026-04-21 15:02:15,142 - student1_3_4_baselines - INFO -     random_forest done in 0.26s | acc=0.9707
2026-04-21 15:02:15,143 - student1_3_4_baselines - INFO - Scenario MAR_30pct
2026-04-21 15:02:16,305 - student1_3_4_baselines - INFO -     logistic_regression done in 0.02s | acc=0.9641
2026-04-21 15:02:16,534 - student1_3_4_baselines - INFO -     random_forest done in 0.22s | acc=0.9685
2026-04-21 15:02:16,592 - student1_3_4_baselines - INFO -     logistic_regression done in 0.02s | acc=0.9619
2026-04-21 15:02:16,826 - student1_3_4_baselines - INFO -     random_forest done in 0.22s | acc=0.9677
2026-04-21 15:02:28,108 - student1_3_4_baselines - INFO -     logistic_regression done in 0.02s | acc=0.9619
2026-04-21 15:02:28,383 - student1_3_4_baselines - INFO -     random_forest done in 0.27s | acc=0.9677
2026-04-21 15:02:28,384 - student1_3_4_baselines - INFO - Scenario MAR_40pct
2026-04-21 15:02:29,893 - student1_3_4_baselines - INFO -     logistic_regression done in 0.02s | acc=0.9604
2026-04-21 15:02:30,154 - student1_3_4_baselines - INFO -     random_forest done in 0.25s | acc=0.9714
2026-04-21 15:02:30,209 - student1_3_4_baselines - INFO -     logistic_regression done in 0.02s | acc=0.9589
2026-04-21 15:02:30,439 - student1_3_4_baselines - INFO -     random_forest done in 0.22s | acc=0.9655
2026-04-21 15:02:46,307 - student1_3_4_baselines - INFO -     logistic_regression done in 0.02s | acc=0.9597
2026-04-21 15:02:46,642 - student1_3_4_baselines - INFO -     random_forest done in 0.33s | acc=0.9692
2026-04-21 15:02:46,643 - student1_3_4_baselines - INFO - Scenario MNAR_5pct
2026-04-21 15:02:47,018 - student1_3_4_baselines - INFO -     logistic_regression done in 0.02s | acc=0.9626
2026-04-21 15:02:47,276 - student1_3_4_baselines - INFO -     random_forest done in 0.25s | acc=0.9721
2026-04-21 15:02:47,333 - student1_3_4_baselines - INFO -     logistic_regression done in 0.02s | acc=0.9633
2026-04-21 15:02:47,573 - student1_3_4_baselines - INFO -     random_forest done in 0.23s | acc=0.9714
2026-04-21 15:02:50,682 - student1_3_4_baselines - INFO -     logistic_regression done in 0.02s | acc=0.9611
2026-04-21 15:02:50,924 - student1_3_4_baselines - INFO -     random_forest done in 0.23s | acc=0.9685
2026-04-21 15:02:50,925 - student1_3_4_baselines - INFO - Scenario MNAR_10pct
2026-04-21 15:02:51,440 - student1_3_4_baselines - INFO -     logistic_regression done in 0.02s | acc=0.9641
2026-04-21 15:02:51,683 - student1_3_4_baselines - INFO -     random_forest done in 0.23s | acc=0.9699
2026-04-21 15:02:51,737 - student1_3_4_baselines - INFO -     logistic_regression done in 0.02s | acc=0.9655
2026-04-21 15:02:51,980 - student1_3_4_baselines - INFO -     random_forest done in 0.23s | acc=0.9729
2026-04-21 15:02:56,769 - student1_3_4_baselines - INFO -     logistic_regression done in 0.02s | acc=0.9619
2026-04-21 15:02:57,021 - student1_3_4_baselines - INFO -     random_forest done in 0.24s | acc=0.9714
2026-04-21 15:02:57,021 - student1_3_4_baselines - INFO - Scenario MNAR_15pct
2026-04-21 15:02:57,704 - student1_3_4_baselines - INFO -     logistic_regression done in 0.02s | acc=0.9633
2026-04-21 15:02:57,956 - student1_3_4_baselines - INFO -     random_forest done in 0.24s | acc=0.9707
2026-04-21 15:02:58,015 - student1_3_4_baselines - INFO -     logistic_regression done in 0.03s | acc=0.9626
2026-04-21 15:02:58,256 - student1_3_4_baselines - INFO -     random_forest done in 0.23s | acc=0.9714
2026-04-21 15:03:04,524 - student1_3_4_baselines - INFO -     logistic_regression done in 0.02s | acc=0.9648
2026-04-21 15:03:04,784 - student1_3_4_baselines - INFO -     random_forest done in 0.25s | acc=0.9685
2026-04-21 15:03:04,785 - student1_3_4_baselines - INFO - Scenario MNAR_20pct
2026-04-21 15:03:05,632 - student1_3_4_baselines - INFO -     logistic_regression done in 0.02s | acc=0.9655
2026-04-21 15:03:05,867 - student1_3_4_baselines - INFO -     random_forest done in 0.22s | acc=0.9699
2026-04-21 15:03:05,924 - student1_3_4_baselines - INFO -     logistic_regression done in 0.02s | acc=0.9655
2026-04-21 15:03:06,161 - student1_3_4_baselines - INFO -     random_forest done in 0.23s | acc=0.9685
2026-04-21 15:03:14,096 - student1_3_4_baselines - INFO -     logistic_regression done in 0.03s | acc=0.9641
2026-04-21 15:03:14,403 - student1_3_4_baselines - INFO -     random_forest done in 0.30s | acc=0.9714
2026-04-21 15:03:14,403 - student1_3_4_baselines - INFO - Scenario MNAR_30pct
2026-04-21 15:03:15,637 - student1_3_4_baselines - INFO -     logistic_regression done in 0.02s | acc=0.9626
2026-04-21 15:03:15,902 - student1_3_4_baselines - INFO -     random_forest done in 0.25s | acc=0.9714
2026-04-21 15:03:15,962 - student1_3_4_baselines - INFO -     logistic_regression done in 0.02s | acc=0.9648
2026-04-21 15:03:16,229 - student1_3_4_baselines - INFO -     random_forest done in 0.26s | acc=0.9685
2026-04-21 15:03:28,760 - student1_3_4_baselines - INFO -     logistic_regression done in 0.02s | acc=0.9648
2026-04-21 15:03:29,091 - student1_3_4_baselines - INFO -     random_forest done in 0.32s | acc=0.9699
2026-04-21 15:03:29,092 - student1_3_4_baselines - INFO - Scenario MNAR_40pct
2026-04-21 15:03:30,626 - student1_3_4_baselines - INFO -     logistic_regression done in 0.02s | acc=0.9611
2026-04-21 15:03:30,897 - student1_3_4_baselines - INFO -     random_forest done in 0.26s | acc=0.9699
2026-04-21 15:03:30,953 - student1_3_4_baselines - INFO -     logistic_regression done in 0.02s | acc=0.9626
2026-04-21 15:03:31,237 - student1_3_4_baselines - INFO -     random_forest done in 0.27s | acc=0.9707
2026-04-21 15:03:50,313 - student1_3_4_baselines - INFO -     logistic_regression done in 0.02s | acc=0.9604
2026-04-21 15:03:50,644 - student1_3_4_baselines - INFO -     random_forest done in 0.32s | acc=0.9685
2026-04-21 15:03:50,647 - student1_3_4_baselines - INFO - 
================================================================================
Student 1 - Task 3.4: polish_1year
================================================================================
2026-04-21 15:03:50,716 - student1_3_4_baselines - INFO - Scenario native | preprocessing mean
2026-04-21 15:03:50,754 - student1_3_4_baselines - INFO -     logistic_regression done in 0.02s | acc=0.9616
2026-04-21 15:03:51,124 - student1_3_4_baselines - INFO -     random_forest done in 0.36s | acc=0.9794
2026-04-21 15:03:51,125 - student1_3_4_baselines - INFO - Scenario native | preprocessing median
2026-04-21 15:03:51,165 - student1_3_4_baselines - INFO -     logistic_regression done in 0.02s | acc=0.9616
2026-04-21 15:03:51,520 - student1_3_4_baselines - INFO -     random_forest done in 0.35s | acc=0.9694
2026-04-21 15:03:51,521 - student1_3_4_baselines - INFO - Scenario native | preprocessing knn
2026-04-21 15:03:52,684 - student1_3_4_baselines - INFO -     logistic_regression done in 0.02s | acc=0.9609
2026-04-21 15:03:53,089 - student1_3_4_baselines - INFO -     random_forest done in 0.40s | acc=0.9630
2026-04-21 15:03:53,090 - student1_3_4_baselines - INFO - Scenario MCAR_5pct
2026-04-21 15:03:53,209 - student1_3_4_baselines - INFO -     logistic_regression done in 0.02s | acc=0.9616
2026-04-21 15:03:53,571 - student1_3_4_baselines - INFO -     random_forest done in 0.35s | acc=0.9651
2026-04-21 15:03:53,613 - student1_3_4_baselines - INFO -     logistic_regression done in 0.02s | acc=0.9616
2026-04-21 15:03:53,984 - student1_3_4_baselines - INFO -     random_forest done in 0.36s | acc=0.9630
2026-04-21 15:03:56,536 - student1_3_4_baselines - INFO -     logistic_regression done in 0.02s | acc=0.9616
2026-04-21 15:03:56,893 - student1_3_4_baselines - INFO -     random_forest done in 0.35s | acc=0.9623
2026-04-21 15:03:56,894 - student1_3_4_baselines - INFO - Scenario MCAR_10pct
2026-04-21 15:03:57,117 - student1_3_4_baselines - INFO -     logistic_regression done in 0.02s | acc=0.9616
2026-04-21 15:03:57,434 - student1_3_4_baselines - INFO -     random_forest done in 0.31s | acc=0.9651
2026-04-21 15:03:57,478 - student1_3_4_baselines - INFO -     logistic_regression done in 0.02s | acc=0.9616
2026-04-21 15:03:57,825 - student1_3_4_baselines - INFO -     random_forest done in 0.34s | acc=0.9623
2026-04-21 15:04:01,649 - student1_3_4_baselines - INFO -     logistic_regression done in 0.02s | acc=0.9616
2026-04-21 15:04:02,015 - student1_3_4_baselines - INFO -     random_forest done in 0.36s | acc=0.9616
2026-04-21 15:04:02,016 - student1_3_4_baselines - INFO - Scenario MCAR_15pct
2026-04-21 15:04:02,335 - student1_3_4_baselines - INFO -     logistic_regression done in 0.02s | acc=0.9616
2026-04-21 15:04:02,670 - student1_3_4_baselines - INFO -     random_forest done in 0.32s | acc=0.9637
2026-04-21 15:04:02,712 - student1_3_4_baselines - INFO -     logistic_regression done in 0.02s | acc=0.9616
2026-04-21 15:04:03,067 - student1_3_4_baselines - INFO -     random_forest done in 0.35s | acc=0.9609
2026-04-21 15:04:07,755 - student1_3_4_baselines - INFO -     logistic_regression done in 0.02s | acc=0.9616
2026-04-21 15:04:08,142 - student1_3_4_baselines - INFO -     random_forest done in 0.38s | acc=0.9623
2026-04-21 15:04:08,143 - student1_3_4_baselines - INFO - Scenario MCAR_20pct
2026-04-21 15:04:08,566 - student1_3_4_baselines - INFO -     logistic_regression done in 0.02s | acc=0.9609
2026-04-21 15:04:08,894 - student1_3_4_baselines - INFO -     random_forest done in 0.32s | acc=0.9623
2026-04-21 15:04:08,938 - student1_3_4_baselines - INFO -     logistic_regression done in 0.02s | acc=0.9609
2026-04-21 15:04:09,296 - student1_3_4_baselines - INFO -     random_forest done in 0.35s | acc=0.9630
2026-04-21 15:04:15,058 - student1_3_4_baselines - INFO -     logistic_regression done in 0.02s | acc=0.9609
2026-04-21 15:04:15,460 - student1_3_4_baselines - INFO -     random_forest done in 0.39s | acc=0.9616
2026-04-21 15:04:15,461 - student1_3_4_baselines - INFO - Scenario MCAR_30pct
2026-04-21 15:04:16,071 - student1_3_4_baselines - INFO -     logistic_regression done in 0.02s | acc=0.9609
2026-04-21 15:04:16,386 - student1_3_4_baselines - INFO -     random_forest done in 0.31s | acc=0.9630
2026-04-21 15:04:16,427 - student1_3_4_baselines - INFO -     logistic_regression done in 0.01s | acc=0.9609
2026-04-21 15:04:16,771 - student1_3_4_baselines - INFO -     random_forest done in 0.34s | acc=0.9623
2026-04-21 15:04:24,434 - student1_3_4_baselines - INFO -     logistic_regression done in 0.02s | acc=0.9609
2026-04-21 15:04:24,850 - student1_3_4_baselines - INFO -     random_forest done in 0.41s | acc=0.9623
2026-04-21 15:04:24,851 - student1_3_4_baselines - INFO - Scenario MCAR_40pct
2026-04-21 15:04:25,672 - student1_3_4_baselines - INFO -     logistic_regression done in 0.02s | acc=0.9602
2026-04-21 15:04:26,001 - student1_3_4_baselines - INFO -     random_forest done in 0.32s | acc=0.9623
2026-04-21 15:04:26,047 - student1_3_4_baselines - INFO -     logistic_regression done in 0.02s | acc=0.9609
2026-04-21 15:04:26,396 - student1_3_4_baselines - INFO -     random_forest done in 0.34s | acc=0.9623
2026-04-21 15:04:35,294 - student1_3_4_baselines - INFO -     logistic_regression done in 0.02s | acc=0.9609
2026-04-21 15:04:35,782 - student1_3_4_baselines - INFO -     random_forest done in 0.48s | acc=0.9623
2026-04-21 15:04:35,783 - student1_3_4_baselines - INFO - Scenario MAR_5pct
2026-04-21 15:04:36,027 - student1_3_4_baselines - INFO -     logistic_regression done in 0.01s | acc=0.9587
2026-04-21 15:04:36,362 - student1_3_4_baselines - INFO -     random_forest done in 0.33s | acc=0.9701
2026-04-21 15:04:36,401 - student1_3_4_baselines - INFO -     logistic_regression done in 0.01s | acc=0.9587
2026-04-21 15:04:36,758 - student1_3_4_baselines - INFO -     random_forest done in 0.35s | acc=0.9651
2026-04-21 15:04:39,277 - student1_3_4_baselines - INFO -     logistic_regression done in 0.01s | acc=0.9595
2026-04-21 15:04:39,643 - student1_3_4_baselines - INFO -     random_forest done in 0.36s | acc=0.9644
2026-04-21 15:04:39,644 - student1_3_4_baselines - INFO - Scenario MAR_10pct
2026-04-21 15:04:39,990 - student1_3_4_baselines - INFO -     logistic_regression done in 0.02s | acc=0.9595
2026-04-21 15:04:40,332 - student1_3_4_baselines - INFO -     random_forest done in 0.33s | acc=0.9659
2026-04-21 15:04:40,372 - student1_3_4_baselines - INFO -     logistic_regression done in 0.01s | acc=0.9602
2026-04-21 15:04:40,726 - student1_3_4_baselines - INFO -     random_forest done in 0.34s | acc=0.9637
2026-04-21 15:04:44,409 - student1_3_4_baselines - INFO -     logistic_regression done in 0.01s | acc=0.9602
2026-04-21 15:04:44,790 - student1_3_4_baselines - INFO -     random_forest done in 0.37s | acc=0.9637
2026-04-21 15:04:44,791 - student1_3_4_baselines - INFO - Scenario MAR_15pct
2026-04-21 15:04:45,278 - student1_3_4_baselines - INFO -     logistic_regression done in 0.02s | acc=0.9595
2026-04-21 15:04:45,612 - student1_3_4_baselines - INFO -     random_forest done in 0.32s | acc=0.9630
2026-04-21 15:04:45,653 - student1_3_4_baselines - INFO -     logistic_regression done in 0.01s | acc=0.9595
2026-04-21 15:04:46,010 - student1_3_4_baselines - INFO -     random_forest done in 0.35s | acc=0.9623
2026-04-21 15:04:50,776 - student1_3_4_baselines - INFO -     logistic_regression done in 0.02s | acc=0.9595
2026-04-21 15:04:51,143 - student1_3_4_baselines - INFO -     random_forest done in 0.36s | acc=0.9609
2026-04-21 15:04:51,143 - student1_3_4_baselines - INFO - Scenario MAR_20pct
2026-04-21 15:04:51,753 - student1_3_4_baselines - INFO -     logistic_regression done in 0.02s | acc=0.9587
2026-04-21 15:04:52,088 - student1_3_4_baselines - INFO -     random_forest done in 0.32s | acc=0.9616
2026-04-21 15:04:52,129 - student1_3_4_baselines - INFO -     logistic_regression done in 0.01s | acc=0.9580
2026-04-21 15:04:52,477 - student1_3_4_baselines - INFO -     random_forest done in 0.34s | acc=0.9630
2026-04-21 15:04:58,158 - student1_3_4_baselines - INFO -     logistic_regression done in 0.01s | acc=0.9587
2026-04-21 15:04:58,550 - student1_3_4_baselines - INFO -     random_forest done in 0.38s | acc=0.9623
2026-04-21 15:04:58,551 - student1_3_4_baselines - INFO - Scenario MAR_30pct
2026-04-21 15:04:59,346 - student1_3_4_baselines - INFO -     logistic_regression done in 0.01s | acc=0.9595
2026-04-21 15:04:59,657 - student1_3_4_baselines - INFO -     random_forest done in 0.30s | acc=0.9616
2026-04-21 15:04:59,698 - student1_3_4_baselines - INFO -     logistic_regression done in 0.01s | acc=0.9602
2026-04-21 15:05:00,037 - student1_3_4_baselines - INFO -     random_forest done in 0.33s | acc=0.9616
2026-04-21 15:05:07,788 - student1_3_4_baselines - INFO -     logistic_regression done in 0.01s | acc=0.9602
2026-04-21 15:05:08,195 - student1_3_4_baselines - INFO -     random_forest done in 0.40s | acc=0.9616
2026-04-21 15:05:08,196 - student1_3_4_baselines - INFO - Scenario MAR_40pct
2026-04-21 15:05:09,229 - student1_3_4_baselines - INFO -     logistic_regression done in 0.01s | acc=0.9587
2026-04-21 15:05:09,551 - student1_3_4_baselines - INFO -     random_forest done in 0.31s | acc=0.9616
2026-04-21 15:05:09,591 - student1_3_4_baselines - INFO -     logistic_regression done in 0.01s | acc=0.9595
2026-04-21 15:05:09,919 - student1_3_4_baselines - INFO -     random_forest done in 0.32s | acc=0.9616
2026-04-21 15:05:18,913 - student1_3_4_baselines - INFO -     logistic_regression done in 0.01s | acc=0.9602
2026-04-21 15:05:19,344 - student1_3_4_baselines - INFO -     random_forest done in 0.42s | acc=0.9623
2026-04-21 15:05:19,345 - student1_3_4_baselines - INFO - Scenario MNAR_5pct
2026-04-21 15:05:19,582 - student1_3_4_baselines - INFO -     logistic_regression done in 0.02s | acc=0.9623
2026-04-21 15:05:19,925 - student1_3_4_baselines - INFO -     random_forest done in 0.33s | acc=0.9666
2026-04-21 15:05:19,967 - student1_3_4_baselines - INFO -     logistic_regression done in 0.02s | acc=0.9623
2026-04-21 15:05:20,332 - student1_3_4_baselines - INFO -     random_forest done in 0.35s | acc=0.9630
2026-04-21 15:05:22,817 - student1_3_4_baselines - INFO -     logistic_regression done in 0.02s | acc=0.9623
2026-04-21 15:05:23,189 - student1_3_4_baselines - INFO -     random_forest done in 0.36s | acc=0.9630
2026-04-21 15:05:23,190 - student1_3_4_baselines - INFO - Scenario MNAR_10pct
2026-04-21 15:05:23,537 - student1_3_4_baselines - INFO -     logistic_regression done in 0.02s | acc=0.9602
2026-04-21 15:05:23,865 - student1_3_4_baselines - INFO -     random_forest done in 0.32s | acc=0.9666
2026-04-21 15:05:23,908 - student1_3_4_baselines - INFO -     logistic_regression done in 0.01s | acc=0.9616
2026-04-21 15:05:24,265 - student1_3_4_baselines - INFO -     random_forest done in 0.35s | acc=0.9630
2026-04-21 15:05:27,988 - student1_3_4_baselines - INFO -     logistic_regression done in 0.02s | acc=0.9609
2026-04-21 15:05:28,356 - student1_3_4_baselines - INFO -     random_forest done in 0.36s | acc=0.9623
2026-04-21 15:05:28,357 - student1_3_4_baselines - INFO - Scenario MNAR_15pct
2026-04-21 15:05:28,822 - student1_3_4_baselines - INFO -     logistic_regression done in 0.02s | acc=0.9595
2026-04-21 15:05:29,157 - student1_3_4_baselines - INFO -     random_forest done in 0.33s | acc=0.9651
2026-04-21 15:05:29,202 - student1_3_4_baselines - INFO -     logistic_regression done in 0.02s | acc=0.9595
2026-04-21 15:05:29,551 - student1_3_4_baselines - INFO -     random_forest done in 0.34s | acc=0.9637
2026-04-21 15:05:34,208 - student1_3_4_baselines - INFO -     logistic_regression done in 0.02s | acc=0.9602
2026-04-21 15:05:34,554 - student1_3_4_baselines - INFO -     random_forest done in 0.34s | acc=0.9616
2026-04-21 15:05:34,555 - student1_3_4_baselines - INFO - Scenario MNAR_20pct
2026-04-21 15:05:35,124 - student1_3_4_baselines - INFO -     logistic_regression done in 0.02s | acc=0.9602
2026-04-21 15:05:35,414 - student1_3_4_baselines - INFO -     random_forest done in 0.28s | acc=0.9616
2026-04-21 15:05:35,454 - student1_3_4_baselines - INFO -     logistic_regression done in 0.01s | acc=0.9602
2026-04-21 15:05:35,760 - student1_3_4_baselines - INFO -     random_forest done in 0.30s | acc=0.9623
2026-04-21 15:05:41,366 - student1_3_4_baselines - INFO -     logistic_regression done in 0.01s | acc=0.9602
2026-04-21 15:05:41,764 - student1_3_4_baselines - INFO -     random_forest done in 0.39s | acc=0.9609
2026-04-21 15:05:41,764 - student1_3_4_baselines - INFO - Scenario MNAR_30pct
2026-04-21 15:05:42,569 - student1_3_4_baselines - INFO -     logistic_regression done in 0.02s | acc=0.9609
2026-04-21 15:05:42,890 - student1_3_4_baselines - INFO -     random_forest done in 0.31s | acc=0.9616
2026-04-21 15:05:42,936 - student1_3_4_baselines - INFO -     logistic_regression done in 0.02s | acc=0.9609
2026-04-21 15:05:43,273 - student1_3_4_baselines - INFO -     random_forest done in 0.33s | acc=0.9623
2026-04-21 15:05:51,626 - student1_3_4_baselines - INFO -     logistic_regression done in 0.02s | acc=0.9616
2026-04-21 15:05:52,059 - student1_3_4_baselines - INFO -     random_forest done in 0.42s | acc=0.9630
2026-04-21 15:05:52,061 - student1_3_4_baselines - INFO - Scenario MNAR_40pct
2026-04-21 15:05:53,514 - student1_3_4_baselines - INFO -     logistic_regression done in 0.02s | acc=0.9616
2026-04-21 15:05:53,850 - student1_3_4_baselines - INFO -     random_forest done in 0.33s | acc=0.9616
2026-04-21 15:05:53,908 - student1_3_4_baselines - INFO -     logistic_regression done in 0.02s | acc=0.9616
2026-04-21 15:05:54,241 - student1_3_4_baselines - INFO -     random_forest done in 0.32s | acc=0.9623
2026-04-21 15:06:05,145 - student1_3_4_baselines - INFO -     logistic_regression done in 0.02s | acc=0.9616
2026-04-21 15:06:05,585 - student1_3_4_baselines - INFO -     random_forest done in 0.43s | acc=0.9630
2026-04-21 15:06:05,587 - student1_3_4_baselines - INFO - 
================================================================================
Student 1 - Task 3.4: slovak_manufacture_13
================================================================================
2026-04-21 15:06:05,764 - student1_3_4_baselines - INFO - Scenario native | preprocessing mean
2026-04-21 15:06:05,790 - student1_3_4_baselines - INFO -     logistic_regression done in 0.01s | acc=0.9915
2026-04-21 15:06:05,915 - student1_3_4_baselines - INFO -     random_forest done in 0.12s | acc=0.9951
2026-04-21 15:06:05,916 - student1_3_4_baselines - INFO - Scenario native | preprocessing median
2026-04-21 15:06:05,947 - student1_3_4_baselines - INFO -     logistic_regression done in 0.01s | acc=0.9915
2026-04-21 15:06:06,096 - student1_3_4_baselines - INFO -     random_forest done in 0.14s | acc=0.9915
2026-04-21 15:06:06,096 - student1_3_4_baselines - INFO - Scenario native | preprocessing knn
2026-04-21 15:06:08,036 - student1_3_4_baselines - INFO -     logistic_regression done in 0.01s | acc=0.9915
2026-04-21 15:06:08,165 - student1_3_4_baselines - INFO -     random_forest done in 0.12s | acc=0.9951
2026-04-21 15:06:08,165 - student1_3_4_baselines - INFO - Scenario MCAR_5pct
2026-04-21 15:06:08,193 - student1_3_4_baselines - INFO -     logistic_regression done in 0.01s | acc=0.9915
2026-04-21 15:06:08,320 - student1_3_4_baselines - INFO -     random_forest done in 0.12s | acc=0.9951
2026-04-21 15:06:08,349 - student1_3_4_baselines - INFO -     logistic_regression done in 0.01s | acc=0.9915
2026-04-21 15:06:08,486 - student1_3_4_baselines - INFO -     random_forest done in 0.13s | acc=0.9915
2026-04-21 15:06:10,411 - student1_3_4_baselines - INFO -     logistic_regression done in 0.01s | acc=0.9915
2026-04-21 15:06:10,535 - student1_3_4_baselines - INFO -     random_forest done in 0.12s | acc=0.9951
2026-04-21 15:06:10,536 - student1_3_4_baselines - INFO - Scenario MCAR_10pct
2026-04-21 15:06:10,563 - student1_3_4_baselines - INFO -     logistic_regression done in 0.01s | acc=0.9915
2026-04-21 15:06:10,690 - student1_3_4_baselines - INFO -     random_forest done in 0.12s | acc=0.9951
2026-04-21 15:06:10,718 - student1_3_4_baselines - INFO -     logistic_regression done in 0.01s | acc=0.9915
2026-04-21 15:06:10,867 - student1_3_4_baselines - INFO -     random_forest done in 0.14s | acc=0.9915
2026-04-21 15:06:12,813 - student1_3_4_baselines - INFO -     logistic_regression done in 0.01s | acc=0.9915
2026-04-21 15:06:12,963 - student1_3_4_baselines - INFO -     random_forest done in 0.14s | acc=0.9951
2026-04-21 15:06:12,964 - student1_3_4_baselines - INFO - Scenario MCAR_15pct
2026-04-21 15:06:12,991 - student1_3_4_baselines - INFO -     logistic_regression done in 0.01s | acc=0.9915
2026-04-21 15:06:13,143 - student1_3_4_baselines - INFO -     random_forest done in 0.14s | acc=0.9951
2026-04-21 15:06:13,172 - student1_3_4_baselines - INFO -     logistic_regression done in 0.01s | acc=0.9915
2026-04-21 15:06:13,307 - student1_3_4_baselines - INFO -     random_forest done in 0.13s | acc=0.9915
2026-04-21 15:06:15,368 - student1_3_4_baselines - INFO -     logistic_regression done in 0.01s | acc=0.9915
2026-04-21 15:06:15,526 - student1_3_4_baselines - INFO -     random_forest done in 0.15s | acc=0.9951
2026-04-21 15:06:15,527 - student1_3_4_baselines - INFO - Scenario MCAR_20pct
2026-04-21 15:06:15,556 - student1_3_4_baselines - INFO -     logistic_regression done in 0.01s | acc=0.9915
2026-04-21 15:06:15,692 - student1_3_4_baselines - INFO -     random_forest done in 0.13s | acc=0.9951
2026-04-21 15:06:15,721 - student1_3_4_baselines - INFO -     logistic_regression done in 0.01s | acc=0.9915
2026-04-21 15:06:15,845 - student1_3_4_baselines - INFO -     random_forest done in 0.12s | acc=0.9915
2026-04-21 15:06:17,785 - student1_3_4_baselines - INFO -     logistic_regression done in 0.01s | acc=0.9915
2026-04-21 15:06:17,909 - student1_3_4_baselines - INFO -     random_forest done in 0.12s | acc=0.9951
2026-04-21 15:06:17,910 - student1_3_4_baselines - INFO - Scenario MCAR_30pct
2026-04-21 15:06:17,937 - student1_3_4_baselines - INFO -     logistic_regression done in 0.01s | acc=0.9915
2026-04-21 15:06:18,063 - student1_3_4_baselines - INFO -     random_forest done in 0.12s | acc=0.9951
2026-04-21 15:06:18,092 - student1_3_4_baselines - INFO -     logistic_regression done in 0.01s | acc=0.9915
2026-04-21 15:06:18,217 - student1_3_4_baselines - INFO -     random_forest done in 0.12s | acc=0.9915
2026-04-21 15:06:20,194 - student1_3_4_baselines - INFO -     logistic_regression done in 0.01s | acc=0.9915
2026-04-21 15:06:20,330 - student1_3_4_baselines - INFO -     random_forest done in 0.13s | acc=0.9951
2026-04-21 15:06:20,331 - student1_3_4_baselines - INFO - Scenario MCAR_40pct
2026-04-21 15:06:20,359 - student1_3_4_baselines - INFO -     logistic_regression done in 0.01s | acc=0.9915
2026-04-21 15:06:20,486 - student1_3_4_baselines - INFO -     random_forest done in 0.12s | acc=0.9951
2026-04-21 15:06:20,521 - student1_3_4_baselines - INFO -     logistic_regression done in 0.01s | acc=0.9915
2026-04-21 15:06:20,660 - student1_3_4_baselines - INFO -     random_forest done in 0.13s | acc=0.9915
2026-04-21 15:06:22,620 - student1_3_4_baselines - INFO -     logistic_regression done in 0.01s | acc=0.9915
2026-04-21 15:06:22,768 - student1_3_4_baselines - INFO -     random_forest done in 0.14s | acc=0.9951
2026-04-21 15:06:22,769 - student1_3_4_baselines - INFO - Scenario MAR_5pct
2026-04-21 15:06:22,798 - student1_3_4_baselines - INFO -     logistic_regression done in 0.01s | acc=0.9915
2026-04-21 15:06:22,935 - student1_3_4_baselines - INFO -     random_forest done in 0.13s | acc=0.9951
2026-04-21 15:06:22,964 - student1_3_4_baselines - INFO -     logistic_regression done in 0.01s | acc=0.9915
2026-04-21 15:06:23,105 - student1_3_4_baselines - INFO -     random_forest done in 0.13s | acc=0.9915
2026-04-21 15:06:25,048 - student1_3_4_baselines - INFO -     logistic_regression done in 0.01s | acc=0.9915
2026-04-21 15:06:25,186 - student1_3_4_baselines - INFO -     random_forest done in 0.13s | acc=0.9951
2026-04-21 15:06:25,186 - student1_3_4_baselines - INFO - Scenario MAR_10pct
2026-04-21 15:06:25,215 - student1_3_4_baselines - INFO -     logistic_regression done in 0.01s | acc=0.9915
2026-04-21 15:06:25,359 - student1_3_4_baselines - INFO -     random_forest done in 0.14s | acc=0.9951
2026-04-21 15:06:25,389 - student1_3_4_baselines - INFO -     logistic_regression done in 0.01s | acc=0.9915
2026-04-21 15:06:25,552 - student1_3_4_baselines - INFO -     random_forest done in 0.15s | acc=0.9915
2026-04-21 15:06:27,477 - student1_3_4_baselines - INFO -     logistic_regression done in 0.01s | acc=0.9915
2026-04-21 15:06:27,614 - student1_3_4_baselines - INFO -     random_forest done in 0.13s | acc=0.9951
2026-04-21 15:06:27,614 - student1_3_4_baselines - INFO - Scenario MAR_15pct
2026-04-21 15:06:27,642 - student1_3_4_baselines - INFO -     logistic_regression done in 0.01s | acc=0.9915
2026-04-21 15:06:27,772 - student1_3_4_baselines - INFO -     random_forest done in 0.12s | acc=0.9951
2026-04-21 15:06:27,801 - student1_3_4_baselines - INFO -     logistic_regression done in 0.01s | acc=0.9915
2026-04-21 15:06:27,940 - student1_3_4_baselines - INFO -     random_forest done in 0.13s | acc=0.9915
2026-04-21 15:06:29,832 - student1_3_4_baselines - INFO -     logistic_regression done in 0.01s | acc=0.9915
2026-04-21 15:06:29,961 - student1_3_4_baselines - INFO -     random_forest done in 0.12s | acc=0.9951
2026-04-21 15:06:29,961 - student1_3_4_baselines - INFO - Scenario MAR_20pct
2026-04-21 15:06:29,988 - student1_3_4_baselines - INFO -     logistic_regression done in 0.01s | acc=0.9915
2026-04-21 15:06:30,112 - student1_3_4_baselines - INFO -     random_forest done in 0.12s | acc=0.9951
2026-04-21 15:06:30,140 - student1_3_4_baselines - INFO -     logistic_regression done in 0.01s | acc=0.9915
2026-04-21 15:06:30,267 - student1_3_4_baselines - INFO -     random_forest done in 0.12s | acc=0.9915
2026-04-21 15:06:32,137 - student1_3_4_baselines - INFO -     logistic_regression done in 0.01s | acc=0.9915
2026-04-21 15:06:32,262 - student1_3_4_baselines - INFO -     random_forest done in 0.12s | acc=0.9951
2026-04-21 15:06:32,262 - student1_3_4_baselines - INFO - Scenario MAR_30pct
2026-04-21 15:06:32,289 - student1_3_4_baselines - INFO -     logistic_regression done in 0.01s | acc=0.9915
2026-04-21 15:06:32,412 - student1_3_4_baselines - INFO -     random_forest done in 0.12s | acc=0.9951
2026-04-21 15:06:32,440 - student1_3_4_baselines - INFO -     logistic_regression done in 0.01s | acc=0.9915
2026-04-21 15:06:32,564 - student1_3_4_baselines - INFO -     random_forest done in 0.12s | acc=0.9915
2026-04-21 15:06:34,473 - student1_3_4_baselines - INFO -     logistic_regression done in 0.01s | acc=0.9915
2026-04-21 15:06:34,596 - student1_3_4_baselines - INFO -     random_forest done in 0.12s | acc=0.9951
2026-04-21 15:06:34,597 - student1_3_4_baselines - INFO - Scenario MAR_40pct
2026-04-21 15:06:34,628 - student1_3_4_baselines - INFO -     logistic_regression done in 0.01s | acc=0.9915
2026-04-21 15:06:34,757 - student1_3_4_baselines - INFO -     random_forest done in 0.12s | acc=0.9951
2026-04-21 15:06:34,785 - student1_3_4_baselines - INFO -     logistic_regression done in 0.01s | acc=0.9915
2026-04-21 15:06:34,927 - student1_3_4_baselines - INFO -     random_forest done in 0.13s | acc=0.9915
2026-04-21 15:06:36,891 - student1_3_4_baselines - INFO -     logistic_regression done in 0.01s | acc=0.9915
2026-04-21 15:06:37,028 - student1_3_4_baselines - INFO -     random_forest done in 0.13s | acc=0.9951
2026-04-21 15:06:37,029 - student1_3_4_baselines - INFO - Scenario MNAR_5pct
2026-04-21 15:06:37,056 - student1_3_4_baselines - INFO -     logistic_regression done in 0.01s | acc=0.9915
2026-04-21 15:06:37,210 - student1_3_4_baselines - INFO -     random_forest done in 0.15s | acc=0.9951
2026-04-21 15:06:37,241 - student1_3_4_baselines - INFO -     logistic_regression done in 0.01s | acc=0.9915
2026-04-21 15:06:37,391 - student1_3_4_baselines - INFO -     random_forest done in 0.14s | acc=0.9915
2026-04-21 15:06:39,390 - student1_3_4_baselines - INFO -     logistic_regression done in 0.01s | acc=0.9915
2026-04-21 15:06:39,517 - student1_3_4_baselines - INFO -     random_forest done in 0.12s | acc=0.9951
2026-04-21 15:06:39,518 - student1_3_4_baselines - INFO - Scenario MNAR_10pct
2026-04-21 15:06:39,546 - student1_3_4_baselines - INFO -     logistic_regression done in 0.01s | acc=0.9915
2026-04-21 15:06:39,690 - student1_3_4_baselines - INFO -     random_forest done in 0.14s | acc=0.9951
2026-04-21 15:06:39,719 - student1_3_4_baselines - INFO -     logistic_regression done in 0.01s | acc=0.9915
2026-04-21 15:06:39,868 - student1_3_4_baselines - INFO -     random_forest done in 0.14s | acc=0.9915
2026-04-21 15:06:41,811 - student1_3_4_baselines - INFO -     logistic_regression done in 0.01s | acc=0.9915
2026-04-21 15:06:41,950 - student1_3_4_baselines - INFO -     random_forest done in 0.13s | acc=0.9951
2026-04-21 15:06:41,950 - student1_3_4_baselines - INFO - Scenario MNAR_15pct
2026-04-21 15:06:41,979 - student1_3_4_baselines - INFO -     logistic_regression done in 0.01s | acc=0.9915
2026-04-21 15:06:42,128 - student1_3_4_baselines - INFO -     random_forest done in 0.14s | acc=0.9951
2026-04-21 15:06:42,157 - student1_3_4_baselines - INFO -     logistic_regression done in 0.01s | acc=0.9915
2026-04-21 15:06:42,284 - student1_3_4_baselines - INFO -     random_forest done in 0.12s | acc=0.9915
2026-04-21 15:06:44,216 - student1_3_4_baselines - INFO -     logistic_regression done in 0.01s | acc=0.9915
2026-04-21 15:06:44,364 - student1_3_4_baselines - INFO -     random_forest done in 0.14s | acc=0.9951
2026-04-21 15:06:44,365 - student1_3_4_baselines - INFO - Scenario MNAR_20pct
2026-04-21 15:06:44,393 - student1_3_4_baselines - INFO -     logistic_regression done in 0.01s | acc=0.9915
2026-04-21 15:06:44,530 - student1_3_4_baselines - INFO -     random_forest done in 0.13s | acc=0.9951
2026-04-21 15:06:44,559 - student1_3_4_baselines - INFO -     logistic_regression done in 0.01s | acc=0.9915
2026-04-21 15:06:44,697 - student1_3_4_baselines - INFO -     random_forest done in 0.13s | acc=0.9915
2026-04-21 15:06:46,636 - student1_3_4_baselines - INFO -     logistic_regression done in 0.01s | acc=0.9915
2026-04-21 15:06:46,762 - student1_3_4_baselines - INFO -     random_forest done in 0.12s | acc=0.9951
2026-04-21 15:06:46,762 - student1_3_4_baselines - INFO - Scenario MNAR_30pct
2026-04-21 15:06:46,791 - student1_3_4_baselines - INFO -     logistic_regression done in 0.01s | acc=0.9915
2026-04-21 15:06:46,917 - student1_3_4_baselines - INFO -     random_forest done in 0.12s | acc=0.9951
2026-04-21 15:06:46,945 - student1_3_4_baselines - INFO -     logistic_regression done in 0.01s | acc=0.9915
2026-04-21 15:06:47,084 - student1_3_4_baselines - INFO -     random_forest done in 0.13s | acc=0.9915
2026-04-21 15:06:49,023 - student1_3_4_baselines - INFO -     logistic_regression done in 0.01s | acc=0.9915
2026-04-21 15:06:49,150 - student1_3_4_baselines - INFO -     random_forest done in 0.12s | acc=0.9951
2026-04-21 15:06:49,150 - student1_3_4_baselines - INFO - Scenario MNAR_40pct
2026-04-21 15:06:49,177 - student1_3_4_baselines - INFO -     logistic_regression done in 0.01s | acc=0.9915
2026-04-21 15:06:49,326 - student1_3_4_baselines - INFO -     random_forest done in 0.14s | acc=0.9951
2026-04-21 15:06:49,356 - student1_3_4_baselines - INFO -     logistic_regression done in 0.01s | acc=0.9915
2026-04-21 15:06:49,495 - student1_3_4_baselines - INFO -     random_forest done in 0.13s | acc=0.9915
2026-04-21 15:06:51,490 - student1_3_4_baselines - INFO -     logistic_regression done in 0.01s | acc=0.9915
2026-04-21 15:06:51,615 - student1_3_4_baselines - INFO -     random_forest done in 0.12s | acc=0.9951
