2026-04-10 20:03:52,645 - phase4_3_gradient_boosting - INFO - ================================================================================
2026-04-10 20:03:52,645 - phase4_3_gradient_boosting - INFO - PHASE 4.3: Gradient Boosting Robustness (Student 2)
2026-04-10 20:03:52,645 - phase4_3_gradient_boosting - INFO - ================================================================================
2026-04-10 20:03:52,645 - phase4_3_gradient_boosting - WARNING - ✗ XGBoost not available, using fallback models (SVM/MLP)
2026-04-10 20:03:52,646 - phase4_3_gradient_boosting - INFO - Starting Phase 4.3 experiment on taiwan_bankruptcy
2026-04-10 20:03:52,646 - phase4_3_gradient_boosting - INFO - Using models: ['svm', 'mlp']
2026-04-10 20:03:52,733 - phase4_3_gradient_boosting - INFO - Loaded 6819 samples with 95 features
2026-04-10 20:03:52,820 - phase4_3_gradient_boosting - INFO - Using precomputed split from data/splits
2026-04-10 20:03:52,820 - phase4_3_gradient_boosting - INFO - 
=== Scenario: MCAR_5pct ===
2026-04-10 20:03:53,052 - phase4_3_gradient_boosting - INFO - Injected MCAR at 5.0%
2026-04-10 20:03:53,052 - phase4_3_gradient_boosting - INFO -   Preprocessing: median
2026-04-10 20:03:53,052 - phase4_3_gradient_boosting - INFO -     Model: svm
2026-04-10 20:03:54,484 - phase4_3_gradient_boosting - INFO -       Accuracy: 0.9677, F1: 0.9519
2026-04-10 20:03:54,484 - phase4_3_gradient_boosting - INFO -     Model: mlp
2026-04-10 20:03:54,924 - phase4_3_gradient_boosting - INFO -       Accuracy: 0.9670, F1: 0.9599
2026-04-10 20:03:54,924 - phase4_3_gradient_boosting - INFO -   Preprocessing: mice
2026-04-10 20:03:54,925 - phase4_3_gradient_boosting - INFO -     Model: svm
2026-04-10 20:04:31,432 - phase4_3_gradient_boosting - INFO -       Accuracy: 0.9677, F1: 0.9519
2026-04-10 20:04:31,432 - phase4_3_gradient_boosting - INFO -     Model: mlp
2026-04-10 20:05:06,296 - phase4_3_gradient_boosting - INFO -       Accuracy: 0.9677, F1: 0.9519
2026-04-10 20:05:06,296 - phase4_3_gradient_boosting - INFO - 
=== Scenario: MCAR_10pct ===
2026-04-10 20:05:06,738 - phase4_3_gradient_boosting - INFO - Injected MCAR at 10.0%
2026-04-10 20:05:06,738 - phase4_3_gradient_boosting - INFO -   Preprocessing: median
2026-04-10 20:05:06,738 - phase4_3_gradient_boosting - INFO -     Model: svm
2026-04-10 20:05:08,252 - phase4_3_gradient_boosting - INFO -       Accuracy: 0.9677, F1: 0.9519
2026-04-10 20:05:08,252 - phase4_3_gradient_boosting - INFO -     Model: mlp
2026-04-10 20:05:08,726 - phase4_3_gradient_boosting - INFO -       Accuracy: 0.9655, F1: 0.9564
2026-04-10 20:05:08,726 - phase4_3_gradient_boosting - INFO -   Preprocessing: mice
2026-04-10 20:05:08,726 - phase4_3_gradient_boosting - INFO -     Model: svm
2026-04-10 20:05:43,699 - phase4_3_gradient_boosting - INFO -       Accuracy: 0.9685, F1: 0.9537
2026-04-10 20:05:43,699 - phase4_3_gradient_boosting - INFO -     Model: mlp
2026-04-10 20:06:17,539 - phase4_3_gradient_boosting - INFO -       Accuracy: 0.9677, F1: 0.9578
2026-04-10 20:06:17,539 - phase4_3_gradient_boosting - INFO - 
=== Scenario: MCAR_15pct ===
2026-04-10 20:06:18,216 - phase4_3_gradient_boosting - INFO - Injected MCAR at 15.0%
2026-04-10 20:06:18,216 - phase4_3_gradient_boosting - INFO -   Preprocessing: median
2026-04-10 20:06:18,216 - phase4_3_gradient_boosting - INFO -     Model: svm
2026-04-10 20:06:19,739 - phase4_3_gradient_boosting - INFO -       Accuracy: 0.9677, F1: 0.9519
2026-04-10 20:06:19,739 - phase4_3_gradient_boosting - INFO -     Model: mlp
2026-04-10 20:06:20,232 - phase4_3_gradient_boosting - INFO -       Accuracy: 0.9663, F1: 0.9594
2026-04-10 20:06:20,232 - phase4_3_gradient_boosting - INFO -   Preprocessing: mice
2026-04-10 20:06:20,232 - phase4_3_gradient_boosting - INFO -     Model: svm
2026-04-10 20:06:53,541 - phase4_3_gradient_boosting - INFO -       Accuracy: 0.9685, F1: 0.9537
2026-04-10 20:06:53,541 - phase4_3_gradient_boosting - INFO -     Model: mlp
2026-04-10 20:07:26,236 - phase4_3_gradient_boosting - INFO -       Accuracy: 0.9670, F1: 0.9573
2026-04-10 20:07:26,237 - phase4_3_gradient_boosting - INFO - 
=== Scenario: MCAR_20pct ===
2026-04-10 20:07:27,134 - phase4_3_gradient_boosting - INFO - Injected MCAR at 20.0%
2026-04-10 20:07:27,135 - phase4_3_gradient_boosting - INFO -   Preprocessing: median
2026-04-10 20:07:27,135 - phase4_3_gradient_boosting - INFO -     Model: svm
2026-04-10 20:07:28,685 - phase4_3_gradient_boosting - INFO -       Accuracy: 0.9677, F1: 0.9519
2026-04-10 20:07:28,685 - phase4_3_gradient_boosting - INFO -     Model: mlp
2026-04-10 20:07:29,275 - phase4_3_gradient_boosting - INFO -       Accuracy: 0.9670, F1: 0.9620
2026-04-10 20:07:29,275 - phase4_3_gradient_boosting - INFO -   Preprocessing: mice
2026-04-10 20:07:29,275 - phase4_3_gradient_boosting - INFO -     Model: svm
2026-04-10 20:08:02,207 - phase4_3_gradient_boosting - INFO -       Accuracy: 0.9685, F1: 0.9537
2026-04-10 20:08:02,207 - phase4_3_gradient_boosting - INFO -     Model: mlp
2026-04-10 20:08:34,343 - phase4_3_gradient_boosting - INFO -       Accuracy: 0.9677, F1: 0.9578
2026-04-10 20:08:34,343 - phase4_3_gradient_boosting - INFO - 
=== Scenario: MCAR_30pct ===
2026-04-10 20:08:35,660 - phase4_3_gradient_boosting - INFO - Injected MCAR at 30.0%
2026-04-10 20:08:35,660 - phase4_3_gradient_boosting - INFO -   Preprocessing: median
2026-04-10 20:08:35,660 - phase4_3_gradient_boosting - INFO -     Model: svm
2026-04-10 20:08:37,246 - phase4_3_gradient_boosting - INFO -       Accuracy: 0.9677, F1: 0.9519
2026-04-10 20:08:37,246 - phase4_3_gradient_boosting - INFO -     Model: mlp
2026-04-10 20:08:37,875 - phase4_3_gradient_boosting - INFO -       Accuracy: 0.9575, F1: 0.9584
2026-04-10 20:08:37,875 - phase4_3_gradient_boosting - INFO -   Preprocessing: mice
2026-04-10 20:08:37,875 - phase4_3_gradient_boosting - INFO -     Model: svm
2026-04-10 20:09:09,334 - phase4_3_gradient_boosting - INFO -       Accuracy: 0.9685, F1: 0.9537
2026-04-10 20:09:09,335 - phase4_3_gradient_boosting - INFO -     Model: mlp
2026-04-10 20:09:40,046 - phase4_3_gradient_boosting - INFO -       Accuracy: 0.9655, F1: 0.9544
2026-04-10 20:09:40,046 - phase4_3_gradient_boosting - INFO - 
=== Scenario: MCAR_40pct ===
2026-04-10 20:09:41,878 - phase4_3_gradient_boosting - INFO - Injected MCAR at 40.0%
2026-04-10 20:09:41,878 - phase4_3_gradient_boosting - INFO -   Preprocessing: median
2026-04-10 20:09:41,878 - phase4_3_gradient_boosting - INFO -     Model: svm
2026-04-10 20:09:43,518 - phase4_3_gradient_boosting - INFO -       Accuracy: 0.9677, F1: 0.9519
2026-04-10 20:09:43,518 - phase4_3_gradient_boosting - INFO -     Model: mlp
2026-04-10 20:09:44,008 - phase4_3_gradient_boosting - INFO -       Accuracy: 0.9567, F1: 0.9587
2026-04-10 20:09:44,008 - phase4_3_gradient_boosting - INFO -   Preprocessing: mice
2026-04-10 20:09:44,008 - phase4_3_gradient_boosting - INFO -     Model: svm
2026-04-10 20:10:14,686 - phase4_3_gradient_boosting - INFO -       Accuracy: 0.9677, F1: 0.9519
2026-04-10 20:10:14,686 - phase4_3_gradient_boosting - INFO -     Model: mlp
2026-04-10 20:10:44,324 - phase4_3_gradient_boosting - INFO -       Accuracy: 0.9677, F1: 0.9519
2026-04-10 20:10:44,325 - phase4_3_gradient_boosting - INFO - 
=== Scenario: MAR_5pct ===
2026-04-10 20:10:44,964 - phase4_3_gradient_boosting - INFO - Injected MAR at 5.0%
2026-04-10 20:10:44,965 - phase4_3_gradient_boosting - INFO -   Preprocessing: median
2026-04-10 20:10:44,965 - phase4_3_gradient_boosting - INFO -     Model: svm
2026-04-10 20:10:46,399 - phase4_3_gradient_boosting - INFO -       Accuracy: 0.9685, F1: 0.9537
2026-04-10 20:10:46,399 - phase4_3_gradient_boosting - INFO -     Model: mlp
2026-04-10 20:10:46,759 - phase4_3_gradient_boosting - INFO -       Accuracy: 0.9677, F1: 0.9519
2026-04-10 20:10:46,759 - phase4_3_gradient_boosting - INFO -   Preprocessing: mice
2026-04-10 20:10:46,759 - phase4_3_gradient_boosting - INFO -     Model: svm
2026-04-10 20:11:05,480 - phase4_3_gradient_boosting - INFO -       Accuracy: 0.9677, F1: 0.9519
2026-04-10 20:11:05,480 - phase4_3_gradient_boosting - INFO -     Model: mlp
2026-04-10 20:11:23,035 - phase4_3_gradient_boosting - INFO -       Accuracy: 0.9677, F1: 0.9519
2026-04-10 20:11:23,035 - phase4_3_gradient_boosting - INFO - 
=== Scenario: MAR_10pct ===
2026-04-10 20:11:23,890 - phase4_3_gradient_boosting - INFO - Injected MAR at 10.0%
2026-04-10 20:11:23,890 - phase4_3_gradient_boosting - INFO -   Preprocessing: median
2026-04-10 20:11:23,890 - phase4_3_gradient_boosting - INFO -     Model: svm
2026-04-10 20:11:25,309 - phase4_3_gradient_boosting - INFO -       Accuracy: 0.9685, F1: 0.9537
2026-04-10 20:11:25,309 - phase4_3_gradient_boosting - INFO -     Model: mlp
2026-04-10 20:11:25,669 - phase4_3_gradient_boosting - INFO -       Accuracy: 0.9677, F1: 0.9519
2026-04-10 20:11:25,669 - phase4_3_gradient_boosting - INFO -   Preprocessing: mice
2026-04-10 20:11:25,669 - phase4_3_gradient_boosting - INFO -     Model: svm
2026-04-10 20:11:59,801 - phase4_3_gradient_boosting - INFO -       Accuracy: 0.9677, F1: 0.9519
2026-04-10 20:11:59,801 - phase4_3_gradient_boosting - INFO -     Model: mlp
2026-04-10 20:12:33,305 - phase4_3_gradient_boosting - INFO -       Accuracy: 0.9655, F1: 0.9554
2026-04-10 20:12:33,305 - phase4_3_gradient_boosting - INFO - 
=== Scenario: MAR_15pct ===
2026-04-10 20:12:34,401 - phase4_3_gradient_boosting - INFO - Injected MAR at 15.0%
2026-04-10 20:12:34,401 - phase4_3_gradient_boosting - INFO -   Preprocessing: median
2026-04-10 20:12:34,401 - phase4_3_gradient_boosting - INFO -     Model: svm
2026-04-10 20:12:35,816 - phase4_3_gradient_boosting - INFO -       Accuracy: 0.9685, F1: 0.9537
2026-04-10 20:12:35,816 - phase4_3_gradient_boosting - INFO -     Model: mlp
2026-04-10 20:12:36,171 - phase4_3_gradient_boosting - INFO -       Accuracy: 0.9677, F1: 0.9519
2026-04-10 20:12:36,171 - phase4_3_gradient_boosting - INFO -   Preprocessing: mice
2026-04-10 20:12:36,171 - phase4_3_gradient_boosting - INFO -     Model: svm
2026-04-10 20:13:08,809 - phase4_3_gradient_boosting - INFO -       Accuracy: 0.9677, F1: 0.9519
2026-04-10 20:13:08,810 - phase4_3_gradient_boosting - INFO -     Model: mlp
2026-04-10 20:13:40,871 - phase4_3_gradient_boosting - INFO -       Accuracy: 0.9670, F1: 0.9563
2026-04-10 20:13:40,871 - phase4_3_gradient_boosting - INFO - 
=== Scenario: MAR_20pct ===
2026-04-10 20:13:42,208 - phase4_3_gradient_boosting - INFO - Injected MAR at 20.0%
2026-04-10 20:13:42,208 - phase4_3_gradient_boosting - INFO -   Preprocessing: median
2026-04-10 20:13:42,208 - phase4_3_gradient_boosting - INFO -     Model: svm
2026-04-10 20:13:43,638 - phase4_3_gradient_boosting - INFO -       Accuracy: 0.9685, F1: 0.9537
2026-04-10 20:13:43,638 - phase4_3_gradient_boosting - INFO -     Model: mlp
2026-04-10 20:13:43,994 - phase4_3_gradient_boosting - INFO -       Accuracy: 0.9677, F1: 0.9519
2026-04-10 20:13:43,994 - phase4_3_gradient_boosting - INFO -   Preprocessing: mice
2026-04-10 20:13:43,994 - phase4_3_gradient_boosting - INFO -     Model: svm
2026-04-10 20:14:16,090 - phase4_3_gradient_boosting - INFO -       Accuracy: 0.9677, F1: 0.9519
2026-04-10 20:14:16,090 - phase4_3_gradient_boosting - INFO -     Model: mlp
2026-04-10 20:14:47,671 - phase4_3_gradient_boosting - INFO -       Accuracy: 0.9677, F1: 0.9519
2026-04-10 20:14:47,672 - phase4_3_gradient_boosting - INFO - 
=== Scenario: MAR_30pct ===
2026-04-10 20:14:49,501 - phase4_3_gradient_boosting - INFO - Injected MAR at 30.0%
2026-04-10 20:14:49,501 - phase4_3_gradient_boosting - INFO -   Preprocessing: median
2026-04-10 20:14:49,501 - phase4_3_gradient_boosting - INFO -     Model: svm
2026-04-10 20:14:51,010 - phase4_3_gradient_boosting - INFO -       Accuracy: 0.9677, F1: 0.9519
2026-04-10 20:14:51,010 - phase4_3_gradient_boosting - INFO -     Model: mlp
2026-04-10 20:14:51,369 - phase4_3_gradient_boosting - INFO -       Accuracy: 0.9677, F1: 0.9519
2026-04-10 20:14:51,370 - phase4_3_gradient_boosting - INFO -   Preprocessing: mice
2026-04-10 20:14:51,370 - phase4_3_gradient_boosting - INFO -     Model: svm
2026-04-10 20:15:23,014 - phase4_3_gradient_boosting - INFO -       Accuracy: 0.9677, F1: 0.9519
2026-04-10 20:15:23,014 - phase4_3_gradient_boosting - INFO -     Model: mlp
2026-04-10 20:15:53,964 - phase4_3_gradient_boosting - INFO -       Accuracy: 0.9670, F1: 0.9553
2026-04-10 20:15:53,964 - phase4_3_gradient_boosting - INFO - 
=== Scenario: MAR_40pct ===
2026-04-10 20:15:56,332 - phase4_3_gradient_boosting - INFO - Injected MAR at 40.0%
2026-04-10 20:15:56,333 - phase4_3_gradient_boosting - INFO -   Preprocessing: median
2026-04-10 20:15:56,333 - phase4_3_gradient_boosting - INFO -     Model: svm
2026-04-10 20:15:57,929 - phase4_3_gradient_boosting - INFO -       Accuracy: 0.9677, F1: 0.9519
2026-04-10 20:15:57,929 - phase4_3_gradient_boosting - INFO -     Model: mlp
2026-04-10 20:15:58,651 - phase4_3_gradient_boosting - INFO -       Accuracy: 0.9582, F1: 0.9575
2026-04-10 20:15:58,651 - phase4_3_gradient_boosting - INFO -   Preprocessing: mice
2026-04-10 20:15:58,651 - phase4_3_gradient_boosting - INFO -     Model: svm
2026-04-10 20:16:29,425 - phase4_3_gradient_boosting - INFO -       Accuracy: 0.9677, F1: 0.9519
2026-04-10 20:16:29,425 - phase4_3_gradient_boosting - INFO -     Model: mlp
2026-04-10 20:16:59,113 - phase4_3_gradient_boosting - INFO -       Accuracy: 0.9670, F1: 0.9563
2026-04-10 20:16:59,113 - phase4_3_gradient_boosting - INFO - 
=== Scenario: MNAR_5pct ===
2026-04-10 20:16:59,737 - phase4_3_gradient_boosting - INFO - Injected MNAR at 5.0%
2026-04-10 20:16:59,737 - phase4_3_gradient_boosting - INFO -   Preprocessing: median
2026-04-10 20:16:59,737 - phase4_3_gradient_boosting - INFO -     Model: svm
2026-04-10 20:17:01,213 - phase4_3_gradient_boosting - INFO -       Accuracy: 0.9685, F1: 0.9537
2026-04-10 20:17:01,213 - phase4_3_gradient_boosting - INFO -     Model: mlp
2026-04-10 20:17:01,577 - phase4_3_gradient_boosting - INFO -       Accuracy: 0.9677, F1: 0.9519
2026-04-10 20:17:01,577 - phase4_3_gradient_boosting - INFO -   Preprocessing: mice
2026-04-10 20:17:01,577 - phase4_3_gradient_boosting - INFO -     Model: svm
2026-04-10 20:17:20,551 - phase4_3_gradient_boosting - INFO -       Accuracy: 0.9685, F1: 0.9537
2026-04-10 20:17:20,551 - phase4_3_gradient_boosting - INFO -     Model: mlp
2026-04-10 20:17:38,228 - phase4_3_gradient_boosting - INFO -       Accuracy: 0.9663, F1: 0.9537
2026-04-10 20:17:38,228 - phase4_3_gradient_boosting - INFO - 
=== Scenario: MNAR_10pct ===
2026-04-10 20:17:39,102 - phase4_3_gradient_boosting - INFO - Injected MNAR at 10.0%
2026-04-10 20:17:39,102 - phase4_3_gradient_boosting - INFO -   Preprocessing: median
2026-04-10 20:17:39,102 - phase4_3_gradient_boosting - INFO -     Model: svm
2026-04-10 20:17:40,562 - phase4_3_gradient_boosting - INFO -       Accuracy: 0.9685, F1: 0.9537
2026-04-10 20:17:40,562 - phase4_3_gradient_boosting - INFO -     Model: mlp
2026-04-10 20:17:40,945 - phase4_3_gradient_boosting - INFO -       Accuracy: 0.9663, F1: 0.9537
2026-04-10 20:17:40,945 - phase4_3_gradient_boosting - INFO -   Preprocessing: mice
2026-04-10 20:17:40,945 - phase4_3_gradient_boosting - INFO -     Model: svm
2026-04-10 20:17:58,783 - phase4_3_gradient_boosting - INFO -       Accuracy: 0.9685, F1: 0.9537
2026-04-10 20:17:58,783 - phase4_3_gradient_boosting - INFO -     Model: mlp
2026-04-10 20:18:15,752 - phase4_3_gradient_boosting - INFO -       Accuracy: 0.9663, F1: 0.9537
2026-04-10 20:18:15,752 - phase4_3_gradient_boosting - INFO - 
=== Scenario: MNAR_15pct ===
2026-04-10 20:18:16,863 - phase4_3_gradient_boosting - INFO - Injected MNAR at 15.0%
2026-04-10 20:18:16,863 - phase4_3_gradient_boosting - INFO -   Preprocessing: median
2026-04-10 20:18:16,863 - phase4_3_gradient_boosting - INFO -     Model: svm
2026-04-10 20:18:18,358 - phase4_3_gradient_boosting - INFO -       Accuracy: 0.9685, F1: 0.9537
2026-04-10 20:18:18,359 - phase4_3_gradient_boosting - INFO -     Model: mlp
2026-04-10 20:18:18,739 - phase4_3_gradient_boosting - INFO -       Accuracy: 0.9655, F1: 0.9533
2026-04-10 20:18:18,739 - phase4_3_gradient_boosting - INFO -   Preprocessing: mice
2026-04-10 20:18:18,739 - phase4_3_gradient_boosting - INFO -     Model: svm
2026-04-10 20:18:39,355 - phase4_3_gradient_boosting - INFO -       Accuracy: 0.9685, F1: 0.9537
2026-04-10 20:18:39,355 - phase4_3_gradient_boosting - INFO -     Model: mlp
2026-04-10 20:18:58,998 - phase4_3_gradient_boosting - INFO -       Accuracy: 0.9663, F1: 0.9537
2026-04-10 20:18:58,998 - phase4_3_gradient_boosting - INFO - 
=== Scenario: MNAR_20pct ===
2026-04-10 20:19:00,347 - phase4_3_gradient_boosting - INFO - Injected MNAR at 20.0%
2026-04-10 20:19:00,347 - phase4_3_gradient_boosting - INFO -   Preprocessing: median
2026-04-10 20:19:00,347 - phase4_3_gradient_boosting - INFO -     Model: svm
2026-04-10 20:19:01,831 - phase4_3_gradient_boosting - INFO -       Accuracy: 0.9685, F1: 0.9537
2026-04-10 20:19:01,831 - phase4_3_gradient_boosting - INFO -     Model: mlp
2026-04-10 20:19:02,209 - phase4_3_gradient_boosting - INFO -       Accuracy: 0.9655, F1: 0.9533
2026-04-10 20:19:02,210 - phase4_3_gradient_boosting - INFO -   Preprocessing: mice
2026-04-10 20:19:02,210 - phase4_3_gradient_boosting - INFO -     Model: svm
2026-04-10 20:19:25,635 - phase4_3_gradient_boosting - INFO -       Accuracy: 0.9685, F1: 0.9537
2026-04-10 20:19:25,635 - phase4_3_gradient_boosting - INFO -     Model: mlp
2026-04-10 20:19:48,038 - phase4_3_gradient_boosting - INFO -       Accuracy: 0.9677, F1: 0.9519
2026-04-10 20:19:48,038 - phase4_3_gradient_boosting - INFO - 
=== Scenario: MNAR_30pct ===
2026-04-10 20:19:49,944 - phase4_3_gradient_boosting - INFO - Injected MNAR at 30.0%
2026-04-10 20:19:49,944 - phase4_3_gradient_boosting - INFO -   Preprocessing: median
2026-04-10 20:19:49,944 - phase4_3_gradient_boosting - INFO -     Model: svm
2026-04-10 20:19:51,534 - phase4_3_gradient_boosting - INFO -       Accuracy: 0.9677, F1: 0.9519
2026-04-10 20:19:51,534 - phase4_3_gradient_boosting - INFO -     Model: mlp
2026-04-10 20:19:51,895 - phase4_3_gradient_boosting - INFO -       Accuracy: 0.9677, F1: 0.9519
2026-04-10 20:19:51,895 - phase4_3_gradient_boosting - INFO -   Preprocessing: mice
2026-04-10 20:19:51,895 - phase4_3_gradient_boosting - INFO -     Model: svm
2026-04-10 20:20:23,724 - phase4_3_gradient_boosting - INFO -       Accuracy: 0.9677, F1: 0.9519
2026-04-10 20:20:23,724 - phase4_3_gradient_boosting - INFO -     Model: mlp
2026-04-10 20:20:54,513 - phase4_3_gradient_boosting - INFO -       Accuracy: 0.9655, F1: 0.9596
2026-04-10 20:20:54,513 - phase4_3_gradient_boosting - INFO - 
=== Scenario: MNAR_40pct ===
2026-04-10 20:20:56,861 - phase4_3_gradient_boosting - INFO - Injected MNAR at 40.0%
2026-04-10 20:20:56,862 - phase4_3_gradient_boosting - INFO -   Preprocessing: median
2026-04-10 20:20:56,862 - phase4_3_gradient_boosting - INFO -     Model: svm
2026-04-10 20:20:58,535 - phase4_3_gradient_boosting - INFO -       Accuracy: 0.9677, F1: 0.9519
2026-04-10 20:20:58,535 - phase4_3_gradient_boosting - INFO -     Model: mlp
2026-04-10 20:20:58,904 - phase4_3_gradient_boosting - INFO -       Accuracy: 0.9677, F1: 0.9519
2026-04-10 20:20:58,904 - phase4_3_gradient_boosting - INFO -   Preprocessing: mice
2026-04-10 20:20:58,904 - phase4_3_gradient_boosting - INFO -     Model: svm
2026-04-10 20:21:29,449 - phase4_3_gradient_boosting - INFO -       Accuracy: 0.9677, F1: 0.9519
2026-04-10 20:21:29,449 - phase4_3_gradient_boosting - INFO -     Model: mlp
2026-04-10 20:21:58,875 - phase4_3_gradient_boosting - INFO -       Accuracy: 0.9677, F1: 0.9519
2026-04-10 20:21:58,887 - phase4_3_gradient_boosting - INFO - Starting Phase 4.3 experiment on polish_1year
2026-04-10 20:21:58,887 - phase4_3_gradient_boosting - INFO - Using models: ['svm', 'mlp']
2026-04-10 20:21:58,923 - phase4_3_gradient_boosting - INFO - Loaded 7027 samples with 64 features
2026-04-10 20:21:58,962 - phase4_3_gradient_boosting - INFO - Using precomputed split from data/splits
2026-04-10 20:21:58,962 - phase4_3_gradient_boosting - INFO - 
=== Scenario: MCAR_5pct ===
2026-04-10 20:21:59,086 - phase4_3_gradient_boosting - INFO - Injected MCAR at 5.0%
2026-04-10 20:21:59,086 - phase4_3_gradient_boosting - INFO -   Preprocessing: median
2026-04-10 20:21:59,086 - phase4_3_gradient_boosting - INFO -     Model: svm
2026-04-10 20:22:00,572 - phase4_3_gradient_boosting - INFO -       Accuracy: 0.9616, F1: 0.9428
2026-04-10 20:22:00,572 - phase4_3_gradient_boosting - INFO -     Model: mlp
2026-04-10 20:22:00,877 - phase4_3_gradient_boosting - INFO -       Accuracy: 0.9616, F1: 0.9428
2026-04-10 20:22:00,877 - phase4_3_gradient_boosting - INFO -   Preprocessing: mice
2026-04-10 20:22:00,877 - phase4_3_gradient_boosting - INFO -     Model: svm
2026-04-10 20:22:15,243 - phase4_3_gradient_boosting - INFO -       Accuracy: 0.9616, F1: 0.9428
2026-04-10 20:22:15,243 - phase4_3_gradient_boosting - INFO -     Model: mlp
2026-04-10 20:22:28,252 - phase4_3_gradient_boosting - INFO -       Accuracy: 0.9616, F1: 0.9428
2026-04-10 20:22:28,252 - phase4_3_gradient_boosting - INFO - 
=== Scenario: MCAR_10pct ===
2026-04-10 20:22:28,522 - phase4_3_gradient_boosting - INFO - Injected MCAR at 10.0%
2026-04-10 20:22:28,522 - phase4_3_gradient_boosting - INFO -   Preprocessing: median
2026-04-10 20:22:28,522 - phase4_3_gradient_boosting - INFO -     Model: svm
2026-04-10 20:22:30,133 - phase4_3_gradient_boosting - INFO -       Accuracy: 0.9616, F1: 0.9428
2026-04-10 20:22:30,133 - phase4_3_gradient_boosting - INFO -     Model: mlp
2026-04-10 20:22:30,445 - phase4_3_gradient_boosting - INFO -       Accuracy: 0.9616, F1: 0.9428
2026-04-10 20:22:30,445 - phase4_3_gradient_boosting - INFO -   Preprocessing: mice
2026-04-10 20:22:30,445 - phase4_3_gradient_boosting - INFO -     Model: svm
2026-04-10 20:22:44,391 - phase4_3_gradient_boosting - INFO -       Accuracy: 0.9616, F1: 0.9428
2026-04-10 20:22:44,391 - phase4_3_gradient_boosting - INFO -     Model: mlp
2026-04-10 20:22:57,226 - phase4_3_gradient_boosting - INFO -       Accuracy: 0.9616, F1: 0.9428
2026-04-10 20:22:57,226 - phase4_3_gradient_boosting - INFO - 
=== Scenario: MCAR_15pct ===
2026-04-10 20:22:57,645 - phase4_3_gradient_boosting - INFO - Injected MCAR at 15.0%
2026-04-10 20:22:57,646 - phase4_3_gradient_boosting - INFO -   Preprocessing: median
2026-04-10 20:22:57,646 - phase4_3_gradient_boosting - INFO -     Model: svm
2026-04-10 20:22:59,259 - phase4_3_gradient_boosting - INFO -       Accuracy: 0.9616, F1: 0.9428
2026-04-10 20:22:59,259 - phase4_3_gradient_boosting - INFO -     Model: mlp
2026-04-10 20:22:59,564 - phase4_3_gradient_boosting - INFO -       Accuracy: 0.9616, F1: 0.9428
2026-04-10 20:22:59,564 - phase4_3_gradient_boosting - INFO -   Preprocessing: mice
2026-04-10 20:22:59,564 - phase4_3_gradient_boosting - INFO -     Model: svm
2026-04-10 20:23:10,693 - phase4_3_gradient_boosting - INFO -       Accuracy: 0.9616, F1: 0.9428
2026-04-10 20:23:10,693 - phase4_3_gradient_boosting - INFO -     Model: mlp
2026-04-10 20:23:20,959 - phase4_3_gradient_boosting - INFO -       Accuracy: 0.9616, F1: 0.9428
2026-04-10 20:23:20,959 - phase4_3_gradient_boosting - INFO - 
=== Scenario: MCAR_20pct ===
2026-04-10 20:23:21,529 - phase4_3_gradient_boosting - INFO - Injected MCAR at 20.0%
2026-04-10 20:23:21,529 - phase4_3_gradient_boosting - INFO -   Preprocessing: median
2026-04-10 20:23:21,529 - phase4_3_gradient_boosting - INFO -     Model: svm
2026-04-10 20:23:23,138 - phase4_3_gradient_boosting - INFO -       Accuracy: 0.9616, F1: 0.9428
2026-04-10 20:23:23,139 - phase4_3_gradient_boosting - INFO -     Model: mlp
2026-04-10 20:23:23,453 - phase4_3_gradient_boosting - INFO -       Accuracy: 0.9616, F1: 0.9428
2026-04-10 20:23:23,453 - phase4_3_gradient_boosting - INFO -   Preprocessing: mice
2026-04-10 20:23:23,453 - phase4_3_gradient_boosting - INFO -     Model: svm
2026-04-10 20:23:30,893 - phase4_3_gradient_boosting - INFO -       Accuracy: 0.9616, F1: 0.9428
2026-04-10 20:23:30,893 - phase4_3_gradient_boosting - INFO -     Model: mlp
2026-04-10 20:23:37,286 - phase4_3_gradient_boosting - INFO -       Accuracy: 0.9616, F1: 0.9428
2026-04-10 20:23:37,286 - phase4_3_gradient_boosting - INFO - 
=== Scenario: MCAR_30pct ===
2026-04-10 20:23:38,159 - phase4_3_gradient_boosting - INFO - Injected MCAR at 30.0%
2026-04-10 20:23:38,160 - phase4_3_gradient_boosting - INFO -   Preprocessing: median
2026-04-10 20:23:38,160 - phase4_3_gradient_boosting - INFO -     Model: svm
2026-04-10 20:23:39,846 - phase4_3_gradient_boosting - INFO -       Accuracy: 0.9616, F1: 0.9428
2026-04-10 20:23:39,847 - phase4_3_gradient_boosting - INFO -     Model: mlp
2026-04-10 20:23:40,168 - phase4_3_gradient_boosting - INFO -       Accuracy: 0.9616, F1: 0.9428
2026-04-10 20:23:40,168 - phase4_3_gradient_boosting - INFO -   Preprocessing: mice
2026-04-10 20:23:40,168 - phase4_3_gradient_boosting - INFO -     Model: svm
2026-04-10 20:23:46,197 - phase4_3_gradient_boosting - INFO -       Accuracy: 0.9616, F1: 0.9428
2026-04-10 20:23:46,197 - phase4_3_gradient_boosting - INFO -     Model: mlp
2026-04-10 20:23:51,156 - phase4_3_gradient_boosting - INFO -       Accuracy: 0.9616, F1: 0.9428
2026-04-10 20:23:51,156 - phase4_3_gradient_boosting - INFO - 
=== Scenario: MCAR_40pct ===
2026-04-10 20:23:52,315 - phase4_3_gradient_boosting - INFO - Injected MCAR at 40.0%
2026-04-10 20:23:52,315 - phase4_3_gradient_boosting - INFO -   Preprocessing: median
2026-04-10 20:23:52,315 - phase4_3_gradient_boosting - INFO -     Model: svm
2026-04-10 20:23:53,987 - phase4_3_gradient_boosting - INFO -       Accuracy: 0.9616, F1: 0.9428
2026-04-10 20:23:53,987 - phase4_3_gradient_boosting - INFO -     Model: mlp
2026-04-10 20:23:54,298 - phase4_3_gradient_boosting - INFO -       Accuracy: 0.9616, F1: 0.9428
2026-04-10 20:23:54,298 - phase4_3_gradient_boosting - INFO -   Preprocessing: mice
2026-04-10 20:23:54,298 - phase4_3_gradient_boosting - INFO -     Model: svm
2026-04-10 20:24:06,963 - phase4_3_gradient_boosting - INFO -       Accuracy: 0.9616, F1: 0.9428
2026-04-10 20:24:06,963 - phase4_3_gradient_boosting - INFO -     Model: mlp
2026-04-10 20:24:18,608 - phase4_3_gradient_boosting - INFO -       Accuracy: 0.9616, F1: 0.9428
2026-04-10 20:24:18,609 - phase4_3_gradient_boosting - INFO - 
=== Scenario: MAR_5pct ===
2026-04-10 20:24:18,988 - phase4_3_gradient_boosting - INFO - Injected MAR at 5.0%
2026-04-10 20:24:18,988 - phase4_3_gradient_boosting - INFO -   Preprocessing: median
2026-04-10 20:24:18,988 - phase4_3_gradient_boosting - INFO -     Model: svm
2026-04-10 20:24:20,507 - phase4_3_gradient_boosting - INFO -       Accuracy: 0.9616, F1: 0.9428
2026-04-10 20:24:20,507 - phase4_3_gradient_boosting - INFO -     Model: mlp
2026-04-10 20:24:20,826 - phase4_3_gradient_boosting - INFO -       Accuracy: 0.9616, F1: 0.9428
2026-04-10 20:24:20,826 - phase4_3_gradient_boosting - INFO -   Preprocessing: mice
2026-04-10 20:24:20,826 - phase4_3_gradient_boosting - INFO -     Model: svm
2026-04-10 20:24:35,088 - phase4_3_gradient_boosting - INFO -       Accuracy: 0.9616, F1: 0.9428
2026-04-10 20:24:35,089 - phase4_3_gradient_boosting - INFO -     Model: mlp
2026-04-10 20:24:48,211 - phase4_3_gradient_boosting - INFO -       Accuracy: 0.9616, F1: 0.9428
2026-04-10 20:24:48,211 - phase4_3_gradient_boosting - INFO - 
=== Scenario: MAR_10pct ===
2026-04-10 20:24:48,763 - phase4_3_gradient_boosting - INFO - Injected MAR at 10.0%
2026-04-10 20:24:48,763 - phase4_3_gradient_boosting - INFO -   Preprocessing: median
2026-04-10 20:24:48,763 - phase4_3_gradient_boosting - INFO -     Model: svm
2026-04-10 20:24:50,298 - phase4_3_gradient_boosting - INFO -       Accuracy: 0.9616, F1: 0.9428
2026-04-10 20:24:50,299 - phase4_3_gradient_boosting - INFO -     Model: mlp
2026-04-10 20:24:50,616 - phase4_3_gradient_boosting - INFO -       Accuracy: 0.9616, F1: 0.9428
2026-04-10 20:24:50,617 - phase4_3_gradient_boosting - INFO -   Preprocessing: mice
2026-04-10 20:24:50,617 - phase4_3_gradient_boosting - INFO -     Model: svm
2026-04-10 20:25:04,581 - phase4_3_gradient_boosting - INFO -       Accuracy: 0.9616, F1: 0.9428
2026-04-10 20:25:04,581 - phase4_3_gradient_boosting - INFO -     Model: mlp
2026-04-10 20:25:17,811 - phase4_3_gradient_boosting - INFO -       Accuracy: 0.9616, F1: 0.9428
2026-04-10 20:25:17,811 - phase4_3_gradient_boosting - INFO - 
=== Scenario: MAR_15pct ===
2026-04-10 20:25:18,527 - phase4_3_gradient_boosting - INFO - Injected MAR at 15.0%
2026-04-10 20:25:18,527 - phase4_3_gradient_boosting - INFO -   Preprocessing: median
2026-04-10 20:25:18,527 - phase4_3_gradient_boosting - INFO -     Model: svm
2026-04-10 20:25:20,050 - phase4_3_gradient_boosting - INFO -       Accuracy: 0.9616, F1: 0.9428
2026-04-10 20:25:20,050 - phase4_3_gradient_boosting - INFO -     Model: mlp
2026-04-10 20:25:20,372 - phase4_3_gradient_boosting - INFO -       Accuracy: 0.9616, F1: 0.9428
2026-04-10 20:25:20,372 - phase4_3_gradient_boosting - INFO -   Preprocessing: mice
2026-04-10 20:25:20,372 - phase4_3_gradient_boosting - INFO -     Model: svm
2026-04-10 20:25:26,780 - phase4_3_gradient_boosting - INFO -       Accuracy: 0.9616, F1: 0.9428
2026-04-10 20:25:26,780 - phase4_3_gradient_boosting - INFO -     Model: mlp
2026-04-10 20:25:32,100 - phase4_3_gradient_boosting - INFO -       Accuracy: 0.9616, F1: 0.9428
2026-04-10 20:25:32,100 - phase4_3_gradient_boosting - INFO - 
=== Scenario: MAR_20pct ===
2026-04-10 20:25:32,975 - phase4_3_gradient_boosting - INFO - Injected MAR at 20.0%
2026-04-10 20:25:32,976 - phase4_3_gradient_boosting - INFO -   Preprocessing: median
2026-04-10 20:25:32,976 - phase4_3_gradient_boosting - INFO -     Model: svm
2026-04-10 20:25:34,522 - phase4_3_gradient_boosting - INFO -       Accuracy: 0.9616, F1: 0.9428
2026-04-10 20:25:34,522 - phase4_3_gradient_boosting - INFO -     Model: mlp
2026-04-10 20:25:34,831 - phase4_3_gradient_boosting - INFO -       Accuracy: 0.9616, F1: 0.9428
2026-04-10 20:25:34,831 - phase4_3_gradient_boosting - INFO -   Preprocessing: mice
2026-04-10 20:25:34,831 - phase4_3_gradient_boosting - INFO -     Model: svm
2026-04-10 20:25:39,940 - phase4_3_gradient_boosting - INFO -       Accuracy: 0.9616, F1: 0.9428
2026-04-10 20:25:39,940 - phase4_3_gradient_boosting - INFO -     Model: mlp
2026-04-10 20:25:43,927 - phase4_3_gradient_boosting - INFO -       Accuracy: 0.9616, F1: 0.9428
2026-04-10 20:25:43,927 - phase4_3_gradient_boosting - INFO - 
=== Scenario: MAR_30pct ===
2026-04-10 20:25:45,140 - phase4_3_gradient_boosting - INFO - Injected MAR at 30.0%
2026-04-10 20:25:45,140 - phase4_3_gradient_boosting - INFO -   Preprocessing: median
2026-04-10 20:25:45,140 - phase4_3_gradient_boosting - INFO -     Model: svm
2026-04-10 20:25:46,723 - phase4_3_gradient_boosting - INFO -       Accuracy: 0.9616, F1: 0.9428
2026-04-10 20:25:46,723 - phase4_3_gradient_boosting - INFO -     Model: mlp
2026-04-10 20:25:47,041 - phase4_3_gradient_boosting - INFO -       Accuracy: 0.9616, F1: 0.9428
2026-04-10 20:25:47,041 - phase4_3_gradient_boosting - INFO -   Preprocessing: mice
2026-04-10 20:25:47,041 - phase4_3_gradient_boosting - INFO -     Model: svm
2026-04-10 20:25:53,227 - phase4_3_gradient_boosting - INFO -       Accuracy: 0.9616, F1: 0.9428
2026-04-10 20:25:53,227 - phase4_3_gradient_boosting - INFO -     Model: mlp
2026-04-10 20:25:58,241 - phase4_3_gradient_boosting - INFO -       Accuracy: 0.9616, F1: 0.9428
2026-04-10 20:25:58,241 - phase4_3_gradient_boosting - INFO - 
=== Scenario: MAR_40pct ===
2026-04-10 20:25:59,786 - phase4_3_gradient_boosting - INFO - Injected MAR at 40.0%
2026-04-10 20:25:59,786 - phase4_3_gradient_boosting - INFO -   Preprocessing: median
2026-04-10 20:25:59,786 - phase4_3_gradient_boosting - INFO -     Model: svm
2026-04-10 20:26:01,423 - phase4_3_gradient_boosting - INFO -       Accuracy: 0.9616, F1: 0.9428
2026-04-10 20:26:01,423 - phase4_3_gradient_boosting - INFO -     Model: mlp
2026-04-10 20:26:01,735 - phase4_3_gradient_boosting - INFO -       Accuracy: 0.9616, F1: 0.9428
2026-04-10 20:26:01,735 - phase4_3_gradient_boosting - INFO -   Preprocessing: mice
2026-04-10 20:26:01,735 - phase4_3_gradient_boosting - INFO -     Model: svm
2026-04-10 20:26:06,514 - phase4_3_gradient_boosting - INFO -       Accuracy: 0.9616, F1: 0.9428
2026-04-10 20:26:06,515 - phase4_3_gradient_boosting - INFO -     Model: mlp
2026-04-10 20:26:10,190 - phase4_3_gradient_boosting - INFO -       Accuracy: 0.9616, F1: 0.9428
2026-04-10 20:26:10,190 - phase4_3_gradient_boosting - INFO - 
=== Scenario: MNAR_5pct ===
2026-04-10 20:26:10,569 - phase4_3_gradient_boosting - INFO - Injected MNAR at 5.0%
2026-04-10 20:26:10,569 - phase4_3_gradient_boosting - INFO -   Preprocessing: median
2026-04-10 20:26:10,569 - phase4_3_gradient_boosting - INFO -     Model: svm
2026-04-10 20:26:12,115 - phase4_3_gradient_boosting - INFO -       Accuracy: 0.9616, F1: 0.9428
2026-04-10 20:26:12,115 - phase4_3_gradient_boosting - INFO -     Model: mlp
2026-04-10 20:26:12,443 - phase4_3_gradient_boosting - INFO -       Accuracy: 0.9616, F1: 0.9428
2026-04-10 20:26:12,443 - phase4_3_gradient_boosting - INFO -   Preprocessing: mice
2026-04-10 20:26:12,443 - phase4_3_gradient_boosting - INFO -     Model: svm
2026-04-10 20:26:26,698 - phase4_3_gradient_boosting - INFO -       Accuracy: 0.9616, F1: 0.9428
2026-04-10 20:26:26,698 - phase4_3_gradient_boosting - INFO -     Model: mlp
2026-04-10 20:26:39,820 - phase4_3_gradient_boosting - INFO -       Accuracy: 0.9616, F1: 0.9428
2026-04-10 20:26:39,820 - phase4_3_gradient_boosting - INFO - 
=== Scenario: MNAR_10pct ===
2026-04-10 20:26:40,382 - phase4_3_gradient_boosting - INFO - Injected MNAR at 10.0%
2026-04-10 20:26:40,382 - phase4_3_gradient_boosting - INFO -   Preprocessing: median
2026-04-10 20:26:40,383 - phase4_3_gradient_boosting - INFO -     Model: svm
2026-04-10 20:26:41,928 - phase4_3_gradient_boosting - INFO -       Accuracy: 0.9616, F1: 0.9428
2026-04-10 20:26:41,928 - phase4_3_gradient_boosting - INFO -     Model: mlp
2026-04-10 20:26:42,238 - phase4_3_gradient_boosting - INFO -       Accuracy: 0.9616, F1: 0.9428
2026-04-10 20:26:42,238 - phase4_3_gradient_boosting - INFO -   Preprocessing: mice
2026-04-10 20:26:42,238 - phase4_3_gradient_boosting - INFO -     Model: svm
2026-04-10 20:26:51,286 - phase4_3_gradient_boosting - INFO -       Accuracy: 0.9616, F1: 0.9428
2026-04-10 20:26:51,286 - phase4_3_gradient_boosting - INFO -     Model: mlp
2026-04-10 20:26:59,536 - phase4_3_gradient_boosting - INFO -       Accuracy: 0.9616, F1: 0.9428
2026-04-10 20:26:59,537 - phase4_3_gradient_boosting - INFO - 
=== Scenario: MNAR_15pct ===
2026-04-10 20:27:00,266 - phase4_3_gradient_boosting - INFO - Injected MNAR at 15.0%
2026-04-10 20:27:00,266 - phase4_3_gradient_boosting - INFO -   Preprocessing: median
2026-04-10 20:27:00,266 - phase4_3_gradient_boosting - INFO -     Model: svm
2026-04-10 20:27:01,859 - phase4_3_gradient_boosting - INFO -       Accuracy: 0.9616, F1: 0.9428
2026-04-10 20:27:01,859 - phase4_3_gradient_boosting - INFO -     Model: mlp
2026-04-10 20:27:02,172 - phase4_3_gradient_boosting - INFO -       Accuracy: 0.9616, F1: 0.9428
2026-04-10 20:27:02,172 - phase4_3_gradient_boosting - INFO -   Preprocessing: mice
2026-04-10 20:27:02,172 - phase4_3_gradient_boosting - INFO -     Model: svm
2026-04-10 20:27:08,529 - phase4_3_gradient_boosting - INFO -       Accuracy: 0.9616, F1: 0.9428
2026-04-10 20:27:08,530 - phase4_3_gradient_boosting - INFO -     Model: mlp
2026-04-10 20:27:13,746 - phase4_3_gradient_boosting - INFO -       Accuracy: 0.9616, F1: 0.9428
2026-04-10 20:27:13,746 - phase4_3_gradient_boosting - INFO - 
=== Scenario: MNAR_20pct ===
2026-04-10 20:27:14,627 - phase4_3_gradient_boosting - INFO - Injected MNAR at 20.0%
2026-04-10 20:27:14,628 - phase4_3_gradient_boosting - INFO -   Preprocessing: median
2026-04-10 20:27:14,628 - phase4_3_gradient_boosting - INFO -     Model: svm
2026-04-10 20:27:16,279 - phase4_3_gradient_boosting - INFO -       Accuracy: 0.9616, F1: 0.9428
2026-04-10 20:27:16,279 - phase4_3_gradient_boosting - INFO -     Model: mlp
2026-04-10 20:27:16,612 - phase4_3_gradient_boosting - INFO -       Accuracy: 0.9616, F1: 0.9428
2026-04-10 20:27:16,612 - phase4_3_gradient_boosting - INFO -   Preprocessing: mice
2026-04-10 20:27:16,612 - phase4_3_gradient_boosting - INFO -     Model: svm
2026-04-10 20:27:30,050 - phase4_3_gradient_boosting - INFO -       Accuracy: 0.9616, F1: 0.9428
2026-04-10 20:27:30,050 - phase4_3_gradient_boosting - INFO -     Model: mlp
2026-04-10 20:27:42,430 - phase4_3_gradient_boosting - INFO -       Accuracy: 0.9616, F1: 0.9428
2026-04-10 20:27:42,430 - phase4_3_gradient_boosting - INFO - 
=== Scenario: MNAR_30pct ===
2026-04-10 20:27:43,651 - phase4_3_gradient_boosting - INFO - Injected MNAR at 30.0%
2026-04-10 20:27:43,652 - phase4_3_gradient_boosting - INFO -   Preprocessing: median
2026-04-10 20:27:43,652 - phase4_3_gradient_boosting - INFO -     Model: svm
2026-04-10 20:27:45,230 - phase4_3_gradient_boosting - INFO -       Accuracy: 0.9616, F1: 0.9428
2026-04-10 20:27:45,230 - phase4_3_gradient_boosting - INFO -     Model: mlp
2026-04-10 20:27:45,543 - phase4_3_gradient_boosting - INFO -       Accuracy: 0.9616, F1: 0.9428
2026-04-10 20:27:45,543 - phase4_3_gradient_boosting - INFO -   Preprocessing: mice
2026-04-10 20:27:45,543 - phase4_3_gradient_boosting - INFO -     Model: svm
2026-04-10 20:27:56,139 - phase4_3_gradient_boosting - INFO -       Accuracy: 0.9616, F1: 0.9428
2026-04-10 20:27:56,139 - phase4_3_gradient_boosting - INFO -     Model: mlp
2026-04-10 20:28:05,670 - phase4_3_gradient_boosting - INFO -       Accuracy: 0.9616, F1: 0.9428
2026-04-10 20:28:05,670 - phase4_3_gradient_boosting - INFO - 
=== Scenario: MNAR_40pct ===
2026-04-10 20:28:07,226 - phase4_3_gradient_boosting - INFO - Injected MNAR at 40.0%
2026-04-10 20:28:07,226 - phase4_3_gradient_boosting - INFO -   Preprocessing: median
2026-04-10 20:28:07,226 - phase4_3_gradient_boosting - INFO -     Model: svm
2026-04-10 20:28:08,863 - phase4_3_gradient_boosting - INFO -       Accuracy: 0.9616, F1: 0.9428
2026-04-10 20:28:08,863 - phase4_3_gradient_boosting - INFO -     Model: mlp
2026-04-10 20:28:09,177 - phase4_3_gradient_boosting - INFO -       Accuracy: 0.9616, F1: 0.9428
2026-04-10 20:28:09,177 - phase4_3_gradient_boosting - INFO -   Preprocessing: mice
2026-04-10 20:28:09,177 - phase4_3_gradient_boosting - INFO -     Model: svm
2026-04-10 20:28:13,944 - phase4_3_gradient_boosting - INFO -       Accuracy: 0.9616, F1: 0.9428
2026-04-10 20:28:13,944 - phase4_3_gradient_boosting - INFO -     Model: mlp
2026-04-10 20:28:17,633 - phase4_3_gradient_boosting - INFO -       Accuracy: 0.9616, F1: 0.9428
2026-04-10 20:28:17,636 - phase4_3_gradient_boosting - INFO - Starting Phase 4.3 experiment on slovak_manufacture_13
2026-04-10 20:28:17,636 - phase4_3_gradient_boosting - INFO - Using models: ['svm', 'mlp']
2026-04-10 20:28:17,682 - phase4_3_gradient_boosting - INFO - Loaded 4107 samples with 64 features
2026-04-10 20:28:17,728 - phase4_3_gradient_boosting - INFO - Using precomputed split from data/splits
2026-04-10 20:28:17,729 - phase4_3_gradient_boosting - INFO - 
=== Scenario: MCAR_5pct ===
2026-04-10 20:28:17,734 - phase4_3_gradient_boosting - INFO - Injected MCAR at 5.0%
2026-04-10 20:28:17,734 - phase4_3_gradient_boosting - INFO -   Preprocessing: median
2026-04-10 20:28:17,734 - phase4_3_gradient_boosting - INFO -     Model: svm
2026-04-10 20:28:18,035 - phase4_3_gradient_boosting - INFO -       Accuracy: 0.9927, F1: 0.9891
2026-04-10 20:28:18,035 - phase4_3_gradient_boosting - INFO -     Model: mlp
2026-04-10 20:28:18,346 - phase4_3_gradient_boosting - INFO -       Accuracy: 0.9927, F1: 0.9891
2026-04-10 20:28:18,346 - phase4_3_gradient_boosting - INFO -   Preprocessing: mice
2026-04-10 20:28:18,346 - phase4_3_gradient_boosting - INFO -     Model: svm
2026-04-10 20:28:25,135 - phase4_3_gradient_boosting - INFO -       Accuracy: 0.9927, F1: 0.9891
2026-04-10 20:28:25,135 - phase4_3_gradient_boosting - INFO -     Model: mlp
2026-04-10 20:28:32,177 - phase4_3_gradient_boosting - INFO -       Accuracy: 0.9927, F1: 0.9891
2026-04-10 20:28:32,178 - phase4_3_gradient_boosting - INFO - 
=== Scenario: MCAR_10pct ===
2026-04-10 20:28:32,185 - phase4_3_gradient_boosting - INFO - Injected MCAR at 10.0%
2026-04-10 20:28:32,185 - phase4_3_gradient_boosting - INFO -   Preprocessing: median
2026-04-10 20:28:32,185 - phase4_3_gradient_boosting - INFO -     Model: svm
2026-04-10 20:28:32,528 - phase4_3_gradient_boosting - INFO -       Accuracy: 0.9927, F1: 0.9891
2026-04-10 20:28:32,528 - phase4_3_gradient_boosting - INFO -     Model: mlp
2026-04-10 20:28:32,850 - phase4_3_gradient_boosting - INFO -       Accuracy: 0.9927, F1: 0.9891
2026-04-10 20:28:32,850 - phase4_3_gradient_boosting - INFO -   Preprocessing: mice
2026-04-10 20:28:32,850 - phase4_3_gradient_boosting - INFO -     Model: svm
2026-04-10 20:28:39,819 - phase4_3_gradient_boosting - INFO -       Accuracy: 0.9927, F1: 0.9891
2026-04-10 20:28:39,819 - phase4_3_gradient_boosting - INFO -     Model: mlp
2026-04-10 20:28:46,850 - phase4_3_gradient_boosting - INFO -       Accuracy: 0.9927, F1: 0.9891
2026-04-10 20:28:46,850 - phase4_3_gradient_boosting - INFO - 
=== Scenario: MCAR_15pct ===
2026-04-10 20:28:46,860 - phase4_3_gradient_boosting - INFO - Injected MCAR at 15.0%
2026-04-10 20:28:46,860 - phase4_3_gradient_boosting - INFO -   Preprocessing: median
2026-04-10 20:28:46,860 - phase4_3_gradient_boosting - INFO -     Model: svm
2026-04-10 20:28:47,187 - phase4_3_gradient_boosting - INFO -       Accuracy: 0.9927, F1: 0.9891
2026-04-10 20:28:47,187 - phase4_3_gradient_boosting - INFO -     Model: mlp
2026-04-10 20:28:47,519 - phase4_3_gradient_boosting - INFO -       Accuracy: 0.9927, F1: 0.9891
2026-04-10 20:28:47,519 - phase4_3_gradient_boosting - INFO -   Preprocessing: mice
2026-04-10 20:28:47,519 - phase4_3_gradient_boosting - INFO -     Model: svm
2026-04-10 20:28:54,125 - phase4_3_gradient_boosting - INFO -       Accuracy: 0.9927, F1: 0.9891
2026-04-10 20:28:54,125 - phase4_3_gradient_boosting - INFO -     Model: mlp
2026-04-10 20:29:00,841 - phase4_3_gradient_boosting - INFO -       Accuracy: 0.9927, F1: 0.9891
2026-04-10 20:29:00,841 - phase4_3_gradient_boosting - INFO - 
=== Scenario: MCAR_20pct ===
2026-04-10 20:29:00,851 - phase4_3_gradient_boosting - INFO - Injected MCAR at 20.0%
2026-04-10 20:29:00,851 - phase4_3_gradient_boosting - INFO -   Preprocessing: median
2026-04-10 20:29:00,851 - phase4_3_gradient_boosting - INFO -     Model: svm
2026-04-10 20:29:01,215 - phase4_3_gradient_boosting - INFO -       Accuracy: 0.9927, F1: 0.9891
2026-04-10 20:29:01,215 - phase4_3_gradient_boosting - INFO -     Model: mlp
2026-04-10 20:29:01,534 - phase4_3_gradient_boosting - INFO -       Accuracy: 0.9927, F1: 0.9891
2026-04-10 20:29:01,534 - phase4_3_gradient_boosting - INFO -   Preprocessing: mice
2026-04-10 20:29:01,534 - phase4_3_gradient_boosting - INFO -     Model: svm
2026-04-10 20:29:08,429 - phase4_3_gradient_boosting - INFO -       Accuracy: 0.9927, F1: 0.9891
2026-04-10 20:29:08,429 - phase4_3_gradient_boosting - INFO -     Model: mlp
2026-04-10 20:29:15,502 - phase4_3_gradient_boosting - INFO -       Accuracy: 0.9927, F1: 0.9891
2026-04-10 20:29:15,502 - phase4_3_gradient_boosting - INFO - 
=== Scenario: MCAR_30pct ===
2026-04-10 20:29:15,514 - phase4_3_gradient_boosting - INFO - Injected MCAR at 30.0%
2026-04-10 20:29:15,514 - phase4_3_gradient_boosting - INFO -   Preprocessing: median
2026-04-10 20:29:15,514 - phase4_3_gradient_boosting - INFO -     Model: svm
2026-04-10 20:29:15,864 - phase4_3_gradient_boosting - INFO -       Accuracy: 0.9927, F1: 0.9891
2026-04-10 20:29:15,864 - phase4_3_gradient_boosting - INFO -     Model: mlp
2026-04-10 20:29:16,182 - phase4_3_gradient_boosting - INFO -       Accuracy: 0.9927, F1: 0.9891
2026-04-10 20:29:16,182 - phase4_3_gradient_boosting - INFO -   Preprocessing: mice
2026-04-10 20:29:16,182 - phase4_3_gradient_boosting - INFO -     Model: svm
2026-04-10 20:29:23,017 - phase4_3_gradient_boosting - INFO -       Accuracy: 0.9927, F1: 0.9891
2026-04-10 20:29:23,017 - phase4_3_gradient_boosting - INFO -     Model: mlp
2026-04-10 20:29:30,006 - phase4_3_gradient_boosting - INFO -       Accuracy: 0.9927, F1: 0.9891
2026-04-10 20:29:30,006 - phase4_3_gradient_boosting - INFO - 
=== Scenario: MCAR_40pct ===
2026-04-10 20:29:30,022 - phase4_3_gradient_boosting - INFO - Injected MCAR at 40.0%
2026-04-10 20:29:30,022 - phase4_3_gradient_boosting - INFO -   Preprocessing: median
2026-04-10 20:29:30,022 - phase4_3_gradient_boosting - INFO -     Model: svm
2026-04-10 20:29:30,423 - phase4_3_gradient_boosting - INFO -       Accuracy: 0.9927, F1: 0.9891
2026-04-10 20:29:30,423 - phase4_3_gradient_boosting - INFO -     Model: mlp
2026-04-10 20:29:30,737 - phase4_3_gradient_boosting - INFO -       Accuracy: 0.9927, F1: 0.9891
2026-04-10 20:29:30,737 - phase4_3_gradient_boosting - INFO -   Preprocessing: mice
2026-04-10 20:29:30,737 - phase4_3_gradient_boosting - INFO -     Model: svm
2026-04-10 20:29:37,578 - phase4_3_gradient_boosting - INFO -       Accuracy: 0.9927, F1: 0.9891
2026-04-10 20:29:37,578 - phase4_3_gradient_boosting - INFO -     Model: mlp
2026-04-10 20:29:44,387 - phase4_3_gradient_boosting - INFO -       Accuracy: 0.9927, F1: 0.9891
2026-04-10 20:29:44,387 - phase4_3_gradient_boosting - INFO - 
=== Scenario: MAR_5pct ===
2026-04-10 20:29:44,398 - phase4_3_gradient_boosting - INFO - Injected MAR at 5.0%
2026-04-10 20:29:44,398 - phase4_3_gradient_boosting - INFO -   Preprocessing: median
2026-04-10 20:29:44,398 - phase4_3_gradient_boosting - INFO -     Model: svm
2026-04-10 20:29:44,697 - phase4_3_gradient_boosting - INFO -       Accuracy: 0.9927, F1: 0.9891
2026-04-10 20:29:44,697 - phase4_3_gradient_boosting - INFO -     Model: mlp
2026-04-10 20:29:45,017 - phase4_3_gradient_boosting - INFO -       Accuracy: 0.9927, F1: 0.9891
2026-04-10 20:29:45,018 - phase4_3_gradient_boosting - INFO -   Preprocessing: mice
2026-04-10 20:29:45,018 - phase4_3_gradient_boosting - INFO -     Model: svm
2026-04-10 20:29:51,793 - phase4_3_gradient_boosting - INFO -       Accuracy: 0.9927, F1: 0.9891
2026-04-10 20:29:51,793 - phase4_3_gradient_boosting - INFO -     Model: mlp
2026-04-10 20:29:58,661 - phase4_3_gradient_boosting - INFO -       Accuracy: 0.9927, F1: 0.9891
2026-04-10 20:29:58,661 - phase4_3_gradient_boosting - INFO - 
=== Scenario: MAR_10pct ===
2026-04-10 20:29:58,671 - phase4_3_gradient_boosting - INFO - Injected MAR at 10.0%
2026-04-10 20:29:58,671 - phase4_3_gradient_boosting - INFO -   Preprocessing: median
2026-04-10 20:29:58,671 - phase4_3_gradient_boosting - INFO -     Model: svm
2026-04-10 20:29:58,979 - phase4_3_gradient_boosting - INFO -       Accuracy: 0.9927, F1: 0.9891
2026-04-10 20:29:58,979 - phase4_3_gradient_boosting - INFO -     Model: mlp
2026-04-10 20:29:59,296 - phase4_3_gradient_boosting - INFO -       Accuracy: 0.9927, F1: 0.9891
2026-04-10 20:29:59,296 - phase4_3_gradient_boosting - INFO -   Preprocessing: mice
2026-04-10 20:29:59,296 - phase4_3_gradient_boosting - INFO -     Model: svm
2026-04-10 20:30:05,867 - phase4_3_gradient_boosting - INFO -       Accuracy: 0.9927, F1: 0.9891
2026-04-10 20:30:05,868 - phase4_3_gradient_boosting - INFO -     Model: mlp
2026-04-10 20:30:12,636 - phase4_3_gradient_boosting - INFO -       Accuracy: 0.9927, F1: 0.9891
2026-04-10 20:30:12,636 - phase4_3_gradient_boosting - INFO - 
=== Scenario: MAR_15pct ===
2026-04-10 20:30:12,648 - phase4_3_gradient_boosting - INFO - Injected MAR at 15.0%
2026-04-10 20:30:12,648 - phase4_3_gradient_boosting - INFO -   Preprocessing: median
2026-04-10 20:30:12,648 - phase4_3_gradient_boosting - INFO -     Model: svm
2026-04-10 20:30:12,983 - phase4_3_gradient_boosting - INFO -       Accuracy: 0.9927, F1: 0.9891
2026-04-10 20:30:12,983 - phase4_3_gradient_boosting - INFO -     Model: mlp
2026-04-10 20:30:13,310 - phase4_3_gradient_boosting - INFO -       Accuracy: 0.9927, F1: 0.9891
2026-04-10 20:30:13,310 - phase4_3_gradient_boosting - INFO -   Preprocessing: mice
2026-04-10 20:30:13,310 - phase4_3_gradient_boosting - INFO -     Model: svm
2026-04-10 20:30:20,310 - phase4_3_gradient_boosting - INFO -       Accuracy: 0.9927, F1: 0.9891
2026-04-10 20:30:20,311 - phase4_3_gradient_boosting - INFO -     Model: mlp
2026-04-10 20:30:27,347 - phase4_3_gradient_boosting - INFO -       Accuracy: 0.9927, F1: 0.9891
2026-04-10 20:30:27,347 - phase4_3_gradient_boosting - INFO - 
=== Scenario: MAR_20pct ===
2026-04-10 20:30:27,360 - phase4_3_gradient_boosting - INFO - Injected MAR at 20.0%
2026-04-10 20:30:27,360 - phase4_3_gradient_boosting - INFO -   Preprocessing: median
2026-04-10 20:30:27,360 - phase4_3_gradient_boosting - INFO -     Model: svm
2026-04-10 20:30:27,672 - phase4_3_gradient_boosting - INFO -       Accuracy: 0.9927, F1: 0.9891
2026-04-10 20:30:27,672 - phase4_3_gradient_boosting - INFO -     Model: mlp
2026-04-10 20:30:27,986 - phase4_3_gradient_boosting - INFO -       Accuracy: 0.9927, F1: 0.9891
2026-04-10 20:30:27,986 - phase4_3_gradient_boosting - INFO -   Preprocessing: mice
2026-04-10 20:30:27,986 - phase4_3_gradient_boosting - INFO -     Model: svm
2026-04-10 20:30:34,556 - phase4_3_gradient_boosting - INFO -       Accuracy: 0.9927, F1: 0.9891
2026-04-10 20:30:34,556 - phase4_3_gradient_boosting - INFO -     Model: mlp
2026-04-10 20:30:41,277 - phase4_3_gradient_boosting - INFO -       Accuracy: 0.9927, F1: 0.9891
2026-04-10 20:30:41,277 - phase4_3_gradient_boosting - INFO - 
=== Scenario: MAR_30pct ===
2026-04-10 20:30:41,292 - phase4_3_gradient_boosting - INFO - Injected MAR at 30.0%
2026-04-10 20:30:41,292 - phase4_3_gradient_boosting - INFO -   Preprocessing: median
2026-04-10 20:30:41,292 - phase4_3_gradient_boosting - INFO -     Model: svm
2026-04-10 20:30:41,614 - phase4_3_gradient_boosting - INFO -       Accuracy: 0.9927, F1: 0.9891
2026-04-10 20:30:41,615 - phase4_3_gradient_boosting - INFO -     Model: mlp
2026-04-10 20:30:41,926 - phase4_3_gradient_boosting - INFO -       Accuracy: 0.9927, F1: 0.9891
2026-04-10 20:30:41,926 - phase4_3_gradient_boosting - INFO -   Preprocessing: mice
2026-04-10 20:30:41,927 - phase4_3_gradient_boosting - INFO -     Model: svm
2026-04-10 20:30:48,879 - phase4_3_gradient_boosting - INFO -       Accuracy: 0.9927, F1: 0.9891
2026-04-10 20:30:48,879 - phase4_3_gradient_boosting - INFO -     Model: mlp
2026-04-10 20:30:56,036 - phase4_3_gradient_boosting - INFO -       Accuracy: 0.9927, F1: 0.9891
2026-04-10 20:30:56,036 - phase4_3_gradient_boosting - INFO - 
=== Scenario: MAR_40pct ===
2026-04-10 20:30:56,054 - phase4_3_gradient_boosting - INFO - Injected MAR at 40.0%
2026-04-10 20:30:56,054 - phase4_3_gradient_boosting - INFO -   Preprocessing: median
2026-04-10 20:30:56,054 - phase4_3_gradient_boosting - INFO -     Model: svm
2026-04-10 20:30:56,377 - phase4_3_gradient_boosting - INFO -       Accuracy: 0.9927, F1: 0.9891
2026-04-10 20:30:56,377 - phase4_3_gradient_boosting - INFO -     Model: mlp
2026-04-10 20:30:56,693 - phase4_3_gradient_boosting - INFO -       Accuracy: 0.9927, F1: 0.9891
2026-04-10 20:30:56,693 - phase4_3_gradient_boosting - INFO -   Preprocessing: mice
2026-04-10 20:30:56,693 - phase4_3_gradient_boosting - INFO -     Model: svm
2026-04-10 20:31:03,449 - phase4_3_gradient_boosting - INFO -       Accuracy: 0.9927, F1: 0.9891
2026-04-10 20:31:03,450 - phase4_3_gradient_boosting - INFO -     Model: mlp
2026-04-10 20:31:10,387 - phase4_3_gradient_boosting - INFO -       Accuracy: 0.9927, F1: 0.9891
2026-04-10 20:31:10,387 - phase4_3_gradient_boosting - INFO - 
=== Scenario: MNAR_5pct ===
2026-04-10 20:31:10,395 - phase4_3_gradient_boosting - INFO - Injected MNAR at 5.0%
2026-04-10 20:31:10,395 - phase4_3_gradient_boosting - INFO -   Preprocessing: median
2026-04-10 20:31:10,395 - phase4_3_gradient_boosting - INFO -     Model: svm
2026-04-10 20:31:10,691 - phase4_3_gradient_boosting - INFO -       Accuracy: 0.9927, F1: 0.9891
2026-04-10 20:31:10,691 - phase4_3_gradient_boosting - INFO -     Model: mlp
2026-04-10 20:31:11,019 - phase4_3_gradient_boosting - INFO -       Accuracy: 0.9927, F1: 0.9891
2026-04-10 20:31:11,019 - phase4_3_gradient_boosting - INFO -   Preprocessing: mice
2026-04-10 20:31:11,019 - phase4_3_gradient_boosting - INFO -     Model: svm
2026-04-10 20:31:18,172 - phase4_3_gradient_boosting - INFO -       Accuracy: 0.9927, F1: 0.9891
2026-04-10 20:31:18,172 - phase4_3_gradient_boosting - INFO -     Model: mlp
2026-04-10 20:31:26,016 - phase4_3_gradient_boosting - INFO -       Accuracy: 0.9927, F1: 0.9891
2026-04-10 20:31:26,016 - phase4_3_gradient_boosting - INFO - 
=== Scenario: MNAR_10pct ===
2026-04-10 20:31:26,026 - phase4_3_gradient_boosting - INFO - Injected MNAR at 10.0%
2026-04-10 20:31:26,027 - phase4_3_gradient_boosting - INFO -   Preprocessing: median
2026-04-10 20:31:26,027 - phase4_3_gradient_boosting - INFO -     Model: svm
2026-04-10 20:31:26,346 - phase4_3_gradient_boosting - INFO -       Accuracy: 0.9927, F1: 0.9891
2026-04-10 20:31:26,347 - phase4_3_gradient_boosting - INFO -     Model: mlp
2026-04-10 20:31:26,698 - phase4_3_gradient_boosting - INFO -       Accuracy: 0.9927, F1: 0.9891
2026-04-10 20:31:26,698 - phase4_3_gradient_boosting - INFO -   Preprocessing: mice
2026-04-10 20:31:26,698 - phase4_3_gradient_boosting - INFO -     Model: svm
2026-04-10 20:31:34,189 - phase4_3_gradient_boosting - INFO -       Accuracy: 0.9927, F1: 0.9891
2026-04-10 20:31:34,189 - phase4_3_gradient_boosting - INFO -     Model: mlp
2026-04-10 20:31:41,882 - phase4_3_gradient_boosting - INFO -       Accuracy: 0.9927, F1: 0.9891
2026-04-10 20:31:41,882 - phase4_3_gradient_boosting - INFO - 
=== Scenario: MNAR_15pct ===
2026-04-10 20:31:41,897 - phase4_3_gradient_boosting - INFO - Injected MNAR at 15.0%
2026-04-10 20:31:41,897 - phase4_3_gradient_boosting - INFO -   Preprocessing: median
2026-04-10 20:31:41,897 - phase4_3_gradient_boosting - INFO -     Model: svm
2026-04-10 20:31:42,243 - phase4_3_gradient_boosting - INFO -       Accuracy: 0.9927, F1: 0.9891
2026-04-10 20:31:42,243 - phase4_3_gradient_boosting - INFO -     Model: mlp
2026-04-10 20:31:42,609 - phase4_3_gradient_boosting - INFO -       Accuracy: 0.9927, F1: 0.9891
2026-04-10 20:31:42,609 - phase4_3_gradient_boosting - INFO -   Preprocessing: mice
2026-04-10 20:31:42,609 - phase4_3_gradient_boosting - INFO -     Model: svm
2026-04-10 20:31:50,507 - phase4_3_gradient_boosting - INFO -       Accuracy: 0.9927, F1: 0.9891
2026-04-10 20:31:50,508 - phase4_3_gradient_boosting - INFO -     Model: mlp
2026-04-10 20:31:59,187 - phase4_3_gradient_boosting - INFO -       Accuracy: 0.9927, F1: 0.9891
2026-04-10 20:31:59,187 - phase4_3_gradient_boosting - INFO - 
=== Scenario: MNAR_20pct ===
2026-04-10 20:31:59,201 - phase4_3_gradient_boosting - INFO - Injected MNAR at 20.0%
2026-04-10 20:31:59,202 - phase4_3_gradient_boosting - INFO -   Preprocessing: median
2026-04-10 20:31:59,202 - phase4_3_gradient_boosting - INFO -     Model: svm
2026-04-10 20:31:59,530 - phase4_3_gradient_boosting - INFO -       Accuracy: 0.9927, F1: 0.9891
2026-04-10 20:31:59,530 - phase4_3_gradient_boosting - INFO -     Model: mlp
2026-04-10 20:31:59,882 - phase4_3_gradient_boosting - INFO -       Accuracy: 0.9927, F1: 0.9891
2026-04-10 20:31:59,882 - phase4_3_gradient_boosting - INFO -   Preprocessing: mice
2026-04-10 20:31:59,882 - phase4_3_gradient_boosting - INFO -     Model: svm
2026-04-10 20:32:07,473 - phase4_3_gradient_boosting - INFO -       Accuracy: 0.9927, F1: 0.9891
2026-04-10 20:32:07,473 - phase4_3_gradient_boosting - INFO -     Model: mlp
2026-04-10 20:32:15,162 - phase4_3_gradient_boosting - INFO -       Accuracy: 0.9927, F1: 0.9891
2026-04-10 20:32:15,162 - phase4_3_gradient_boosting - INFO - 
=== Scenario: MNAR_30pct ===
2026-04-10 20:32:15,179 - phase4_3_gradient_boosting - INFO - Injected MNAR at 30.0%
2026-04-10 20:32:15,179 - phase4_3_gradient_boosting - INFO -   Preprocessing: median
2026-04-10 20:32:15,179 - phase4_3_gradient_boosting - INFO -     Model: svm
2026-04-10 20:32:15,515 - phase4_3_gradient_boosting - INFO -       Accuracy: 0.9927, F1: 0.9891
2026-04-10 20:32:15,515 - phase4_3_gradient_boosting - INFO -     Model: mlp
2026-04-10 20:32:15,865 - phase4_3_gradient_boosting - INFO -       Accuracy: 0.9927, F1: 0.9891
2026-04-10 20:32:15,865 - phase4_3_gradient_boosting - INFO -   Preprocessing: mice
2026-04-10 20:32:15,865 - phase4_3_gradient_boosting - INFO -     Model: svm
2026-04-10 20:32:23,795 - phase4_3_gradient_boosting - INFO -       Accuracy: 0.9927, F1: 0.9891
2026-04-10 20:32:23,795 - phase4_3_gradient_boosting - INFO -     Model: mlp
2026-04-10 20:32:31,851 - phase4_3_gradient_boosting - INFO -       Accuracy: 0.9927, F1: 0.9891
2026-04-10 20:32:31,851 - phase4_3_gradient_boosting - INFO - 
=== Scenario: MNAR_40pct ===
2026-04-10 20:32:31,871 - phase4_3_gradient_boosting - INFO - Injected MNAR at 40.0%
2026-04-10 20:32:31,871 - phase4_3_gradient_boosting - INFO -   Preprocessing: median
2026-04-10 20:32:31,871 - phase4_3_gradient_boosting - INFO -     Model: svm
2026-04-10 20:32:32,213 - phase4_3_gradient_boosting - INFO -       Accuracy: 0.9927, F1: 0.9891
2026-04-10 20:32:32,213 - phase4_3_gradient_boosting - INFO -     Model: mlp
2026-04-10 20:32:32,568 - phase4_3_gradient_boosting - INFO -       Accuracy: 0.9927, F1: 0.9891
2026-04-10 20:32:32,568 - phase4_3_gradient_boosting - INFO -   Preprocessing: mice
2026-04-10 20:32:32,569 - phase4_3_gradient_boosting - INFO -     Model: svm
2026-04-10 20:32:40,206 - phase4_3_gradient_boosting - INFO -       Accuracy: 0.9927, F1: 0.9891
2026-04-10 20:32:40,206 - phase4_3_gradient_boosting - INFO -     Model: mlp
2026-04-10 20:32:47,985 - phase4_3_gradient_boosting - INFO -       Accuracy: 0.9927, F1: 0.9891
2026-04-10 20:32:47,999 - phase4_3_gradient_boosting - INFO - Results saved to C:\Users\TaroM\Documents\унік коди\project\results\tables\phase4_3_gradient_boosting_results.json
