2026-04-12 12:24:46,890 - phase4_4_tabpfn - INFO - ======================================================================
2026-04-12 12:24:46,890 - phase4_4_tabpfn - INFO - PHASE 4.4 — TabPFN Foundation Model (Student 1 — missing part)
2026-04-12 12:24:46,890 - phase4_4_tabpfn - INFO - ======================================================================
2026-04-12 12:24:52,663 - phase4_4_tabpfn - INFO - ✓ tabpfn package found
2026-04-12 12:24:52,663 - phase4_4_tabpfn - INFO - 
======================================================================
Dataset: taiwan_bankruptcy
======================================================================
2026-04-12 12:24:52,751 - phase4_4_tabpfn - INFO - Loaded split: train=(5455, 95), test=(1364, 95), classes=[0, 1]
2026-04-12 12:24:52,778 - phase4_4_tabpfn - INFO - 
--- TabPFN WITH imputation ---
2026-04-12 12:24:52,779 - phase4_4_tabpfn - INFO -   method: median
2026-04-12 12:24:52,810 - phase4_4_tabpfn - INFO - TabPFN imported successfully
2026-04-12 12:24:52,819 - phase4_4_tabpfn - WARNING - TabPFN: 5455 train samples > limit 1000. Stratified subsampling.
2026-04-12 12:24:52,820 - phase4_4_tabpfn - INFO - TabPFN (median): train=(1000, 95), test=(1364, 95), classes=2
2026-04-12 12:24:52,821 - phase4_4_tabpfn - ERROR - TabPFN (median) failed: TabPFNClassifier.__init__() got an unexpected keyword argument 'N_ensemble_configurations'
Traceback (most recent call last):
  File "C:\Users\TaroM\Documents\унік коди\project\src\run_phase4_4_tabpfn.py", line 310, in _test_tabpfn
    model = TabPFNClassifier(device="cpu", N_ensemble_configurations=4)
            ^^^^^^^^^^^^^^^^^^^^^^^^^^^^^^^^^^^^^^^^^^^^^^^^^^^^^^^^^^^
TypeError: TabPFNClassifier.__init__() got an unexpected keyword argument 'N_ensemble_configurations'
2026-04-12 12:24:52,821 - phase4_4_tabpfn - INFO -   method: mice
2026-04-12 12:24:56,563 - phase4_4_tabpfn - INFO - TabPFN imported successfully
2026-04-12 12:24:56,573 - phase4_4_tabpfn - WARNING - TabPFN: 5455 train samples > limit 1000. Stratified subsampling.
2026-04-12 12:24:56,574 - phase4_4_tabpfn - INFO - TabPFN (mice): train=(1000, 95), test=(1364, 95), classes=2
2026-04-12 12:24:56,574 - phase4_4_tabpfn - ERROR - TabPFN (mice) failed: TabPFNClassifier.__init__() got an unexpected keyword argument 'N_ensemble_configurations'
Traceback (most recent call last):
  File "C:\Users\TaroM\Documents\унік коди\project\src\run_phase4_4_tabpfn.py", line 310, in _test_tabpfn
    model = TabPFNClassifier(device="cpu", N_ensemble_configurations=4)
            ^^^^^^^^^^^^^^^^^^^^^^^^^^^^^^^^^^^^^^^^^^^^^^^^^^^^^^^^^^^
TypeError: TabPFNClassifier.__init__() got an unexpected keyword argument 'N_ensemble_configurations'
2026-04-12 12:24:56,575 - phase4_4_tabpfn - INFO -   method: mice_indicator
2026-04-12 12:25:00,320 - phase4_4_tabpfn - INFO - TabPFN imported successfully
2026-04-12 12:25:00,334 - phase4_4_tabpfn - WARNING - TabPFN: 190 features > limit 100. Truncating to first 100 columns.
2026-04-12 12:25:00,334 - phase4_4_tabpfn - WARNING - TabPFN: 5455 train samples > limit 1000. Stratified subsampling.
2026-04-12 12:25:00,335 - phase4_4_tabpfn - INFO - TabPFN (mice_indicator): train=(1000, 100), test=(1364, 100), classes=2
2026-04-12 12:25:00,335 - phase4_4_tabpfn - ERROR - TabPFN (mice_indicator) failed: TabPFNClassifier.__init__() got an unexpected keyword argument 'N_ensemble_configurations'
Traceback (most recent call last):
  File "C:\Users\TaroM\Documents\унік коди\project\src\run_phase4_4_tabpfn.py", line 310, in _test_tabpfn
    model = TabPFNClassifier(device="cpu", N_ensemble_configurations=4)
            ^^^^^^^^^^^^^^^^^^^^^^^^^^^^^^^^^^^^^^^^^^^^^^^^^^^^^^^^^^^
TypeError: TabPFNClassifier.__init__() got an unexpected keyword argument 'N_ensemble_configurations'
2026-04-12 12:25:00,335 - phase4_4_tabpfn - INFO - 
--- TabPFN WITHOUT imputation (raw NaN → internal fallback) ---
2026-04-12 12:25:00,339 - phase4_4_tabpfn - INFO - TabPFN imported successfully
2026-04-12 12:25:00,348 - phase4_4_tabpfn - WARNING - TabPFN: 5455 train samples > limit 1000. Stratified subsampling.
2026-04-12 12:25:00,349 - phase4_4_tabpfn - INFO - TabPFN (raw_nan): train=(1000, 95), test=(1364, 95), classes=2
2026-04-12 12:25:00,349 - phase4_4_tabpfn - ERROR - TabPFN (raw_nan) failed: TabPFNClassifier.__init__() got an unexpected keyword argument 'N_ensemble_configurations'
Traceback (most recent call last):
  File "C:\Users\TaroM\Documents\унік коди\project\src\run_phase4_4_tabpfn.py", line 310, in _test_tabpfn
    model = TabPFNClassifier(device="cpu", N_ensemble_configurations=4)
            ^^^^^^^^^^^^^^^^^^^^^^^^^^^^^^^^^^^^^^^^^^^^^^^^^^^^^^^^^^^
TypeError: TabPFNClassifier.__init__() got an unexpected keyword argument 'N_ensemble_configurations'
2026-04-12 12:25:00,351 - phase4_4_tabpfn - INFO - 
======================================================================
Dataset: polish_1year
======================================================================
2026-04-12 12:25:00,394 - phase4_4_tabpfn - INFO - Loaded split: train=(5621, 64), test=(1406, 64), classes=[0, 1]
2026-04-12 12:25:00,415 - phase4_4_tabpfn - INFO - 
--- TabPFN WITH imputation ---
2026-04-12 12:25:00,415 - phase4_4_tabpfn - INFO -   method: median
2026-04-12 12:25:00,441 - phase4_4_tabpfn - INFO - TabPFN imported successfully
2026-04-12 12:25:00,448 - phase4_4_tabpfn - WARNING - TabPFN: 5621 train samples > limit 1000. Stratified subsampling.
2026-04-12 12:25:00,449 - phase4_4_tabpfn - INFO - TabPFN (median): train=(1000, 64), test=(1406, 64), classes=2
2026-04-12 12:25:00,449 - phase4_4_tabpfn - ERROR - TabPFN (median) failed: TabPFNClassifier.__init__() got an unexpected keyword argument 'N_ensemble_configurations'
Traceback (most recent call last):
  File "C:\Users\TaroM\Documents\унік коди\project\src\run_phase4_4_tabpfn.py", line 310, in _test_tabpfn
    model = TabPFNClassifier(device="cpu", N_ensemble_configurations=4)
            ^^^^^^^^^^^^^^^^^^^^^^^^^^^^^^^^^^^^^^^^^^^^^^^^^^^^^^^^^^^
TypeError: TabPFNClassifier.__init__() got an unexpected keyword argument 'N_ensemble_configurations'
2026-04-12 12:25:00,449 - phase4_4_tabpfn - INFO -   method: mice
2026-04-12 12:25:14,904 - phase4_4_tabpfn - INFO - TabPFN imported successfully
2026-04-12 12:25:14,912 - phase4_4_tabpfn - WARNING - TabPFN: 5621 train samples > limit 1000. Stratified subsampling.
2026-04-12 12:25:14,913 - phase4_4_tabpfn - INFO - TabPFN (mice): train=(1000, 64), test=(1406, 64), classes=2
2026-04-12 12:25:14,913 - phase4_4_tabpfn - ERROR - TabPFN (mice) failed: TabPFNClassifier.__init__() got an unexpected keyword argument 'N_ensemble_configurations'
Traceback (most recent call last):
  File "C:\Users\TaroM\Documents\унік коди\project\src\run_phase4_4_tabpfn.py", line 310, in _test_tabpfn
    model = TabPFNClassifier(device="cpu", N_ensemble_configurations=4)
            ^^^^^^^^^^^^^^^^^^^^^^^^^^^^^^^^^^^^^^^^^^^^^^^^^^^^^^^^^^^
TypeError: TabPFNClassifier.__init__() got an unexpected keyword argument 'N_ensemble_configurations'
2026-04-12 12:25:14,913 - phase4_4_tabpfn - INFO -   method: mice_indicator
2026-04-12 12:25:29,324 - phase4_4_tabpfn - INFO - TabPFN imported successfully
2026-04-12 12:25:29,334 - phase4_4_tabpfn - WARNING - TabPFN: 128 features > limit 100. Truncating to first 100 columns.
2026-04-12 12:25:29,334 - phase4_4_tabpfn - WARNING - TabPFN: 5621 train samples > limit 1000. Stratified subsampling.
2026-04-12 12:25:29,335 - phase4_4_tabpfn - INFO - TabPFN (mice_indicator): train=(1000, 100), test=(1406, 100), classes=2
2026-04-12 12:25:29,335 - phase4_4_tabpfn - ERROR - TabPFN (mice_indicator) failed: TabPFNClassifier.__init__() got an unexpected keyword argument 'N_ensemble_configurations'
Traceback (most recent call last):
  File "C:\Users\TaroM\Documents\унік коди\project\src\run_phase4_4_tabpfn.py", line 310, in _test_tabpfn
    model = TabPFNClassifier(device="cpu", N_ensemble_configurations=4)
            ^^^^^^^^^^^^^^^^^^^^^^^^^^^^^^^^^^^^^^^^^^^^^^^^^^^^^^^^^^^
TypeError: TabPFNClassifier.__init__() got an unexpected keyword argument 'N_ensemble_configurations'
2026-04-12 12:25:29,336 - phase4_4_tabpfn - INFO - 
--- TabPFN WITHOUT imputation (raw NaN → internal fallback) ---
2026-04-12 12:25:29,339 - phase4_4_tabpfn - INFO - TabPFN imported successfully
2026-04-12 12:25:29,345 - phase4_4_tabpfn - WARNING - TabPFN (raw_nan): NaN values present — filling with column median as fallback.
2026-04-12 12:25:29,347 - phase4_4_tabpfn - WARNING - TabPFN: 5621 train samples > limit 1000. Stratified subsampling.
2026-04-12 12:25:29,347 - phase4_4_tabpfn - INFO - TabPFN (raw_nan): train=(1000, 64), test=(1406, 64), classes=2
2026-04-12 12:25:29,347 - phase4_4_tabpfn - ERROR - TabPFN (raw_nan) failed: TabPFNClassifier.__init__() got an unexpected keyword argument 'N_ensemble_configurations'
Traceback (most recent call last):
  File "C:\Users\TaroM\Documents\унік коди\project\src\run_phase4_4_tabpfn.py", line 310, in _test_tabpfn
    model = TabPFNClassifier(device="cpu", N_ensemble_configurations=4)
            ^^^^^^^^^^^^^^^^^^^^^^^^^^^^^^^^^^^^^^^^^^^^^^^^^^^^^^^^^^^
TypeError: TabPFNClassifier.__init__() got an unexpected keyword argument 'N_ensemble_configurations'
2026-04-12 12:25:29,349 - phase4_4_tabpfn - INFO - 
======================================================================
Dataset: slovak_manufacture_13
======================================================================
2026-04-12 12:25:29,407 - phase4_4_tabpfn - INFO - Loaded split: train=(3285, 64), test=(822, 64), classes=[0, 1]
2026-04-12 12:25:29,604 - phase4_4_tabpfn - INFO - 
--- TabPFN WITH imputation ---
2026-04-12 12:25:29,604 - phase4_4_tabpfn - INFO -   method: median
2026-04-12 12:25:29,626 - phase4_4_tabpfn - INFO - TabPFN imported successfully
2026-04-12 12:25:29,629 - phase4_4_tabpfn - WARNING - TabPFN: 3285 train samples > limit 1000. Stratified subsampling.
2026-04-12 12:25:29,630 - phase4_4_tabpfn - INFO - TabPFN (median): train=(1000, 64), test=(822, 64), classes=2
2026-04-12 12:25:29,630 - phase4_4_tabpfn - ERROR - TabPFN (median) failed: TabPFNClassifier.__init__() got an unexpected keyword argument 'N_ensemble_configurations'
Traceback (most recent call last):
  File "C:\Users\TaroM\Documents\унік коди\project\src\run_phase4_4_tabpfn.py", line 310, in _test_tabpfn
    model = TabPFNClassifier(device="cpu", N_ensemble_configurations=4)
            ^^^^^^^^^^^^^^^^^^^^^^^^^^^^^^^^^^^^^^^^^^^^^^^^^^^^^^^^^^^
TypeError: TabPFNClassifier.__init__() got an unexpected keyword argument 'N_ensemble_configurations'
2026-04-12 12:25:29,630 - phase4_4_tabpfn - INFO -   method: mice
2026-04-12 12:25:37,241 - phase4_4_tabpfn - INFO - TabPFN imported successfully
2026-04-12 12:25:37,246 - phase4_4_tabpfn - WARNING - TabPFN: 3285 train samples > limit 1000. Stratified subsampling.
2026-04-12 12:25:37,246 - phase4_4_tabpfn - INFO - TabPFN (mice): train=(1000, 64), test=(822, 64), classes=2
2026-04-12 12:25:37,246 - phase4_4_tabpfn - ERROR - TabPFN (mice) failed: TabPFNClassifier.__init__() got an unexpected keyword argument 'N_ensemble_configurations'
Traceback (most recent call last):
  File "C:\Users\TaroM\Documents\унік коди\project\src\run_phase4_4_tabpfn.py", line 310, in _test_tabpfn
    model = TabPFNClassifier(device="cpu", N_ensemble_configurations=4)
            ^^^^^^^^^^^^^^^^^^^^^^^^^^^^^^^^^^^^^^^^^^^^^^^^^^^^^^^^^^^
TypeError: TabPFNClassifier.__init__() got an unexpected keyword argument 'N_ensemble_configurations'
2026-04-12 12:25:37,247 - phase4_4_tabpfn - INFO -   method: mice_indicator
2026-04-12 12:25:44,949 - phase4_4_tabpfn - INFO - TabPFN imported successfully
2026-04-12 12:25:44,956 - phase4_4_tabpfn - WARNING - TabPFN: 128 features > limit 100. Truncating to first 100 columns.
2026-04-12 12:25:44,956 - phase4_4_tabpfn - WARNING - TabPFN: 3285 train samples > limit 1000. Stratified subsampling.
2026-04-12 12:25:44,957 - phase4_4_tabpfn - INFO - TabPFN (mice_indicator): train=(1000, 100), test=(822, 100), classes=2
2026-04-12 12:25:44,957 - phase4_4_tabpfn - ERROR - TabPFN (mice_indicator) failed: TabPFNClassifier.__init__() got an unexpected keyword argument 'N_ensemble_configurations'
Traceback (most recent call last):
  File "C:\Users\TaroM\Documents\унік коди\project\src\run_phase4_4_tabpfn.py", line 310, in _test_tabpfn
    model = TabPFNClassifier(device="cpu", N_ensemble_configurations=4)
            ^^^^^^^^^^^^^^^^^^^^^^^^^^^^^^^^^^^^^^^^^^^^^^^^^^^^^^^^^^^
TypeError: TabPFNClassifier.__init__() got an unexpected keyword argument 'N_ensemble_configurations'
2026-04-12 12:25:44,958 - phase4_4_tabpfn - INFO - 
--- TabPFN WITHOUT imputation (raw NaN → internal fallback) ---
2026-04-12 12:25:44,960 - phase4_4_tabpfn - INFO - TabPFN imported successfully
2026-04-12 12:25:44,963 - phase4_4_tabpfn - WARNING - TabPFN (raw_nan): NaN values present — filling with column median as fallback.
2026-04-12 12:25:44,964 - phase4_4_tabpfn - WARNING - TabPFN: 3285 train samples > limit 1000. Stratified subsampling.
2026-04-12 12:25:44,964 - phase4_4_tabpfn - INFO - TabPFN (raw_nan): train=(1000, 64), test=(822, 64), classes=2
2026-04-12 12:25:44,964 - phase4_4_tabpfn - ERROR - TabPFN (raw_nan) failed: TabPFNClassifier.__init__() got an unexpected keyword argument 'N_ensemble_configurations'
Traceback (most recent call last):
  File "C:\Users\TaroM\Documents\унік коди\project\src\run_phase4_4_tabpfn.py", line 310, in _test_tabpfn
    model = TabPFNClassifier(device="cpu", N_ensemble_configurations=4)
            ^^^^^^^^^^^^^^^^^^^^^^^^^^^^^^^^^^^^^^^^^^^^^^^^^^^^^^^^^^^
TypeError: TabPFNClassifier.__init__() got an unexpected keyword argument 'N_ensemble_configurations'
2026-04-12 12:25:44,970 - phase4_4_tabpfn - INFO - 
✓ Phase 4.4 (TabPFN) complete. Results saved to: C:\Users\TaroM\Documents\унік коди\project\results\tables\phase4_4_tabpfn_results.json
