2026-04-13 12:32:10,240 - phase4_4_tabicl - INFO - ================================================================================
2026-04-13 12:32:10,241 - phase4_4_tabicl - INFO - PHASE 4.4: TabICL Foundation Model (Student 2)
2026-04-13 12:32:10,241 - phase4_4_tabicl - INFO - ================================================================================
2026-04-13 12:32:10,241 - phase4_4_tabicl - INFO - 
================================================================================
Phase 4.4: taiwan_bankruptcy
================================================================================
2026-04-13 12:32:10,338 - phase4_4_tabicl - INFO - Loaded 6819 samples, 95 features
2026-04-13 12:32:10,490 - phase4_4_tabicl - INFO - 
--- TabPFN WITH imputation ---
2026-04-13 12:32:10,490 - phase4_4_tabicl - INFO -   preprocessing: median
2026-04-13 12:32:17,878 - phase4_4_tabicl - INFO - TabPFN imported successfully
2026-04-13 12:32:18,699 - phase4_4_tabicl - ERROR - TabPFN failed: TabPFN requires a one-time license acceptance to download
model weights for local inference, but no interactive terminal
is available.

To authenticate in a non-interactive environment:
  1. Open https://ux.priorlabs.ai in a browser and log in (or register)
  2. Accept the license on the Licenses tab
  3. Copy your API Key from https://ux.priorlabs.ai/account
  4. Set the environment variable: export TABPFN_TOKEN="<your-api-key>"
     or in Python (before calling .fit()): import os; os.environ["TABPFN_TOKEN"] = "<your-api-key>"
Traceback (most recent call last):
  File "C:\Users\TaroM\Documents\унік коди\project\src\run_phase4_4_experiments.py", line 220, in _test_tabpfn
    model.fit(X_train_np, y_train.to_numpy() if hasattr(y_train, "to_numpy") else y_train)
  File "C:\Users\TaroM\miniconda3\Lib\contextlib.py", line 81, in inner
    return func(*args, **kwds)
           ^^^^^^^^^^^^^^^^^^^
  File "C:\Users\TaroM\miniconda3\Lib\site-packages\tabpfn_common_utils\telemetry\core\decorators.py", line 321, in wrapper
    return _safe_call_with_telemetry(
           ^^^^^^^^^^^^^^^^^^^^^^^^^^
  File "C:\Users\TaroM\miniconda3\Lib\site-packages\tabpfn_common_utils\telemetry\core\decorators.py", line 365, in _safe_call_with_telemetry
    result = func(*args, **kwargs)
             ^^^^^^^^^^^^^^^^^^^^^
  File "C:\Users\TaroM\miniconda3\Lib\site-packages\tabpfn\classifier.py", line 762, in fit
    byte_size = self._initialize_model_variables()
                ^^^^^^^^^^^^^^^^^^^^^^^^^^^^^^^^^^
  File "C:\Users\TaroM\miniconda3\Lib\site-packages\tabpfn\classifier.py", line 572, in _initialize_model_variables
    return initialize_model_variables_helper(self, self.estimator_type)
           ^^^^^^^^^^^^^^^^^^^^^^^^^^^^^^^^^^^^^^^^^^^^^^^^^^^^^^^^^^^^
  File "C:\Users\TaroM\miniconda3\Lib\site-packages\tabpfn\base.py", line 379, in initialize_model_variables_helper
    initialize_tabpfn_model(
  File "C:\Users\TaroM\miniconda3\Lib\site-packages\tabpfn\base.py", line 185, in initialize_tabpfn_model
    load_model_criterion_config(
  File "C:\Users\TaroM\miniconda3\Lib\site-packages\tabpfn\model_loading.py", line 647, in load_model_criterion_config
    raise res[0]
  File "C:\Users\TaroM\miniconda3\Lib\site-packages\tabpfn\model_loading.py", line 472, in _download_model
    ensure_license_accepted(hf_repo_id=_HF_REPOS[version])
  File "C:\Users\TaroM\miniconda3\Lib\site-packages\tabpfn\browser_auth.py", line 602, in ensure_license_accepted
    raise TabPFNLicenseError(
tabpfn.errors.TabPFNLicenseError: TabPFN requires a one-time license acceptance to download
model weights for local inference, but no interactive terminal
is available.

To authenticate in a non-interactive environment:
  1. Open https://ux.priorlabs.ai in a browser and log in (or register)
  2. Accept the license on the Licenses tab
  3. Copy your API Key from https://ux.priorlabs.ai/account
  4. Set the environment variable: export TABPFN_TOKEN="<your-api-key>"
     or in Python (before calling .fit()): import os; os.environ["TABPFN_TOKEN"] = "<your-api-key>"
2026-04-13 12:32:18,712 - phase4_4_tabicl - INFO -   preprocessing: mice
2026-04-13 12:32:22,523 - phase4_4_tabicl - INFO - TabPFN imported successfully
2026-04-13 12:32:22,737 - phase4_4_tabicl - ERROR - TabPFN failed: TabPFN requires a one-time license acceptance to download
model weights for local inference, but no interactive terminal
is available.

To authenticate in a non-interactive environment:
  1. Open https://ux.priorlabs.ai in a browser and log in (or register)
  2. Accept the license on the Licenses tab
  3. Copy your API Key from https://ux.priorlabs.ai/account
  4. Set the environment variable: export TABPFN_TOKEN="<your-api-key>"
     or in Python (before calling .fit()): import os; os.environ["TABPFN_TOKEN"] = "<your-api-key>"
Traceback (most recent call last):
  File "C:\Users\TaroM\Documents\унік коди\project\src\run_phase4_4_experiments.py", line 220, in _test_tabpfn
    model.fit(X_train_np, y_train.to_numpy() if hasattr(y_train, "to_numpy") else y_train)
  File "C:\Users\TaroM\miniconda3\Lib\contextlib.py", line 81, in inner
    return func(*args, **kwds)
           ^^^^^^^^^^^^^^^^^^^
  File "C:\Users\TaroM\miniconda3\Lib\site-packages\tabpfn_common_utils\telemetry\core\decorators.py", line 321, in wrapper
    return _safe_call_with_telemetry(
           ^^^^^^^^^^^^^^^^^^^^^^^^^^
  File "C:\Users\TaroM\miniconda3\Lib\site-packages\tabpfn_common_utils\telemetry\core\decorators.py", line 365, in _safe_call_with_telemetry
    result = func(*args, **kwargs)
             ^^^^^^^^^^^^^^^^^^^^^
  File "C:\Users\TaroM\miniconda3\Lib\site-packages\tabpfn\classifier.py", line 762, in fit
    byte_size = self._initialize_model_variables()
                ^^^^^^^^^^^^^^^^^^^^^^^^^^^^^^^^^^
  File "C:\Users\TaroM\miniconda3\Lib\site-packages\tabpfn\classifier.py", line 572, in _initialize_model_variables
    return initialize_model_variables_helper(self, self.estimator_type)
           ^^^^^^^^^^^^^^^^^^^^^^^^^^^^^^^^^^^^^^^^^^^^^^^^^^^^^^^^^^^^
  File "C:\Users\TaroM\miniconda3\Lib\site-packages\tabpfn\base.py", line 379, in initialize_model_variables_helper
    initialize_tabpfn_model(
  File "C:\Users\TaroM\miniconda3\Lib\site-packages\tabpfn\base.py", line 185, in initialize_tabpfn_model
    load_model_criterion_config(
  File "C:\Users\TaroM\miniconda3\Lib\site-packages\tabpfn\model_loading.py", line 647, in load_model_criterion_config
    raise res[0]
  File "C:\Users\TaroM\miniconda3\Lib\site-packages\tabpfn\model_loading.py", line 472, in _download_model
    ensure_license_accepted(hf_repo_id=_HF_REPOS[version])
  File "C:\Users\TaroM\miniconda3\Lib\site-packages\tabpfn\browser_auth.py", line 602, in ensure_license_accepted
    raise TabPFNLicenseError(
tabpfn.errors.TabPFNLicenseError: TabPFN requires a one-time license acceptance to download
model weights for local inference, but no interactive terminal
is available.

To authenticate in a non-interactive environment:
  1. Open https://ux.priorlabs.ai in a browser and log in (or register)
  2. Accept the license on the Licenses tab
  3. Copy your API Key from https://ux.priorlabs.ai/account
  4. Set the environment variable: export TABPFN_TOKEN="<your-api-key>"
     or in Python (before calling .fit()): import os; os.environ["TABPFN_TOKEN"] = "<your-api-key>"
2026-04-13 12:32:22,738 - phase4_4_tabicl - INFO -   preprocessing: mice_indicator
2026-04-13 12:32:26,535 - phase4_4_tabicl - INFO - TabPFN imported successfully
2026-04-13 12:32:26,741 - phase4_4_tabicl - ERROR - TabPFN failed: TabPFN requires a one-time license acceptance to download
model weights for local inference, but no interactive terminal
is available.

To authenticate in a non-interactive environment:
  1. Open https://ux.priorlabs.ai in a browser and log in (or register)
  2. Accept the license on the Licenses tab
  3. Copy your API Key from https://ux.priorlabs.ai/account
  4. Set the environment variable: export TABPFN_TOKEN="<your-api-key>"
     or in Python (before calling .fit()): import os; os.environ["TABPFN_TOKEN"] = "<your-api-key>"
Traceback (most recent call last):
  File "C:\Users\TaroM\Documents\унік коди\project\src\run_phase4_4_experiments.py", line 220, in _test_tabpfn
    model.fit(X_train_np, y_train.to_numpy() if hasattr(y_train, "to_numpy") else y_train)
  File "C:\Users\TaroM\miniconda3\Lib\contextlib.py", line 81, in inner
    return func(*args, **kwds)
           ^^^^^^^^^^^^^^^^^^^
  File "C:\Users\TaroM\miniconda3\Lib\site-packages\tabpfn_common_utils\telemetry\core\decorators.py", line 321, in wrapper
    return _safe_call_with_telemetry(
           ^^^^^^^^^^^^^^^^^^^^^^^^^^
  File "C:\Users\TaroM\miniconda3\Lib\site-packages\tabpfn_common_utils\telemetry\core\decorators.py", line 365, in _safe_call_with_telemetry
    result = func(*args, **kwargs)
             ^^^^^^^^^^^^^^^^^^^^^
  File "C:\Users\TaroM\miniconda3\Lib\site-packages\tabpfn\classifier.py", line 762, in fit
    byte_size = self._initialize_model_variables()
                ^^^^^^^^^^^^^^^^^^^^^^^^^^^^^^^^^^
  File "C:\Users\TaroM\miniconda3\Lib\site-packages\tabpfn\classifier.py", line 572, in _initialize_model_variables
    return initialize_model_variables_helper(self, self.estimator_type)
           ^^^^^^^^^^^^^^^^^^^^^^^^^^^^^^^^^^^^^^^^^^^^^^^^^^^^^^^^^^^^
  File "C:\Users\TaroM\miniconda3\Lib\site-packages\tabpfn\base.py", line 379, in initialize_model_variables_helper
    initialize_tabpfn_model(
  File "C:\Users\TaroM\miniconda3\Lib\site-packages\tabpfn\base.py", line 185, in initialize_tabpfn_model
    load_model_criterion_config(
  File "C:\Users\TaroM\miniconda3\Lib\site-packages\tabpfn\model_loading.py", line 647, in load_model_criterion_config
    raise res[0]
  File "C:\Users\TaroM\miniconda3\Lib\site-packages\tabpfn\model_loading.py", line 472, in _download_model
    ensure_license_accepted(hf_repo_id=_HF_REPOS[version])
  File "C:\Users\TaroM\miniconda3\Lib\site-packages\tabpfn\browser_auth.py", line 602, in ensure_license_accepted
    raise TabPFNLicenseError(
tabpfn.errors.TabPFNLicenseError: TabPFN requires a one-time license acceptance to download
model weights for local inference, but no interactive terminal
is available.

To authenticate in a non-interactive environment:
  1. Open https://ux.priorlabs.ai in a browser and log in (or register)
  2. Accept the license on the Licenses tab
  3. Copy your API Key from https://ux.priorlabs.ai/account
  4. Set the environment variable: export TABPFN_TOKEN="<your-api-key>"
     or in Python (before calling .fit()): import os; os.environ["TABPFN_TOKEN"] = "<your-api-key>"
2026-04-13 12:32:26,742 - phase4_4_tabicl - INFO - 
--- TabICL WITH imputation ---
2026-04-13 12:32:26,742 - phase4_4_tabicl - INFO -   preprocessing: median
2026-04-13 12:32:27,113 - phase4_4_tabicl - INFO - TabICL imported successfully
2026-04-13 12:32:51,256 - phase4_4_tabicl - ERROR - TabICL failed: [enforce fail at alloc_cpu.cpp:114] data. DefaultCPUAllocator: not enough memory: you tried to allocate 2737201152 bytes.
Traceback (most recent call last):
  File "C:\Users\TaroM\Documents\унік коди\project\src\run_phase4_4_experiments.py", line 159, in _test_tabicl
    y_pred = model.predict(X_test)
             ^^^^^^^^^^^^^^^^^^^^^
  File "C:\Users\TaroM\miniconda3\Lib\site-packages\tabicl\sklearn\classifier.py", line 774, in predict
    proba = self.predict_proba(X)
            ^^^^^^^^^^^^^^^^^^^^^
  File "C:\Users\TaroM\miniconda3\Lib\site-packages\tabicl\sklearn\classifier.py", line 727, in predict_proba
    outputs.append(self._batch_forward(Xs, ys, feature_shuffles))
                   ^^^^^^^^^^^^^^^^^^^^^^^^^^^^^^^^^^^^^^^^^^^^^
  File "C:\Users\TaroM\miniconda3\Lib\site-packages\tabicl\sklearn\classifier.py", line 597, in _batch_forward
    out = self.model_(
          ^^^^^^^^^^^^
  File "C:\Users\TaroM\miniconda3\Lib\site-packages\torch\nn\modules\module.py", line 1736, in _wrapped_call_impl
    return self._call_impl(*args, **kwargs)
           ^^^^^^^^^^^^^^^^^^^^^^^^^^^^^^^^
  File "C:\Users\TaroM\miniconda3\Lib\site-packages\torch\nn\modules\module.py", line 1747, in _call_impl
    return forward_call(*args, **kwargs)
           ^^^^^^^^^^^^^^^^^^^^^^^^^^^^^
  File "C:\Users\TaroM\miniconda3\Lib\site-packages\tabicl\model\tabicl.py", line 491, in forward
    out = self._inference_forward(
          ^^^^^^^^^^^^^^^^^^^^^^^^
  File "C:\Users\TaroM\miniconda3\Lib\site-packages\tabicl\model\tabicl.py", line 402, in _inference_forward
    self.col_embedder(
  File "C:\Users\TaroM\miniconda3\Lib\site-packages\torch\nn\modules\module.py", line 1736, in _wrapped_call_impl
    return self._call_impl(*args, **kwargs)
           ^^^^^^^^^^^^^^^^^^^^^^^^^^^^^^^^
  File "C:\Users\TaroM\miniconda3\Lib\site-packages\torch\nn\modules\module.py", line 1747, in _call_impl
    return forward_call(*args, **kwargs)
           ^^^^^^^^^^^^^^^^^^^^^^^^^^^^^
  File "C:\Users\TaroM\miniconda3\Lib\site-packages\tabicl\model\embedding.py", line 730, in forward
    embeddings = self._inference_forward(X, y_train, embed_with_test, feature_shuffles, mgr_config)
                 ^^^^^^^^^^^^^^^^^^^^^^^^^^^^^^^^^^^^^^^^^^^^^^^^^^^^^^^^^^^^^^^^^^^^^^^^^^^^^^^^^^
  File "C:\Users\TaroM\miniconda3\Lib\site-packages\tabicl\model\embedding.py", line 570, in _inference_forward
    embeddings = self._inference_with_feature_group(X, y_train, train_size, embed_with_test)
                 ^^^^^^^^^^^^^^^^^^^^^^^^^^^^^^^^^^^^^^^^^^^^^^^^^^^^^^^^^^^^^^^^^^^^^^^^^^^
  File "C:\Users\TaroM\miniconda3\Lib\site-packages\tabicl\model\embedding.py", line 594, in _inference_with_feature_group
    return self.inference_mgr(
           ^^^^^^^^^^^^^^^^^^^
  File "C:\Users\TaroM\miniconda3\Lib\site-packages\tabicl\model\inference.py", line 1133, in __call__
    return forward_fn(**inputs)
           ^^^^^^^^^^^^^^^^^^^^
  File "C:\Users\TaroM\miniconda3\Lib\site-packages\tabicl\model\embedding.py", line 388, in _compute_embeddings
    src = self.tf_col(src, train_size=None if embed_with_test else train_size)
          ^^^^^^^^^^^^^^^^^^^^^^^^^^^^^^^^^^^^^^^^^^^^^^^^^^^^^^^^^^^^^^^^^^^^
  File "C:\Users\TaroM\miniconda3\Lib\site-packages\torch\nn\modules\module.py", line 1736, in _wrapped_call_impl
    return self._call_impl(*args, **kwargs)
           ^^^^^^^^^^^^^^^^^^^^^^^^^^^^^^^^
  File "C:\Users\TaroM\miniconda3\Lib\site-packages\torch\nn\modules\module.py", line 1747, in _call_impl
    return forward_call(*args, **kwargs)
           ^^^^^^^^^^^^^^^^^^^^^^^^^^^^^
  File "C:\Users\TaroM\miniconda3\Lib\site-packages\tabicl\model\encoders.py", line 331, in forward
    out = block(out, train_size)
          ^^^^^^^^^^^^^^^^^^^^^^
  File "C:\Users\TaroM\miniconda3\Lib\site-packages\torch\nn\modules\module.py", line 1736, in _wrapped_call_impl
    return self._call_impl(*args, **kwargs)
           ^^^^^^^^^^^^^^^^^^^^^^^^^^^^^^^^
  File "C:\Users\TaroM\miniconda3\Lib\site-packages\torch\nn\modules\module.py", line 1747, in _call_impl
    return forward_call(*args, **kwargs)
           ^^^^^^^^^^^^^^^^^^^^^^^^^^^^^
  File "C:\Users\TaroM\miniconda3\Lib\site-packages\tabicl\model\layers.py", line 679, in forward
    out = self.induced_attention(src, train_size)
          ^^^^^^^^^^^^^^^^^^^^^^^^^^^^^^^^^^^^^^^
  File "C:\Users\TaroM\miniconda3\Lib\site-packages\tabicl\model\layers.py", line 647, in induced_attention
    out = self.multihead_attn2(src, hidden, hidden)
          ^^^^^^^^^^^^^^^^^^^^^^^^^^^^^^^^^^^^^^^^^
  File "C:\Users\TaroM\miniconda3\Lib\site-packages\torch\nn\modules\module.py", line 1736, in _wrapped_call_impl
    return self._call_impl(*args, **kwargs)
           ^^^^^^^^^^^^^^^^^^^^^^^^^^^^^^^^
  File "C:\Users\TaroM\miniconda3\Lib\site-packages\torch\nn\modules\module.py", line 1747, in _call_impl
    return forward_call(*args, **kwargs)
           ^^^^^^^^^^^^^^^^^^^^^^^^^^^^^
  File "C:\Users\TaroM\miniconda3\Lib\site-packages\tabicl\model\layers.py", line 470, in forward
    x = x + self._ff_block(self.norm2(x))
            ^^^^^^^^^^^^^^^^^^^^^^^^^^^^^
  File "C:\Users\TaroM\miniconda3\Lib\site-packages\tabicl\model\layers.py", line 522, in _ff_block
    x = self.linear2(self.dropout(self.activation(self.linear1(x))))
                                  ^^^^^^^^^^^^^^^^^^^^^^^^^^^^^^^^
RuntimeError: [enforce fail at alloc_cpu.cpp:114] data. DefaultCPUAllocator: not enough memory: you tried to allocate 2737201152 bytes.
2026-04-13 12:33:08,865 - phase4_4_tabicl - INFO -   preprocessing: mice
2026-04-13 12:33:12,632 - phase4_4_tabicl - INFO - TabICL imported successfully
2026-04-13 12:36:44,860 - phase4_4_tabicl - INFO - TabICL done in 212.22s | acc=0.9721
2026-04-13 12:36:44,861 - phase4_4_tabicl - INFO -   preprocessing: mice_indicator
2026-04-13 12:36:48,571 - phase4_4_tabicl - INFO - TabICL imported successfully
2026-04-13 12:40:18,208 - phase4_4_tabicl - INFO - TabICL done in 209.63s | acc=0.9721
2026-04-13 12:40:18,209 - phase4_4_tabicl - INFO - 
--- TabICL WITHOUT imputation (raw NaN) ---
2026-04-13 12:40:18,214 - phase4_4_tabicl - INFO - TabICL imported successfully
2026-04-13 12:43:49,527 - phase4_4_tabicl - INFO - TabICL done in 211.31s | acc=0.9721
2026-04-13 12:43:49,529 - phase4_4_tabicl - INFO - 
--- CatBoost WITH imputation (bonus) ---
2026-04-13 12:43:49,529 - phase4_4_tabicl - INFO -   preprocessing: median
2026-04-13 12:43:50,594 - phase4_4_tabicl - INFO - CatBoost done in 0.80s | acc=0.9714
2026-04-13 12:43:50,594 - phase4_4_tabicl - INFO -   preprocessing: mice
2026-04-13 12:43:54,932 - phase4_4_tabicl - INFO - CatBoost done in 0.64s | acc=0.9714
2026-04-13 12:43:54,932 - phase4_4_tabicl - INFO -   preprocessing: mice_indicator
2026-04-13 12:43:59,428 - phase4_4_tabicl - INFO - CatBoost done in 0.79s | acc=0.9714
2026-04-13 12:43:59,428 - phase4_4_tabicl - INFO - 
--- CatBoost WITHOUT imputation (raw NaN, bonus) ---
2026-04-13 12:44:00,050 - phase4_4_tabicl - INFO - CatBoost done in 0.62s | acc=0.9714
2026-04-13 12:44:00,054 - phase4_4_tabicl - INFO - 
================================================================================
Phase 4.4: polish_1year
================================================================================
2026-04-13 12:44:00,090 - phase4_4_tabicl - INFO - Loaded 7027 samples, 64 features
2026-04-13 12:44:00,147 - phase4_4_tabicl - INFO - 
--- TabPFN WITH imputation ---
2026-04-13 12:44:00,147 - phase4_4_tabicl - INFO -   preprocessing: median
2026-04-13 12:44:00,172 - phase4_4_tabicl - INFO - TabPFN imported successfully
2026-04-13 12:44:00,433 - phase4_4_tabicl - ERROR - TabPFN failed: TabPFN requires a one-time license acceptance to download
model weights for local inference, but no interactive terminal
is available.

To authenticate in a non-interactive environment:
  1. Open https://ux.priorlabs.ai in a browser and log in (or register)
  2. Accept the license on the Licenses tab
  3. Copy your API Key from https://ux.priorlabs.ai/account
  4. Set the environment variable: export TABPFN_TOKEN="<your-api-key>"
     or in Python (before calling .fit()): import os; os.environ["TABPFN_TOKEN"] = "<your-api-key>"
Traceback (most recent call last):
  File "C:\Users\TaroM\Documents\унік коди\project\src\run_phase4_4_experiments.py", line 220, in _test_tabpfn
    model.fit(X_train_np, y_train.to_numpy() if hasattr(y_train, "to_numpy") else y_train)
  File "C:\Users\TaroM\miniconda3\Lib\contextlib.py", line 81, in inner
    return func(*args, **kwds)
           ^^^^^^^^^^^^^^^^^^^
  File "C:\Users\TaroM\miniconda3\Lib\site-packages\tabpfn_common_utils\telemetry\core\decorators.py", line 321, in wrapper
    return _safe_call_with_telemetry(
           ^^^^^^^^^^^^^^^^^^^^^^^^^^
  File "C:\Users\TaroM\miniconda3\Lib\site-packages\tabpfn_common_utils\telemetry\core\decorators.py", line 365, in _safe_call_with_telemetry
    result = func(*args, **kwargs)
             ^^^^^^^^^^^^^^^^^^^^^
  File "C:\Users\TaroM\miniconda3\Lib\site-packages\tabpfn\classifier.py", line 762, in fit
    byte_size = self._initialize_model_variables()
                ^^^^^^^^^^^^^^^^^^^^^^^^^^^^^^^^^^
  File "C:\Users\TaroM\miniconda3\Lib\site-packages\tabpfn\classifier.py", line 572, in _initialize_model_variables
    return initialize_model_variables_helper(self, self.estimator_type)
           ^^^^^^^^^^^^^^^^^^^^^^^^^^^^^^^^^^^^^^^^^^^^^^^^^^^^^^^^^^^^
  File "C:\Users\TaroM\miniconda3\Lib\site-packages\tabpfn\base.py", line 379, in initialize_model_variables_helper
    initialize_tabpfn_model(
  File "C:\Users\TaroM\miniconda3\Lib\site-packages\tabpfn\base.py", line 185, in initialize_tabpfn_model
    load_model_criterion_config(
  File "C:\Users\TaroM\miniconda3\Lib\site-packages\tabpfn\model_loading.py", line 647, in load_model_criterion_config
    raise res[0]
  File "C:\Users\TaroM\miniconda3\Lib\site-packages\tabpfn\model_loading.py", line 472, in _download_model
    ensure_license_accepted(hf_repo_id=_HF_REPOS[version])
  File "C:\Users\TaroM\miniconda3\Lib\site-packages\tabpfn\browser_auth.py", line 602, in ensure_license_accepted
    raise TabPFNLicenseError(
tabpfn.errors.TabPFNLicenseError: TabPFN requires a one-time license acceptance to download
model weights for local inference, but no interactive terminal
is available.

To authenticate in a non-interactive environment:
  1. Open https://ux.priorlabs.ai in a browser and log in (or register)
  2. Accept the license on the Licenses tab
  3. Copy your API Key from https://ux.priorlabs.ai/account
  4. Set the environment variable: export TABPFN_TOKEN="<your-api-key>"
     or in Python (before calling .fit()): import os; os.environ["TABPFN_TOKEN"] = "<your-api-key>"
2026-04-13 12:44:00,434 - phase4_4_tabicl - INFO -   preprocessing: mice
2026-04-13 12:44:14,804 - phase4_4_tabicl - INFO - TabPFN imported successfully
2026-04-13 12:44:14,997 - phase4_4_tabicl - ERROR - TabPFN failed: TabPFN requires a one-time license acceptance to download
model weights for local inference, but no interactive terminal
is available.

To authenticate in a non-interactive environment:
  1. Open https://ux.priorlabs.ai in a browser and log in (or register)
  2. Accept the license on the Licenses tab
  3. Copy your API Key from https://ux.priorlabs.ai/account
  4. Set the environment variable: export TABPFN_TOKEN="<your-api-key>"
     or in Python (before calling .fit()): import os; os.environ["TABPFN_TOKEN"] = "<your-api-key>"
Traceback (most recent call last):
  File "C:\Users\TaroM\Documents\унік коди\project\src\run_phase4_4_experiments.py", line 220, in _test_tabpfn
    model.fit(X_train_np, y_train.to_numpy() if hasattr(y_train, "to_numpy") else y_train)
  File "C:\Users\TaroM\miniconda3\Lib\contextlib.py", line 81, in inner
    return func(*args, **kwds)
           ^^^^^^^^^^^^^^^^^^^
  File "C:\Users\TaroM\miniconda3\Lib\site-packages\tabpfn_common_utils\telemetry\core\decorators.py", line 321, in wrapper
    return _safe_call_with_telemetry(
           ^^^^^^^^^^^^^^^^^^^^^^^^^^
  File "C:\Users\TaroM\miniconda3\Lib\site-packages\tabpfn_common_utils\telemetry\core\decorators.py", line 365, in _safe_call_with_telemetry
    result = func(*args, **kwargs)
             ^^^^^^^^^^^^^^^^^^^^^
  File "C:\Users\TaroM\miniconda3\Lib\site-packages\tabpfn\classifier.py", line 762, in fit
    byte_size = self._initialize_model_variables()
                ^^^^^^^^^^^^^^^^^^^^^^^^^^^^^^^^^^
  File "C:\Users\TaroM\miniconda3\Lib\site-packages\tabpfn\classifier.py", line 572, in _initialize_model_variables
    return initialize_model_variables_helper(self, self.estimator_type)
           ^^^^^^^^^^^^^^^^^^^^^^^^^^^^^^^^^^^^^^^^^^^^^^^^^^^^^^^^^^^^
  File "C:\Users\TaroM\miniconda3\Lib\site-packages\tabpfn\base.py", line 379, in initialize_model_variables_helper
    initialize_tabpfn_model(
  File "C:\Users\TaroM\miniconda3\Lib\site-packages\tabpfn\base.py", line 185, in initialize_tabpfn_model
    load_model_criterion_config(
  File "C:\Users\TaroM\miniconda3\Lib\site-packages\tabpfn\model_loading.py", line 647, in load_model_criterion_config
    raise res[0]
  File "C:\Users\TaroM\miniconda3\Lib\site-packages\tabpfn\model_loading.py", line 472, in _download_model
    ensure_license_accepted(hf_repo_id=_HF_REPOS[version])
  File "C:\Users\TaroM\miniconda3\Lib\site-packages\tabpfn\browser_auth.py", line 602, in ensure_license_accepted
    raise TabPFNLicenseError(
tabpfn.errors.TabPFNLicenseError: TabPFN requires a one-time license acceptance to download
model weights for local inference, but no interactive terminal
is available.

To authenticate in a non-interactive environment:
  1. Open https://ux.priorlabs.ai in a browser and log in (or register)
  2. Accept the license on the Licenses tab
  3. Copy your API Key from https://ux.priorlabs.ai/account
  4. Set the environment variable: export TABPFN_TOKEN="<your-api-key>"
     or in Python (before calling .fit()): import os; os.environ["TABPFN_TOKEN"] = "<your-api-key>"
2026-04-13 12:44:14,998 - phase4_4_tabicl - INFO -   preprocessing: mice_indicator
2026-04-13 12:44:29,370 - phase4_4_tabicl - INFO - TabPFN imported successfully
2026-04-13 12:44:29,566 - phase4_4_tabicl - ERROR - TabPFN failed: TabPFN requires a one-time license acceptance to download
model weights for local inference, but no interactive terminal
is available.

To authenticate in a non-interactive environment:
  1. Open https://ux.priorlabs.ai in a browser and log in (or register)
  2. Accept the license on the Licenses tab
  3. Copy your API Key from https://ux.priorlabs.ai/account
  4. Set the environment variable: export TABPFN_TOKEN="<your-api-key>"
     or in Python (before calling .fit()): import os; os.environ["TABPFN_TOKEN"] = "<your-api-key>"
Traceback (most recent call last):
  File "C:\Users\TaroM\Documents\унік коди\project\src\run_phase4_4_experiments.py", line 220, in _test_tabpfn
    model.fit(X_train_np, y_train.to_numpy() if hasattr(y_train, "to_numpy") else y_train)
  File "C:\Users\TaroM\miniconda3\Lib\contextlib.py", line 81, in inner
    return func(*args, **kwds)
           ^^^^^^^^^^^^^^^^^^^
  File "C:\Users\TaroM\miniconda3\Lib\site-packages\tabpfn_common_utils\telemetry\core\decorators.py", line 321, in wrapper
    return _safe_call_with_telemetry(
           ^^^^^^^^^^^^^^^^^^^^^^^^^^
  File "C:\Users\TaroM\miniconda3\Lib\site-packages\tabpfn_common_utils\telemetry\core\decorators.py", line 365, in _safe_call_with_telemetry
    result = func(*args, **kwargs)
             ^^^^^^^^^^^^^^^^^^^^^
  File "C:\Users\TaroM\miniconda3\Lib\site-packages\tabpfn\classifier.py", line 762, in fit
    byte_size = self._initialize_model_variables()
                ^^^^^^^^^^^^^^^^^^^^^^^^^^^^^^^^^^
  File "C:\Users\TaroM\miniconda3\Lib\site-packages\tabpfn\classifier.py", line 572, in _initialize_model_variables
    return initialize_model_variables_helper(self, self.estimator_type)
           ^^^^^^^^^^^^^^^^^^^^^^^^^^^^^^^^^^^^^^^^^^^^^^^^^^^^^^^^^^^^
  File "C:\Users\TaroM\miniconda3\Lib\site-packages\tabpfn\base.py", line 379, in initialize_model_variables_helper
    initialize_tabpfn_model(
  File "C:\Users\TaroM\miniconda3\Lib\site-packages\tabpfn\base.py", line 185, in initialize_tabpfn_model
    load_model_criterion_config(
  File "C:\Users\TaroM\miniconda3\Lib\site-packages\tabpfn\model_loading.py", line 647, in load_model_criterion_config
    raise res[0]
  File "C:\Users\TaroM\miniconda3\Lib\site-packages\tabpfn\model_loading.py", line 472, in _download_model
    ensure_license_accepted(hf_repo_id=_HF_REPOS[version])
  File "C:\Users\TaroM\miniconda3\Lib\site-packages\tabpfn\browser_auth.py", line 602, in ensure_license_accepted
    raise TabPFNLicenseError(
tabpfn.errors.TabPFNLicenseError: TabPFN requires a one-time license acceptance to download
model weights for local inference, but no interactive terminal
is available.

To authenticate in a non-interactive environment:
  1. Open https://ux.priorlabs.ai in a browser and log in (or register)
  2. Accept the license on the Licenses tab
  3. Copy your API Key from https://ux.priorlabs.ai/account
  4. Set the environment variable: export TABPFN_TOKEN="<your-api-key>"
     or in Python (before calling .fit()): import os; os.environ["TABPFN_TOKEN"] = "<your-api-key>"
2026-04-13 12:44:29,567 - phase4_4_tabicl - INFO - 
--- TabICL WITH imputation ---
2026-04-13 12:44:29,567 - phase4_4_tabicl - INFO -   preprocessing: median
2026-04-13 12:44:29,593 - phase4_4_tabicl - INFO - TabICL imported successfully
2026-04-13 12:47:14,246 - phase4_4_tabicl - INFO - TabICL done in 164.65s | acc=0.9765
2026-04-13 12:47:14,247 - phase4_4_tabicl - INFO -   preprocessing: mice
2026-04-13 12:47:28,669 - phase4_4_tabicl - INFO - TabICL imported successfully
2026-04-13 12:50:14,163 - phase4_4_tabicl - INFO - TabICL done in 165.49s | acc=0.9858
2026-04-13 12:50:14,165 - phase4_4_tabicl - INFO -   preprocessing: mice_indicator
2026-04-13 12:50:28,741 - phase4_4_tabicl - INFO - TabICL imported successfully
2026-04-13 12:54:40,331 - phase4_4_tabicl - INFO - TabICL done in 251.56s | acc=0.9858
2026-04-13 12:54:40,339 - phase4_4_tabicl - INFO - 
--- TabICL WITHOUT imputation (raw NaN) ---
2026-04-13 12:54:40,343 - phase4_4_tabicl - INFO - TabICL imported successfully
2026-04-13 12:57:26,578 - phase4_4_tabicl - INFO - TabICL done in 166.22s | acc=0.9943
2026-04-13 12:57:26,580 - phase4_4_tabicl - INFO - 
--- CatBoost WITH imputation (bonus) ---
2026-04-13 12:57:26,580 - phase4_4_tabicl - INFO -   preprocessing: median
2026-04-13 12:57:27,198 - phase4_4_tabicl - INFO - CatBoost done in 0.58s | acc=0.9801
2026-04-13 12:57:27,198 - phase4_4_tabicl - INFO -   preprocessing: mice
2026-04-13 12:57:41,995 - phase4_4_tabicl - INFO - CatBoost done in 0.50s | acc=0.9822
2026-04-13 12:57:41,996 - phase4_4_tabicl - INFO -   preprocessing: mice_indicator
2026-04-13 12:57:56,950 - phase4_4_tabicl - INFO - CatBoost done in 0.55s | acc=0.9844
2026-04-13 12:57:56,951 - phase4_4_tabicl - INFO - 
--- CatBoost WITHOUT imputation (raw NaN, bonus) ---
2026-04-13 12:57:57,435 - phase4_4_tabicl - INFO - CatBoost done in 0.48s | acc=0.9829
2026-04-13 12:57:57,439 - phase4_4_tabicl - INFO - 
================================================================================
Phase 4.4: slovak_manufacture_13
================================================================================
2026-04-13 12:57:57,509 - phase4_4_tabicl - INFO - Loaded 4107 samples, 64 features
2026-04-13 12:57:57,753 - phase4_4_tabicl - INFO - 
--- TabPFN WITH imputation ---
2026-04-13 12:57:57,753 - phase4_4_tabicl - INFO -   preprocessing: median
2026-04-13 12:57:57,775 - phase4_4_tabicl - INFO - TabPFN imported successfully
2026-04-13 12:57:58,068 - phase4_4_tabicl - ERROR - TabPFN failed: TabPFN requires a one-time license acceptance to download
model weights for local inference, but no interactive terminal
is available.

To authenticate in a non-interactive environment:
  1. Open https://ux.priorlabs.ai in a browser and log in (or register)
  2. Accept the license on the Licenses tab
  3. Copy your API Key from https://ux.priorlabs.ai/account
  4. Set the environment variable: export TABPFN_TOKEN="<your-api-key>"
     or in Python (before calling .fit()): import os; os.environ["TABPFN_TOKEN"] = "<your-api-key>"
Traceback (most recent call last):
  File "C:\Users\TaroM\Documents\унік коди\project\src\run_phase4_4_experiments.py", line 220, in _test_tabpfn
    model.fit(X_train_np, y_train.to_numpy() if hasattr(y_train, "to_numpy") else y_train)
  File "C:\Users\TaroM\miniconda3\Lib\contextlib.py", line 81, in inner
    return func(*args, **kwds)
           ^^^^^^^^^^^^^^^^^^^
  File "C:\Users\TaroM\miniconda3\Lib\site-packages\tabpfn_common_utils\telemetry\core\decorators.py", line 321, in wrapper
    return _safe_call_with_telemetry(
           ^^^^^^^^^^^^^^^^^^^^^^^^^^
  File "C:\Users\TaroM\miniconda3\Lib\site-packages\tabpfn_common_utils\telemetry\core\decorators.py", line 365, in _safe_call_with_telemetry
    result = func(*args, **kwargs)
             ^^^^^^^^^^^^^^^^^^^^^
  File "C:\Users\TaroM\miniconda3\Lib\site-packages\tabpfn\classifier.py", line 762, in fit
    byte_size = self._initialize_model_variables()
                ^^^^^^^^^^^^^^^^^^^^^^^^^^^^^^^^^^
  File "C:\Users\TaroM\miniconda3\Lib\site-packages\tabpfn\classifier.py", line 572, in _initialize_model_variables
    return initialize_model_variables_helper(self, self.estimator_type)
           ^^^^^^^^^^^^^^^^^^^^^^^^^^^^^^^^^^^^^^^^^^^^^^^^^^^^^^^^^^^^
  File "C:\Users\TaroM\miniconda3\Lib\site-packages\tabpfn\base.py", line 379, in initialize_model_variables_helper
    initialize_tabpfn_model(
  File "C:\Users\TaroM\miniconda3\Lib\site-packages\tabpfn\base.py", line 185, in initialize_tabpfn_model
    load_model_criterion_config(
  File "C:\Users\TaroM\miniconda3\Lib\site-packages\tabpfn\model_loading.py", line 647, in load_model_criterion_config
    raise res[0]
  File "C:\Users\TaroM\miniconda3\Lib\site-packages\tabpfn\model_loading.py", line 472, in _download_model
    ensure_license_accepted(hf_repo_id=_HF_REPOS[version])
  File "C:\Users\TaroM\miniconda3\Lib\site-packages\tabpfn\browser_auth.py", line 602, in ensure_license_accepted
    raise TabPFNLicenseError(
tabpfn.errors.TabPFNLicenseError: TabPFN requires a one-time license acceptance to download
model weights for local inference, but no interactive terminal
is available.

To authenticate in a non-interactive environment:
  1. Open https://ux.priorlabs.ai in a browser and log in (or register)
  2. Accept the license on the Licenses tab
  3. Copy your API Key from https://ux.priorlabs.ai/account
  4. Set the environment variable: export TABPFN_TOKEN="<your-api-key>"
     or in Python (before calling .fit()): import os; os.environ["TABPFN_TOKEN"] = "<your-api-key>"
2026-04-13 12:57:58,070 - phase4_4_tabicl - INFO -   preprocessing: mice
2026-04-13 12:58:05,886 - phase4_4_tabicl - INFO - TabPFN imported successfully
2026-04-13 12:58:06,092 - phase4_4_tabicl - ERROR - TabPFN failed: TabPFN requires a one-time license acceptance to download
model weights for local inference, but no interactive terminal
is available.

To authenticate in a non-interactive environment:
  1. Open https://ux.priorlabs.ai in a browser and log in (or register)
  2. Accept the license on the Licenses tab
  3. Copy your API Key from https://ux.priorlabs.ai/account
  4. Set the environment variable: export TABPFN_TOKEN="<your-api-key>"
     or in Python (before calling .fit()): import os; os.environ["TABPFN_TOKEN"] = "<your-api-key>"
Traceback (most recent call last):
  File "C:\Users\TaroM\Documents\унік коди\project\src\run_phase4_4_experiments.py", line 220, in _test_tabpfn
    model.fit(X_train_np, y_train.to_numpy() if hasattr(y_train, "to_numpy") else y_train)
  File "C:\Users\TaroM\miniconda3\Lib\contextlib.py", line 81, in inner
    return func(*args, **kwds)
           ^^^^^^^^^^^^^^^^^^^
  File "C:\Users\TaroM\miniconda3\Lib\site-packages\tabpfn_common_utils\telemetry\core\decorators.py", line 321, in wrapper
    return _safe_call_with_telemetry(
           ^^^^^^^^^^^^^^^^^^^^^^^^^^
  File "C:\Users\TaroM\miniconda3\Lib\site-packages\tabpfn_common_utils\telemetry\core\decorators.py", line 365, in _safe_call_with_telemetry
    result = func(*args, **kwargs)
             ^^^^^^^^^^^^^^^^^^^^^
  File "C:\Users\TaroM\miniconda3\Lib\site-packages\tabpfn\classifier.py", line 762, in fit
    byte_size = self._initialize_model_variables()
                ^^^^^^^^^^^^^^^^^^^^^^^^^^^^^^^^^^
  File "C:\Users\TaroM\miniconda3\Lib\site-packages\tabpfn\classifier.py", line 572, in _initialize_model_variables
    return initialize_model_variables_helper(self, self.estimator_type)
           ^^^^^^^^^^^^^^^^^^^^^^^^^^^^^^^^^^^^^^^^^^^^^^^^^^^^^^^^^^^^
  File "C:\Users\TaroM\miniconda3\Lib\site-packages\tabpfn\base.py", line 379, in initialize_model_variables_helper
    initialize_tabpfn_model(
  File "C:\Users\TaroM\miniconda3\Lib\site-packages\tabpfn\base.py", line 185, in initialize_tabpfn_model
    load_model_criterion_config(
  File "C:\Users\TaroM\miniconda3\Lib\site-packages\tabpfn\model_loading.py", line 647, in load_model_criterion_config
    raise res[0]
  File "C:\Users\TaroM\miniconda3\Lib\site-packages\tabpfn\model_loading.py", line 472, in _download_model
    ensure_license_accepted(hf_repo_id=_HF_REPOS[version])
  File "C:\Users\TaroM\miniconda3\Lib\site-packages\tabpfn\browser_auth.py", line 602, in ensure_license_accepted
    raise TabPFNLicenseError(
tabpfn.errors.TabPFNLicenseError: TabPFN requires a one-time license acceptance to download
model weights for local inference, but no interactive terminal
is available.

To authenticate in a non-interactive environment:
  1. Open https://ux.priorlabs.ai in a browser and log in (or register)
  2. Accept the license on the Licenses tab
  3. Copy your API Key from https://ux.priorlabs.ai/account
  4. Set the environment variable: export TABPFN_TOKEN="<your-api-key>"
     or in Python (before calling .fit()): import os; os.environ["TABPFN_TOKEN"] = "<your-api-key>"
2026-04-13 12:58:06,093 - phase4_4_tabicl - INFO -   preprocessing: mice_indicator
2026-04-13 12:58:13,991 - phase4_4_tabicl - INFO - TabPFN imported successfully
2026-04-13 12:58:14,192 - phase4_4_tabicl - ERROR - TabPFN failed: TabPFN requires a one-time license acceptance to download
model weights for local inference, but no interactive terminal
is available.

To authenticate in a non-interactive environment:
  1. Open https://ux.priorlabs.ai in a browser and log in (or register)
  2. Accept the license on the Licenses tab
  3. Copy your API Key from https://ux.priorlabs.ai/account
  4. Set the environment variable: export TABPFN_TOKEN="<your-api-key>"
     or in Python (before calling .fit()): import os; os.environ["TABPFN_TOKEN"] = "<your-api-key>"
Traceback (most recent call last):
  File "C:\Users\TaroM\Documents\унік коди\project\src\run_phase4_4_experiments.py", line 220, in _test_tabpfn
    model.fit(X_train_np, y_train.to_numpy() if hasattr(y_train, "to_numpy") else y_train)
  File "C:\Users\TaroM\miniconda3\Lib\contextlib.py", line 81, in inner
    return func(*args, **kwds)
           ^^^^^^^^^^^^^^^^^^^
  File "C:\Users\TaroM\miniconda3\Lib\site-packages\tabpfn_common_utils\telemetry\core\decorators.py", line 321, in wrapper
    return _safe_call_with_telemetry(
           ^^^^^^^^^^^^^^^^^^^^^^^^^^
  File "C:\Users\TaroM\miniconda3\Lib\site-packages\tabpfn_common_utils\telemetry\core\decorators.py", line 365, in _safe_call_with_telemetry
    result = func(*args, **kwargs)
             ^^^^^^^^^^^^^^^^^^^^^
  File "C:\Users\TaroM\miniconda3\Lib\site-packages\tabpfn\classifier.py", line 762, in fit
    byte_size = self._initialize_model_variables()
                ^^^^^^^^^^^^^^^^^^^^^^^^^^^^^^^^^^
  File "C:\Users\TaroM\miniconda3\Lib\site-packages\tabpfn\classifier.py", line 572, in _initialize_model_variables
    return initialize_model_variables_helper(self, self.estimator_type)
           ^^^^^^^^^^^^^^^^^^^^^^^^^^^^^^^^^^^^^^^^^^^^^^^^^^^^^^^^^^^^
  File "C:\Users\TaroM\miniconda3\Lib\site-packages\tabpfn\base.py", line 379, in initialize_model_variables_helper
    initialize_tabpfn_model(
  File "C:\Users\TaroM\miniconda3\Lib\site-packages\tabpfn\base.py", line 185, in initialize_tabpfn_model
    load_model_criterion_config(
  File "C:\Users\TaroM\miniconda3\Lib\site-packages\tabpfn\model_loading.py", line 647, in load_model_criterion_config
    raise res[0]
  File "C:\Users\TaroM\miniconda3\Lib\site-packages\tabpfn\model_loading.py", line 472, in _download_model
    ensure_license_accepted(hf_repo_id=_HF_REPOS[version])
  File "C:\Users\TaroM\miniconda3\Lib\site-packages\tabpfn\browser_auth.py", line 602, in ensure_license_accepted
    raise TabPFNLicenseError(
tabpfn.errors.TabPFNLicenseError: TabPFN requires a one-time license acceptance to download
model weights for local inference, but no interactive terminal
is available.

To authenticate in a non-interactive environment:
  1. Open https://ux.priorlabs.ai in a browser and log in (or register)
  2. Accept the license on the Licenses tab
  3. Copy your API Key from https://ux.priorlabs.ai/account
  4. Set the environment variable: export TABPFN_TOKEN="<your-api-key>"
     or in Python (before calling .fit()): import os; os.environ["TABPFN_TOKEN"] = "<your-api-key>"
2026-04-13 12:58:14,193 - phase4_4_tabicl - INFO - 
--- TabICL WITH imputation ---
2026-04-13 12:58:14,193 - phase4_4_tabicl - INFO -   preprocessing: median
2026-04-13 12:58:14,214 - phase4_4_tabicl - INFO - TabICL imported successfully
2026-04-13 12:59:43,219 - phase4_4_tabicl - INFO - TabICL done in 89.00s | acc=0.9903
2026-04-13 12:59:43,220 - phase4_4_tabicl - INFO -   preprocessing: mice
2026-04-13 12:59:51,497 - phase4_4_tabicl - INFO - TabICL imported successfully
2026-04-13 13:01:23,011 - phase4_4_tabicl - INFO - TabICL done in 91.51s | acc=0.9903
2026-04-13 13:01:23,013 - phase4_4_tabicl - INFO -   preprocessing: mice_indicator
2026-04-13 13:01:30,785 - phase4_4_tabicl - INFO - TabICL imported successfully
2026-04-13 13:04:03,663 - phase4_4_tabicl - INFO - TabICL done in 152.87s | acc=0.9891
2026-04-13 13:04:03,665 - phase4_4_tabicl - INFO - 
--- TabICL WITHOUT imputation (raw NaN) ---
2026-04-13 13:04:03,668 - phase4_4_tabicl - INFO - TabICL imported successfully
2026-04-13 13:05:33,172 - phase4_4_tabicl - INFO - TabICL done in 89.50s | acc=0.9891
2026-04-13 13:05:33,173 - phase4_4_tabicl - INFO - 
--- CatBoost WITH imputation (bonus) ---
2026-04-13 13:05:33,173 - phase4_4_tabicl - INFO -   preprocessing: median
2026-04-13 13:05:33,450 - phase4_4_tabicl - INFO - CatBoost done in 0.24s | acc=0.9903
2026-04-13 13:05:33,450 - phase4_4_tabicl - INFO -   preprocessing: mice
2026-04-13 13:05:41,754 - phase4_4_tabicl - INFO - CatBoost done in 0.45s | acc=0.9927
2026-04-13 13:05:41,754 - phase4_4_tabicl - INFO -   preprocessing: mice_indicator
2026-04-13 13:05:49,996 - phase4_4_tabicl - INFO - CatBoost done in 0.50s | acc=0.9927
2026-04-13 13:05:49,996 - phase4_4_tabicl - INFO - 
--- CatBoost WITHOUT imputation (raw NaN, bonus) ---
2026-04-13 13:05:50,228 - phase4_4_tabicl - INFO - CatBoost done in 0.23s | acc=0.9951
