2026-04-21 15:43:50,165 - student1_3_4_baselines - INFO - ================================================================================
2026-04-21 15:43:50,165 - student1_3_4_baselines - INFO - STUDENT 1 - TASK 3.4: BASELINE MODELS
2026-04-21 15:43:50,165 - student1_3_4_baselines - INFO - ================================================================================
2026-04-21 15:43:51,512 - student1_3_4_baselines - INFO - GPU detected: NVIDIA GeForce RTX 4070 SUPER
2026-04-21 15:43:51,513 - student1_3_4_baselines - INFO - Baseline models (LogReg / RandomForest) run on CPU by design.
2026-04-21 15:43:51,513 - student1_3_4_baselines - INFO - Precomputed splits present; skipping Phase 3.1 setup.
2026-04-21 15:43:51,522 - student1_3_4_baselines - INFO - 
================================================================================
Student 1 - Task 3.4: taiwan_bankruptcy
================================================================================
2026-04-21 15:43:51,712 - student1_3_4_baselines - INFO - Scenario native | preprocessing mean
2026-04-21 15:43:51,771 - student1_3_4_baselines - INFO -     logistic_regression done in 0.03s | acc=0.9619
2026-04-21 15:43:52,071 - student1_3_4_baselines - INFO -     random_forest done in 0.29s | acc=0.9692
2026-04-21 15:43:52,072 - student1_3_4_baselines - INFO - Scenario native | preprocessing median
2026-04-21 15:43:52,138 - student1_3_4_baselines - INFO -     logistic_regression done in 0.03s | acc=0.9619
2026-04-21 15:43:52,435 - student1_3_4_baselines - INFO -     random_forest done in 0.28s | acc=0.9692
2026-04-21 15:43:52,436 - student1_3_4_baselines - INFO - Scenario native | preprocessing knn
2026-04-21 15:43:52,490 - student1_3_4_baselines - INFO -     logistic_regression done in 0.03s | acc=0.9619
2026-04-21 15:43:52,778 - student1_3_4_baselines - INFO -     random_forest done in 0.28s | acc=0.9692
2026-04-21 15:43:52,779 - student1_3_4_baselines - INFO - Scenario MCAR_5pct
2026-04-21 15:43:52,992 - student1_3_4_baselines - INFO -     logistic_regression done in 0.03s | acc=0.9604
2026-04-21 15:43:53,291 - student1_3_4_baselines - INFO -     random_forest done in 0.29s | acc=0.9714
2026-04-21 15:43:53,355 - student1_3_4_baselines - INFO -     logistic_regression done in 0.03s | acc=0.9604
2026-04-21 15:43:53,656 - student1_3_4_baselines - INFO -     random_forest done in 0.29s | acc=0.9685
2026-04-21 15:43:57,261 - student1_3_4_baselines - INFO -     logistic_regression done in 0.03s | acc=0.9597
2026-04-21 15:43:57,580 - student1_3_4_baselines - INFO -     random_forest done in 0.31s | acc=0.9714
2026-04-21 15:43:57,580 - student1_3_4_baselines - INFO - Scenario MCAR_10pct
2026-04-21 15:43:57,923 - student1_3_4_baselines - INFO -     logistic_regression done in 0.02s | acc=0.9626
2026-04-21 15:43:58,245 - student1_3_4_baselines - INFO -     random_forest done in 0.31s | acc=0.9699
2026-04-21 15:43:58,308 - student1_3_4_baselines - INFO -     logistic_regression done in 0.03s | acc=0.9611
2026-04-21 15:43:58,608 - student1_3_4_baselines - INFO -     random_forest done in 0.29s | acc=0.9670
2026-04-21 15:44:03,653 - student1_3_4_baselines - INFO -     logistic_regression done in 0.03s | acc=0.9611
2026-04-21 15:44:03,956 - student1_3_4_baselines - INFO -     random_forest done in 0.29s | acc=0.9685
2026-04-21 15:44:03,957 - student1_3_4_baselines - INFO - Scenario MCAR_15pct
2026-04-21 15:44:04,449 - student1_3_4_baselines - INFO -     logistic_regression done in 0.02s | acc=0.9619
2026-04-21 15:44:04,756 - student1_3_4_baselines - INFO -     random_forest done in 0.30s | acc=0.9699
2026-04-21 15:44:04,814 - student1_3_4_baselines - INFO -     logistic_regression done in 0.02s | acc=0.9619
2026-04-21 15:44:05,121 - student1_3_4_baselines - INFO -     random_forest done in 0.29s | acc=0.9714
2026-04-21 15:44:11,687 - student1_3_4_baselines - INFO -     logistic_regression done in 0.02s | acc=0.9619
2026-04-21 15:44:11,992 - student1_3_4_baselines - INFO -     random_forest done in 0.30s | acc=0.9707
2026-04-21 15:44:11,992 - student1_3_4_baselines - INFO - Scenario MCAR_20pct
2026-04-21 15:44:12,647 - student1_3_4_baselines - INFO -     logistic_regression done in 0.03s | acc=0.9611
2026-04-21 15:44:12,972 - student1_3_4_baselines - INFO -     random_forest done in 0.31s | acc=0.9677
2026-04-21 15:44:13,033 - student1_3_4_baselines - INFO -     logistic_regression done in 0.03s | acc=0.9611
2026-04-21 15:44:13,335 - student1_3_4_baselines - INFO -     random_forest done in 0.29s | acc=0.9685
2026-04-21 15:44:21,480 - student1_3_4_baselines - INFO -     logistic_regression done in 0.03s | acc=0.9575
2026-04-21 15:44:21,813 - student1_3_4_baselines - INFO -     random_forest done in 0.32s | acc=0.9692
2026-04-21 15:44:21,814 - student1_3_4_baselines - INFO - Scenario MCAR_30pct
2026-04-21 15:44:22,741 - student1_3_4_baselines - INFO -     logistic_regression done in 0.02s | acc=0.9560
2026-04-21 15:44:23,055 - student1_3_4_baselines - INFO -     random_forest done in 0.30s | acc=0.9721
2026-04-21 15:44:23,115 - student1_3_4_baselines - INFO -     logistic_regression done in 0.02s | acc=0.9567
2026-04-21 15:44:23,425 - student1_3_4_baselines - INFO -     random_forest done in 0.30s | acc=0.9677
2026-04-21 15:44:35,348 - student1_3_4_baselines - INFO -     logistic_regression done in 0.02s | acc=0.9531
2026-04-21 15:44:35,709 - student1_3_4_baselines - INFO -     random_forest done in 0.35s | acc=0.9699
2026-04-21 15:44:35,709 - student1_3_4_baselines - INFO - Scenario MCAR_40pct
2026-04-21 15:44:36,915 - student1_3_4_baselines - INFO -     logistic_regression done in 0.02s | acc=0.9494
2026-04-21 15:44:37,223 - student1_3_4_baselines - INFO -     random_forest done in 0.30s | acc=0.9707
2026-04-21 15:44:37,283 - student1_3_4_baselines - INFO -     logistic_regression done in 0.02s | acc=0.9523
2026-04-21 15:44:37,580 - student1_3_4_baselines - INFO -     random_forest done in 0.29s | acc=0.9670
2026-04-21 15:44:54,702 - student1_3_4_baselines - INFO -     logistic_regression done in 0.02s | acc=0.9523
2026-04-21 15:44:55,104 - student1_3_4_baselines - INFO -     random_forest done in 0.39s | acc=0.9677
2026-04-21 15:44:55,104 - student1_3_4_baselines - INFO - Scenario MAR_5pct
2026-04-21 15:44:55,596 - student1_3_4_baselines - INFO -     logistic_regression done in 0.03s | acc=0.9633
2026-04-21 15:44:55,906 - student1_3_4_baselines - INFO -     random_forest done in 0.30s | acc=0.9707
2026-04-21 15:44:55,970 - student1_3_4_baselines - INFO -     logistic_regression done in 0.03s | acc=0.9626
2026-04-21 15:44:56,262 - student1_3_4_baselines - INFO -     random_forest done in 0.28s | acc=0.9692
2026-04-21 15:44:59,684 - student1_3_4_baselines - INFO -     logistic_regression done in 0.03s | acc=0.9626
2026-04-21 15:44:59,983 - student1_3_4_baselines - INFO -     random_forest done in 0.29s | acc=0.9699
2026-04-21 15:44:59,983 - student1_3_4_baselines - INFO - Scenario MAR_10pct
2026-04-21 15:45:00,548 - student1_3_4_baselines - INFO -     logistic_regression done in 0.03s | acc=0.9641
2026-04-21 15:45:00,839 - student1_3_4_baselines - INFO -     random_forest done in 0.28s | acc=0.9699
2026-04-21 15:45:00,903 - student1_3_4_baselines - INFO -     logistic_regression done in 0.03s | acc=0.9641
2026-04-21 15:45:01,186 - student1_3_4_baselines - INFO -     random_forest done in 0.27s | acc=0.9692
2026-04-21 15:45:06,233 - student1_3_4_baselines - INFO -     logistic_regression done in 0.03s | acc=0.9626
2026-04-21 15:45:06,538 - student1_3_4_baselines - INFO -     random_forest done in 0.29s | acc=0.9670
2026-04-21 15:45:06,539 - student1_3_4_baselines - INFO - Scenario MAR_15pct
2026-04-21 15:45:07,251 - student1_3_4_baselines - INFO -     logistic_regression done in 0.02s | acc=0.9619
2026-04-21 15:45:07,553 - student1_3_4_baselines - INFO -     random_forest done in 0.29s | acc=0.9677
2026-04-21 15:45:07,611 - student1_3_4_baselines - INFO -     logistic_regression done in 0.02s | acc=0.9604
2026-04-21 15:45:07,906 - student1_3_4_baselines - INFO -     random_forest done in 0.28s | acc=0.9685
2026-04-21 15:45:14,720 - student1_3_4_baselines - INFO -     logistic_regression done in 0.02s | acc=0.9611
2026-04-21 15:45:15,038 - student1_3_4_baselines - INFO -     random_forest done in 0.31s | acc=0.9685
2026-04-21 15:45:15,038 - student1_3_4_baselines - INFO - Scenario MAR_20pct
2026-04-21 15:45:15,908 - student1_3_4_baselines - INFO -     logistic_regression done in 0.02s | acc=0.9611
2026-04-21 15:45:16,225 - student1_3_4_baselines - INFO -     random_forest done in 0.31s | acc=0.9707
2026-04-21 15:45:16,286 - student1_3_4_baselines - INFO -     logistic_regression done in 0.02s | acc=0.9604
2026-04-21 15:45:16,595 - student1_3_4_baselines - INFO -     random_forest done in 0.30s | acc=0.9714
2026-04-21 15:45:24,932 - student1_3_4_baselines - INFO -     logistic_regression done in 0.02s | acc=0.9611
2026-04-21 15:45:25,253 - student1_3_4_baselines - INFO -     random_forest done in 0.31s | acc=0.9707
2026-04-21 15:45:25,253 - student1_3_4_baselines - INFO - Scenario MAR_30pct
2026-04-21 15:45:26,442 - student1_3_4_baselines - INFO -     logistic_regression done in 0.02s | acc=0.9641
2026-04-21 15:45:26,730 - student1_3_4_baselines - INFO -     random_forest done in 0.28s | acc=0.9685
2026-04-21 15:45:26,791 - student1_3_4_baselines - INFO -     logistic_regression done in 0.03s | acc=0.9619
2026-04-21 15:45:27,068 - student1_3_4_baselines - INFO -     random_forest done in 0.26s | acc=0.9677
2026-04-21 15:45:39,089 - student1_3_4_baselines - INFO -     logistic_regression done in 0.02s | acc=0.9619
2026-04-21 15:45:39,430 - student1_3_4_baselines - INFO -     random_forest done in 0.33s | acc=0.9677
2026-04-21 15:45:39,430 - student1_3_4_baselines - INFO - Scenario MAR_40pct
2026-04-21 15:45:40,945 - student1_3_4_baselines - INFO -     logistic_regression done in 0.02s | acc=0.9604
2026-04-21 15:45:41,227 - student1_3_4_baselines - INFO -     random_forest done in 0.27s | acc=0.9714
2026-04-21 15:45:41,286 - student1_3_4_baselines - INFO -     logistic_regression done in 0.02s | acc=0.9589
2026-04-21 15:45:41,562 - student1_3_4_baselines - INFO -     random_forest done in 0.27s | acc=0.9655
2026-04-21 15:45:58,428 - student1_3_4_baselines - INFO -     logistic_regression done in 0.02s | acc=0.9597
2026-04-21 15:45:58,805 - student1_3_4_baselines - INFO -     random_forest done in 0.37s | acc=0.9692
2026-04-21 15:45:58,806 - student1_3_4_baselines - INFO - Scenario MNAR_5pct
2026-04-21 15:45:59,181 - student1_3_4_baselines - INFO -     logistic_regression done in 0.03s | acc=0.9626
2026-04-21 15:45:59,468 - student1_3_4_baselines - INFO -     random_forest done in 0.28s | acc=0.9721
2026-04-21 15:45:59,531 - student1_3_4_baselines - INFO -     logistic_regression done in 0.03s | acc=0.9633
2026-04-21 15:45:59,812 - student1_3_4_baselines - INFO -     random_forest done in 0.27s | acc=0.9714
2026-04-21 15:46:03,653 - student1_3_4_baselines - INFO -     logistic_regression done in 0.02s | acc=0.9611
2026-04-21 15:46:03,947 - student1_3_4_baselines - INFO -     random_forest done in 0.28s | acc=0.9685
2026-04-21 15:46:03,947 - student1_3_4_baselines - INFO - Scenario MNAR_10pct
2026-04-21 15:46:04,483 - student1_3_4_baselines - INFO -     logistic_regression done in 0.02s | acc=0.9641
2026-04-21 15:46:04,785 - student1_3_4_baselines - INFO -     random_forest done in 0.29s | acc=0.9699
2026-04-21 15:46:04,843 - student1_3_4_baselines - INFO -     logistic_regression done in 0.02s | acc=0.9655
2026-04-21 15:46:05,156 - student1_3_4_baselines - INFO -     random_forest done in 0.30s | acc=0.9729
2026-04-21 15:46:10,331 - student1_3_4_baselines - INFO -     logistic_regression done in 0.02s | acc=0.9619
2026-04-21 15:46:10,634 - student1_3_4_baselines - INFO -     random_forest done in 0.29s | acc=0.9714
2026-04-21 15:46:10,634 - student1_3_4_baselines - INFO - Scenario MNAR_15pct
2026-04-21 15:46:11,331 - student1_3_4_baselines - INFO -     logistic_regression done in 0.03s | acc=0.9633
2026-04-21 15:46:11,630 - student1_3_4_baselines - INFO -     random_forest done in 0.29s | acc=0.9707
2026-04-21 15:46:11,692 - student1_3_4_baselines - INFO -     logistic_regression done in 0.03s | acc=0.9626
2026-04-21 15:46:11,977 - student1_3_4_baselines - INFO -     random_forest done in 0.27s | acc=0.9714
2026-04-21 15:46:18,737 - student1_3_4_baselines - INFO -     logistic_regression done in 0.03s | acc=0.9648
2026-04-21 15:46:19,056 - student1_3_4_baselines - INFO -     random_forest done in 0.31s | acc=0.9685
2026-04-21 15:46:19,058 - student1_3_4_baselines - INFO - Scenario MNAR_20pct
2026-04-21 15:46:19,927 - student1_3_4_baselines - INFO -     logistic_regression done in 0.02s | acc=0.9655
2026-04-21 15:46:20,219 - student1_3_4_baselines - INFO -     random_forest done in 0.28s | acc=0.9699
2026-04-21 15:46:20,282 - student1_3_4_baselines - INFO -     logistic_regression done in 0.03s | acc=0.9655
2026-04-21 15:46:20,565 - student1_3_4_baselines - INFO -     random_forest done in 0.27s | acc=0.9685
2026-04-21 15:46:28,780 - student1_3_4_baselines - INFO -     logistic_regression done in 0.03s | acc=0.9641
2026-04-21 15:46:29,119 - student1_3_4_baselines - INFO -     random_forest done in 0.33s | acc=0.9714
2026-04-21 15:46:29,120 - student1_3_4_baselines - INFO - Scenario MNAR_30pct
2026-04-21 15:46:30,314 - student1_3_4_baselines - INFO -     logistic_regression done in 0.02s | acc=0.9626
2026-04-21 15:46:30,624 - student1_3_4_baselines - INFO -     random_forest done in 0.30s | acc=0.9714
2026-04-21 15:46:30,684 - student1_3_4_baselines - INFO -     logistic_regression done in 0.02s | acc=0.9648
2026-04-21 15:46:30,968 - student1_3_4_baselines - INFO -     random_forest done in 0.27s | acc=0.9685
2026-04-21 15:46:43,494 - student1_3_4_baselines - INFO -     logistic_regression done in 0.02s | acc=0.9648
2026-04-21 15:46:43,845 - student1_3_4_baselines - INFO -     random_forest done in 0.34s | acc=0.9699
2026-04-21 15:46:43,845 - student1_3_4_baselines - INFO - Scenario MNAR_40pct
2026-04-21 15:46:45,358 - student1_3_4_baselines - INFO -     logistic_regression done in 0.02s | acc=0.9611
2026-04-21 15:46:45,651 - student1_3_4_baselines - INFO -     random_forest done in 0.28s | acc=0.9699
2026-04-21 15:46:45,710 - student1_3_4_baselines - INFO -     logistic_regression done in 0.02s | acc=0.9626
2026-04-21 15:46:45,981 - student1_3_4_baselines - INFO -     random_forest done in 0.26s | acc=0.9707
2026-04-21 15:47:05,424 - student1_3_4_baselines - INFO -     logistic_regression done in 0.03s | acc=0.9604
2026-04-21 15:47:05,794 - student1_3_4_baselines - INFO -     random_forest done in 0.36s | acc=0.9685
2026-04-21 15:47:05,796 - student1_3_4_baselines - INFO - 
================================================================================
Student 1 - Task 3.4: polish_1year
================================================================================
2026-04-21 15:47:05,866 - student1_3_4_baselines - INFO - Scenario native | preprocessing mean
2026-04-21 15:47:05,906 - student1_3_4_baselines - INFO -     logistic_regression done in 0.02s | acc=0.9616
2026-04-21 15:47:06,279 - student1_3_4_baselines - INFO -     random_forest done in 0.36s | acc=0.9794
2026-04-21 15:47:06,280 - student1_3_4_baselines - INFO - Scenario native | preprocessing median
2026-04-21 15:47:06,323 - student1_3_4_baselines - INFO -     logistic_regression done in 0.02s | acc=0.9616
2026-04-21 15:47:06,694 - student1_3_4_baselines - INFO -     random_forest done in 0.36s | acc=0.9694
2026-04-21 15:47:06,694 - student1_3_4_baselines - INFO - Scenario native | preprocessing knn
2026-04-21 15:47:07,853 - student1_3_4_baselines - INFO -     logistic_regression done in 0.02s | acc=0.9609
2026-04-21 15:47:08,244 - student1_3_4_baselines - INFO -     random_forest done in 0.38s | acc=0.9630
2026-04-21 15:47:08,245 - student1_3_4_baselines - INFO - Scenario MCAR_5pct
2026-04-21 15:47:08,365 - student1_3_4_baselines - INFO -     logistic_regression done in 0.02s | acc=0.9616
2026-04-21 15:47:08,733 - student1_3_4_baselines - INFO -     random_forest done in 0.36s | acc=0.9651
2026-04-21 15:47:08,777 - student1_3_4_baselines - INFO -     logistic_regression done in 0.02s | acc=0.9616
2026-04-21 15:47:09,149 - student1_3_4_baselines - INFO -     random_forest done in 0.36s | acc=0.9630
2026-04-21 15:47:11,750 - student1_3_4_baselines - INFO -     logistic_regression done in 0.02s | acc=0.9616
2026-04-21 15:47:12,117 - student1_3_4_baselines - INFO -     random_forest done in 0.36s | acc=0.9623
2026-04-21 15:47:12,118 - student1_3_4_baselines - INFO - Scenario MCAR_10pct
2026-04-21 15:47:12,334 - student1_3_4_baselines - INFO -     logistic_regression done in 0.02s | acc=0.9616
2026-04-21 15:47:12,675 - student1_3_4_baselines - INFO -     random_forest done in 0.33s | acc=0.9651
2026-04-21 15:47:12,720 - student1_3_4_baselines - INFO -     logistic_regression done in 0.02s | acc=0.9616
2026-04-21 15:47:13,086 - student1_3_4_baselines - INFO -     random_forest done in 0.36s | acc=0.9623
2026-04-21 15:47:16,928 - student1_3_4_baselines - INFO -     logistic_regression done in 0.02s | acc=0.9616
2026-04-21 15:47:17,318 - student1_3_4_baselines - INFO -     random_forest done in 0.38s | acc=0.9616
2026-04-21 15:47:17,319 - student1_3_4_baselines - INFO - Scenario MCAR_15pct
2026-04-21 15:47:17,638 - student1_3_4_baselines - INFO -     logistic_regression done in 0.02s | acc=0.9616
2026-04-21 15:47:17,991 - student1_3_4_baselines - INFO -     random_forest done in 0.34s | acc=0.9637
2026-04-21 15:47:18,036 - student1_3_4_baselines - INFO -     logistic_regression done in 0.02s | acc=0.9616
2026-04-21 15:47:18,402 - student1_3_4_baselines - INFO -     random_forest done in 0.36s | acc=0.9609
2026-04-21 15:47:23,193 - student1_3_4_baselines - INFO -     logistic_regression done in 0.02s | acc=0.9616
2026-04-21 15:47:23,603 - student1_3_4_baselines - INFO -     random_forest done in 0.40s | acc=0.9623
2026-04-21 15:47:23,604 - student1_3_4_baselines - INFO - Scenario MCAR_20pct
2026-04-21 15:47:24,016 - student1_3_4_baselines - INFO -     logistic_regression done in 0.02s | acc=0.9609
2026-04-21 15:47:24,356 - student1_3_4_baselines - INFO -     random_forest done in 0.33s | acc=0.9623
2026-04-21 15:47:24,401 - student1_3_4_baselines - INFO -     logistic_regression done in 0.02s | acc=0.9609
2026-04-21 15:47:24,770 - student1_3_4_baselines - INFO -     random_forest done in 0.36s | acc=0.9630
2026-04-21 15:47:30,647 - student1_3_4_baselines - INFO -     logistic_regression done in 0.02s | acc=0.9609
2026-04-21 15:47:31,049 - student1_3_4_baselines - INFO -     random_forest done in 0.39s | acc=0.9616
2026-04-21 15:47:31,049 - student1_3_4_baselines - INFO - Scenario MCAR_30pct
2026-04-21 15:47:31,654 - student1_3_4_baselines - INFO -     logistic_regression done in 0.02s | acc=0.9609
2026-04-21 15:47:31,990 - student1_3_4_baselines - INFO -     random_forest done in 0.33s | acc=0.9630
2026-04-21 15:47:32,032 - student1_3_4_baselines - INFO -     logistic_regression done in 0.01s | acc=0.9609
2026-04-21 15:47:32,398 - student1_3_4_baselines - INFO -     random_forest done in 0.36s | acc=0.9623
2026-04-21 15:47:40,118 - student1_3_4_baselines - INFO -     logistic_regression done in 0.02s | acc=0.9609
2026-04-21 15:47:40,558 - student1_3_4_baselines - INFO -     random_forest done in 0.43s | acc=0.9623
2026-04-21 15:47:40,560 - student1_3_4_baselines - INFO - Scenario MCAR_40pct
2026-04-21 15:47:41,360 - student1_3_4_baselines - INFO -     logistic_regression done in 0.02s | acc=0.9602
2026-04-21 15:47:41,710 - student1_3_4_baselines - INFO -     random_forest done in 0.34s | acc=0.9623
2026-04-21 15:47:41,761 - student1_3_4_baselines - INFO -     logistic_regression done in 0.02s | acc=0.9609
2026-04-21 15:47:42,130 - student1_3_4_baselines - INFO -     random_forest done in 0.36s | acc=0.9623
2026-04-21 15:47:51,177 - student1_3_4_baselines - INFO -     logistic_regression done in 0.02s | acc=0.9609
2026-04-21 15:47:51,670 - student1_3_4_baselines - INFO -     random_forest done in 0.48s | acc=0.9623
2026-04-21 15:47:51,671 - student1_3_4_baselines - INFO - Scenario MAR_5pct
2026-04-21 15:47:51,941 - student1_3_4_baselines - INFO -     logistic_regression done in 0.02s | acc=0.9587
2026-04-21 15:47:52,315 - student1_3_4_baselines - INFO -     random_forest done in 0.36s | acc=0.9701
2026-04-21 15:47:52,357 - student1_3_4_baselines - INFO -     logistic_regression done in 0.01s | acc=0.9587
2026-04-21 15:47:52,743 - student1_3_4_baselines - INFO -     random_forest done in 0.38s | acc=0.9651
2026-04-21 15:47:55,807 - student1_3_4_baselines - INFO -     logistic_regression done in 0.02s | acc=0.9595
2026-04-21 15:47:56,199 - student1_3_4_baselines - INFO -     random_forest done in 0.38s | acc=0.9644
2026-04-21 15:47:56,204 - student1_3_4_baselines - INFO - Scenario MAR_10pct
2026-04-21 15:47:56,568 - student1_3_4_baselines - INFO -     logistic_regression done in 0.02s | acc=0.9595
2026-04-21 15:47:56,928 - student1_3_4_baselines - INFO -     random_forest done in 0.35s | acc=0.9659
2026-04-21 15:47:56,973 - student1_3_4_baselines - INFO -     logistic_regression done in 0.01s | acc=0.9602
2026-04-21 15:47:57,355 - student1_3_4_baselines - INFO -     random_forest done in 0.37s | acc=0.9637
2026-04-21 15:48:01,236 - student1_3_4_baselines - INFO -     logistic_regression done in 0.02s | acc=0.9602
2026-04-21 15:48:01,628 - student1_3_4_baselines - INFO -     random_forest done in 0.38s | acc=0.9637
2026-04-21 15:48:01,628 - student1_3_4_baselines - INFO - Scenario MAR_15pct
2026-04-21 15:48:02,108 - student1_3_4_baselines - INFO -     logistic_regression done in 0.02s | acc=0.9595
2026-04-21 15:48:02,478 - student1_3_4_baselines - INFO -     random_forest done in 0.36s | acc=0.9630
2026-04-21 15:48:02,524 - student1_3_4_baselines - INFO -     logistic_regression done in 0.02s | acc=0.9595
2026-04-21 15:48:02,909 - student1_3_4_baselines - INFO -     random_forest done in 0.37s | acc=0.9623
2026-04-21 15:48:08,274 - student1_3_4_baselines - INFO -     logistic_regression done in 0.02s | acc=0.9595
2026-04-21 15:48:08,688 - student1_3_4_baselines - INFO -     random_forest done in 0.40s | acc=0.9609
2026-04-21 15:48:08,689 - student1_3_4_baselines - INFO - Scenario MAR_20pct
2026-04-21 15:48:09,298 - student1_3_4_baselines - INFO -     logistic_regression done in 0.02s | acc=0.9587
2026-04-21 15:48:09,655 - student1_3_4_baselines - INFO -     random_forest done in 0.35s | acc=0.9616
2026-04-21 15:48:09,700 - student1_3_4_baselines - INFO -     logistic_regression done in 0.01s | acc=0.9580
2026-04-21 15:48:10,073 - student1_3_4_baselines - INFO -     random_forest done in 0.36s | acc=0.9630
2026-04-21 15:48:16,543 - student1_3_4_baselines - INFO -     logistic_regression done in 0.01s | acc=0.9587
2026-04-21 15:48:16,962 - student1_3_4_baselines - INFO -     random_forest done in 0.41s | acc=0.9623
2026-04-21 15:48:16,962 - student1_3_4_baselines - INFO - Scenario MAR_30pct
2026-04-21 15:48:17,810 - student1_3_4_baselines - INFO -     logistic_regression done in 0.01s | acc=0.9595
2026-04-21 15:48:18,182 - student1_3_4_baselines - INFO -     random_forest done in 0.36s | acc=0.9616
2026-04-21 15:48:18,227 - student1_3_4_baselines - INFO -     logistic_regression done in 0.01s | acc=0.9602
2026-04-21 15:48:18,610 - student1_3_4_baselines - INFO -     random_forest done in 0.37s | acc=0.9616
2026-04-21 15:48:26,672 - student1_3_4_baselines - INFO -     logistic_regression done in 0.02s | acc=0.9602
2026-04-21 15:48:27,101 - student1_3_4_baselines - INFO -     random_forest done in 0.42s | acc=0.9616
2026-04-21 15:48:27,102 - student1_3_4_baselines - INFO - Scenario MAR_40pct
2026-04-21 15:48:28,170 - student1_3_4_baselines - INFO -     logistic_regression done in 0.02s | acc=0.9587
2026-04-21 15:48:28,522 - student1_3_4_baselines - INFO -     random_forest done in 0.34s | acc=0.9616
2026-04-21 15:48:28,567 - student1_3_4_baselines - INFO -     logistic_regression done in 0.01s | acc=0.9595
2026-04-21 15:48:28,934 - student1_3_4_baselines - INFO -     random_forest done in 0.36s | acc=0.9616
2026-04-21 15:48:38,341 - student1_3_4_baselines - INFO -     logistic_regression done in 0.01s | acc=0.9602
2026-04-21 15:48:38,799 - student1_3_4_baselines - INFO -     random_forest done in 0.45s | acc=0.9623
2026-04-21 15:48:38,801 - student1_3_4_baselines - INFO - Scenario MNAR_5pct
2026-04-21 15:48:39,058 - student1_3_4_baselines - INFO -     logistic_regression done in 0.02s | acc=0.9623
2026-04-21 15:48:39,427 - student1_3_4_baselines - INFO -     random_forest done in 0.36s | acc=0.9666
2026-04-21 15:48:39,474 - student1_3_4_baselines - INFO -     logistic_regression done in 0.02s | acc=0.9623
2026-04-21 15:48:39,863 - student1_3_4_baselines - INFO -     random_forest done in 0.38s | acc=0.9630
2026-04-21 15:48:42,484 - student1_3_4_baselines - INFO -     logistic_regression done in 0.02s | acc=0.9623
2026-04-21 15:48:42,880 - student1_3_4_baselines - INFO -     random_forest done in 0.39s | acc=0.9630
2026-04-21 15:48:42,881 - student1_3_4_baselines - INFO - Scenario MNAR_10pct
2026-04-21 15:48:43,253 - student1_3_4_baselines - INFO -     logistic_regression done in 0.02s | acc=0.9602
2026-04-21 15:48:43,596 - student1_3_4_baselines - INFO -     random_forest done in 0.33s | acc=0.9666
2026-04-21 15:48:43,642 - student1_3_4_baselines - INFO -     logistic_regression done in 0.02s | acc=0.9616
2026-04-21 15:48:44,045 - student1_3_4_baselines - INFO -     random_forest done in 0.39s | acc=0.9630
2026-04-21 15:48:48,022 - student1_3_4_baselines - INFO -     logistic_regression done in 0.02s | acc=0.9609
2026-04-21 15:48:48,414 - student1_3_4_baselines - INFO -     random_forest done in 0.38s | acc=0.9623
2026-04-21 15:48:48,414 - student1_3_4_baselines - INFO - Scenario MNAR_15pct
2026-04-21 15:48:48,909 - student1_3_4_baselines - INFO -     logistic_regression done in 0.02s | acc=0.9595
2026-04-21 15:48:49,274 - student1_3_4_baselines - INFO -     random_forest done in 0.35s | acc=0.9651
2026-04-21 15:48:49,323 - student1_3_4_baselines - INFO -     logistic_regression done in 0.02s | acc=0.9595
2026-04-21 15:48:49,695 - student1_3_4_baselines - INFO -     random_forest done in 0.36s | acc=0.9637
2026-04-21 15:48:54,693 - student1_3_4_baselines - INFO -     logistic_regression done in 0.02s | acc=0.9602
2026-04-21 15:48:55,134 - student1_3_4_baselines - INFO -     random_forest done in 0.43s | acc=0.9616
2026-04-21 15:48:55,135 - student1_3_4_baselines - INFO - Scenario MNAR_20pct
2026-04-21 15:48:55,716 - student1_3_4_baselines - INFO -     logistic_regression done in 0.02s | acc=0.9602
2026-04-21 15:48:56,050 - student1_3_4_baselines - INFO -     random_forest done in 0.32s | acc=0.9616
2026-04-21 15:48:56,095 - student1_3_4_baselines - INFO -     logistic_regression done in 0.02s | acc=0.9602
2026-04-21 15:48:56,473 - student1_3_4_baselines - INFO -     random_forest done in 0.37s | acc=0.9623
2026-04-21 15:49:02,420 - student1_3_4_baselines - INFO -     logistic_regression done in 0.02s | acc=0.9602
2026-04-21 15:49:02,876 - student1_3_4_baselines - INFO -     random_forest done in 0.45s | acc=0.9609
2026-04-21 15:49:02,876 - student1_3_4_baselines - INFO - Scenario MNAR_30pct
2026-04-21 15:49:03,768 - student1_3_4_baselines - INFO -     logistic_regression done in 0.02s | acc=0.9609
2026-04-21 15:49:04,120 - student1_3_4_baselines - INFO -     random_forest done in 0.34s | acc=0.9616
2026-04-21 15:49:04,170 - student1_3_4_baselines - INFO -     logistic_regression done in 0.02s | acc=0.9609
2026-04-21 15:49:04,548 - student1_3_4_baselines - INFO -     random_forest done in 0.37s | acc=0.9623
2026-04-21 15:49:12,881 - student1_3_4_baselines - INFO -     logistic_regression done in 0.02s | acc=0.9616
2026-04-21 15:49:13,323 - student1_3_4_baselines - INFO -     random_forest done in 0.43s | acc=0.9630
2026-04-21 15:49:13,323 - student1_3_4_baselines - INFO - Scenario MNAR_40pct
2026-04-21 15:49:14,432 - student1_3_4_baselines - INFO -     logistic_regression done in 0.03s | acc=0.9616
2026-04-21 15:49:14,776 - student1_3_4_baselines - INFO -     random_forest done in 0.33s | acc=0.9616
2026-04-21 15:49:14,824 - student1_3_4_baselines - INFO -     logistic_regression done in 0.02s | acc=0.9616
2026-04-21 15:49:15,182 - student1_3_4_baselines - INFO -     random_forest done in 0.35s | acc=0.9623
2026-04-21 15:49:24,711 - student1_3_4_baselines - INFO -     logistic_regression done in 0.02s | acc=0.9616
2026-04-21 15:49:25,141 - student1_3_4_baselines - INFO -     random_forest done in 0.42s | acc=0.9630
2026-04-21 15:49:25,143 - student1_3_4_baselines - INFO - 
================================================================================
Student 1 - Task 3.4: slovak_manufacture_13
================================================================================
2026-04-21 15:49:25,333 - student1_3_4_baselines - INFO - Scenario native | preprocessing mean
2026-04-21 15:49:25,360 - student1_3_4_baselines - INFO -     logistic_regression done in 0.01s | acc=0.9915
2026-04-21 15:49:25,514 - student1_3_4_baselines - INFO -     random_forest done in 0.15s | acc=0.9951
2026-04-21 15:49:25,514 - student1_3_4_baselines - INFO - Scenario native | preprocessing median
2026-04-21 15:49:25,543 - student1_3_4_baselines - INFO -     logistic_regression done in 0.01s | acc=0.9915
2026-04-21 15:49:25,709 - student1_3_4_baselines - INFO -     random_forest done in 0.16s | acc=0.9915
2026-04-21 15:49:25,709 - student1_3_4_baselines - INFO - Scenario native | preprocessing knn
2026-04-21 15:49:27,691 - student1_3_4_baselines - INFO -     logistic_regression done in 0.01s | acc=0.9915
2026-04-21 15:49:27,847 - student1_3_4_baselines - INFO -     random_forest done in 0.15s | acc=0.9951
2026-04-21 15:49:27,847 - student1_3_4_baselines - INFO - Scenario MCAR_5pct
2026-04-21 15:49:27,877 - student1_3_4_baselines - INFO -     logistic_regression done in 0.01s | acc=0.9915
2026-04-21 15:49:28,035 - student1_3_4_baselines - INFO -     random_forest done in 0.15s | acc=0.9951
2026-04-21 15:49:28,063 - student1_3_4_baselines - INFO -     logistic_regression done in 0.01s | acc=0.9915
2026-04-21 15:49:28,219 - student1_3_4_baselines - INFO -     random_forest done in 0.15s | acc=0.9915
2026-04-21 15:49:30,207 - student1_3_4_baselines - INFO -     logistic_regression done in 0.01s | acc=0.9915
2026-04-21 15:49:30,349 - student1_3_4_baselines - INFO -     random_forest done in 0.14s | acc=0.9951
2026-04-21 15:49:30,349 - student1_3_4_baselines - INFO - Scenario MCAR_10pct
2026-04-21 15:49:30,378 - student1_3_4_baselines - INFO -     logistic_regression done in 0.01s | acc=0.9915
2026-04-21 15:49:30,533 - student1_3_4_baselines - INFO -     random_forest done in 0.15s | acc=0.9951
2026-04-21 15:49:30,561 - student1_3_4_baselines - INFO -     logistic_regression done in 0.01s | acc=0.9915
2026-04-21 15:49:30,717 - student1_3_4_baselines - INFO -     random_forest done in 0.15s | acc=0.9915
2026-04-21 15:49:32,683 - student1_3_4_baselines - INFO -     logistic_regression done in 0.01s | acc=0.9915
2026-04-21 15:49:32,838 - student1_3_4_baselines - INFO -     random_forest done in 0.15s | acc=0.9951
2026-04-21 15:49:32,838 - student1_3_4_baselines - INFO - Scenario MCAR_15pct
2026-04-21 15:49:32,866 - student1_3_4_baselines - INFO -     logistic_regression done in 0.01s | acc=0.9915
2026-04-21 15:49:33,021 - student1_3_4_baselines - INFO -     random_forest done in 0.15s | acc=0.9951
2026-04-21 15:49:33,049 - student1_3_4_baselines - INFO -     logistic_regression done in 0.01s | acc=0.9915
2026-04-21 15:49:33,196 - student1_3_4_baselines - INFO -     random_forest done in 0.14s | acc=0.9915
2026-04-21 15:49:35,158 - student1_3_4_baselines - INFO -     logistic_regression done in 0.01s | acc=0.9915
2026-04-21 15:49:35,299 - student1_3_4_baselines - INFO -     random_forest done in 0.13s | acc=0.9951
2026-04-21 15:49:35,299 - student1_3_4_baselines - INFO - Scenario MCAR_20pct
2026-04-21 15:49:35,330 - student1_3_4_baselines - INFO -     logistic_regression done in 0.01s | acc=0.9915
2026-04-21 15:49:35,485 - student1_3_4_baselines - INFO -     random_forest done in 0.15s | acc=0.9951
2026-04-21 15:49:35,513 - student1_3_4_baselines - INFO -     logistic_regression done in 0.01s | acc=0.9915
2026-04-21 15:49:35,670 - student1_3_4_baselines - INFO -     random_forest done in 0.15s | acc=0.9915
2026-04-21 15:49:37,671 - student1_3_4_baselines - INFO -     logistic_regression done in 0.01s | acc=0.9915
2026-04-21 15:49:37,820 - student1_3_4_baselines - INFO -     random_forest done in 0.14s | acc=0.9951
2026-04-21 15:49:37,820 - student1_3_4_baselines - INFO - Scenario MCAR_30pct
2026-04-21 15:49:37,848 - student1_3_4_baselines - INFO -     logistic_regression done in 0.01s | acc=0.9915
2026-04-21 15:49:38,005 - student1_3_4_baselines - INFO -     random_forest done in 0.15s | acc=0.9951
2026-04-21 15:49:38,033 - student1_3_4_baselines - INFO -     logistic_regression done in 0.01s | acc=0.9915
2026-04-21 15:49:38,180 - student1_3_4_baselines - INFO -     random_forest done in 0.14s | acc=0.9915
2026-04-21 15:49:40,224 - student1_3_4_baselines - INFO -     logistic_regression done in 0.01s | acc=0.9915
2026-04-21 15:49:40,376 - student1_3_4_baselines - INFO -     random_forest done in 0.15s | acc=0.9951
2026-04-21 15:49:40,377 - student1_3_4_baselines - INFO - Scenario MCAR_40pct
2026-04-21 15:49:40,405 - student1_3_4_baselines - INFO -     logistic_regression done in 0.01s | acc=0.9915
2026-04-21 15:49:40,560 - student1_3_4_baselines - INFO -     random_forest done in 0.15s | acc=0.9951
2026-04-21 15:49:40,591 - student1_3_4_baselines - INFO -     logistic_regression done in 0.01s | acc=0.9915
2026-04-21 15:49:40,747 - student1_3_4_baselines - INFO -     random_forest done in 0.15s | acc=0.9915
2026-04-21 15:49:42,717 - student1_3_4_baselines - INFO -     logistic_regression done in 0.01s | acc=0.9915
2026-04-21 15:49:42,859 - student1_3_4_baselines - INFO -     random_forest done in 0.14s | acc=0.9951
2026-04-21 15:49:42,860 - student1_3_4_baselines - INFO - Scenario MAR_5pct
2026-04-21 15:49:42,888 - student1_3_4_baselines - INFO -     logistic_regression done in 0.01s | acc=0.9915
2026-04-21 15:49:43,022 - student1_3_4_baselines - INFO -     random_forest done in 0.13s | acc=0.9951
2026-04-21 15:49:43,051 - student1_3_4_baselines - INFO -     logistic_regression done in 0.01s | acc=0.9915
2026-04-21 15:49:43,216 - student1_3_4_baselines - INFO -     random_forest done in 0.16s | acc=0.9915
2026-04-21 15:49:45,200 - student1_3_4_baselines - INFO -     logistic_regression done in 0.01s | acc=0.9915
2026-04-21 15:49:45,333 - student1_3_4_baselines - INFO -     random_forest done in 0.13s | acc=0.9951
2026-04-21 15:49:45,334 - student1_3_4_baselines - INFO - Scenario MAR_10pct
2026-04-21 15:49:45,361 - student1_3_4_baselines - INFO -     logistic_regression done in 0.01s | acc=0.9915
2026-04-21 15:49:45,519 - student1_3_4_baselines - INFO -     random_forest done in 0.15s | acc=0.9951
2026-04-21 15:49:45,548 - student1_3_4_baselines - INFO -     logistic_regression done in 0.01s | acc=0.9915
2026-04-21 15:49:45,714 - student1_3_4_baselines - INFO -     random_forest done in 0.16s | acc=0.9915
2026-04-21 15:49:47,697 - student1_3_4_baselines - INFO -     logistic_regression done in 0.01s | acc=0.9915
2026-04-21 15:49:47,841 - student1_3_4_baselines - INFO -     random_forest done in 0.14s | acc=0.9951
2026-04-21 15:49:47,842 - student1_3_4_baselines - INFO - Scenario MAR_15pct
2026-04-21 15:49:47,870 - student1_3_4_baselines - INFO -     logistic_regression done in 0.01s | acc=0.9915
2026-04-21 15:49:48,037 - student1_3_4_baselines - INFO -     random_forest done in 0.16s | acc=0.9951
2026-04-21 15:49:48,066 - student1_3_4_baselines - INFO -     logistic_regression done in 0.01s | acc=0.9915
2026-04-21 15:49:48,233 - student1_3_4_baselines - INFO -     random_forest done in 0.16s | acc=0.9915
2026-04-21 15:49:50,217 - student1_3_4_baselines - INFO -     logistic_regression done in 0.01s | acc=0.9915
2026-04-21 15:49:50,373 - student1_3_4_baselines - INFO -     random_forest done in 0.15s | acc=0.9951
2026-04-21 15:49:50,373 - student1_3_4_baselines - INFO - Scenario MAR_20pct
2026-04-21 15:49:50,402 - student1_3_4_baselines - INFO -     logistic_regression done in 0.01s | acc=0.9915
2026-04-21 15:49:50,568 - student1_3_4_baselines - INFO -     random_forest done in 0.16s | acc=0.9951
2026-04-21 15:49:50,597 - student1_3_4_baselines - INFO -     logistic_regression done in 0.01s | acc=0.9915
2026-04-21 15:49:50,745 - student1_3_4_baselines - INFO -     random_forest done in 0.14s | acc=0.9915
2026-04-21 15:49:52,713 - student1_3_4_baselines - INFO -     logistic_regression done in 0.01s | acc=0.9915
2026-04-21 15:49:52,859 - student1_3_4_baselines - INFO -     random_forest done in 0.14s | acc=0.9951
2026-04-21 15:49:52,859 - student1_3_4_baselines - INFO - Scenario MAR_30pct
2026-04-21 15:49:52,888 - student1_3_4_baselines - INFO -     logistic_regression done in 0.01s | acc=0.9915
2026-04-21 15:49:53,043 - student1_3_4_baselines - INFO -     random_forest done in 0.15s | acc=0.9951
2026-04-21 15:49:53,071 - student1_3_4_baselines - INFO -     logistic_regression done in 0.01s | acc=0.9915
2026-04-21 15:49:53,217 - student1_3_4_baselines - INFO -     random_forest done in 0.14s | acc=0.9915
2026-04-21 15:49:55,177 - student1_3_4_baselines - INFO -     logistic_regression done in 0.01s | acc=0.9915
2026-04-21 15:49:55,341 - student1_3_4_baselines - INFO -     random_forest done in 0.16s | acc=0.9951
2026-04-21 15:49:55,341 - student1_3_4_baselines - INFO - Scenario MAR_40pct
2026-04-21 15:49:55,369 - student1_3_4_baselines - INFO -     logistic_regression done in 0.01s | acc=0.9915
2026-04-21 15:49:55,531 - student1_3_4_baselines - INFO -     random_forest done in 0.15s | acc=0.9951
2026-04-21 15:49:55,559 - student1_3_4_baselines - INFO -     logistic_regression done in 0.01s | acc=0.9915
2026-04-21 15:49:55,725 - student1_3_4_baselines - INFO -     random_forest done in 0.16s | acc=0.9915
2026-04-21 15:49:57,709 - student1_3_4_baselines - INFO -     logistic_regression done in 0.01s | acc=0.9915
2026-04-21 15:49:57,873 - student1_3_4_baselines - INFO -     random_forest done in 0.16s | acc=0.9951
2026-04-21 15:49:57,873 - student1_3_4_baselines - INFO - Scenario MNAR_5pct
2026-04-21 15:49:57,902 - student1_3_4_baselines - INFO -     logistic_regression done in 0.01s | acc=0.9915
2026-04-21 15:49:58,062 - student1_3_4_baselines - INFO -     random_forest done in 0.15s | acc=0.9951
2026-04-21 15:49:58,092 - student1_3_4_baselines - INFO -     logistic_regression done in 0.01s | acc=0.9915
2026-04-21 15:49:58,258 - student1_3_4_baselines - INFO -     random_forest done in 0.16s | acc=0.9915
2026-04-21 15:50:00,247 - student1_3_4_baselines - INFO -     logistic_regression done in 0.01s | acc=0.9915
2026-04-21 15:50:00,379 - student1_3_4_baselines - INFO -     random_forest done in 0.13s | acc=0.9951
2026-04-21 15:50:00,379 - student1_3_4_baselines - INFO - Scenario MNAR_10pct
2026-04-21 15:50:00,408 - student1_3_4_baselines - INFO -     logistic_regression done in 0.01s | acc=0.9915
2026-04-21 15:50:00,568 - student1_3_4_baselines - INFO -     random_forest done in 0.15s | acc=0.9951
2026-04-21 15:50:00,596 - student1_3_4_baselines - INFO -     logistic_regression done in 0.01s | acc=0.9915
2026-04-21 15:50:00,751 - student1_3_4_baselines - INFO -     random_forest done in 0.15s | acc=0.9915
2026-04-21 15:50:02,715 - student1_3_4_baselines - INFO -     logistic_regression done in 0.01s | acc=0.9915
2026-04-21 15:50:02,869 - student1_3_4_baselines - INFO -     random_forest done in 0.15s | acc=0.9951
2026-04-21 15:50:02,869 - student1_3_4_baselines - INFO - Scenario MNAR_15pct
2026-04-21 15:50:02,899 - student1_3_4_baselines - INFO -     logistic_regression done in 0.01s | acc=0.9915
2026-04-21 15:50:03,056 - student1_3_4_baselines - INFO -     random_forest done in 0.15s | acc=0.9951
2026-04-21 15:50:03,085 - student1_3_4_baselines - INFO -     logistic_regression done in 0.01s | acc=0.9915
2026-04-21 15:50:03,249 - student1_3_4_baselines - INFO -     random_forest done in 0.16s | acc=0.9915
2026-04-21 15:50:05,216 - student1_3_4_baselines - INFO -     logistic_regression done in 0.01s | acc=0.9915
2026-04-21 15:50:05,379 - student1_3_4_baselines - INFO -     random_forest done in 0.16s | acc=0.9951
2026-04-21 15:50:05,380 - student1_3_4_baselines - INFO - Scenario MNAR_20pct
2026-04-21 15:50:05,408 - student1_3_4_baselines - INFO -     logistic_regression done in 0.01s | acc=0.9915
2026-04-21 15:50:05,564 - student1_3_4_baselines - INFO -     random_forest done in 0.15s | acc=0.9951
2026-04-21 15:50:05,592 - student1_3_4_baselines - INFO -     logistic_regression done in 0.01s | acc=0.9915
2026-04-21 15:50:05,756 - student1_3_4_baselines - INFO -     random_forest done in 0.16s | acc=0.9915
2026-04-21 15:50:07,770 - student1_3_4_baselines - INFO -     logistic_regression done in 0.01s | acc=0.9915
2026-04-21 15:50:07,924 - student1_3_4_baselines - INFO -     random_forest done in 0.15s | acc=0.9951
2026-04-21 15:50:07,924 - student1_3_4_baselines - INFO - Scenario MNAR_30pct
2026-04-21 15:50:07,952 - student1_3_4_baselines - INFO -     logistic_regression done in 0.01s | acc=0.9915
2026-04-21 15:50:08,097 - student1_3_4_baselines - INFO -     random_forest done in 0.14s | acc=0.9951
2026-04-21 15:50:08,127 - student1_3_4_baselines - INFO -     logistic_regression done in 0.01s | acc=0.9915
2026-04-21 15:50:08,292 - student1_3_4_baselines - INFO -     random_forest done in 0.16s | acc=0.9915
2026-04-21 15:50:10,278 - student1_3_4_baselines - INFO -     logistic_regression done in 0.01s | acc=0.9915
2026-04-21 15:50:10,444 - student1_3_4_baselines - INFO -     random_forest done in 0.16s | acc=0.9951
2026-04-21 15:50:10,444 - student1_3_4_baselines - INFO - Scenario MNAR_40pct
2026-04-21 15:50:10,473 - student1_3_4_baselines - INFO -     logistic_regression done in 0.01s | acc=0.9915
2026-04-21 15:50:10,630 - student1_3_4_baselines - INFO -     random_forest done in 0.15s | acc=0.9951
2026-04-21 15:50:10,660 - student1_3_4_baselines - INFO -     logistic_regression done in 0.01s | acc=0.9915
2026-04-21 15:50:10,817 - student1_3_4_baselines - INFO -     random_forest done in 0.15s | acc=0.9915
2026-04-21 15:50:12,780 - student1_3_4_baselines - INFO -     logistic_regression done in 0.01s | acc=0.9915
2026-04-21 15:50:12,935 - student1_3_4_baselines - INFO -     random_forest done in 0.15s | acc=0.9951
