2026-04-11 14:19:45,105 - phase4_5_analysis - INFO - 
================================================================================
2026-04-11 14:19:45,106 - phase4_5_analysis - INFO - PHASE 4.5: FINAL ANALYSIS AND VISUALIZATION
2026-04-11 14:19:45,106 - phase4_5_analysis - INFO - ================================================================================
2026-04-11 14:19:45,106 - phase4_5_analysis - INFO - 
=== Loading Results from Phases 4.1-4.4 ===
2026-04-11 14:19:45,106 - phase4_5_analysis - INFO - Loaded phase4_experiment_results.json
2026-04-11 14:19:45,107 - phase4_5_analysis - INFO - Loaded phase4_2_experiment_results.json
2026-04-11 14:19:45,107 - phase4_5_analysis - INFO - Loaded phase4_3_gradient_boosting_results.json
2026-04-11 14:19:45,107 - phase4_5_analysis - INFO - Loaded phase4_4_catboost_results.json
2026-04-11 14:19:45,108 - phase4_5_analysis - INFO - 
=== CONSOLIDATION ===
2026-04-11 14:19:45,108 - phase4_5_analysis - INFO - 
=== Consolidating Phase 4.1 & 4.2 Results ===
2026-04-11 14:19:45,109 - phase4_5_analysis - INFO - Consolidated 36 Phase 4.1/4.2 entries
2026-04-11 14:19:45,109 - phase4_5_analysis - INFO - 
=== Consolidating Phase 4.3 Results (Robustness) ===
2026-04-11 14:19:45,110 - phase4_5_analysis - INFO - Consolidated 216 Phase 4.3 entries
2026-04-11 14:19:45,110 - phase4_5_analysis - INFO - 
=== Consolidating Phase 4.4 Results (CatBoost) ===
2026-04-11 14:19:45,110 - phase4_5_analysis - INFO - Consolidated 9 Phase 4.4 entries
2026-04-11 14:19:45,116 - phase4_5_analysis - INFO - Saved classical models consolidation (36 rows)
2026-04-11 14:19:45,117 - phase4_5_analysis - INFO - Saved foundation models consolidation (9 rows)
2026-04-11 14:19:45,123 - phase4_5_analysis - INFO - Saved consolidated results (261 rows)
2026-04-11 14:19:45,123 - phase4_5_analysis - INFO - 
=== STABILITY & ROBUSTNESS ANALYSIS ===
2026-04-11 14:19:45,123 - phase4_5_analysis - INFO - 
=== Analyzing Model Robustness ===
2026-04-11 14:19:45,142 - phase4_5_analysis - INFO - 
Robustness Summary:
                           accuracy                              f1        
                               mean     std     min     max    mean     std
model    missing_mechanism                                                 
Lightgbm MAR                 0.9782  0.0108  0.9637  0.9964  0.9727  0.0149
         MCAR                0.9779  0.0117  0.9630  0.9964  0.9718  0.0163
         MNAR                0.9777  0.0112  0.9637  0.9964  0.9722  0.0155
Xgboost  MAR                 0.9768  0.0109  0.9633  0.9951  0.9722  0.0143
         MCAR                0.9765  0.0121  0.9616  0.9964  0.9710  0.0161
         MNAR                0.9767  0.0111  0.9623  0.9951  0.9716  0.0151
2026-04-11 14:19:45,144 - phase4_5_analysis - INFO - Saved robustness analysis
2026-04-11 14:19:45,144 - phase4_5_analysis - WARNING - Matplotlib/Seaborn not available; skipping visualizations
2026-04-11 14:19:45,144 - phase4_5_analysis - INFO - 
================================================================================
2026-04-11 14:19:45,144 - phase4_5_analysis - INFO - ✓ PHASE 4.5 ANALYSIS COMPLETE
2026-04-11 14:19:45,144 - phase4_5_analysis - INFO - ================================================================================
