2026-04-21 14:48:26,343 - student1_3_3_imputation - INFO - ================================================================================
2026-04-21 14:48:26,343 - student1_3_3_imputation - INFO - STUDENT 1 - TASK 3.3: SIMPLE IMPUTATION METHODS
2026-04-21 14:48:26,343 - student1_3_3_imputation - INFO - ================================================================================
2026-04-21 14:48:26,343 - student1_3_3_imputation - INFO - Precomputed splits present; skipping Phase 3.1 setup.
2026-04-21 14:48:26,344 - student1_3_3_imputation - INFO - 
================================================================================
Student 1 - Task 3.3: taiwan_bankruptcy
================================================================================
2026-04-21 14:48:26,516 - student1_3_3_imputation - INFO - Scenario native | preprocessing mean
2026-04-21 14:48:26,536 - student1_3_3_imputation - INFO - Scenario native | preprocessing median
2026-04-21 14:48:26,563 - student1_3_3_imputation - INFO - Scenario native | preprocessing knn
2026-04-21 14:48:26,584 - student1_3_3_imputation - INFO - Scenario MCAR_5pct
2026-04-21 14:48:30,241 - student1_3_3_imputation - INFO - Scenario MCAR_10pct
2026-04-21 14:48:35,601 - student1_3_3_imputation - INFO - Scenario MCAR_15pct
2026-04-21 14:48:42,598 - student1_3_3_imputation - INFO - Scenario MCAR_20pct
2026-04-21 14:48:51,286 - student1_3_3_imputation - INFO - Scenario MCAR_30pct
2026-04-21 14:49:04,055 - student1_3_3_imputation - INFO - Scenario MCAR_40pct
2026-04-21 14:49:22,316 - student1_3_3_imputation - INFO - Scenario MAR_5pct
2026-04-21 14:49:26,115 - student1_3_3_imputation - INFO - Scenario MAR_10pct
2026-04-21 14:49:31,619 - student1_3_3_imputation - INFO - Scenario MAR_15pct
2026-04-21 14:49:38,827 - student1_3_3_imputation - INFO - Scenario MAR_20pct
2026-04-21 14:49:47,738 - student1_3_3_imputation - INFO - Scenario MAR_30pct
2026-04-21 14:50:00,586 - student1_3_3_imputation - INFO - Scenario MAR_40pct
2026-04-21 14:50:18,541 - student1_3_3_imputation - INFO - Scenario MNAR_5pct
2026-04-21 14:50:22,255 - student1_3_3_imputation - INFO - Scenario MNAR_10pct
2026-04-21 14:50:27,743 - student1_3_3_imputation - INFO - Scenario MNAR_15pct
2026-04-21 14:50:34,991 - student1_3_3_imputation - INFO - Scenario MNAR_20pct
2026-04-21 14:50:43,827 - student1_3_3_imputation - INFO - Scenario MNAR_30pct
2026-04-21 14:50:59,369 - student1_3_3_imputation - INFO - Scenario MNAR_40pct
2026-04-21 14:51:21,858 - student1_3_3_imputation - INFO - 
================================================================================
Student 1 - Task 3.3: polish_1year
================================================================================
2026-04-21 14:51:21,927 - student1_3_3_imputation - INFO - Scenario native | preprocessing mean
2026-04-21 14:51:21,943 - student1_3_3_imputation - INFO - Scenario native | preprocessing median
2026-04-21 14:51:21,962 - student1_3_3_imputation - INFO - Scenario native | preprocessing knn
2026-04-21 14:51:23,073 - student1_3_3_imputation - INFO - Scenario MCAR_5pct
2026-04-21 14:51:25,726 - student1_3_3_imputation - INFO - Scenario MCAR_10pct
2026-04-21 14:51:29,754 - student1_3_3_imputation - INFO - Scenario MCAR_15pct
2026-04-21 14:51:34,753 - student1_3_3_imputation - INFO - Scenario MCAR_20pct
2026-04-21 14:51:40,895 - student1_3_3_imputation - INFO - Scenario MCAR_30pct
2026-04-21 14:51:49,241 - student1_3_3_imputation - INFO - Scenario MCAR_40pct
2026-04-21 14:51:59,733 - student1_3_3_imputation - INFO - Scenario MAR_5pct
2026-04-21 14:52:03,306 - student1_3_3_imputation - INFO - Scenario MAR_10pct
2026-04-21 14:52:08,274 - student1_3_3_imputation - INFO - Scenario MAR_15pct
2026-04-21 14:52:14,729 - student1_3_3_imputation - INFO - Scenario MAR_20pct
2026-04-21 14:52:22,505 - student1_3_3_imputation - INFO - Scenario MAR_30pct
2026-04-21 14:52:33,216 - student1_3_3_imputation - INFO - Scenario MAR_40pct
2026-04-21 14:52:45,622 - student1_3_3_imputation - INFO - Scenario MNAR_5pct
2026-04-21 14:52:49,009 - student1_3_3_imputation - INFO - Scenario MNAR_10pct
2026-04-21 14:52:54,090 - student1_3_3_imputation - INFO - Scenario MNAR_15pct
2026-04-21 14:53:00,499 - student1_3_3_imputation - INFO - Scenario MNAR_20pct
2026-04-21 14:53:08,314 - student1_3_3_imputation - INFO - Scenario MNAR_30pct
2026-04-21 14:53:18,823 - student1_3_3_imputation - INFO - Scenario MNAR_40pct
2026-04-21 14:53:31,356 - student1_3_3_imputation - INFO - 
================================================================================
Student 1 - Task 3.3: slovak_manufacture_13
================================================================================
2026-04-21 14:53:31,611 - student1_3_3_imputation - INFO - Scenario native | preprocessing mean
2026-04-21 14:53:31,633 - student1_3_3_imputation - INFO - Scenario native | preprocessing median
2026-04-21 14:53:31,656 - student1_3_3_imputation - INFO - Scenario native | preprocessing knn
2026-04-21 14:53:33,923 - student1_3_3_imputation - INFO - Scenario MCAR_5pct
2026-04-21 14:53:36,206 - student1_3_3_imputation - INFO - Scenario MCAR_10pct
2026-04-21 14:53:38,485 - student1_3_3_imputation - INFO - Scenario MCAR_15pct
2026-04-21 14:53:40,761 - student1_3_3_imputation - INFO - Scenario MCAR_20pct
2026-04-21 14:53:43,041 - student1_3_3_imputation - INFO - Scenario MCAR_30pct
2026-04-21 14:53:45,319 - student1_3_3_imputation - INFO - Scenario MCAR_40pct
2026-04-21 14:53:47,600 - student1_3_3_imputation - INFO - Scenario MAR_5pct
2026-04-21 14:53:49,880 - student1_3_3_imputation - INFO - Scenario MAR_10pct
2026-04-21 14:53:52,168 - student1_3_3_imputation - INFO - Scenario MAR_15pct
2026-04-21 14:53:54,471 - student1_3_3_imputation - INFO - Scenario MAR_20pct
2026-04-21 14:53:56,752 - student1_3_3_imputation - INFO - Scenario MAR_30pct
2026-04-21 14:53:59,041 - student1_3_3_imputation - INFO - Scenario MAR_40pct
2026-04-21 14:54:01,338 - student1_3_3_imputation - INFO - Scenario MNAR_5pct
2026-04-21 14:54:03,679 - student1_3_3_imputation - INFO - Scenario MNAR_10pct
2026-04-21 14:54:05,956 - student1_3_3_imputation - INFO - Scenario MNAR_15pct
2026-04-21 14:54:08,210 - student1_3_3_imputation - INFO - Scenario MNAR_20pct
2026-04-21 14:54:10,472 - student1_3_3_imputation - INFO - Scenario MNAR_30pct
2026-04-21 14:54:12,747 - student1_3_3_imputation - INFO - Scenario MNAR_40pct
