2026-04-11 15:54:50,021 - phase4_4_tabicl - INFO - ================================================================================
2026-04-11 15:54:50,021 - phase4_4_tabicl - INFO - PHASE 4.4: TabICL Foundation Model (Student 2)
2026-04-11 15:54:50,021 - phase4_4_tabicl - INFO - ================================================================================
2026-04-11 15:54:50,021 - phase4_4_tabicl - INFO - 
================================================================================
Phase 4.4: taiwan_bankruptcy
================================================================================
2026-04-11 15:54:50,110 - phase4_4_tabicl - INFO - Loaded 6819 samples, 95 features
2026-04-11 15:54:50,224 - phase4_4_tabicl - INFO - 
--- TabICL WITH imputation ---
2026-04-11 15:54:50,224 - phase4_4_tabicl - INFO -   preprocessing: median
2026-04-11 15:54:52,109 - phase4_4_tabicl - INFO - TabICL imported successfully
2026-04-11 15:58:00,063 - phase4_4_tabicl - INFO - TabICL done in 187.66s | acc=0.9721
2026-04-11 15:58:00,086 - phase4_4_tabicl - INFO -   preprocessing: mice
2026-04-11 15:58:03,965 - phase4_4_tabicl - INFO - TabICL imported successfully
2026-04-11 16:00:52,767 - phase4_4_tabicl - INFO - TabICL done in 168.79s | acc=0.9721
2026-04-11 16:00:52,772 - phase4_4_tabicl - INFO -   preprocessing: mice_indicator
2026-04-11 16:00:56,597 - phase4_4_tabicl - INFO - TabICL imported successfully
2026-04-11 16:03:42,151 - phase4_4_tabicl - INFO - TabICL done in 165.55s | acc=0.9721
2026-04-11 16:03:42,155 - phase4_4_tabicl - INFO - 
--- TabICL WITHOUT imputation (raw NaN) ---
2026-04-11 16:03:42,159 - phase4_4_tabicl - INFO - TabICL imported successfully
2026-04-11 16:06:28,416 - phase4_4_tabicl - INFO - TabICL done in 166.25s | acc=0.9721
2026-04-11 16:06:28,420 - phase4_4_tabicl - INFO - 
--- CatBoost WITH imputation (bonus) ---
2026-04-11 16:06:28,420 - phase4_4_tabicl - INFO -   preprocessing: median
2026-04-11 16:06:28,468 - phase4_4_tabicl - WARNING - CatBoost not available: No module named 'catboost'
2026-04-11 16:06:28,469 - phase4_4_tabicl - INFO -   preprocessing: mice
2026-04-11 16:06:32,278 - phase4_4_tabicl - WARNING - CatBoost not available: No module named 'catboost'
2026-04-11 16:06:32,278 - phase4_4_tabicl - INFO -   preprocessing: mice_indicator
2026-04-11 16:06:36,069 - phase4_4_tabicl - WARNING - CatBoost not available: No module named 'catboost'
2026-04-11 16:06:36,070 - phase4_4_tabicl - INFO - 
--- CatBoost WITHOUT imputation (raw NaN, bonus) ---
2026-04-11 16:06:36,071 - phase4_4_tabicl - WARNING - CatBoost not available: No module named 'catboost'
2026-04-11 16:06:36,119 - phase4_4_tabicl - INFO - 
================================================================================
Phase 4.4: polish_1year
================================================================================
2026-04-11 16:06:36,184 - phase4_4_tabicl - INFO - Loaded 7027 samples, 64 features
2026-04-11 16:06:36,275 - phase4_4_tabicl - INFO - 
--- TabICL WITH imputation ---
2026-04-11 16:06:36,275 - phase4_4_tabicl - INFO -   preprocessing: median
2026-04-11 16:06:36,300 - phase4_4_tabicl - INFO - TabICL imported successfully
2026-04-11 16:08:58,002 - phase4_4_tabicl - INFO - TabICL done in 141.65s | acc=0.9765
2026-04-11 16:08:58,010 - phase4_4_tabicl - INFO -   preprocessing: mice
2026-04-11 16:09:11,292 - phase4_4_tabicl - INFO - TabICL imported successfully
2026-04-11 16:11:26,767 - phase4_4_tabicl - INFO - TabICL done in 135.47s | acc=0.9865
2026-04-11 16:11:26,771 - phase4_4_tabicl - INFO -   preprocessing: mice_indicator
2026-04-11 16:11:39,775 - phase4_4_tabicl - INFO - TabICL imported successfully
