2026-04-13 13:57:44,501 - phase4_4_tabicl - INFO - ================================================================================
2026-04-13 13:57:44,501 - phase4_4_tabicl - INFO - PHASE 4.4: TabICL Foundation Model (Student 2)
2026-04-13 13:57:44,501 - phase4_4_tabicl - INFO - ================================================================================
2026-04-13 13:57:44,502 - phase4_4_tabicl - INFO - 
================================================================================
Phase 4.4: taiwan_bankruptcy
================================================================================
2026-04-13 13:57:44,586 - phase4_4_tabicl - INFO - Loaded 6819 samples, 95 features
2026-04-13 13:57:44,696 - phase4_4_tabicl - INFO - 
--- TabPFN WITH imputation ---
2026-04-13 13:57:44,696 - phase4_4_tabicl - INFO -   preprocessing: median
2026-04-13 13:57:44,726 - phase4_4_tabicl - ERROR - TabPFN failed: TABPFN_TOKEN is not set. Set it before running, e.g. PowerShell: $env:TABPFN_TOKEN='your_token'
Traceback (most recent call last):
  File "C:\Users\TaroM\Documents\унік коди\project\src\run_phase4_4_experiments.py", line 208, in _test_tabpfn
    raise RuntimeError(
RuntimeError: TABPFN_TOKEN is not set. Set it before running, e.g. PowerShell: $env:TABPFN_TOKEN='your_token'
2026-04-13 13:57:44,727 - phase4_4_tabicl - INFO -   preprocessing: mice
2026-04-13 13:57:48,458 - phase4_4_tabicl - ERROR - TabPFN failed: TABPFN_TOKEN is not set. Set it before running, e.g. PowerShell: $env:TABPFN_TOKEN='your_token'
Traceback (most recent call last):
  File "C:\Users\TaroM\Documents\унік коди\project\src\run_phase4_4_experiments.py", line 208, in _test_tabpfn
    raise RuntimeError(
RuntimeError: TABPFN_TOKEN is not set. Set it before running, e.g. PowerShell: $env:TABPFN_TOKEN='your_token'
2026-04-13 13:57:48,458 - phase4_4_tabicl - INFO -   preprocessing: mice_indicator
2026-04-13 13:57:52,124 - phase4_4_tabicl - ERROR - TabPFN failed: TABPFN_TOKEN is not set. Set it before running, e.g. PowerShell: $env:TABPFN_TOKEN='your_token'
Traceback (most recent call last):
  File "C:\Users\TaroM\Documents\унік коди\project\src\run_phase4_4_experiments.py", line 208, in _test_tabpfn
    raise RuntimeError(
RuntimeError: TABPFN_TOKEN is not set. Set it before running, e.g. PowerShell: $env:TABPFN_TOKEN='your_token'
2026-04-13 13:57:52,124 - phase4_4_tabicl - INFO - 
--- TabICL WITH imputation ---
2026-04-13 13:57:52,124 - phase4_4_tabicl - INFO -   preprocessing: median
2026-04-13 13:57:54,740 - phase4_4_tabicl - INFO - TabICL imported successfully
2026-04-13 14:01:24,598 - phase4_4_tabicl - INFO - TabICL done in 209.85s | acc=0.9721
2026-04-13 14:01:24,599 - phase4_4_tabicl - INFO -   preprocessing: mice
2026-04-13 14:01:28,278 - phase4_4_tabicl - INFO - TabICL imported successfully
2026-04-13 14:04:59,284 - phase4_4_tabicl - INFO - TabICL done in 211.00s | acc=0.9721
2026-04-13 14:04:59,285 - phase4_4_tabicl - INFO -   preprocessing: mice_indicator
2026-04-13 14:05:02,991 - phase4_4_tabicl - INFO - TabICL imported successfully
2026-04-13 14:08:33,494 - phase4_4_tabicl - INFO - TabICL done in 210.50s | acc=0.9721
2026-04-13 14:08:33,495 - phase4_4_tabicl - INFO - 
--- TabICL WITHOUT imputation (raw NaN) ---
2026-04-13 14:08:33,499 - phase4_4_tabicl - INFO - TabICL imported successfully
2026-04-13 14:12:03,321 - phase4_4_tabicl - INFO - TabICL done in 209.82s | acc=0.9721
2026-04-13 14:12:03,322 - phase4_4_tabicl - INFO - 
--- CatBoost WITH imputation (bonus) ---
2026-04-13 14:12:03,322 - phase4_4_tabicl - INFO -   preprocessing: median
2026-04-13 14:12:04,310 - phase4_4_tabicl - INFO - CatBoost done in 0.75s | acc=0.9714
2026-04-13 14:12:04,310 - phase4_4_tabicl - INFO -   preprocessing: mice
2026-04-13 14:12:08,650 - phase4_4_tabicl - INFO - CatBoost done in 0.63s | acc=0.9714
2026-04-13 14:12:08,651 - phase4_4_tabicl - INFO -   preprocessing: mice_indicator
2026-04-13 14:12:12,978 - phase4_4_tabicl - INFO - CatBoost done in 0.62s | acc=0.9714
2026-04-13 14:12:12,979 - phase4_4_tabicl - INFO - 
--- CatBoost WITHOUT imputation (raw NaN, bonus) ---
2026-04-13 14:12:13,598 - phase4_4_tabicl - INFO - CatBoost done in 0.61s | acc=0.9714
2026-04-13 14:12:13,601 - phase4_4_tabicl - INFO - 
================================================================================
Phase 4.4: polish_1year
================================================================================
2026-04-13 14:12:13,642 - phase4_4_tabicl - INFO - Loaded 7027 samples, 64 features
2026-04-13 14:12:13,700 - phase4_4_tabicl - INFO - 
--- TabPFN WITH imputation ---
2026-04-13 14:12:13,701 - phase4_4_tabicl - INFO -   preprocessing: median
2026-04-13 14:12:13,726 - phase4_4_tabicl - ERROR - TabPFN failed: TABPFN_TOKEN is not set. Set it before running, e.g. PowerShell: $env:TABPFN_TOKEN='your_token'
Traceback (most recent call last):
  File "C:\Users\TaroM\Documents\унік коди\project\src\run_phase4_4_experiments.py", line 208, in _test_tabpfn
    raise RuntimeError(
RuntimeError: TABPFN_TOKEN is not set. Set it before running, e.g. PowerShell: $env:TABPFN_TOKEN='your_token'
2026-04-13 14:12:13,726 - phase4_4_tabicl - INFO -   preprocessing: mice
2026-04-13 14:12:28,026 - phase4_4_tabicl - ERROR - TabPFN failed: TABPFN_TOKEN is not set. Set it before running, e.g. PowerShell: $env:TABPFN_TOKEN='your_token'
Traceback (most recent call last):
  File "C:\Users\TaroM\Documents\унік коди\project\src\run_phase4_4_experiments.py", line 208, in _test_tabpfn
    raise RuntimeError(
RuntimeError: TABPFN_TOKEN is not set. Set it before running, e.g. PowerShell: $env:TABPFN_TOKEN='your_token'
2026-04-13 14:12:28,026 - phase4_4_tabicl - INFO -   preprocessing: mice_indicator
2026-04-13 14:12:42,248 - phase4_4_tabicl - ERROR - TabPFN failed: TABPFN_TOKEN is not set. Set it before running, e.g. PowerShell: $env:TABPFN_TOKEN='your_token'
Traceback (most recent call last):
  File "C:\Users\TaroM\Documents\унік коди\project\src\run_phase4_4_experiments.py", line 208, in _test_tabpfn
    raise RuntimeError(
RuntimeError: TABPFN_TOKEN is not set. Set it before running, e.g. PowerShell: $env:TABPFN_TOKEN='your_token'
2026-04-13 14:12:42,248 - phase4_4_tabicl - INFO - 
--- TabICL WITH imputation ---
2026-04-13 14:12:42,248 - phase4_4_tabicl - INFO -   preprocessing: median
2026-04-13 14:12:42,275 - phase4_4_tabicl - INFO - TabICL imported successfully
2026-04-13 14:15:26,530 - phase4_4_tabicl - INFO - TabICL done in 164.25s | acc=0.9765
2026-04-13 14:15:26,531 - phase4_4_tabicl - INFO -   preprocessing: mice
2026-04-13 14:15:40,739 - phase4_4_tabicl - INFO - TabICL imported successfully
2026-04-13 14:18:25,601 - phase4_4_tabicl - INFO - TabICL done in 164.85s | acc=0.9858
2026-04-13 14:18:25,603 - phase4_4_tabicl - INFO -   preprocessing: mice_indicator
2026-04-13 14:18:39,772 - phase4_4_tabicl - INFO - TabICL imported successfully
2026-04-13 14:22:48,131 - phase4_4_tabicl - INFO - TabICL done in 248.35s | acc=0.9858
2026-04-13 14:22:48,132 - phase4_4_tabicl - INFO - 
--- TabICL WITHOUT imputation (raw NaN) ---
2026-04-13 14:22:48,135 - phase4_4_tabicl - INFO - TabICL imported successfully
2026-04-13 14:25:33,469 - phase4_4_tabicl - INFO - TabICL done in 165.33s | acc=0.9943
2026-04-13 14:25:33,470 - phase4_4_tabicl - INFO - 
--- CatBoost WITH imputation (bonus) ---
2026-04-13 14:25:33,470 - phase4_4_tabicl - INFO -   preprocessing: median
2026-04-13 14:25:34,009 - phase4_4_tabicl - INFO - CatBoost done in 0.50s | acc=0.9801
2026-04-13 14:25:34,009 - phase4_4_tabicl - INFO -   preprocessing: mice
2026-04-13 14:25:48,681 - phase4_4_tabicl - INFO - CatBoost done in 0.49s | acc=0.9822
2026-04-13 14:25:48,681 - phase4_4_tabicl - INFO -   preprocessing: mice_indicator
2026-04-13 14:26:03,429 - phase4_4_tabicl - INFO - CatBoost done in 0.52s | acc=0.9844
2026-04-13 14:26:03,429 - phase4_4_tabicl - INFO - 
--- CatBoost WITHOUT imputation (raw NaN, bonus) ---
2026-04-13 14:26:03,913 - phase4_4_tabicl - INFO - CatBoost done in 0.48s | acc=0.9829
2026-04-13 14:26:03,915 - phase4_4_tabicl - INFO - 
================================================================================
Phase 4.4: slovak_manufacture_13
================================================================================
2026-04-13 14:26:03,964 - phase4_4_tabicl - INFO - Loaded 4107 samples, 64 features
2026-04-13 14:26:04,210 - phase4_4_tabicl - INFO - 
--- TabPFN WITH imputation ---
2026-04-13 14:26:04,210 - phase4_4_tabicl - INFO -   preprocessing: median
2026-04-13 14:26:04,232 - phase4_4_tabicl - ERROR - TabPFN failed: TABPFN_TOKEN is not set. Set it before running, e.g. PowerShell: $env:TABPFN_TOKEN='your_token'
Traceback (most recent call last):
  File "C:\Users\TaroM\Documents\унік коди\project\src\run_phase4_4_experiments.py", line 208, in _test_tabpfn
    raise RuntimeError(
RuntimeError: TABPFN_TOKEN is not set. Set it before running, e.g. PowerShell: $env:TABPFN_TOKEN='your_token'
2026-04-13 14:26:04,232 - phase4_4_tabicl - INFO -   preprocessing: mice
2026-04-13 14:26:11,922 - phase4_4_tabicl - ERROR - TabPFN failed: TABPFN_TOKEN is not set. Set it before running, e.g. PowerShell: $env:TABPFN_TOKEN='your_token'
Traceback (most recent call last):
  File "C:\Users\TaroM\Documents\унік коди\project\src\run_phase4_4_experiments.py", line 208, in _test_tabpfn
    raise RuntimeError(
RuntimeError: TABPFN_TOKEN is not set. Set it before running, e.g. PowerShell: $env:TABPFN_TOKEN='your_token'
2026-04-13 14:26:11,922 - phase4_4_tabicl - INFO -   preprocessing: mice_indicator
2026-04-13 14:26:19,633 - phase4_4_tabicl - ERROR - TabPFN failed: TABPFN_TOKEN is not set. Set it before running, e.g. PowerShell: $env:TABPFN_TOKEN='your_token'
Traceback (most recent call last):
  File "C:\Users\TaroM\Documents\унік коди\project\src\run_phase4_4_experiments.py", line 208, in _test_tabpfn
    raise RuntimeError(
RuntimeError: TABPFN_TOKEN is not set. Set it before running, e.g. PowerShell: $env:TABPFN_TOKEN='your_token'
2026-04-13 14:26:19,634 - phase4_4_tabicl - INFO - 
--- TabICL WITH imputation ---
2026-04-13 14:26:19,634 - phase4_4_tabicl - INFO -   preprocessing: median
2026-04-13 14:26:19,660 - phase4_4_tabicl - INFO - TabICL imported successfully
2026-04-13 14:27:48,102 - phase4_4_tabicl - INFO - TabICL done in 88.44s | acc=0.9903
2026-04-13 14:27:48,103 - phase4_4_tabicl - INFO -   preprocessing: mice
2026-04-13 14:27:55,713 - phase4_4_tabicl - INFO - TabICL imported successfully
2026-04-13 14:29:24,657 - phase4_4_tabicl - INFO - TabICL done in 88.94s | acc=0.9903
2026-04-13 14:29:24,658 - phase4_4_tabicl - INFO -   preprocessing: mice_indicator
2026-04-13 14:29:32,444 - phase4_4_tabicl - INFO - TabICL imported successfully
2026-04-13 14:32:03,191 - phase4_4_tabicl - INFO - TabICL done in 150.74s | acc=0.9891
2026-04-13 14:32:03,192 - phase4_4_tabicl - INFO - 
--- TabICL WITHOUT imputation (raw NaN) ---
2026-04-13 14:32:03,195 - phase4_4_tabicl - INFO - TabICL imported successfully
2026-04-13 14:33:31,149 - phase4_4_tabicl - INFO - TabICL done in 87.95s | acc=0.9891
2026-04-13 14:33:31,150 - phase4_4_tabicl - INFO - 
--- CatBoost WITH imputation (bonus) ---
2026-04-13 14:33:31,150 - phase4_4_tabicl - INFO -   preprocessing: median
2026-04-13 14:33:31,427 - phase4_4_tabicl - INFO - CatBoost done in 0.25s | acc=0.9903
2026-04-13 14:33:31,427 - phase4_4_tabicl - INFO -   preprocessing: mice
2026-04-13 14:33:39,507 - phase4_4_tabicl - INFO - CatBoost done in 0.44s | acc=0.9927
2026-04-13 14:33:39,507 - phase4_4_tabicl - INFO -   preprocessing: mice_indicator
2026-04-13 14:33:47,616 - phase4_4_tabicl - INFO - CatBoost done in 0.48s | acc=0.9927
2026-04-13 14:33:47,617 - phase4_4_tabicl - INFO - 
--- CatBoost WITHOUT imputation (raw NaN, bonus) ---
2026-04-13 14:33:47,851 - phase4_4_tabicl - INFO - CatBoost done in 0.23s | acc=0.9951
