2026-04-27 20:52:51,235 - pipeline - INFO - Pipeline steps to run: [5, 6]
2026-04-27 20:52:51,236 - pipeline - INFO - >>> Step 5: consolidate
2026-04-27 20:52:51,236 - pipeline - INFO - ================================================================================
2026-04-27 20:52:51,236 - pipeline - INFO - STEP 5: CONSOLIDATE + VISUALIZE
2026-04-27 20:52:51,236 - pipeline - INFO - ================================================================================
2026-04-27 20:52:51,241 - pipeline - INFO - Loaded experiment_results.csv: 1140 rows
2026-04-27 20:52:51,250 - pipeline - INFO - Saved consolidated_results.csv: 1140 rows
2026-04-27 20:52:51,265 - pipeline - INFO - Saved classical_models.csv (912 rows) and foundation_models.csv (228 rows)
2026-04-27 20:52:51,275 - pipeline - INFO - Saved robustness_analysis.csv: 30 rows (metrics: ['accuracy_mean', 'accuracy_std', 'accuracy_min', 'accuracy_max', 'f1_mean', 'f1_std', 'n', 'balanced_accuracy_mean', 'balanced_accuracy_std', 'f1_macro_mean', 'f1_macro_std', 'pr_auc_mean', 'pr_auc_std', 'recall_class1_mean', 'recall_class1_std'])
2026-04-27 20:52:52,148 - pipeline - INFO - Saved missing_rate_MAR.png (metrics=['accuracy', 'balanced_accuracy', 'f1_macro', 'pr_auc'])
2026-04-27 20:52:52,589 - pipeline - INFO - Saved missing_rate_MCAR.png (metrics=['accuracy', 'balanced_accuracy', 'f1_macro', 'pr_auc'])
2026-04-27 20:52:53,075 - pipeline - INFO - Saved missing_rate_MNAR.png (metrics=['accuracy', 'balanced_accuracy', 'f1_macro', 'pr_auc'])
2026-04-27 20:52:53,444 - pipeline - INFO - Saved classical_vs_foundation.png (metrics=['accuracy', 'balanced_accuracy', 'f1_macro', 'pr_auc'])
2026-04-27 20:52:53,732 - pipeline - INFO - Saved stability_heatmap.png (metric=balanced_accuracy)
2026-04-27 20:52:53,907 - pipeline - INFO - Saved per_dataset_ranking.png (metric=balanced_accuracy)
2026-04-27 20:52:53,907 - pipeline - INFO - >>> Step 6: generate_reports
2026-04-27 20:52:53,907 - pipeline - INFO - ================================================================================
2026-04-27 20:52:53,907 - pipeline - INFO - STEP 6: GENERATE REPORTS
2026-04-27 20:52:53,907 - pipeline - INFO - ================================================================================
2026-04-27 20:52:53,912 - pipeline - INFO - Loaded consolidated_results.csv: 1140 rows
2026-04-27 20:52:53,915 - pipeline - INFO - Saved data_methods_report.md
2026-04-27 20:52:53,930 - pipeline - INFO - Saved results_discussion_report.md
2026-04-27 20:52:53,935 - pipeline - INFO - Saved practical_usability_report.md
2026-04-27 20:52:53,936 - pipeline - INFO - Saved deployment_guide.md
2026-04-27 20:52:53,937 - pipeline - INFO - Saved deployment_complexity.csv
2026-04-27 20:52:53,940 - pipeline - INFO - Saved suitability_matrix.csv
2026-04-27 20:52:53,941 - pipeline - INFO - Saved interpretation_guide.md
2026-04-27 20:52:53,941 - pipeline - INFO - Saved presentation_points.txt
2026-04-27 20:52:53,941 - pipeline - INFO - Pipeline finished in 2.7s
